[ 2016-05-19T22:44:27+08:00 ] 0.0.0.0 /dzqc_www/admin.php/Index/index
INFO: [ route_check ] --START--
INFO: CheckRoute Behavior ::run [ RunTime:0.001000s ]
INFO: [ route_check ] --END-- [ RunTime:0.001000s ]
INFO: [ app_begin ] --START--
INFO: ReadHtmlCache Behavior ::run [ RunTime:0.002000s ]
INFO: [ app_begin ] --END-- [ RunTime:0.002000s ]
INFO: [ view_parse ] --START--
INFO: ParseTemplate Behavior ::run [ RunTime:0.015001s ]
INFO: [ view_parse ] --END-- [ RunTime:0.015001s ]
INFO: [ view_filter ] --START--
INFO: ContentReplace Behavior ::run [ RunTime:0.001000s ]
INFO: TokenBuild Behavior ::run [ RunTime:0.001000s ]
INFO: WriteHtmlCache Behavior ::run [ RunTime:0.001000s ]
INFO: ShowRuntime Behavior ::run [ RunTime:0.002000s ]
INFO: [ view_filter ] --END-- [ RunTime:0.005000s ]
INFO: [ view_end ] --START--
INFO: ShowPageTrace Behavior ::run [ RunTime:0.001000s ]
INFO: [ view_end ] --END-- [ RunTime:0.001000s ]

[ 2016-05-19T22:44:30+08:00 ] 0.0.0.0 /dzqc_www/admin.php/Rbac/addUser
INFO: [ route_check ] --START--
INFO: CheckRoute Behavior ::run [ RunTime:0.002000s ]
INFO: [ route_check ] --END-- [ RunTime:0.002000s ]
INFO: [ app_begin ] --START--
INFO: ReadHtmlCache Behavior ::run [ RunTime:0.001000s ]
INFO: [ app_begin ] --END-- [ RunTime:0.001000s ]
SQL: SHOW COLUMNS FROM `dzqc_admin_role` [ RunTime:0.010001s ]
SQL: SELECT * FROM `dzqc_admin_role`  [ RunTime:0.001000s ]
INFO: [ view_parse ] --START--

[ 2016-05-19T22:45:06+08:00 ] 0.0.0.0 /dzqc_www/admin.php/Rbac/addUser
INFO: [ route_check ] --START--
INFO: CheckRoute Behavior ::run [ RunTime:0.002000s ]
INFO: [ route_check ] --END-- [ RunTime:0.002000s ]
INFO: [ app_begin ] --START--
INFO: ReadHtmlCache Behavior ::run [ RunTime:0.002000s ]
INFO: [ app_begin ] --END-- [ RunTime:0.002000s ]
SQL: SHOW COLUMNS FROM `dzqc_admin_role` [ RunTime:0.010000s ]
SQL: SELECT * FROM `dzqc_admin_role`  [ RunTime:0.001000s ]
INFO: [ view_parse ] --START--
INFO: ParseTemplate Behavior ::run [ RunTime:0.012001s ]
INFO: [ view_parse ] --END-- [ RunTime:0.013001s ]
INFO: [ view_filter ] --START--
INFO: ContentReplace Behavior ::run [ RunTime:0.001000s ]
INFO: TokenBuild Behavior ::run [ RunTime:0.000000s ]
INFO: WriteHtmlCache Behavior ::run [ RunTime:0.000000s ]
INFO: ShowRuntime Behavior ::run [ RunTime:0.001000s ]
INFO: [ view_filter ] --END-- [ RunTime:0.003000s ]
INFO: [ view_end ] --START--
INFO: ShowPageTrace Behavior ::run [ RunTime:0.001000s ]
INFO: [ view_end ] --END-- [ RunTime:0.001000s ]

[ 2016-05-19T22:45:40+08:00 ] 0.0.0.0 /dzqc_www/admin.php/Rbac/addUserHandle
INFO: [ route_check ] --START--
INFO: CheckRoute Behavior ::run [ RunTime:0.002000s ]
INFO: [ route_check ] --END-- [ RunTime:0.002000s ]
INFO: [ app_begin ] --START--
INFO: ReadHtmlCache Behavior ::run [ RunTime:0.001000s ]
INFO: [ app_begin ] --END-- [ RunTime:0.001000s ]
SQL: SHOW COLUMNS FROM `dzqc_admin_user` [ RunTime:0.012001s ]
SQL: INSERT INTO `dzqc_admin_user` (`username`,`password`,`addtime`,`loginip`) VALUES ('super','e10adc3949ba59abbe56e057f20f883e',1463669140,'0.0.0.0') [ RunTime:0.030001s ]
SQL: SHOW COLUMNS FROM `dzqc_admin_role_user` [ RunTime:0.065004s ]
SQL: INSERT INTO `dzqc_admin_role_user` (`role_id`,`user_id`) VALUES (1,1) [ RunTime:0.054003s ]
INFO: [ view_parse ] --START--
INFO: ParseTemplate Behavior ::run [ RunTime:0.012001s ]
INFO: [ view_parse ] --END-- [ RunTime:0.012001s ]
INFO: [ view_filter ] --START--
INFO: ContentReplace Behavior ::run [ RunTime:0.000000s ]
INFO: TokenBuild Behavior ::run [ RunTime:0.001000s ]
INFO: WriteHtmlCache Behavior ::run [ RunTime:0.001000s ]
INFO: ShowRuntime Behavior ::run [ RunTime:0.001000s ]
INFO: [ view_filter ] --END-- [ RunTime:0.005000s ]
INFO: [ view_end ] --START--
INFO: ShowPageTrace Behavior ::run [ RunTime:0.001000s ]
INFO: [ view_end ] --END-- [ RunTime:0.001000s ]

[ 2016-05-19T22:45:41+08:00 ] 0.0.0.0 /dzqc_www/admin.php/Rbac/userList
INFO: [ route_check ] --START--
INFO: CheckRoute Behavior ::run [ RunTime:0.002000s ]
INFO: [ route_check ] --END-- [ RunTime:0.002000s ]
INFO: [ app_begin ] --START--
INFO: ReadHtmlCache Behavior ::run [ RunTime:0.001000s ]
INFO: [ app_begin ] --END-- [ RunTime:0.001000s ]
INFO: [ view_parse ] --START--
NOTIC: [8] Undefined variable: list F:\php_object\dzqc_www\QCAdmin\Runtime\Cache\316e6bfb202e8c554ed135a38d035377.php 第 75 行.
NOTIC: [8] Undefined variable: page F:\php_object\dzqc_www\QCAdmin\Runtime\Cache\316e6bfb202e8c554ed135a38d035377.php 第 89 行.
INFO: ParseTemplate Behavior ::run [ RunTime:0.018001s ]
INFO: [ view_parse ] --END-- [ RunTime:0.018001s ]
INFO: [ view_filter ] --START--
INFO: ContentReplace Behavior ::run [ RunTime:0.000000s ]
INFO: TokenBuild Behavior ::run [ RunTime:0.000000s ]
INFO: WriteHtmlCache Behavior ::run [ RunTime:0.001000s ]
INFO: ShowRuntime Behavior ::run [ RunTime:0.001000s ]
INFO: [ view_filter ] --END-- [ RunTime:0.003000s ]
INFO: [ view_end ] --START--
INFO: ShowPageTrace Behavior ::run [ RunTime:0.001000s ]
INFO: [ view_end ] --END-- [ RunTime:0.001000s ]

[ 2016-05-19T22:46:19+08:00 ] 0.0.0.0 /dzqc_www/admin.php/Rbac/addUser
INFO: [ route_check ] --START--
INFO: CheckRoute Behavior ::run [ RunTime:0.001000s ]
INFO: [ route_check ] --END-- [ RunTime:0.002000s ]
INFO: [ app_begin ] --START--
INFO: ReadHtmlCache Behavior ::run [ RunTime:0.001000s ]
INFO: [ app_begin ] --END-- [ RunTime:0.001000s ]
SQL: SHOW COLUMNS FROM `dzqc_admin_role` [ RunTime:0.016001s ]
SQL: SELECT * FROM `dzqc_admin_role`  [ RunTime:0.001000s ]
INFO: [ view_parse ] --START--
INFO: ParseTemplate Behavior ::run [ RunTime:0.014001s ]
INFO: [ view_parse ] --END-- [ RunTime:0.014001s ]
INFO: [ view_filter ] --START--
INFO: ContentReplace Behavior ::run [ RunTime:0.001000s ]
INFO: TokenBuild Behavior ::run [ RunTime:0.001000s ]
INFO: WriteHtmlCache Behavior ::run [ RunTime:0.001000s ]
INFO: ShowRuntime Behavior ::run [ RunTime:0.001000s ]
INFO: [ view_filter ] --END-- [ RunTime:0.004000s ]
INFO: [ view_end ] --START--
INFO: ShowPageTrace Behavior ::run [ RunTime:0.001000s ]
INFO: [ view_end ] --END-- [ RunTime:0.001000s ]

[ 2016-05-19T22:46:28+08:00 ] 0.0.0.0 /dzqc_www/admin.php/Rbac/addUserHandle
INFO: [ route_check ] --START--
INFO: CheckRoute Behavior ::run [ RunTime:0.001000s ]
INFO: [ route_check ] --END-- [ RunTime:0.002000s ]
INFO: [ app_begin ] --START--
INFO: ReadHtmlCache Behavior ::run [ RunTime:0.002000s ]
INFO: [ app_begin ] --END-- [ RunTime:0.002000s ]
SQL: SHOW COLUMNS FROM `dzqc_admin_user` [ RunTime:0.011001s ]
SQL: INSERT INTO `dzqc_admin_user` (`username`,`password`,`addtime`,`loginip`) VALUES ('admin','21232f297a57a5a743894a0e4a801fc3',1463669188,'0.0.0.0') [ RunTime:0.027001s ]
SQL: SHOW COLUMNS FROM `dzqc_admin_role_user` [ RunTime:0.009001s ]
SQL: INSERT INTO `dzqc_admin_role_user` (`role_id`,`user_id`) VALUES (1,2) [ RunTime:0.006000s ]
INFO: [ view_parse ] --START--
INFO: ParseTemplate Behavior ::run [ RunTime:0.010001s ]
INFO: [ view_parse ] --END-- [ RunTime:0.011001s ]
INFO: [ view_filter ] --START--
INFO: ContentReplace Behavior ::run [ RunTime:0.001000s ]
INFO: TokenBuild Behavior ::run [ RunTime:0.001000s ]
INFO: WriteHtmlCache Behavior ::run [ RunTime:0.001000s ]
INFO: ShowRuntime Behavior ::run [ RunTime:0.001000s ]
INFO: [ view_filter ] --END-- [ RunTime:0.004000s ]
INFO: [ view_end ] --START--
INFO: ShowPageTrace Behavior ::run [ RunTime:0.001000s ]
INFO: [ view_end ] --END-- [ RunTime:0.001000s ]

[ 2016-05-19T22:46:29+08:00 ] 0.0.0.0 /dzqc_www/admin.php/Rbac/userList
INFO: [ route_check ] --START--
INFO: CheckRoute Behavior ::run [ RunTime:0.001000s ]
INFO: [ route_check ] --END-- [ RunTime:0.001000s ]
INFO: [ app_begin ] --START--
INFO: ReadHtmlCache Behavior ::run [ RunTime:0.001000s ]
INFO: [ app_begin ] --END-- [ RunTime:0.001000s ]
INFO: [ view_parse ] --START--
NOTIC: [8] Undefined variable: list F:\php_object\dzqc_www\QCAdmin\Runtime\Cache\316e6bfb202e8c554ed135a38d035377.php 第 75 行.
NOTIC: [8] Undefined variable: page F:\php_object\dzqc_www\QCAdmin\Runtime\Cache\316e6bfb202e8c554ed135a38d035377.php 第 89 行.
INFO: ParseTemplate Behavior ::run [ RunTime:0.015001s ]
INFO: [ view_parse ] --END-- [ RunTime:0.016001s ]
INFO: [ view_filter ] --START--
INFO: ContentReplace Behavior ::run [ RunTime:0.001000s ]
INFO: TokenBuild Behavior ::run [ RunTime:0.001000s ]
INFO: WriteHtmlCache Behavior ::run [ RunTime:0.001000s ]
INFO: ShowRuntime Behavior ::run [ RunTime:0.001001s ]
INFO: [ view_filter ] --END-- [ RunTime:0.004001s ]
INFO: [ view_end ] --START--
INFO: ShowPageTrace Behavior ::run [ RunTime:0.001000s ]
INFO: [ view_end ] --END-- [ RunTime:0.001000s ]

[ 2016-05-19T22:47:10+08:00 ] 0.0.0.0 /dzqc_www/admin.php/Rbac/addUser
INFO: [ route_check ] --START--
INFO: CheckRoute Behavior ::run [ RunTime:0.002000s ]
INFO: [ route_check ] --END-- [ RunTime:0.002000s ]
INFO: [ app_begin ] --START--
INFO: ReadHtmlCache Behavior ::run [ RunTime:0.001000s ]
INFO: [ app_begin ] --END-- [ RunTime:0.001000s ]
SQL: SHOW COLUMNS FROM `dzqc_admin_role` [ RunTime:0.010000s ]
SQL: SELECT * FROM `dzqc_admin_role`  [ RunTime:0.000000s ]
INFO: [ view_parse ] --START--
INFO: ParseTemplate Behavior ::run [ RunTime:0.012001s ]
INFO: [ view_parse ] --END-- [ RunTime:0.012001s ]
INFO: [ view_filter ] --START--
INFO: ContentReplace Behavior ::run [ RunTime:0.001000s ]
INFO: TokenBuild Behavior ::run [ RunTime:0.002000s ]
INFO: WriteHtmlCache Behavior ::run [ RunTime:0.000000s ]
INFO: ShowRuntime Behavior ::run [ RunTime:0.001000s ]
INFO: [ view_filter ] --END-- [ RunTime:0.004000s ]
INFO: [ view_end ] --START--
INFO: ShowPageTrace Behavior ::run [ RunTime:0.001000s ]
INFO: [ view_end ] --END-- [ RunTime:0.001000s ]

[ 2016-05-19T22:53:30+08:00 ] 0.0.0.0 /dzqc_www/admin.php/Index/index
INFO: [ route_check ] --START--
INFO: CheckRoute Behavior ::run [ RunTime:0.001000s ]
INFO: [ route_check ] --END-- [ RunTime:0.001000s ]
INFO: [ app_begin ] --START--
INFO: ReadHtmlCache Behavior ::run [ RunTime:0.001000s ]
INFO: [ app_begin ] --END-- [ RunTime:0.001000s ]
INFO: [ view_parse ] --START--
INFO: ParseTemplate Behavior ::run [ RunTime:0.032002s ]
INFO: [ view_parse ] --END-- [ RunTime:0.032002s ]
INFO: [ view_filter ] --START--
INFO: ContentReplace Behavior ::run [ RunTime:0.001000s ]
INFO: TokenBuild Behavior ::run [ RunTime:0.001000s ]
INFO: WriteHtmlCache Behavior ::run [ RunTime:0.001000s ]
INFO: ShowRuntime Behavior ::run [ RunTime:0.001000s ]
INFO: [ view_filter ] --END-- [ RunTime:0.004000s ]
INFO: [ view_end ] --START--
INFO: ShowPageTrace Behavior ::run [ RunTime:0.002000s ]
INFO: [ view_end ] --END-- [ RunTime:0.002000s ]

[ 2016-05-19T22:53:33+08:00 ] 0.0.0.0 /dzqc_www/admin.php/Rbac/userList
INFO: [ route_check ] --START--
INFO: CheckRoute Behavior ::run [ RunTime:0.001000s ]
INFO: [ route_check ] --END-- [ RunTime:0.001000s ]
INFO: [ app_begin ] --START--
INFO: ReadHtmlCache Behavior ::run [ RunTime:0.001000s ]
INFO: [ app_begin ] --END-- [ RunTime:0.001000s ]
SQL: SHOW COLUMNS FROM `dzqc_admin_user` [ RunTime:0.011001s ]
SQL: SELECT * FROM `dzqc_admin_user`  [ RunTime:0.001000s ]
INFO: [ view_parse ] --START--
NOTIC: [8] Undefined variable: list F:\php_object\dzqc_www\QCAdmin\Runtime\Cache\316e6bfb202e8c554ed135a38d035377.php 第 62 行.
NOTIC: [8] Undefined variable: page F:\php_object\dzqc_www\QCAdmin\Runtime\Cache\316e6bfb202e8c554ed135a38d035377.php 第 74 行.
INFO: ParseTemplate Behavior ::run [ RunTime:0.015001s ]
INFO: [ view_parse ] --END-- [ RunTime:0.015001s ]
INFO: [ view_filter ] --START--
INFO: ContentReplace Behavior ::run [ RunTime:0.001000s ]
INFO: TokenBuild Behavior ::run [ RunTime:0.001000s ]
INFO: WriteHtmlCache Behavior ::run [ RunTime:0.001000s ]
INFO: ShowRuntime Behavior ::run [ RunTime:0.001000s ]
INFO: [ view_filter ] --END-- [ RunTime:0.004000s ]
INFO: [ view_end ] --START--
INFO: ShowPageTrace Behavior ::run [ RunTime:0.001000s ]
INFO: [ view_end ] --END-- [ RunTime:0.001000s ]

[ 2016-05-19T22:53:48+08:00 ] 0.0.0.0 /dzqc_www/admin.php/Rbac/userList
INFO: [ route_check ] --START--
INFO: CheckRoute Behavior ::run [ RunTime:0.001000s ]
INFO: [ route_check ] --END-- [ RunTime:0.002000s ]
INFO: [ app_begin ] --START--
INFO: ReadHtmlCache Behavior ::run [ RunTime:0.001000s ]
INFO: [ app_begin ] --END-- [ RunTime:0.001000s ]
SQL: SHOW COLUMNS FROM `dzqc_admin_user` [ RunTime:0.010001s ]
SQL: SELECT * FROM `dzqc_admin_user`  [ RunTime:0.001000s ]
INFO: [ view_parse ] --START--
NOTIC: [8] Undefined index: id F:\php_object\dzqc_www\QCAdmin\Runtime\Cache\316e6bfb202e8c554ed135a38d035377.php 第 63 行.
NOTIC: [8] Undefined index: id F:\php_object\dzqc_www\QCAdmin\Runtime\Cache\316e6bfb202e8c554ed135a38d035377.php 第 68 行.
NOTIC: [8] Undefined index: id F:\php_object\dzqc_www\QCAdmin\Runtime\Cache\316e6bfb202e8c554ed135a38d035377.php 第 68 行.
NOTIC: [8] Undefined index: id F:\php_object\dzqc_www\QCAdmin\Runtime\Cache\316e6bfb202e8c554ed135a38d035377.php 第 63 行.
NOTIC: [8] Undefined index: id F:\php_object\dzqc_www\QCAdmin\Runtime\Cache\316e6bfb202e8c554ed135a38d035377.php 第 68 行.
NOTIC: [8] Undefined index: id F:\php_object\dzqc_www\QCAdmin\Runtime\Cache\316e6bfb202e8c554ed135a38d035377.php 第 68 行.
NOTIC: [8] Undefined variable: page F:\php_object\dzqc_www\QCAdmin\Runtime\Cache\316e6bfb202e8c554ed135a38d035377.php 第 74 行.
INFO: ParseTemplate Behavior ::run [ RunTime:0.016001s ]
INFO: [ view_parse ] --END-- [ RunTime:0.016001s ]
INFO: [ view_filter ] --START--
INFO: ContentReplace Behavior ::run [ RunTime:0.001000s ]
INFO: TokenBuild Behavior ::run [ RunTime:0.001000s ]
INFO: WriteHtmlCache Behavior ::run [ RunTime:0.001000s ]
INFO: ShowRuntime Behavior ::run [ RunTime:0.001000s ]
INFO: [ view_filter ] --END-- [ RunTime:0.004000s ]
INFO: [ view_end ] --START--
INFO: ShowPageTrace Behavior ::run [ RunTime:0.001000s ]
INFO: [ view_end ] --END-- [ RunTime:0.001000s ]

[ 2016-05-19T22:54:35+08:00 ] 0.0.0.0 /dzqc_www/admin.php/Rbac/userList
INFO: [ route_check ] --START--
INFO: CheckRoute Behavior ::run [ RunTime:0.002000s ]
INFO: [ route_check ] --END-- [ RunTime:0.002000s ]
INFO: [ app_begin ] --START--
INFO: ReadHtmlCache Behavior ::run [ RunTime:0.002000s ]
INFO: [ app_begin ] --END-- [ RunTime:0.002000s ]
SQL: SHOW COLUMNS FROM `dzqc_admin_user` [ RunTime:0.010001s ]
SQL: SELECT * FROM `dzqc_admin_user`  [ RunTime:0.001000s ]
INFO: [ view_parse ] --START--
NOTIC: [8] Undefined variable: page F:\php_object\dzqc_www\QCAdmin\Runtime\Cache\316e6bfb202e8c554ed135a38d035377.php 第 74 行.
INFO: ParseTemplate Behavior ::run [ RunTime:0.014001s ]
INFO: [ view_parse ] --END-- [ RunTime:0.014001s ]
INFO: [ view_filter ] --START--
INFO: ContentReplace Behavior ::run [ RunTime:0.001000s ]
INFO: TokenBuild Behavior ::run [ RunTime:0.001000s ]
INFO: WriteHtmlCache Behavior ::run [ RunTime:0.001000s ]
INFO: ShowRuntime Behavior ::run [ RunTime:0.001000s ]
INFO: [ view_filter ] --END-- [ RunTime:0.005000s ]
INFO: [ view_end ] --START--
INFO: ShowPageTrace Behavior ::run [ RunTime:0.001000s ]
INFO: [ view_end ] --END-- [ RunTime:0.001000s ]

[ 2016-05-19T23:12:58+08:00 ] 0.0.0.0 /dzqc_www/admin.php/Rbac/userList
INFO: [ route_check ] --START--
INFO: CheckRoute Behavior ::run [ RunTime:0.002000s ]
INFO: [ route_check ] --END-- [ RunTime:0.002000s ]
INFO: [ app_begin ] --START--
INFO: ReadHtmlCache Behavior ::run [ RunTime:0.001000s ]
INFO: [ app_begin ] --END-- [ RunTime:0.001000s ]
SQL: SHOW COLUMNS FROM `dzqc_admin_user` [ RunTime:0.011001s ]
SQL: SELECT `id`,`username`,`email`,`addtime`,`last_login_time`,`loginip`,`state` FROM `dzqc_admin_user`  [ RunTime:0.016001s ]
SQL: SHOW COLUMNS FROM `dzqc_admin_role` [ RunTime:0.010000s ]
NOTIC: [8] Undefined index: mapping_order F:\php_object\dzqc_www\ThinkPHP\Extend\Model\RelationModel.class.php 第 188 行.
NOTIC: [8] Undefined index: mapping_limit F:\php_object\dzqc_www\ThinkPHP\Extend\Model\RelationModel.class.php 第 189 行.
NOTIC: [8] Undefined index: relation_foreign_key F:\php_object\dzqc_www\ThinkPHP\Extend\Model\RelationModel.class.php 第 190 行.
SQL: SELECT b.id,name FROM dzqc_admin_role_user AS a, dzqc_admin_role AS b WHERE a.Role_id = b.id AND a. user_id='1' [ RunTime:0.021002s ]
NOTIC: [8] Undefined index: mapping_order F:\php_object\dzqc_www\ThinkPHP\Extend\Model\RelationModel.class.php 第 188 行.
NOTIC: [8] Undefined index: mapping_limit F:\php_object\dzqc_www\ThinkPHP\Extend\Model\RelationModel.class.php 第 189 行.
NOTIC: [8] Undefined index: relation_foreign_key F:\php_object\dzqc_www\ThinkPHP\Extend\Model\RelationModel.class.php 第 190 行.
SQL: SELECT b.id,name FROM dzqc_admin_role_user AS a, dzqc_admin_role AS b WHERE a.Role_id = b.id AND a. user_id='2' [ RunTime:0.001000s ]
INFO: [ view_parse ] --START--
NOTIC: [8] Undefined variable: page F:\php_object\dzqc_www\QCAdmin\Runtime\Cache\316e6bfb202e8c554ed135a38d035377.php 第 74 行.
INFO: ParseTemplate Behavior ::run [ RunTime:0.042002s ]
INFO: [ view_parse ] --END-- [ RunTime:0.043002s ]
INFO: [ view_filter ] --START--
INFO: ContentReplace Behavior ::run [ RunTime:0.001000s ]
INFO: TokenBuild Behavior ::run [ RunTime:0.000000s ]
INFO: WriteHtmlCache Behavior ::run [ RunTime:0.000000s ]
INFO: ShowRuntime Behavior ::run [ RunTime:0.001000s ]
INFO: [ view_filter ] --END-- [ RunTime:0.003001s ]
INFO: [ view_end ] --START--
INFO: ShowPageTrace Behavior ::run [ RunTime:0.002000s ]
INFO: [ view_end ] --END-- [ RunTime:0.002000s ]

[ 2016-05-19T23:14:43+08:00 ] 0.0.0.0 /dzqc_www/admin.php/Rbac/userList
INFO: [ route_check ] --START--
INFO: CheckRoute Behavior ::run [ RunTime:0.001000s ]
INFO: [ route_check ] --END-- [ RunTime:0.001000s ]
INFO: [ app_begin ] --START--
INFO: ReadHtmlCache Behavior ::run [ RunTime:0.001000s ]
INFO: [ app_begin ] --END-- [ RunTime:0.001000s ]
SQL: SHOW COLUMNS FROM `dzqc_admin_user` [ RunTime:0.026001s ]
SQL: SELECT `id`,`username`,`email`,`addtime`,`last_login_time`,`loginip`,`state` FROM `dzqc_admin_user`  [ RunTime:0.001001s ]
SQL: SHOW COLUMNS FROM `dzqc_admin_role` [ RunTime:0.009000s ]
NOTIC: [8] Undefined index: mapping_order F:\php_object\dzqc_www\ThinkPHP\Extend\Model\RelationModel.class.php 第 188 行.
NOTIC: [8] Undefined index: mapping_limit F:\php_object\dzqc_www\ThinkPHP\Extend\Model\RelationModel.class.php 第 189 行.
NOTIC: [8] Undefined index: relation_foreign_key F:\php_object\dzqc_www\ThinkPHP\Extend\Model\RelationModel.class.php 第 190 行.
SQL: SELECT b.id,name FROM dzqc_admin_role_user AS a, dzqc_admin_role AS b WHERE a.Role_id = b.id AND a. user_id='1' [ RunTime:0.000000s ]
NOTIC: [8] Undefined index: mapping_order F:\php_object\dzqc_www\ThinkPHP\Extend\Model\RelationModel.class.php 第 188 行.
NOTIC: [8] Undefined index: mapping_limit F:\php_object\dzqc_www\ThinkPHP\Extend\Model\RelationModel.class.php 第 189 行.
NOTIC: [8] Undefined index: relation_foreign_key F:\php_object\dzqc_www\ThinkPHP\Extend\Model\RelationModel.class.php 第 190 行.
SQL: SELECT b.id,name FROM dzqc_admin_role_user AS a, dzqc_admin_role AS b WHERE a.Role_id = b.id AND a. user_id='2' [ RunTime:0.000000s ]
INFO: [ view_parse ] --START--
NOTIC: [8] Undefined variable: page F:\php_object\dzqc_www\QCAdmin\Runtime\Cache\316e6bfb202e8c554ed135a38d035377.php 第 74 行.
INFO: ParseTemplate Behavior ::run [ RunTime:0.015001s ]
INFO: [ view_parse ] --END-- [ RunTime:0.015001s ]
INFO: [ view_filter ] --START--
INFO: ContentReplace Behavior ::run [ RunTime:0.001000s ]
INFO: TokenBuild Behavior ::run [ RunTime:0.001000s ]
INFO: WriteHtmlCache Behavior ::run [ RunTime:0.001000s ]
INFO: ShowRuntime Behavior ::run [ RunTime:0.001000s ]
INFO: [ view_filter ] --END-- [ RunTime:0.004000s ]
INFO: [ view_end ] --START--
INFO: ShowPageTrace Behavior ::run [ RunTime:0.001000s ]
INFO: [ view_end ] --END-- [ RunTime:0.001000s ]

[ 2016-05-19T23:20:02+08:00 ] 0.0.0.0 /dzqc_www/admin.php/Rbac/nodeList
INFO: [ route_check ] --START--
INFO: CheckRoute Behavior ::run [ RunTime:0.002000s ]
INFO: [ route_check ] --END-- [ RunTime:0.003000s ]
INFO: [ app_begin ] --START--
INFO: ReadHtmlCache Behavior ::run [ RunTime:0.001000s ]
INFO: [ app_begin ] --END-- [ RunTime:0.001000s ]
SQL: SHOW COLUMNS FROM `dzqc_admin_node` [ RunTime:0.011000s ]
SQL: SELECT * FROM `dzqc_admin_node` ORDER BY sort  [ RunTime:0.001000s ]
NOTIC: [2048] Non-static method Tree::create() should not be called statically, assuming $this from incompatible context F:\php_object\dzqc_www\QCAdmin\Lib\Action\RbacAction.class.php 第 32 行.
NOTIC: [2048] Non-static method Tree::create() should not be called statically, assuming $this from incompatible context F:\php_object\dzqc_www\ThinkPHP\Extend\Library\ORG\Util\Tree.class.php 第 10 行.
NOTIC: [2048] Non-static method Tree::create() should not be called statically, assuming $this from incompatible context F:\php_object\dzqc_www\ThinkPHP\Extend\Library\ORG\Util\Tree.class.php 第 10 行.
NOTIC: [2048] Non-static method Tree::create() should not be called statically, assuming $this from incompatible context F:\php_object\dzqc_www\ThinkPHP\Extend\Library\ORG\Util\Tree.class.php 第 10 行.
NOTIC: [2048] Non-static method Tree::create() should not be called statically, assuming $this from incompatible context F:\php_object\dzqc_www\ThinkPHP\Extend\Library\ORG\Util\Tree.class.php 第 10 行.
NOTIC: [2048] Non-static method Tree::create() should not be called statically, assuming $this from incompatible context F:\php_object\dzqc_www\ThinkPHP\Extend\Library\ORG\Util\Tree.class.php 第 10 行.
INFO: [ view_parse ] --START--
NOTIC: [8] Undefined variable: page F:\php_object\dzqc_www\QCAdmin\Runtime\Cache\c7827387e3fa880028a4dff8b5ba8dec.php 第 87 行.
INFO: ParseTemplate Behavior ::run [ RunTime:0.034002s ]
INFO: [ view_parse ] --END-- [ RunTime:0.034002s ]
INFO: [ view_filter ] --START--
INFO: ContentReplace Behavior ::run [ RunTime:0.001000s ]
INFO: TokenBuild Behavior ::run [ RunTime:0.001000s ]
INFO: WriteHtmlCache Behavior ::run [ RunTime:0.001000s ]
INFO: ShowRuntime Behavior ::run [ RunTime:0.001001s ]
INFO: [ view_filter ] --END-- [ RunTime:0.004001s ]
INFO: [ view_end ] --START--
INFO: ShowPageTrace Behavior ::run [ RunTime:0.003000s ]
INFO: [ view_end ] --END-- [ RunTime:0.003000s ]

[ 2016-05-19T23:20:05+08:00 ] 0.0.0.0 /dzqc_www/admin.php/Rbac/roleList
INFO: [ route_check ] --START--
INFO: CheckRoute Behavior ::run [ RunTime:0.001000s ]
INFO: [ route_check ] --END-- [ RunTime:0.001000s ]
INFO: [ app_begin ] --START--
INFO: ReadHtmlCache Behavior ::run [ RunTime:0.001000s ]
INFO: [ app_begin ] --END-- [ RunTime:0.001000s ]
SQL: SHOW COLUMNS FROM `dzqc_admin_role` [ RunTime:0.010000s ]
SQL: SELECT * FROM `dzqc_admin_role`  [ RunTime:0.001000s ]
INFO: [ view_parse ] --START--
NOTIC: [8] Undefined variable: page F:\php_object\dzqc_www\QCAdmin\Runtime\Cache\5603b4291b89d9d2a08a12c333003f15.php 第 73 行.
INFO: ParseTemplate Behavior ::run [ RunTime:0.014001s ]
INFO: [ view_parse ] --END-- [ RunTime:0.014001s ]
INFO: [ view_filter ] --START--
INFO: ContentReplace Behavior ::run [ RunTime:0.001000s ]
INFO: TokenBuild Behavior ::run [ RunTime:0.001000s ]
INFO: WriteHtmlCache Behavior ::run [ RunTime:0.000000s ]
INFO: ShowRuntime Behavior ::run [ RunTime:0.001000s ]
INFO: [ view_filter ] --END-- [ RunTime:0.004000s ]
INFO: [ view_end ] --START--
INFO: ShowPageTrace Behavior ::run [ RunTime:0.001000s ]
INFO: [ view_end ] --END-- [ RunTime:0.002000s ]

[ 2016-05-19T23:20:59+08:00 ] 0.0.0.0 /dzqc_www/admin.php/Rbac/access/rid/1
INFO: [ route_check ] --START--
INFO: CheckRoute Behavior ::run [ RunTime:0.001001s ]
INFO: [ route_check ] --END-- [ RunTime:0.001001s ]
INFO: [ app_begin ] --START--
INFO: ReadHtmlCache Behavior ::run [ RunTime:0.000000s ]
INFO: [ app_begin ] --END-- [ RunTime:0.001000s ]
INFO: [ view_parse ] --START--
NOTIC: [8] Undefined variable: node F:\php_object\dzqc_www\QCAdmin\Runtime\Cache\03a38442285b53ec4446ced668791ba3.php 第 67 行.
NOTIC: [8] Undefined variable: page F:\php_object\dzqc_www\QCAdmin\Runtime\Cache\03a38442285b53ec4446ced668791ba3.php 第 87 行.
INFO: ParseTemplate Behavior ::run [ RunTime:0.105006s ]
INFO: [ view_parse ] --END-- [ RunTime:0.105006s ]
INFO: [ view_filter ] --START--
INFO: ContentReplace Behavior ::run [ RunTime:0.001000s ]
INFO: TokenBuild Behavior ::run [ RunTime:0.000000s ]
INFO: WriteHtmlCache Behavior ::run [ RunTime:0.001000s ]
INFO: ShowRuntime Behavior ::run [ RunTime:0.001000s ]
INFO: [ view_filter ] --END-- [ RunTime:0.004000s ]
INFO: [ view_end ] --START--
INFO: ShowPageTrace Behavior ::run [ RunTime:0.002000s ]
INFO: [ view_end ] --END-- [ RunTime:0.002000s ]

[ 2016-05-19T23:21:50+08:00 ] 0.0.0.0 /dzqc_www/admin.php/Rbac/roleList
INFO: [ route_check ] --START--
INFO: CheckRoute Behavior ::run [ RunTime:0.002000s ]
INFO: [ route_check ] --END-- [ RunTime:0.002000s ]
INFO: [ app_begin ] --START--
INFO: ReadHtmlCache Behavior ::run [ RunTime:0.001000s ]
INFO: [ app_begin ] --END-- [ RunTime:0.001000s ]
SQL: SHOW COLUMNS FROM `dzqc_admin_role` [ RunTime:0.010000s ]
SQL: SELECT * FROM `dzqc_admin_role`  [ RunTime:0.001000s ]
INFO: [ view_parse ] --START--
NOTIC: [8] Undefined variable: page F:\php_object\dzqc_www\QCAdmin\Runtime\Cache\5603b4291b89d9d2a08a12c333003f15.php 第 64 行.
INFO: ParseTemplate Behavior ::run [ RunTime:0.014001s ]
INFO: [ view_parse ] --END-- [ RunTime:0.014001s ]
INFO: [ view_filter ] --START--
INFO: ContentReplace Behavior ::run [ RunTime:0.001000s ]
INFO: TokenBuild Behavior ::run [ RunTime:0.001000s ]
INFO: WriteHtmlCache Behavior ::run [ RunTime:0.001000s ]
INFO: ShowRuntime Behavior ::run [ RunTime:0.001000s ]
INFO: [ view_filter ] --END-- [ RunTime:0.004000s ]
INFO: [ view_end ] --START--
INFO: ShowPageTrace Behavior ::run [ RunTime:0.001001s ]
INFO: [ view_end ] --END-- [ RunTime:0.001001s ]

[ 2016-05-19T23:21:51+08:00 ] 0.0.0.0 /dzqc_www/admin.php/Rbac/access/rid/1
INFO: [ route_check ] --START--
INFO: CheckRoute Behavior ::run [ RunTime:0.001000s ]
INFO: [ route_check ] --END-- [ RunTime:0.001000s ]
INFO: [ app_begin ] --START--
INFO: ReadHtmlCache Behavior ::run [ RunTime:0.001000s ]
INFO: [ app_begin ] --END-- [ RunTime:0.001000s ]
INFO: [ view_parse ] --START--
NOTIC: [8] Undefined variable: node F:\php_object\dzqc_www\QCAdmin\Runtime\Cache\03a38442285b53ec4446ced668791ba3.php 第 67 行.
NOTIC: [8] Undefined variable: page F:\php_object\dzqc_www\QCAdmin\Runtime\Cache\03a38442285b53ec4446ced668791ba3.php 第 87 行.
INFO: ParseTemplate Behavior ::run [ RunTime:0.016001s ]
INFO: [ view_parse ] --END-- [ RunTime:0.017001s ]
INFO: [ view_filter ] --START--
INFO: ContentReplace Behavior ::run [ RunTime:0.000000s ]
INFO: TokenBuild Behavior ::run [ RunTime:0.001000s ]
INFO: WriteHtmlCache Behavior ::run [ RunTime:0.001000s ]
INFO: ShowRuntime Behavior ::run [ RunTime:0.001000s ]
INFO: [ view_filter ] --END-- [ RunTime:0.003000s ]
INFO: [ view_end ] --START--
INFO: ShowPageTrace Behavior ::run [ RunTime:0.001000s ]
INFO: [ view_end ] --END-- [ RunTime:0.001000s ]

[ 2016-05-19T23:23:23+08:00 ] 0.0.0.0 /dzqc_www/admin.php/Rbac/access
INFO: [ route_check ] --START--
INFO: CheckRoute Behavior ::run [ RunTime:0.002000s ]
INFO: [ route_check ] --END-- [ RunTime:0.002000s ]
INFO: [ app_begin ] --START--
INFO: ReadHtmlCache Behavior ::run [ RunTime:0.001000s ]
INFO: [ app_begin ] --END-- [ RunTime:0.002000s ]
INFO: [ view_parse ] --START--
NOTIC: [8] Undefined variable: node F:\php_object\dzqc_www\QCAdmin\Runtime\Cache\03a38442285b53ec4446ced668791ba3.php 第 67 行.
NOTIC: [8] Undefined variable: page F:\php_object\dzqc_www\QCAdmin\Runtime\Cache\03a38442285b53ec4446ced668791ba3.php 第 87 行.
INFO: ParseTemplate Behavior ::run [ RunTime:0.017001s ]
INFO: [ view_parse ] --END-- [ RunTime:0.017001s ]
INFO: [ view_filter ] --START--
INFO: ContentReplace Behavior ::run [ RunTime:0.001000s ]
INFO: TokenBuild Behavior ::run [ RunTime:0.002000s ]
INFO: WriteHtmlCache Behavior ::run [ RunTime:0.001000s ]
INFO: ShowRuntime Behavior ::run [ RunTime:0.001000s ]
INFO: [ view_filter ] --END-- [ RunTime:0.005000s ]
INFO: [ view_end ] --START--
INFO: ShowPageTrace Behavior ::run [ RunTime:0.001000s ]
INFO: [ view_end ] --END-- [ RunTime:0.001000s ]

[ 2016-05-19T23:27:32+08:00 ] 0.0.0.0 /dzqc_www/admin.php/Rbac/access
INFO: [ route_check ] --START--
INFO: CheckRoute Behavior ::run [ RunTime:0.002000s ]
INFO: [ route_check ] --END-- [ RunTime:0.002000s ]
INFO: [ app_begin ] --START--
INFO: ReadHtmlCache Behavior ::run [ RunTime:0.001001s ]
INFO: [ app_begin ] --END-- [ RunTime:0.001001s ]
NOTIC: [8] Use of undefined constant int - assumed 'int' F:\php_object\dzqc_www\QCAdmin\Lib\Action\RbacAction.class.php 第 70 行.
SQL: SHOW COLUMNS FROM `dzqc_admin_role` [ RunTime:0.010001s ]
SQL: SELECT `name` FROM `dzqc_admin_role` WHERE ( `id` = 0 ) LIMIT 1   [ RunTime:0.022001s ]
INFO: [ view_parse ] --START--
NOTIC: [8] Undefined variable: node F:\php_object\dzqc_www\QCAdmin\Runtime\Cache\03a38442285b53ec4446ced668791ba3.php 第 67 行.
NOTIC: [8] Undefined variable: page F:\php_object\dzqc_www\QCAdmin\Runtime\Cache\03a38442285b53ec4446ced668791ba3.php 第 87 行.
INFO: ParseTemplate Behavior ::run [ RunTime:0.016001s ]
INFO: [ view_parse ] --END-- [ RunTime:0.018001s ]
INFO: [ view_filter ] --START--
INFO: ContentReplace Behavior ::run [ RunTime:0.001000s ]
INFO: TokenBuild Behavior ::run [ RunTime:0.001000s ]
INFO: WriteHtmlCache Behavior ::run [ RunTime:0.000000s ]
INFO: ShowRuntime Behavior ::run [ RunTime:0.001000s ]
INFO: [ view_filter ] --END-- [ RunTime:0.003000s ]
INFO: [ view_end ] --START--
INFO: ShowPageTrace Behavior ::run [ RunTime:0.002001s ]
INFO: [ view_end ] --END-- [ RunTime:0.002001s ]

[ 2016-05-19T23:27:34+08:00 ] 0.0.0.0 /dzqc_www/admin.php/Rbac/access
INFO: [ route_check ] --START--
INFO: CheckRoute Behavior ::run [ RunTime:0.001000s ]
INFO: [ route_check ] --END-- [ RunTime:0.001000s ]
INFO: [ app_begin ] --START--
INFO: ReadHtmlCache Behavior ::run [ RunTime:0.001000s ]
INFO: [ app_begin ] --END-- [ RunTime:0.001000s ]
NOTIC: [8] Use of undefined constant int - assumed 'int' F:\php_object\dzqc_www\QCAdmin\Lib\Action\RbacAction.class.php 第 70 行.
SQL: SHOW COLUMNS FROM `dzqc_admin_role` [ RunTime:0.011000s ]
SQL: SELECT `name` FROM `dzqc_admin_role` WHERE ( `id` = 0 ) LIMIT 1   [ RunTime:0.001000s ]
INFO: [ view_parse ] --START--
NOTIC: [8] Undefined variable: node F:\php_object\dzqc_www\QCAdmin\Runtime\Cache\03a38442285b53ec4446ced668791ba3.php 第 67 行.
NOTIC: [8] Undefined variable: page F:\php_object\dzqc_www\QCAdmin\Runtime\Cache\03a38442285b53ec4446ced668791ba3.php 第 87 行.
INFO: ParseTemplate Behavior ::run [ RunTime:0.017001s ]
INFO: [ view_parse ] --END-- [ RunTime:0.017001s ]
INFO: [ view_filter ] --START--
INFO: ContentReplace Behavior ::run [ RunTime:0.001000s ]
INFO: TokenBuild Behavior ::run [ RunTime:0.001001s ]
INFO: WriteHtmlCache Behavior ::run [ RunTime:0.001000s ]
INFO: ShowRuntime Behavior ::run [ RunTime:0.001000s ]
INFO: [ view_filter ] --END-- [ RunTime:0.004001s ]
INFO: [ view_end ] --START--
INFO: ShowPageTrace Behavior ::run [ RunTime:0.001000s ]
INFO: [ view_end ] --END-- [ RunTime:0.001000s ]

[ 2016-05-19T23:28:02+08:00 ] 0.0.0.0 /dzqc_www/admin.php/Rbac/access/rid/1
INFO: [ route_check ] --START--
INFO: CheckRoute Behavior ::run [ RunTime:0.002000s ]
INFO: [ route_check ] --END-- [ RunTime:0.002000s ]
INFO: [ app_begin ] --START--
INFO: ReadHtmlCache Behavior ::run [ RunTime:0.001000s ]
INFO: [ app_begin ] --END-- [ RunTime:0.001000s ]
NOTIC: [8] Use of undefined constant int - assumed 'int' F:\php_object\dzqc_www\QCAdmin\Lib\Action\RbacAction.class.php 第 70 行.
SQL: SHOW COLUMNS FROM `dzqc_admin_role` [ RunTime:0.011000s ]
SQL: SELECT `name` FROM `dzqc_admin_role` WHERE ( `id` = 0 ) LIMIT 1   [ RunTime:0.001000s ]
INFO: [ view_parse ] --START--
NOTIC: [8] Undefined variable: node F:\php_object\dzqc_www\QCAdmin\Runtime\Cache\03a38442285b53ec4446ced668791ba3.php 第 67 行.
NOTIC: [8] Undefined variable: page F:\php_object\dzqc_www\QCAdmin\Runtime\Cache\03a38442285b53ec4446ced668791ba3.php 第 87 行.
INFO: ParseTemplate Behavior ::run [ RunTime:0.035002s ]
INFO: [ view_parse ] --END-- [ RunTime:0.035002s ]
INFO: [ view_filter ] --START--
INFO: ContentReplace Behavior ::run [ RunTime:0.001000s ]
INFO: TokenBuild Behavior ::run [ RunTime:0.001000s ]
INFO: WriteHtmlCache Behavior ::run [ RunTime:0.001000s ]
INFO: ShowRuntime Behavior ::run [ RunTime:0.001000s ]
INFO: [ view_filter ] --END-- [ RunTime:0.004000s ]
INFO: [ view_end ] --START--
INFO: ShowPageTrace Behavior ::run [ RunTime:0.001000s ]
INFO: [ view_end ] --END-- [ RunTime:0.002000s ]

[ 2016-05-19T23:28:04+08:00 ] 0.0.0.0 /dzqc_www/admin.php/Rbac/access/rid/1
INFO: [ route_check ] --START--
INFO: CheckRoute Behavior ::run [ RunTime:0.002000s ]
INFO: [ route_check ] --END-- [ RunTime:0.002000s ]
INFO: [ app_begin ] --START--
INFO: ReadHtmlCache Behavior ::run [ RunTime:0.001000s ]
INFO: [ app_begin ] --END-- [ RunTime:0.001000s ]
NOTIC: [8] Use of undefined constant int - assumed 'int' F:\php_object\dzqc_www\QCAdmin\Lib\Action\RbacAction.class.php 第 70 行.
SQL: SHOW COLUMNS FROM `dzqc_admin_role` [ RunTime:0.009001s ]
SQL: SELECT `name` FROM `dzqc_admin_role` WHERE ( `id` = 0 ) LIMIT 1   [ RunTime:0.001000s ]
INFO: [ view_parse ] --START--
NOTIC: [8] Undefined variable: node F:\php_object\dzqc_www\QCAdmin\Runtime\Cache\03a38442285b53ec4446ced668791ba3.php 第 67 行.
NOTIC: [8] Undefined variable: page F:\php_object\dzqc_www\QCAdmin\Runtime\Cache\03a38442285b53ec4446ced668791ba3.php 第 87 行.
INFO: ParseTemplate Behavior ::run [ RunTime:0.018001s ]
INFO: [ view_parse ] --END-- [ RunTime:0.018001s ]
INFO: [ view_filter ] --START--
INFO: ContentReplace Behavior ::run [ RunTime:0.001000s ]
INFO: TokenBuild Behavior ::run [ RunTime:0.001000s ]
INFO: WriteHtmlCache Behavior ::run [ RunTime:0.001000s ]
INFO: ShowRuntime Behavior ::run [ RunTime:0.001000s ]
INFO: [ view_filter ] --END-- [ RunTime:0.004000s ]
INFO: [ view_end ] --START--
INFO: ShowPageTrace Behavior ::run [ RunTime:0.001000s ]
INFO: [ view_end ] --END-- [ RunTime:0.001000s ]

[ 2016-05-19T23:28:05+08:00 ] 0.0.0.0 /dzqc_www/admin.php/Rbac/access/rid/1
INFO: [ route_check ] --START--
INFO: CheckRoute Behavior ::run [ RunTime:0.001000s ]
INFO: [ route_check ] --END-- [ RunTime:0.001000s ]
INFO: [ app_begin ] --START--
INFO: ReadHtmlCache Behavior ::run [ RunTime:0.002000s ]
INFO: [ app_begin ] --END-- [ RunTime:0.002000s ]
NOTIC: [8] Use of undefined constant int - assumed 'int' F:\php_object\dzqc_www\QCAdmin\Lib\Action\RbacAction.class.php 第 70 行.
SQL: SHOW COLUMNS FROM `dzqc_admin_role` [ RunTime:0.010000s ]
SQL: SELECT `name` FROM `dzqc_admin_role` WHERE ( `id` = 0 ) LIMIT 1   [ RunTime:0.000000s ]
INFO: [ view_parse ] --START--
NOTIC: [8] Undefined variable: node F:\php_object\dzqc_www\QCAdmin\Runtime\Cache\03a38442285b53ec4446ced668791ba3.php 第 67 行.
NOTIC: [8] Undefined variable: page F:\php_object\dzqc_www\QCAdmin\Runtime\Cache\03a38442285b53ec4446ced668791ba3.php 第 87 行.
INFO: ParseTemplate Behavior ::run [ RunTime:0.016001s ]
INFO: [ view_parse ] --END-- [ RunTime:0.016001s ]
INFO: [ view_filter ] --START--
INFO: ContentReplace Behavior ::run [ RunTime:0.001000s ]
INFO: TokenBuild Behavior ::run [ RunTime:0.001001s ]
INFO: WriteHtmlCache Behavior ::run [ RunTime:0.001000s ]
INFO: ShowRuntime Behavior ::run [ RunTime:0.001000s ]
INFO: [ view_filter ] --END-- [ RunTime:0.004001s ]
INFO: [ view_end ] --START--
INFO: ShowPageTrace Behavior ::run [ RunTime:0.002000s ]
INFO: [ view_end ] --END-- [ RunTime:0.002000s ]

[ 2016-05-19T23:28:09+08:00 ] 0.0.0.0 /dzqc_www/admin.php/Rbac/roleList
INFO: [ route_check ] --START--
INFO: CheckRoute Behavior ::run [ RunTime:0.002000s ]
INFO: [ route_check ] --END-- [ RunTime:0.002000s ]
INFO: [ app_begin ] --START--
INFO: ReadHtmlCache Behavior ::run [ RunTime:0.001000s ]
INFO: [ app_begin ] --END-- [ RunTime:0.001000s ]
SQL: SHOW COLUMNS FROM `dzqc_admin_role` [ RunTime:0.009001s ]
SQL: SELECT * FROM `dzqc_admin_role`  [ RunTime:0.001000s ]
INFO: [ view_parse ] --START--
NOTIC: [8] Undefined variable: page F:\php_object\dzqc_www\QCAdmin\Runtime\Cache\5603b4291b89d9d2a08a12c333003f15.php 第 64 行.
INFO: ParseTemplate Behavior ::run [ RunTime:0.016001s ]
INFO: [ view_parse ] --END-- [ RunTime:0.016001s ]
INFO: [ view_filter ] --START--
INFO: ContentReplace Behavior ::run [ RunTime:0.001000s ]
INFO: TokenBuild Behavior ::run [ RunTime:0.001000s ]
INFO: WriteHtmlCache Behavior ::run [ RunTime:0.000000s ]
INFO: ShowRuntime Behavior ::run [ RunTime:0.001000s ]
INFO: [ view_filter ] --END-- [ RunTime:0.004000s ]
INFO: [ view_end ] --START--
INFO: ShowPageTrace Behavior ::run [ RunTime:0.001000s ]
INFO: [ view_end ] --END-- [ RunTime:0.001000s ]

[ 2016-05-19T23:28:12+08:00 ] 0.0.0.0 /dzqc_www/admin.php/Rbac/access/rid/1
INFO: [ route_check ] --START--
INFO: CheckRoute Behavior ::run [ RunTime:0.001000s ]
INFO: [ route_check ] --END-- [ RunTime:0.001000s ]
INFO: [ app_begin ] --START--
INFO: ReadHtmlCache Behavior ::run [ RunTime:0.001000s ]
INFO: [ app_begin ] --END-- [ RunTime:0.001000s ]
NOTIC: [8] Use of undefined constant int - assumed 'int' F:\php_object\dzqc_www\QCAdmin\Lib\Action\RbacAction.class.php 第 70 行.
SQL: SHOW COLUMNS FROM `dzqc_admin_role` [ RunTime:0.009000s ]
SQL: SELECT `name` FROM `dzqc_admin_role` WHERE ( `id` = 0 ) LIMIT 1   [ RunTime:0.001000s ]
INFO: [ view_parse ] --START--
NOTIC: [8] Undefined variable: node F:\php_object\dzqc_www\QCAdmin\Runtime\Cache\03a38442285b53ec4446ced668791ba3.php 第 67 行.
NOTIC: [8] Undefined variable: page F:\php_object\dzqc_www\QCAdmin\Runtime\Cache\03a38442285b53ec4446ced668791ba3.php 第 87 行.
INFO: ParseTemplate Behavior ::run [ RunTime:0.019002s ]
INFO: [ view_parse ] --END-- [ RunTime:0.019002s ]
INFO: [ view_filter ] --START--
INFO: ContentReplace Behavior ::run [ RunTime:0.001000s ]
INFO: TokenBuild Behavior ::run [ RunTime:0.001000s ]
INFO: WriteHtmlCache Behavior ::run [ RunTime:0.000000s ]
INFO: ShowRuntime Behavior ::run [ RunTime:0.001000s ]
INFO: [ view_filter ] --END-- [ RunTime:0.004000s ]
INFO: [ view_end ] --START--
INFO: ShowPageTrace Behavior ::run [ RunTime:0.001000s ]
INFO: [ view_end ] --END-- [ RunTime:0.001000s ]

[ 2016-05-19T23:28:17+08:00 ] 0.0.0.0 /dzqc_www/admin.php/Rbac/roleList
INFO: [ route_check ] --START--
INFO: CheckRoute Behavior ::run [ RunTime:0.002000s ]
INFO: [ route_check ] --END-- [ RunTime:0.002000s ]
INFO: [ app_begin ] --START--
INFO: ReadHtmlCache Behavior ::run [ RunTime:0.001001s ]
INFO: [ app_begin ] --END-- [ RunTime:0.001001s ]
SQL: SHOW COLUMNS FROM `dzqc_admin_role` [ RunTime:0.010001s ]
SQL: SELECT * FROM `dzqc_admin_role`  [ RunTime:0.001000s ]
INFO: [ view_parse ] --START--
NOTIC: [8] Undefined variable: page F:\php_object\dzqc_www\QCAdmin\Runtime\Cache\5603b4291b89d9d2a08a12c333003f15.php 第 64 行.
INFO: ParseTemplate Behavior ::run [ RunTime:0.015001s ]
INFO: [ view_parse ] --END-- [ RunTime:0.015001s ]
INFO: [ view_filter ] --START--
INFO: ContentReplace Behavior ::run [ RunTime:0.001000s ]
INFO: TokenBuild Behavior ::run [ RunTime:0.001000s ]
INFO: WriteHtmlCache Behavior ::run [ RunTime:0.001000s ]
INFO: ShowRuntime Behavior ::run [ RunTime:0.001000s ]
INFO: [ view_filter ] --END-- [ RunTime:0.004000s ]
INFO: [ view_end ] --START--
INFO: ShowPageTrace Behavior ::run [ RunTime:0.002000s ]
INFO: [ view_end ] --END-- [ RunTime:0.002000s ]

[ 2016-05-19T23:28:20+08:00 ] 0.0.0.0 /dzqc_www/admin.php/Rbac/access/rid/1
INFO: [ route_check ] --START--
INFO: CheckRoute Behavior ::run [ RunTime:0.001000s ]
INFO: [ route_check ] --END-- [ RunTime:0.001000s ]
INFO: [ app_begin ] --START--
INFO: ReadHtmlCache Behavior ::run [ RunTime:0.001000s ]
INFO: [ app_begin ] --END-- [ RunTime:0.001000s ]
NOTIC: [8] Use of undefined constant int - assumed 'int' F:\php_object\dzqc_www\QCAdmin\Lib\Action\RbacAction.class.php 第 70 行.
SQL: SHOW COLUMNS FROM `dzqc_admin_role` [ RunTime:0.011000s ]
SQL: SELECT `name` FROM `dzqc_admin_role` WHERE ( `id` = 0 ) LIMIT 1   [ RunTime:0.001000s ]
INFO: [ view_parse ] --START--
NOTIC: [8] Undefined variable: node F:\php_object\dzqc_www\QCAdmin\Runtime\Cache\03a38442285b53ec4446ced668791ba3.php 第 67 行.
NOTIC: [8] Undefined variable: page F:\php_object\dzqc_www\QCAdmin\Runtime\Cache\03a38442285b53ec4446ced668791ba3.php 第 87 行.
INFO: ParseTemplate Behavior ::run [ RunTime:0.017001s ]
INFO: [ view_parse ] --END-- [ RunTime:0.017001s ]
INFO: [ view_filter ] --START--
INFO: ContentReplace Behavior ::run [ RunTime:0.001000s ]
INFO: TokenBuild Behavior ::run [ RunTime:0.001000s ]
INFO: WriteHtmlCache Behavior ::run [ RunTime:0.001001s ]
INFO: ShowRuntime Behavior ::run [ RunTime:0.001000s ]
INFO: [ view_filter ] --END-- [ RunTime:0.004001s ]
INFO: [ view_end ] --START--
INFO: ShowPageTrace Behavior ::run [ RunTime:0.001000s ]
INFO: [ view_end ] --END-- [ RunTime:0.001000s ]

[ 2016-05-19T23:30:35+08:00 ] 0.0.0.0 /dzqc_www/admin.php/Rbac/access/rid/1
INFO: [ route_check ] --START--
INFO: CheckRoute Behavior ::run [ RunTime:0.001000s ]
INFO: [ route_check ] --END-- [ RunTime:0.001000s ]
INFO: [ app_begin ] --START--
INFO: ReadHtmlCache Behavior ::run [ RunTime:0.001000s ]
INFO: [ app_begin ] --END-- [ RunTime:0.001000s ]
NOTIC: [8] Use of undefined constant int - assumed 'int' F:\php_object\dzqc_www\QCAdmin\Lib\Action\RbacAction.class.php 第 70 行.
SQL: SHOW COLUMNS FROM `dzqc_admin_role` [ RunTime:0.010000s ]
SQL: SELECT `name` FROM `dzqc_admin_role` WHERE ( `id` = 0 ) LIMIT 1   [ RunTime:0.001000s ]
INFO: [ view_parse ] --START--
NOTIC: [8] Undefined variable: node F:\php_object\dzqc_www\QCAdmin\Runtime\Cache\03a38442285b53ec4446ced668791ba3.php 第 67 行.
NOTIC: [8] Undefined variable: page F:\php_object\dzqc_www\QCAdmin\Runtime\Cache\03a38442285b53ec4446ced668791ba3.php 第 87 行.
INFO: ParseTemplate Behavior ::run [ RunTime:0.018001s ]
INFO: [ view_parse ] --END-- [ RunTime:0.018001s ]
INFO: [ view_filter ] --START--
INFO: ContentReplace Behavior ::run [ RunTime:0.002000s ]
INFO: TokenBuild Behavior ::run [ RunTime:0.001000s ]
INFO: WriteHtmlCache Behavior ::run [ RunTime:0.000000s ]
INFO: ShowRuntime Behavior ::run [ RunTime:0.001001s ]
INFO: [ view_filter ] --END-- [ RunTime:0.005001s ]
INFO: [ view_end ] --START--
INFO: ShowPageTrace Behavior ::run [ RunTime:0.001000s ]
INFO: [ view_end ] --END-- [ RunTime:0.001000s ]

[ 2016-05-19T23:31:00+08:00 ] 0.0.0.0 /dzqc_www/admin.php/Rbac/access/rid/1
INFO: [ route_check ] --START--
INFO: CheckRoute Behavior ::run [ RunTime:0.001000s ]
INFO: [ route_check ] --END-- [ RunTime:0.001000s ]
INFO: [ app_begin ] --START--
INFO: ReadHtmlCache Behavior ::run [ RunTime:0.001000s ]
INFO: [ app_begin ] --END-- [ RunTime:0.001000s ]
NOTIC: [8] Use of undefined constant int - assumed 'int' F:\php_object\dzqc_www\QCAdmin\Lib\Action\RbacAction.class.php 第 70 行.
SQL: SHOW COLUMNS FROM `dzqc_admin_role` [ RunTime:0.010001s ]
SQL: SELECT `name` FROM `dzqc_admin_role` WHERE ( `id` = 1 ) LIMIT 1   [ RunTime:0.000000s ]
INFO: [ view_parse ] --START--
NOTIC: [8] Undefined variable: node F:\php_object\dzqc_www\QCAdmin\Runtime\Cache\03a38442285b53ec4446ced668791ba3.php 第 67 行.
NOTIC: [8] Undefined variable: page F:\php_object\dzqc_www\QCAdmin\Runtime\Cache\03a38442285b53ec4446ced668791ba3.php 第 87 行.
INFO: ParseTemplate Behavior ::run [ RunTime:0.016001s ]
INFO: [ view_parse ] --END-- [ RunTime:0.016001s ]
INFO: [ view_filter ] --START--
INFO: ContentReplace Behavior ::run [ RunTime:0.001000s ]
INFO: TokenBuild Behavior ::run [ RunTime:0.001000s ]
INFO: WriteHtmlCache Behavior ::run [ RunTime:0.002000s ]
INFO: ShowRuntime Behavior ::run [ RunTime:0.001000s ]
INFO: [ view_filter ] --END-- [ RunTime:0.005000s ]
INFO: [ view_end ] --START--
INFO: ShowPageTrace Behavior ::run [ RunTime:0.001000s ]
INFO: [ view_end ] --END-- [ RunTime:0.002000s ]

[ 2016-05-19T23:32:46+08:00 ] 0.0.0.0 /dzqc_www/admin.php/Rbac/access/rid/1
INFO: [ route_check ] --START--
INFO: CheckRoute Behavior ::run [ RunTime:0.001000s ]
INFO: [ route_check ] --END-- [ RunTime:0.001000s ]
INFO: [ app_begin ] --START--
INFO: ReadHtmlCache Behavior ::run [ RunTime:0.001000s ]
INFO: [ app_begin ] --END-- [ RunTime:0.001000s ]
NOTIC: [8] Use of undefined constant int - assumed 'int' F:\php_object\dzqc_www\QCAdmin\Lib\Action\RbacAction.class.php 第 70 行.
SQL: SHOW COLUMNS FROM `dzqc_admin_role` [ RunTime:0.011001s ]
SQL: SELECT `name` FROM `dzqc_admin_role` WHERE ( `id` = 1 ) LIMIT 1   [ RunTime:0.001000s ]
INFO: [ view_parse ] --START--
NOTIC: [8] Undefined variable: node F:\php_object\dzqc_www\QCAdmin\Runtime\Cache\03a38442285b53ec4446ced668791ba3.php 第 67 行.
NOTIC: [8] Undefined variable: page F:\php_object\dzqc_www\QCAdmin\Runtime\Cache\03a38442285b53ec4446ced668791ba3.php 第 87 行.
INFO: ParseTemplate Behavior ::run [ RunTime:0.018001s ]
INFO: [ view_parse ] --END-- [ RunTime:0.018001s ]
INFO: [ view_filter ] --START--
INFO: ContentReplace Behavior ::run [ RunTime:0.001000s ]
INFO: TokenBuild Behavior ::run [ RunTime:0.001000s ]
INFO: WriteHtmlCache Behavior ::run [ RunTime:0.001000s ]
INFO: ShowRuntime Behavior ::run [ RunTime:0.001000s ]
INFO: [ view_filter ] --END-- [ RunTime:0.004000s ]
INFO: [ view_end ] --START--
INFO: ShowPageTrace Behavior ::run [ RunTime:0.001000s ]
INFO: [ view_end ] --END-- [ RunTime:0.001000s ]

[ 2016-05-19T23:33:06+08:00 ] 0.0.0.0 /dzqc_www/admin.php/Rbac/access/rid/1
INFO: [ route_check ] --START--
INFO: CheckRoute Behavior ::run [ RunTime:0.001000s ]
INFO: [ route_check ] --END-- [ RunTime:0.002000s ]
INFO: [ app_begin ] --START--
INFO: ReadHtmlCache Behavior ::run [ RunTime:0.001001s ]
INFO: [ app_begin ] --END-- [ RunTime:0.001001s ]
NOTIC: [8] Use of undefined constant int - assumed 'int' F:\php_object\dzqc_www\QCAdmin\Lib\Action\RbacAction.class.php 第 70 行.
SQL: SHOW COLUMNS FROM `dzqc_admin_role` [ RunTime:0.010001s ]
SQL: SELECT `name` FROM `dzqc_admin_role` WHERE ( `id` = 1 ) LIMIT 1   [ RunTime:0.001000s ]
INFO: [ view_parse ] --START--
NOTIC: [8] Undefined variable: node F:\php_object\dzqc_www\QCAdmin\Runtime\Cache\03a38442285b53ec4446ced668791ba3.php 第 67 行.
NOTIC: [8] Undefined variable: page F:\php_object\dzqc_www\QCAdmin\Runtime\Cache\03a38442285b53ec4446ced668791ba3.php 第 87 行.
INFO: ParseTemplate Behavior ::run [ RunTime:0.017001s ]
INFO: [ view_parse ] --END-- [ RunTime:0.017001s ]
INFO: [ view_filter ] --START--
INFO: ContentReplace Behavior ::run [ RunTime:0.001000s ]
INFO: TokenBuild Behavior ::run [ RunTime:0.001000s ]
INFO: WriteHtmlCache Behavior ::run [ RunTime:0.001000s ]
INFO: ShowRuntime Behavior ::run [ RunTime:0.001000s ]
INFO: [ view_filter ] --END-- [ RunTime:0.005000s ]
INFO: [ view_end ] --START--
INFO: ShowPageTrace Behavior ::run [ RunTime:0.001000s ]
INFO: [ view_end ] --END-- [ RunTime:0.001000s ]

[ 2016-05-19T23:33:34+08:00 ] 0.0.0.0 /dzqc_www/admin.php/Rbac/access/rid/1
INFO: [ route_check ] --START--
INFO: CheckRoute Behavior ::run [ RunTime:0.001000s ]
INFO: [ route_check ] --END-- [ RunTime:0.001000s ]
INFO: [ app_begin ] --START--
INFO: ReadHtmlCache Behavior ::run [ RunTime:0.001000s ]
INFO: [ app_begin ] --END-- [ RunTime:0.001000s ]
NOTIC: [8] Use of undefined constant int - assumed 'int' F:\php_object\dzqc_www\QCAdmin\Lib\Action\RbacAction.class.php 第 70 行.
SQL: SHOW COLUMNS FROM `dzqc_admin_role` [ RunTime:0.010001s ]
SQL: SELECT `name` FROM `dzqc_admin_role` WHERE ( `id` = 1 ) LIMIT 1   [ RunTime:0.001000s ]
INFO: [ view_parse ] --START--
NOTIC: [8] Undefined variable: node F:\php_object\dzqc_www\QCAdmin\Runtime\Cache\03a38442285b53ec4446ced668791ba3.php 第 67 行.
NOTIC: [8] Undefined variable: page F:\php_object\dzqc_www\QCAdmin\Runtime\Cache\03a38442285b53ec4446ced668791ba3.php 第 87 行.
INFO: ParseTemplate Behavior ::run [ RunTime:0.016001s ]
INFO: [ view_parse ] --END-- [ RunTime:0.016001s ]
INFO: [ view_filter ] --START--
INFO: ContentReplace Behavior ::run [ RunTime:0.001000s ]
INFO: TokenBuild Behavior ::run [ RunTime:0.001000s ]
INFO: WriteHtmlCache Behavior ::run [ RunTime:0.001000s ]
INFO: ShowRuntime Behavior ::run [ RunTime:0.001000s ]
INFO: [ view_filter ] --END-- [ RunTime:0.004000s ]
INFO: [ view_end ] --START--
INFO: ShowPageTrace Behavior ::run [ RunTime:0.002000s ]
INFO: [ view_end ] --END-- [ RunTime:0.002000s ]

[ 2016-05-19T23:33:58+08:00 ] 0.0.0.0 /dzqc_www/admin.php/Rbac/access/rid/1
INFO: [ route_check ] --START--
INFO: CheckRoute Behavior ::run [ RunTime:0.001000s ]
INFO: [ route_check ] --END-- [ RunTime:0.001000s ]
INFO: [ app_begin ] --START--
INFO: ReadHtmlCache Behavior ::run [ RunTime:0.001000s ]
INFO: [ app_begin ] --END-- [ RunTime:0.001000s ]
NOTIC: [8] Use of undefined constant int - assumed 'int' F:\php_object\dzqc_www\QCAdmin\Lib\Action\RbacAction.class.php 第 70 行.
SQL: SHOW COLUMNS FROM `dzqc_admin_role` [ RunTime:0.009001s ]
SQL: SELECT `name` FROM `dzqc_admin_role` WHERE ( `id` = 1 ) LIMIT 1   [ RunTime:0.001000s ]
INFO: [ view_parse ] --START--
NOTIC: [8] Undefined variable: node F:\php_object\dzqc_www\QCAdmin\Runtime\Cache\03a38442285b53ec4446ced668791ba3.php 第 67 行.
NOTIC: [8] Undefined variable: page F:\php_object\dzqc_www\QCAdmin\Runtime\Cache\03a38442285b53ec4446ced668791ba3.php 第 87 行.
INFO: ParseTemplate Behavior ::run [ RunTime:0.017001s ]
INFO: [ view_parse ] --END-- [ RunTime:0.017001s ]
INFO: [ view_filter ] --START--
INFO: ContentReplace Behavior ::run [ RunTime:0.002000s ]
INFO: TokenBuild Behavior ::run [ RunTime:0.001000s ]
INFO: WriteHtmlCache Behavior ::run [ RunTime:0.001000s ]
INFO: ShowRuntime Behavior ::run [ RunTime:0.001000s ]
INFO: [ view_filter ] --END-- [ RunTime:0.005000s ]
INFO: [ view_end ] --START--
INFO: ShowPageTrace Behavior ::run [ RunTime:0.001000s ]
INFO: [ view_end ] --END-- [ RunTime:0.002000s ]

[ 2016-05-19T23:35:19+08:00 ] 0.0.0.0 /dzqc_www/admin.php/Rbac/access/rid/1
INFO: [ route_check ] --START--
INFO: CheckRoute Behavior ::run [ RunTime:0.001000s ]
INFO: [ route_check ] --END-- [ RunTime:0.001000s ]
INFO: [ app_begin ] --START--
INFO: ReadHtmlCache Behavior ::run [ RunTime:0.001000s ]
INFO: [ app_begin ] --END-- [ RunTime:0.001000s ]
NOTIC: [8] Use of undefined constant int - assumed 'int' F:\php_object\dzqc_www\QCAdmin\Lib\Action\RbacAction.class.php 第 70 行.
SQL: SHOW COLUMNS FROM `dzqc_admin_role` [ RunTime:0.011001s ]
SQL: SELECT `name` FROM `dzqc_admin_role` WHERE ( `id` = 1 ) LIMIT 1   [ RunTime:0.001000s ]
INFO: [ view_parse ] --START--
NOTIC: [8] Undefined variable: node F:\php_object\dzqc_www\QCAdmin\Runtime\Cache\03a38442285b53ec4446ced668791ba3.php 第 67 行.
NOTIC: [8] Undefined variable: page F:\php_object\dzqc_www\QCAdmin\Runtime\Cache\03a38442285b53ec4446ced668791ba3.php 第 87 行.
INFO: ParseTemplate Behavior ::run [ RunTime:0.033002s ]
INFO: [ view_parse ] --END-- [ RunTime:0.034002s ]
INFO: [ view_filter ] --START--
INFO: ContentReplace Behavior ::run [ RunTime:0.000000s ]
INFO: TokenBuild Behavior ::run [ RunTime:0.000000s ]
INFO: WriteHtmlCache Behavior ::run [ RunTime:0.001000s ]
INFO: ShowRuntime Behavior ::run [ RunTime:0.001000s ]
INFO: [ view_filter ] --END-- [ RunTime:0.003000s ]
INFO: [ view_end ] --START--
INFO: ShowPageTrace Behavior ::run [ RunTime:0.001000s ]
INFO: [ view_end ] --END-- [ RunTime:0.001000s ]

[ 2016-05-19T23:35:50+08:00 ] 0.0.0.0 /dzqc_www/admin.php/Rbac/access/rid/1
INFO: [ route_check ] --START--
INFO: CheckRoute Behavior ::run [ RunTime:0.001000s ]
INFO: [ route_check ] --END-- [ RunTime:0.001000s ]
INFO: [ app_begin ] --START--
INFO: ReadHtmlCache Behavior ::run [ RunTime:0.001000s ]
INFO: [ app_begin ] --END-- [ RunTime:0.001000s ]
NOTIC: [8] Use of undefined constant int - assumed 'int' F:\php_object\dzqc_www\QCAdmin\Lib\Action\RbacAction.class.php 第 70 行.
SQL: SHOW COLUMNS FROM `dzqc_admin_role` [ RunTime:0.011001s ]
SQL: SELECT `name` FROM `dzqc_admin_role` WHERE ( `id` = 1 ) LIMIT 1   [ RunTime:0.001000s ]
INFO: [ view_parse ] --START--
NOTIC: [8] Undefined variable: node F:\php_object\dzqc_www\QCAdmin\Runtime\Cache\03a38442285b53ec4446ced668791ba3.php 第 67 行.
NOTIC: [8] Undefined variable: page F:\php_object\dzqc_www\QCAdmin\Runtime\Cache\03a38442285b53ec4446ced668791ba3.php 第 87 行.
INFO: ParseTemplate Behavior ::run [ RunTime:0.017001s ]
INFO: [ view_parse ] --END-- [ RunTime:0.017001s ]
INFO: [ view_filter ] --START--
INFO: ContentReplace Behavior ::run [ RunTime:0.001000s ]
INFO: TokenBuild Behavior ::run [ RunTime:0.001000s ]
INFO: WriteHtmlCache Behavior ::run [ RunTime:0.000000s ]
INFO: ShowRuntime Behavior ::run [ RunTime:0.001000s ]
INFO: [ view_filter ] --END-- [ RunTime:0.004000s ]
INFO: [ view_end ] --START--
INFO: ShowPageTrace Behavior ::run [ RunTime:0.002000s ]
INFO: [ view_end ] --END-- [ RunTime:0.002000s ]

[ 2016-05-19T23:36:07+08:00 ] 0.0.0.0 /dzqc_www/admin.php/Rbac/access/rid/1
INFO: [ route_check ] --START--
INFO: CheckRoute Behavior ::run [ RunTime:0.001000s ]
INFO: [ route_check ] --END-- [ RunTime:0.001000s ]
INFO: [ app_begin ] --START--
INFO: ReadHtmlCache Behavior ::run [ RunTime:0.002000s ]
INFO: [ app_begin ] --END-- [ RunTime:0.002000s ]
NOTIC: [8] Use of undefined constant int - assumed 'int' F:\php_object\dzqc_www\QCAdmin\Lib\Action\RbacAction.class.php 第 70 行.
SQL: SHOW COLUMNS FROM `dzqc_admin_role` [ RunTime:0.011001s ]
SQL: SELECT `name` FROM `dzqc_admin_role` WHERE ( `id` = 1 ) LIMIT 1   [ RunTime:0.001000s ]
INFO: [ view_parse ] --START--
NOTIC: [8] Undefined variable: node F:\php_object\dzqc_www\QCAdmin\Runtime\Cache\03a38442285b53ec4446ced668791ba3.php 第 67 行.
NOTIC: [8] Undefined variable: page F:\php_object\dzqc_www\QCAdmin\Runtime\Cache\03a38442285b53ec4446ced668791ba3.php 第 87 行.
INFO: ParseTemplate Behavior ::run [ RunTime:0.016001s ]
INFO: [ view_parse ] --END-- [ RunTime:0.016001s ]
INFO: [ view_filter ] --START--
INFO: ContentReplace Behavior ::run [ RunTime:0.001000s ]
INFO: TokenBuild Behavior ::run [ RunTime:0.001000s ]
INFO: WriteHtmlCache Behavior ::run [ RunTime:0.001000s ]
INFO: ShowRuntime Behavior ::run [ RunTime:0.001000s ]
INFO: [ view_filter ] --END-- [ RunTime:0.004000s ]
INFO: [ view_end ] --START--
INFO: ShowPageTrace Behavior ::run [ RunTime:0.001000s ]
INFO: [ view_end ] --END-- [ RunTime:0.001000s ]

[ 2016-05-19T23:36:42+08:00 ] 0.0.0.0 /dzqc_www/admin.php/Rbac/access/rid/1
INFO: [ route_check ] --START--
INFO: CheckRoute Behavior ::run [ RunTime:0.001000s ]
INFO: [ route_check ] --END-- [ RunTime:0.001000s ]
INFO: [ app_begin ] --START--
INFO: ReadHtmlCache Behavior ::run [ RunTime:0.001000s ]
INFO: [ app_begin ] --END-- [ RunTime:0.001000s ]
NOTIC: [8] Use of undefined constant int - assumed 'int' F:\php_object\dzqc_www\QCAdmin\Lib\Action\RbacAction.class.php 第 70 行.
SQL: SHOW COLUMNS FROM `dzqc_admin_role` [ RunTime:0.012000s ]
SQL: SELECT `name` FROM `dzqc_admin_role` WHERE ( `id` = 1 ) LIMIT 1   [ RunTime:0.001000s ]
INFO: [ view_parse ] --START--
NOTIC: [8] Undefined variable: node F:\php_object\dzqc_www\QCAdmin\Runtime\Cache\03a38442285b53ec4446ced668791ba3.php 第 67 行.
NOTIC: [8] Undefined variable: page F:\php_object\dzqc_www\QCAdmin\Runtime\Cache\03a38442285b53ec4446ced668791ba3.php 第 87 行.
INFO: ParseTemplate Behavior ::run [ RunTime:0.016001s ]
INFO: [ view_parse ] --END-- [ RunTime:0.017001s ]
INFO: [ view_filter ] --START--
INFO: ContentReplace Behavior ::run [ RunTime:0.000000s ]
INFO: TokenBuild Behavior ::run [ RunTime:0.001000s ]
INFO: WriteHtmlCache Behavior ::run [ RunTime:0.001000s ]
INFO: ShowRuntime Behavior ::run [ RunTime:0.001001s ]
INFO: [ view_filter ] --END-- [ RunTime:0.004001s ]
INFO: [ view_end ] --START--
INFO: ShowPageTrace Behavior ::run [ RunTime:0.001000s ]
INFO: [ view_end ] --END-- [ RunTime:0.001000s ]

[ 2016-05-19T23:36:47+08:00 ] 0.0.0.0 /dzqc_www/admin.php/Rbac/roleList
INFO: [ route_check ] --START--
INFO: CheckRoute Behavior ::run [ RunTime:0.002000s ]
INFO: [ route_check ] --END-- [ RunTime:0.002000s ]
INFO: [ app_begin ] --START--
INFO: ReadHtmlCache Behavior ::run [ RunTime:0.001000s ]
INFO: [ app_begin ] --END-- [ RunTime:0.001000s ]
SQL: SHOW COLUMNS FROM `dzqc_admin_role` [ RunTime:0.010001s ]
SQL: SELECT * FROM `dzqc_admin_role`  [ RunTime:0.001000s ]
INFO: [ view_parse ] --START--
NOTIC: [8] Undefined variable: page F:\php_object\dzqc_www\QCAdmin\Runtime\Cache\5603b4291b89d9d2a08a12c333003f15.php 第 64 行.
INFO: ParseTemplate Behavior ::run [ RunTime:0.016001s ]
INFO: [ view_parse ] --END-- [ RunTime:0.016001s ]
INFO: [ view_filter ] --START--
INFO: ContentReplace Behavior ::run [ RunTime:0.001000s ]
INFO: TokenBuild Behavior ::run [ RunTime:0.001000s ]
INFO: WriteHtmlCache Behavior ::run [ RunTime:0.000000s ]
INFO: ShowRuntime Behavior ::run [ RunTime:0.001000s ]
INFO: [ view_filter ] --END-- [ RunTime:0.003000s ]
INFO: [ view_end ] --START--
INFO: ShowPageTrace Behavior ::run [ RunTime:0.001000s ]
INFO: [ view_end ] --END-- [ RunTime:0.001000s ]

[ 2016-05-19T23:36:48+08:00 ] 0.0.0.0 /dzqc_www/admin.php/Rbac/access/rid/2
INFO: [ route_check ] --START--
INFO: CheckRoute Behavior ::run [ RunTime:0.001000s ]
INFO: [ route_check ] --END-- [ RunTime:0.001000s ]
INFO: [ app_begin ] --START--
INFO: ReadHtmlCache Behavior ::run [ RunTime:0.000000s ]
INFO: [ app_begin ] --END-- [ RunTime:0.001000s ]
NOTIC: [8] Use of undefined constant int - assumed 'int' F:\php_object\dzqc_www\QCAdmin\Lib\Action\RbacAction.class.php 第 70 行.
SQL: SHOW COLUMNS FROM `dzqc_admin_role` [ RunTime:0.010001s ]
SQL: SELECT `name` FROM `dzqc_admin_role` WHERE ( `id` = 2 ) LIMIT 1   [ RunTime:0.000000s ]
INFO: [ view_parse ] --START--
NOTIC: [8] Undefined variable: node F:\php_object\dzqc_www\QCAdmin\Runtime\Cache\03a38442285b53ec4446ced668791ba3.php 第 67 行.
NOTIC: [8] Undefined variable: page F:\php_object\dzqc_www\QCAdmin\Runtime\Cache\03a38442285b53ec4446ced668791ba3.php 第 87 行.
INFO: ParseTemplate Behavior ::run [ RunTime:0.017001s ]
INFO: [ view_parse ] --END-- [ RunTime:0.017001s ]
INFO: [ view_filter ] --START--
INFO: ContentReplace Behavior ::run [ RunTime:0.001000s ]
INFO: TokenBuild Behavior ::run [ RunTime:0.001000s ]
INFO: WriteHtmlCache Behavior ::run [ RunTime:0.001000s ]
INFO: ShowRuntime Behavior ::run [ RunTime:0.000000s ]
INFO: [ view_filter ] --END-- [ RunTime:0.003000s ]
INFO: [ view_end ] --START--
INFO: ShowPageTrace Behavior ::run [ RunTime:0.001000s ]
INFO: [ view_end ] --END-- [ RunTime:0.001000s ]

[ 2016-05-19T23:36:52+08:00 ] 0.0.0.0 /dzqc_www/admin.php/Rbac/roleList
INFO: [ route_check ] --START--
INFO: CheckRoute Behavior ::run [ RunTime:0.001000s ]
INFO: [ route_check ] --END-- [ RunTime:0.001000s ]
INFO: [ app_begin ] --START--
INFO: ReadHtmlCache Behavior ::run [ RunTime:0.001000s ]
INFO: [ app_begin ] --END-- [ RunTime:0.001000s ]
SQL: SHOW COLUMNS FROM `dzqc_admin_role` [ RunTime:0.009000s ]
SQL: SELECT * FROM `dzqc_admin_role`  [ RunTime:0.053003s ]
INFO: [ view_parse ] --START--
NOTIC: [8] Undefined variable: page F:\php_object\dzqc_www\QCAdmin\Runtime\Cache\5603b4291b89d9d2a08a12c333003f15.php 第 64 行.
INFO: ParseTemplate Behavior ::run [ RunTime:0.014001s ]
INFO: [ view_parse ] --END-- [ RunTime:0.014001s ]
INFO: [ view_filter ] --START--
INFO: ContentReplace Behavior ::run [ RunTime:0.001000s ]
INFO: TokenBuild Behavior ::run [ RunTime:0.001000s ]
INFO: WriteHtmlCache Behavior ::run [ RunTime:0.001000s ]
INFO: ShowRuntime Behavior ::run [ RunTime:0.001000s ]
INFO: [ view_filter ] --END-- [ RunTime:0.004000s ]
INFO: [ view_end ] --START--
INFO: ShowPageTrace Behavior ::run [ RunTime:0.001001s ]
INFO: [ view_end ] --END-- [ RunTime:0.001001s ]

[ 2016-05-19T23:36:55+08:00 ] 0.0.0.0 /dzqc_www/admin.php/Rbac/access/rid/3
INFO: [ route_check ] --START--
INFO: CheckRoute Behavior ::run [ RunTime:0.001000s ]
INFO: [ route_check ] --END-- [ RunTime:0.001000s ]
INFO: [ app_begin ] --START--
INFO: ReadHtmlCache Behavior ::run [ RunTime:0.000000s ]
INFO: [ app_begin ] --END-- [ RunTime:0.001000s ]
NOTIC: [8] Use of undefined constant int - assumed 'int' F:\php_object\dzqc_www\QCAdmin\Lib\Action\RbacAction.class.php 第 70 行.
SQL: SHOW COLUMNS FROM `dzqc_admin_role` [ RunTime:0.009000s ]
SQL: SELECT `name` FROM `dzqc_admin_role` WHERE ( `id` = 3 ) LIMIT 1   [ RunTime:0.001000s ]
INFO: [ view_parse ] --START--
NOTIC: [8] Undefined variable: node F:\php_object\dzqc_www\QCAdmin\Runtime\Cache\03a38442285b53ec4446ced668791ba3.php 第 67 行.
NOTIC: [8] Undefined variable: page F:\php_object\dzqc_www\QCAdmin\Runtime\Cache\03a38442285b53ec4446ced668791ba3.php 第 87 行.
INFO: ParseTemplate Behavior ::run [ RunTime:0.016000s ]
INFO: [ view_parse ] --END-- [ RunTime:0.016000s ]
INFO: [ view_filter ] --START--
INFO: ContentReplace Behavior ::run [ RunTime:0.001001s ]
INFO: TokenBuild Behavior ::run [ RunTime:0.001000s ]
INFO: WriteHtmlCache Behavior ::run [ RunTime:0.001000s ]
INFO: ShowRuntime Behavior ::run [ RunTime:0.001000s ]
INFO: [ view_filter ] --END-- [ RunTime:0.004001s ]
INFO: [ view_end ] --START--
INFO: ShowPageTrace Behavior ::run [ RunTime:0.001000s ]
INFO: [ view_end ] --END-- [ RunTime:0.001000s ]

[ 2016-05-19T23:49:21+08:00 ] 0.0.0.0 /dzqc_www/admin.php/Rbac/access/rid/1
INFO: [ route_check ] --START--
INFO: CheckRoute Behavior ::run [ RunTime:0.002001s ]
INFO: [ route_check ] --END-- [ RunTime:0.002001s ]
INFO: [ app_begin ] --START--
INFO: ReadHtmlCache Behavior ::run [ RunTime:0.001000s ]
INFO: [ app_begin ] --END-- [ RunTime:0.001000s ]
NOTIC: [8] Use of undefined constant int - assumed 'int' F:\php_object\dzqc_www\QCAdmin\Lib\Action\RbacAction.class.php 第 70 行.
SQL: SHOW COLUMNS FROM `dzqc_admin_node` [ RunTime:0.010001s ]
ERR: Model:roder您所请求的方法不存在！

[ 2016-05-19T23:50:03+08:00 ] 0.0.0.0 /dzqc_www/admin.php/Rbac/access/rid/1
INFO: [ route_check ] --START--
INFO: CheckRoute Behavior ::run [ RunTime:0.001000s ]
INFO: [ route_check ] --END-- [ RunTime:0.002000s ]
INFO: [ app_begin ] --START--
INFO: ReadHtmlCache Behavior ::run [ RunTime:0.001000s ]
INFO: [ app_begin ] --END-- [ RunTime:0.001000s ]
NOTIC: [8] Use of undefined constant int - assumed 'int' F:\php_object\dzqc_www\QCAdmin\Lib\Action\RbacAction.class.php 第 70 行.
SQL: SHOW COLUMNS FROM `dzqc_admin_node` [ RunTime:0.010001s ]
ERR: Model:roder您所请求的方法不存在！

[ 2016-05-19T23:50:05+08:00 ] 0.0.0.0 /dzqc_www/admin.php/Rbac/access/rid/1
INFO: [ route_check ] --START--
INFO: CheckRoute Behavior ::run [ RunTime:0.002000s ]
INFO: [ route_check ] --END-- [ RunTime:0.002000s ]
INFO: [ app_begin ] --START--
INFO: ReadHtmlCache Behavior ::run [ RunTime:0.002000s ]
INFO: [ app_begin ] --END-- [ RunTime:0.002000s ]
NOTIC: [8] Use of undefined constant int - assumed 'int' F:\php_object\dzqc_www\QCAdmin\Lib\Action\RbacAction.class.php 第 70 行.
SQL: SHOW COLUMNS FROM `dzqc_admin_node` [ RunTime:0.011000s ]
ERR: Model:roder您所请求的方法不存在！

[ 2016-05-19T23:50:25+08:00 ] 0.0.0.0 /dzqc_www/admin.php/Rbac/access/rid/1
INFO: [ route_check ] --START--
INFO: CheckRoute Behavior ::run [ RunTime:0.001000s ]
INFO: [ route_check ] --END-- [ RunTime:0.001000s ]
INFO: [ app_begin ] --START--
INFO: ReadHtmlCache Behavior ::run [ RunTime:0.001001s ]
INFO: [ app_begin ] --END-- [ RunTime:0.001001s ]
NOTIC: [8] Use of undefined constant int - assumed 'int' F:\php_object\dzqc_www\QCAdmin\Lib\Action\RbacAction.class.php 第 70 行.
SQL: SHOW COLUMNS FROM `dzqc_admin_node` [ RunTime:0.010001s ]
SQL: SELECT * FROM `dzqc_admin_node` ORDER BY sort  [ RunTime:0.001000s ]
SQL: SHOW COLUMNS FROM `dzqc_admin_role` [ RunTime:0.011001s ]
SQL: SELECT `name` FROM `dzqc_admin_role` WHERE ( `id` = 1 ) LIMIT 1   [ RunTime:0.001000s ]
INFO: [ view_parse ] --START--
NOTIC: [8] Undefined variable: page F:\php_object\dzqc_www\QCAdmin\Runtime\Cache\03a38442285b53ec4446ced668791ba3.php 第 87 行.
INFO: ParseTemplate Behavior ::run [ RunTime:0.034002s ]
INFO: [ view_parse ] --END-- [ RunTime:0.034002s ]
INFO: [ view_filter ] --START--
INFO: ContentReplace Behavior ::run [ RunTime:0.001000s ]
INFO: TokenBuild Behavior ::run [ RunTime:0.001000s ]
INFO: WriteHtmlCache Behavior ::run [ RunTime:0.000000s ]
INFO: ShowRuntime Behavior ::run [ RunTime:0.001000s ]
INFO: [ view_filter ] --END-- [ RunTime:0.003000s ]
INFO: [ view_end ] --START--
INFO: ShowPageTrace Behavior ::run [ RunTime:0.002000s ]
INFO: [ view_end ] --END-- [ RunTime:0.002000s ]

[ 2016-05-19T23:51:06+08:00 ] 0.0.0.0 /dzqc_www/admin.php/Rbac/access/rid/1
INFO: [ route_check ] --START--
INFO: CheckRoute Behavior ::run [ RunTime:0.001000s ]
INFO: [ route_check ] --END-- [ RunTime:0.001000s ]
INFO: [ app_begin ] --START--
INFO: ReadHtmlCache Behavior ::run [ RunTime:0.001000s ]
INFO: [ app_begin ] --END-- [ RunTime:0.001000s ]
NOTIC: [8] Use of undefined constant int - assumed 'int' F:\php_object\dzqc_www\QCAdmin\Lib\Action\RbacAction.class.php 第 70 行.
SQL: SHOW COLUMNS FROM `dzqc_admin_node` [ RunTime:0.011001s ]
SQL: SELECT * FROM `dzqc_admin_node` ORDER BY sort  [ RunTime:0.001000s ]
SQL: SHOW COLUMNS FROM `dzqc_admin_role` [ RunTime:0.010000s ]
SQL: SELECT `name` FROM `dzqc_admin_role` WHERE ( `id` = 1 ) LIMIT 1   [ RunTime:0.001000s ]
INFO: [ view_parse ] --START--
NOTIC: [8] Undefined variable: page F:\php_object\dzqc_www\QCAdmin\Runtime\Cache\03a38442285b53ec4446ced668791ba3.php 第 85 行.
INFO: ParseTemplate Behavior ::run [ RunTime:0.017001s ]
INFO: [ view_parse ] --END-- [ RunTime:0.017001s ]
INFO: [ view_filter ] --START--
INFO: ContentReplace Behavior ::run [ RunTime:0.001000s ]
INFO: TokenBuild Behavior ::run [ RunTime:0.001000s ]
INFO: WriteHtmlCache Behavior ::run [ RunTime:0.000000s ]
INFO: ShowRuntime Behavior ::run [ RunTime:0.001000s ]
INFO: [ view_filter ] --END-- [ RunTime:0.003000s ]
INFO: [ view_end ] --START--
INFO: ShowPageTrace Behavior ::run [ RunTime:0.001001s ]
INFO: [ view_end ] --END-- [ RunTime:0.002001s ]

[ 2016-05-19T23:51:36+08:00 ] 0.0.0.0 /dzqc_www/admin.php/Rbac/access/rid/1
INFO: [ route_check ] --START--
INFO: CheckRoute Behavior ::run [ RunTime:0.002001s ]
INFO: [ route_check ] --END-- [ RunTime:0.002001s ]
INFO: [ app_begin ] --START--
INFO: ReadHtmlCache Behavior ::run [ RunTime:0.001000s ]
INFO: [ app_begin ] --END-- [ RunTime:0.001000s ]
NOTIC: [8] Use of undefined constant int - assumed 'int' F:\php_object\dzqc_www\QCAdmin\Lib\Action\RbacAction.class.php 第 70 行.
SQL: SHOW COLUMNS FROM `dzqc_admin_node` [ RunTime:0.009000s ]
SQL: SELECT * FROM `dzqc_admin_node` ORDER BY sort  [ RunTime:0.001000s ]
SQL: SHOW COLUMNS FROM `dzqc_admin_role` [ RunTime:0.009001s ]
SQL: SELECT `name` FROM `dzqc_admin_role` WHERE ( `id` = 1 ) LIMIT 1   [ RunTime:0.001000s ]
INFO: [ view_parse ] --START--
NOTIC: [8] Undefined variable: page F:\php_object\dzqc_www\QCAdmin\Runtime\Cache\03a38442285b53ec4446ced668791ba3.php 第 85 行.
INFO: ParseTemplate Behavior ::run [ RunTime:0.017001s ]
INFO: [ view_parse ] --END-- [ RunTime:0.017001s ]
INFO: [ view_filter ] --START--
INFO: ContentReplace Behavior ::run [ RunTime:0.001000s ]
INFO: TokenBuild Behavior ::run [ RunTime:0.001000s ]
INFO: WriteHtmlCache Behavior ::run [ RunTime:0.000000s ]
INFO: ShowRuntime Behavior ::run [ RunTime:0.001000s ]
INFO: [ view_filter ] --END-- [ RunTime:0.003000s ]
INFO: [ view_end ] --START--
INFO: ShowPageTrace Behavior ::run [ RunTime:0.001000s ]
INFO: [ view_end ] --END-- [ RunTime:0.001000s ]

[ 2016-05-19T23:51:57+08:00 ] 0.0.0.0 /dzqc_www/admin.php/Rbac/access/rid/1
INFO: [ route_check ] --START--
INFO: CheckRoute Behavior ::run [ RunTime:0.001000s ]
INFO: [ route_check ] --END-- [ RunTime:0.001000s ]
INFO: [ app_begin ] --START--
INFO: ReadHtmlCache Behavior ::run [ RunTime:0.000000s ]
INFO: [ app_begin ] --END-- [ RunTime:0.001000s ]
NOTIC: [8] Use of undefined constant int - assumed 'int' F:\php_object\dzqc_www\QCAdmin\Lib\Action\RbacAction.class.php 第 70 行.
SQL: SHOW COLUMNS FROM `dzqc_admin_node` [ RunTime:0.009000s ]
SQL: SELECT * FROM `dzqc_admin_node` ORDER BY sort  [ RunTime:0.001000s ]
SQL: SHOW COLUMNS FROM `dzqc_admin_role` [ RunTime:0.009001s ]
SQL: SELECT `name` FROM `dzqc_admin_role` WHERE ( `id` = 1 ) LIMIT 1   [ RunTime:0.000000s ]
INFO: [ view_parse ] --START--
NOTIC: [8] Undefined variable: page F:\php_object\dzqc_www\QCAdmin\Runtime\Cache\03a38442285b53ec4446ced668791ba3.php 第 85 行.
INFO: ParseTemplate Behavior ::run [ RunTime:0.016001s ]
INFO: [ view_parse ] --END-- [ RunTime:0.016001s ]
INFO: [ view_filter ] --START--
INFO: ContentReplace Behavior ::run [ RunTime:0.001000s ]
INFO: TokenBuild Behavior ::run [ RunTime:0.000000s ]
INFO: WriteHtmlCache Behavior ::run [ RunTime:0.000000s ]
INFO: ShowRuntime Behavior ::run [ RunTime:0.001000s ]
INFO: [ view_filter ] --END-- [ RunTime:0.003000s ]
INFO: [ view_end ] --START--
INFO: ShowPageTrace Behavior ::run [ RunTime:0.001000s ]
INFO: [ view_end ] --END-- [ RunTime:0.001000s ]

[ 2016-05-19T23:52:46+08:00 ] 0.0.0.0 /dzqc_www/admin.php/Rbac/access/rid/1
INFO: [ route_check ] --START--
INFO: CheckRoute Behavior ::run [ RunTime:0.001000s ]
INFO: [ route_check ] --END-- [ RunTime:0.001000s ]
INFO: [ app_begin ] --START--
INFO: ReadHtmlCache Behavior ::run [ RunTime:0.002000s ]
INFO: [ app_begin ] --END-- [ RunTime:0.002000s ]
NOTIC: [8] Use of undefined constant int - assumed 'int' F:\php_object\dzqc_www\QCAdmin\Lib\Action\RbacAction.class.php 第 70 行.
SQL: SHOW COLUMNS FROM `dzqc_admin_node` [ RunTime:0.010000s ]
SQL: SELECT * FROM `dzqc_admin_node` ORDER BY sort  [ RunTime:0.000000s ]
SQL: SHOW COLUMNS FROM `dzqc_admin_role` [ RunTime:0.010001s ]
SQL: SELECT `name` FROM `dzqc_admin_role` WHERE ( `id` = 1 ) LIMIT 1   [ RunTime:0.001000s ]
INFO: [ view_parse ] --START--
NOTIC: [8] Undefined variable: page F:\php_object\dzqc_www\QCAdmin\Runtime\Cache\03a38442285b53ec4446ced668791ba3.php 第 85 行.
INFO: ParseTemplate Behavior ::run [ RunTime:0.017001s ]
INFO: [ view_parse ] --END-- [ RunTime:0.017001s ]
INFO: [ view_filter ] --START--
INFO: ContentReplace Behavior ::run [ RunTime:0.001000s ]
INFO: TokenBuild Behavior ::run [ RunTime:0.001000s ]
INFO: WriteHtmlCache Behavior ::run [ RunTime:0.001000s ]
INFO: ShowRuntime Behavior ::run [ RunTime:0.001000s ]
INFO: [ view_filter ] --END-- [ RunTime:0.004000s ]
INFO: [ view_end ] --START--
INFO: ShowPageTrace Behavior ::run [ RunTime:0.001000s ]
INFO: [ view_end ] --END-- [ RunTime:0.001000s ]

[ 2016-05-19T23:53:33+08:00 ] 0.0.0.0 /dzqc_www/admin.php/Rbac/access/rid/1
INFO: [ route_check ] --START--
INFO: CheckRoute Behavior ::run [ RunTime:0.001001s ]
INFO: [ route_check ] --END-- [ RunTime:0.001001s ]
INFO: [ app_begin ] --START--
INFO: ReadHtmlCache Behavior ::run [ RunTime:0.001000s ]
INFO: [ app_begin ] --END-- [ RunTime:0.001000s ]
NOTIC: [8] Use of undefined constant int - assumed 'int' F:\php_object\dzqc_www\QCAdmin\Lib\Action\RbacAction.class.php 第 70 行.
SQL: SHOW COLUMNS FROM `dzqc_admin_node` [ RunTime:0.009000s ]
SQL: SELECT * FROM `dzqc_admin_node` ORDER BY sort  [ RunTime:0.000000s ]
SQL: SHOW COLUMNS FROM `dzqc_admin_role` [ RunTime:0.009000s ]
SQL: SELECT `name` FROM `dzqc_admin_role` WHERE ( `id` = 1 ) LIMIT 1   [ RunTime:0.001000s ]
INFO: [ view_parse ] --START--
NOTIC: [8] Undefined variable: page F:\php_object\dzqc_www\QCAdmin\Runtime\Cache\03a38442285b53ec4446ced668791ba3.php 第 85 行.
INFO: ParseTemplate Behavior ::run [ RunTime:0.016001s ]
INFO: [ view_parse ] --END-- [ RunTime:0.016001s ]
INFO: [ view_filter ] --START--
INFO: ContentReplace Behavior ::run [ RunTime:0.001000s ]
INFO: TokenBuild Behavior ::run [ RunTime:0.000000s ]
INFO: WriteHtmlCache Behavior ::run [ RunTime:0.001000s ]
INFO: ShowRuntime Behavior ::run [ RunTime:0.001000s ]
INFO: [ view_filter ] --END-- [ RunTime:0.003000s ]
INFO: [ view_end ] --START--
INFO: ShowPageTrace Behavior ::run [ RunTime:0.001000s ]
INFO: [ view_end ] --END-- [ RunTime:0.001000s ]

[ 2016-05-19T23:53:55+08:00 ] 0.0.0.0 /dzqc_www/admin.php/Rbac/access/rid/1
INFO: [ route_check ] --START--
INFO: CheckRoute Behavior ::run [ RunTime:0.002000s ]
INFO: [ route_check ] --END-- [ RunTime:0.002000s ]
INFO: [ app_begin ] --START--
INFO: ReadHtmlCache Behavior ::run [ RunTime:0.001000s ]
INFO: [ app_begin ] --END-- [ RunTime:0.001000s ]
NOTIC: [8] Use of undefined constant int - assumed 'int' F:\php_object\dzqc_www\QCAdmin\Lib\Action\RbacAction.class.php 第 70 行.
SQL: SHOW COLUMNS FROM `dzqc_admin_node` [ RunTime:0.010001s ]
SQL: SELECT * FROM `dzqc_admin_node` ORDER BY sort  [ RunTime:0.001000s ]
SQL: SHOW COLUMNS FROM `dzqc_admin_role` [ RunTime:0.010000s ]
SQL: SELECT `name` FROM `dzqc_admin_role` WHERE ( `id` = 1 ) LIMIT 1   [ RunTime:0.001000s ]
INFO: [ view_parse ] --START--
NOTIC: [8] Undefined variable: page F:\php_object\dzqc_www\QCAdmin\Runtime\Cache\03a38442285b53ec4446ced668791ba3.php 第 85 行.
INFO: ParseTemplate Behavior ::run [ RunTime:0.016001s ]
INFO: [ view_parse ] --END-- [ RunTime:0.016001s ]
INFO: [ view_filter ] --START--
INFO: ContentReplace Behavior ::run [ RunTime:0.001000s ]
INFO: TokenBuild Behavior ::run [ RunTime:0.001000s ]
INFO: WriteHtmlCache Behavior ::run [ RunTime:0.000000s ]
INFO: ShowRuntime Behavior ::run [ RunTime:0.000000s ]
INFO: [ view_filter ] --END-- [ RunTime:0.003000s ]
INFO: [ view_end ] --START--
INFO: ShowPageTrace Behavior ::run [ RunTime:0.001000s ]
INFO: [ view_end ] --END-- [ RunTime:0.001000s ]

[ 2016-05-19T23:53:56+08:00 ] 0.0.0.0 /dzqc_www/admin.php/Rbac/access/rid/1
INFO: [ route_check ] --START--
INFO: CheckRoute Behavior ::run [ RunTime:0.002000s ]
INFO: [ route_check ] --END-- [ RunTime:0.002000s ]
INFO: [ app_begin ] --START--
INFO: ReadHtmlCache Behavior ::run [ RunTime:0.001000s ]
INFO: [ app_begin ] --END-- [ RunTime:0.001000s ]
NOTIC: [8] Use of undefined constant int - assumed 'int' F:\php_object\dzqc_www\QCAdmin\Lib\Action\RbacAction.class.php 第 70 行.
SQL: SHOW COLUMNS FROM `dzqc_admin_node` [ RunTime:0.010000s ]
SQL: SELECT * FROM `dzqc_admin_node` ORDER BY sort  [ RunTime:0.001000s ]
SQL: SHOW COLUMNS FROM `dzqc_admin_role` [ RunTime:0.010001s ]
SQL: SELECT `name` FROM `dzqc_admin_role` WHERE ( `id` = 1 ) LIMIT 1   [ RunTime:0.000000s ]
INFO: [ view_parse ] --START--
NOTIC: [8] Undefined variable: page F:\php_object\dzqc_www\QCAdmin\Runtime\Cache\03a38442285b53ec4446ced668791ba3.php 第 85 行.
INFO: ParseTemplate Behavior ::run [ RunTime:0.016001s ]
INFO: [ view_parse ] --END-- [ RunTime:0.016001s ]
INFO: [ view_filter ] --START--
INFO: ContentReplace Behavior ::run [ RunTime:0.001000s ]
INFO: TokenBuild Behavior ::run [ RunTime:0.001000s ]
INFO: WriteHtmlCache Behavior ::run [ RunTime:0.000000s ]
INFO: ShowRuntime Behavior ::run [ RunTime:0.001000s ]
INFO: [ view_filter ] --END-- [ RunTime:0.004000s ]
INFO: [ view_end ] --START--
INFO: ShowPageTrace Behavior ::run [ RunTime:0.002000s ]
INFO: [ view_end ] --END-- [ RunTime:0.002000s ]

[ 2016-05-19T23:54:19+08:00 ] 0.0.0.0 /dzqc_www/admin.php/Rbac/access/rid/1
INFO: [ route_check ] --START--
INFO: CheckRoute Behavior ::run [ RunTime:0.001000s ]
INFO: [ route_check ] --END-- [ RunTime:0.001000s ]
INFO: [ app_begin ] --START--
INFO: ReadHtmlCache Behavior ::run [ RunTime:0.001000s ]
INFO: [ app_begin ] --END-- [ RunTime:0.001000s ]
NOTIC: [8] Use of undefined constant int - assumed 'int' F:\php_object\dzqc_www\QCAdmin\Lib\Action\RbacAction.class.php 第 70 行.
SQL: SHOW COLUMNS FROM `dzqc_admin_node` [ RunTime:0.009000s ]
SQL: SELECT * FROM `dzqc_admin_node` ORDER BY sort  [ RunTime:0.001000s ]
SQL: SHOW COLUMNS FROM `dzqc_admin_role` [ RunTime:0.010001s ]
SQL: SELECT `name` FROM `dzqc_admin_role` WHERE ( `id` = 1 ) LIMIT 1   [ RunTime:0.000000s ]
INFO: [ view_parse ] --START--
NOTIC: [8] Undefined variable: page F:\php_object\dzqc_www\QCAdmin\Runtime\Cache\03a38442285b53ec4446ced668791ba3.php 第 85 行.
INFO: ParseTemplate Behavior ::run [ RunTime:0.017001s ]
INFO: [ view_parse ] --END-- [ RunTime:0.017001s ]
INFO: [ view_filter ] --START--
INFO: ContentReplace Behavior ::run [ RunTime:0.001000s ]
INFO: TokenBuild Behavior ::run [ RunTime:0.001000s ]
INFO: WriteHtmlCache Behavior ::run [ RunTime:0.001000s ]
INFO: ShowRuntime Behavior ::run [ RunTime:0.001000s ]
INFO: [ view_filter ] --END-- [ RunTime:0.004000s ]
INFO: [ view_end ] --START--
INFO: ShowPageTrace Behavior ::run [ RunTime:0.001000s ]
INFO: [ view_end ] --END-- [ RunTime:0.001000s ]

[ 2016-05-19T23:55:10+08:00 ] 0.0.0.0 /dzqc_www/admin.php/Rbac/access/rid/1
INFO: [ route_check ] --START--
INFO: CheckRoute Behavior ::run [ RunTime:0.002000s ]
INFO: [ route_check ] --END-- [ RunTime:0.002000s ]
INFO: [ app_begin ] --START--
INFO: ReadHtmlCache Behavior ::run [ RunTime:0.001000s ]
INFO: [ app_begin ] --END-- [ RunTime:0.001000s ]
NOTIC: [8] Use of undefined constant int - assumed 'int' F:\php_object\dzqc_www\QCAdmin\Lib\Action\RbacAction.class.php 第 70 行.
SQL: SHOW COLUMNS FROM `dzqc_admin_node` [ RunTime:0.009001s ]
SQL: SELECT * FROM `dzqc_admin_node` ORDER BY sort  [ RunTime:0.001000s ]
SQL: SHOW COLUMNS FROM `dzqc_admin_role` [ RunTime:0.010000s ]
SQL: SELECT `name` FROM `dzqc_admin_role` WHERE ( `id` = 1 ) LIMIT 1   [ RunTime:0.001000s ]
INFO: [ view_parse ] --START--
NOTIC: [8] Undefined variable: page F:\php_object\dzqc_www\QCAdmin\Runtime\Cache\03a38442285b53ec4446ced668791ba3.php 第 85 行.
INFO: ParseTemplate Behavior ::run [ RunTime:0.017001s ]
INFO: [ view_parse ] --END-- [ RunTime:0.018001s ]
INFO: [ view_filter ] --START--
INFO: ContentReplace Behavior ::run [ RunTime:0.001000s ]
INFO: TokenBuild Behavior ::run [ RunTime:0.001000s ]
INFO: WriteHtmlCache Behavior ::run [ RunTime:0.000000s ]
INFO: ShowRuntime Behavior ::run [ RunTime:0.001000s ]
INFO: [ view_filter ] --END-- [ RunTime:0.004001s ]
INFO: [ view_end ] --START--
INFO: ShowPageTrace Behavior ::run [ RunTime:0.001000s ]
INFO: [ view_end ] --END-- [ RunTime:0.001000s ]

[ 2016-05-19T23:55:12+08:00 ] 0.0.0.0 /dzqc_www/admin.php/Rbac/access/rid/1
INFO: [ route_check ] --START--
INFO: CheckRoute Behavior ::run [ RunTime:0.001000s ]
INFO: [ route_check ] --END-- [ RunTime:0.001000s ]
INFO: [ app_begin ] --START--
INFO: ReadHtmlCache Behavior ::run [ RunTime:0.001000s ]
INFO: [ app_begin ] --END-- [ RunTime:0.001000s ]
NOTIC: [8] Use of undefined constant int - assumed 'int' F:\php_object\dzqc_www\QCAdmin\Lib\Action\RbacAction.class.php 第 70 行.
SQL: SHOW COLUMNS FROM `dzqc_admin_node` [ RunTime:0.011000s ]
SQL: SELECT * FROM `dzqc_admin_node` ORDER BY sort  [ RunTime:0.001000s ]
SQL: SHOW COLUMNS FROM `dzqc_admin_role` [ RunTime:0.010001s ]
SQL: SELECT `name` FROM `dzqc_admin_role` WHERE ( `id` = 1 ) LIMIT 1   [ RunTime:0.001000s ]
INFO: [ view_parse ] --START--
NOTIC: [8] Undefined variable: page F:\php_object\dzqc_www\QCAdmin\Runtime\Cache\03a38442285b53ec4446ced668791ba3.php 第 85 行.
INFO: ParseTemplate Behavior ::run [ RunTime:0.016001s ]
INFO: [ view_parse ] --END-- [ RunTime:0.016001s ]
INFO: [ view_filter ] --START--
INFO: ContentReplace Behavior ::run [ RunTime:0.001000s ]
INFO: TokenBuild Behavior ::run [ RunTime:0.001000s ]
INFO: WriteHtmlCache Behavior ::run [ RunTime:0.001000s ]
INFO: ShowRuntime Behavior ::run [ RunTime:0.000000s ]
INFO: [ view_filter ] --END-- [ RunTime:0.004000s ]
INFO: [ view_end ] --START--
INFO: ShowPageTrace Behavior ::run [ RunTime:0.001000s ]
INFO: [ view_end ] --END-- [ RunTime:0.001000s ]

[ 2016-05-19T23:55:12+08:00 ] 0.0.0.0 /dzqc_www/admin.php/Rbac/access/rid/1
INFO: [ route_check ] --START--
INFO: CheckRoute Behavior ::run [ RunTime:0.001000s ]
INFO: [ route_check ] --END-- [ RunTime:0.001000s ]
INFO: [ app_begin ] --START--
INFO: ReadHtmlCache Behavior ::run [ RunTime:0.001000s ]
INFO: [ app_begin ] --END-- [ RunTime:0.002000s ]
NOTIC: [8] Use of undefined constant int - assumed 'int' F:\php_object\dzqc_www\QCAdmin\Lib\Action\RbacAction.class.php 第 70 行.
SQL: SHOW COLUMNS FROM `dzqc_admin_node` [ RunTime:0.009001s ]
SQL: SELECT * FROM `dzqc_admin_node` ORDER BY sort  [ RunTime:0.000000s ]
SQL: SHOW COLUMNS FROM `dzqc_admin_role` [ RunTime:0.010000s ]
SQL: SELECT `name` FROM `dzqc_admin_role` WHERE ( `id` = 1 ) LIMIT 1   [ RunTime:0.001000s ]
INFO: [ view_parse ] --START--
NOTIC: [8] Undefined variable: page F:\php_object\dzqc_www\QCAdmin\Runtime\Cache\03a38442285b53ec4446ced668791ba3.php 第 85 行.
INFO: ParseTemplate Behavior ::run [ RunTime:0.016001s ]
INFO: [ view_parse ] --END-- [ RunTime:0.016001s ]
INFO: [ view_filter ] --START--
INFO: ContentReplace Behavior ::run [ RunTime:0.001000s ]
INFO: TokenBuild Behavior ::run [ RunTime:0.001000s ]
INFO: WriteHtmlCache Behavior ::run [ RunTime:0.001000s ]
INFO: ShowRuntime Behavior ::run [ RunTime:0.001001s ]
INFO: [ view_filter ] --END-- [ RunTime:0.004001s ]
INFO: [ view_end ] --START--
INFO: ShowPageTrace Behavior ::run [ RunTime:0.001000s ]
INFO: [ view_end ] --END-- [ RunTime:0.001000s ]

[ 2016-05-19T23:55:48+08:00 ] 0.0.0.0 /dzqc_www/admin.php/Rbac/access/rid/1
INFO: [ route_check ] --START--
INFO: CheckRoute Behavior ::run [ RunTime:0.001000s ]
INFO: [ route_check ] --END-- [ RunTime:0.002000s ]
INFO: [ app_begin ] --START--
INFO: ReadHtmlCache Behavior ::run [ RunTime:0.001000s ]
INFO: [ app_begin ] --END-- [ RunTime:0.001000s ]
NOTIC: [8] Use of undefined constant int - assumed 'int' F:\php_object\dzqc_www\QCAdmin\Lib\Action\RbacAction.class.php 第 70 行.
SQL: SHOW COLUMNS FROM `dzqc_admin_node` [ RunTime:0.010001s ]
SQL: SELECT * FROM `dzqc_admin_node` ORDER BY sort  [ RunTime:0.001000s ]
SQL: SHOW COLUMNS FROM `dzqc_admin_role` [ RunTime:0.009000s ]
SQL: SELECT `name` FROM `dzqc_admin_role` WHERE ( `id` = 1 ) LIMIT 1   [ RunTime:0.000000s ]
INFO: [ view_parse ] --START--
NOTIC: [8] Undefined variable: page F:\php_object\dzqc_www\QCAdmin\Runtime\Cache\03a38442285b53ec4446ced668791ba3.php 第 85 行.
INFO: ParseTemplate Behavior ::run [ RunTime:0.016000s ]
INFO: [ view_parse ] --END-- [ RunTime:0.016000s ]
INFO: [ view_filter ] --START--
INFO: ContentReplace Behavior ::run [ RunTime:0.001000s ]
INFO: TokenBuild Behavior ::run [ RunTime:0.001001s ]
INFO: WriteHtmlCache Behavior ::run [ RunTime:0.001000s ]
INFO: ShowRuntime Behavior ::run [ RunTime:0.001000s ]
INFO: [ view_filter ] --END-- [ RunTime:0.004001s ]
INFO: [ view_end ] --START--
INFO: ShowPageTrace Behavior ::run [ RunTime:0.001000s ]
INFO: [ view_end ] --END-- [ RunTime:0.001000s ]

[ 2016-05-19T23:56:16+08:00 ] 0.0.0.0 /dzqc_www/admin.php/Rbac/access/rid/1
INFO: [ route_check ] --START--
INFO: CheckRoute Behavior ::run [ RunTime:0.001000s ]
INFO: [ route_check ] --END-- [ RunTime:0.001000s ]
INFO: [ app_begin ] --START--
INFO: ReadHtmlCache Behavior ::run [ RunTime:0.001000s ]
INFO: [ app_begin ] --END-- [ RunTime:0.001000s ]
NOTIC: [8] Use of undefined constant int - assumed 'int' F:\php_object\dzqc_www\QCAdmin\Lib\Action\RbacAction.class.php 第 70 行.
SQL: SHOW COLUMNS FROM `dzqc_admin_node` [ RunTime:0.010000s ]
SQL: SELECT * FROM `dzqc_admin_node` ORDER BY sort  [ RunTime:0.001000s ]
SQL: SHOW COLUMNS FROM `dzqc_admin_role` [ RunTime:0.010001s ]
SQL: SELECT `name` FROM `dzqc_admin_role` WHERE ( `id` = 1 ) LIMIT 1   [ RunTime:0.001000s ]
INFO: [ view_parse ] --START--
NOTIC: [8] Undefined variable: page F:\php_object\dzqc_www\QCAdmin\Runtime\Cache\03a38442285b53ec4446ced668791ba3.php 第 85 行.
INFO: ParseTemplate Behavior ::run [ RunTime:0.016001s ]
INFO: [ view_parse ] --END-- [ RunTime:0.016001s ]
INFO: [ view_filter ] --START--
INFO: ContentReplace Behavior ::run [ RunTime:0.001000s ]
INFO: TokenBuild Behavior ::run [ RunTime:0.001000s ]
INFO: WriteHtmlCache Behavior ::run [ RunTime:0.001000s ]
INFO: ShowRuntime Behavior ::run [ RunTime:0.001000s ]
INFO: [ view_filter ] --END-- [ RunTime:0.004000s ]
INFO: [ view_end ] --START--
INFO: ShowPageTrace Behavior ::run [ RunTime:0.002000s ]
INFO: [ view_end ] --END-- [ RunTime:0.002000s ]

