[ 2016-06-23T08:44:07+08:00 ] 192.168.1.119 /dzqc_ucenter//User/login
INFO: [ route_check ] --START--
INFO: CheckRoute Behavior ::run [ RunTime:0.001952s ]
INFO: [ route_check ] --END-- [ RunTime:0.002003s ]
INFO: [ app_begin ] --START--
INFO: ReadHtmlCache Behavior ::run [ RunTime:0.000963s ]
INFO: [ app_begin ] --END-- [ RunTime:0.000996s ]
SQL: SHOW COLUMNS FROM `dzqc_user` [ RunTime:0.006132s ]
SQL: SELECT * FROM `dzqc_user` WHERE (  username='1210769925@qq.com' or mobile='1210769925@qq.com' ) LIMIT 1   [ RunTime:0.001273s ]
NOTIC: [8] Undefined variable: set D:\wamp\www\dzqc_ucenter\ThinkPHP\Lib\Core\Db.class.php 第 294 行.
NOTIC: [2] implode() [<a href='function.implode'>function.implode</a>]: Invalid arguments passed D:\wamp\www\dzqc_ucenter\ThinkPHP\Lib\Core\Db.class.php 第 294 行.
SQL: UPDATE `dzqc_user` SET  WHERE ( `id` =126 ) [ RunTime:0.000095s ]
ERR: 1064:You have an error in your SQL syntax; check the manual that corresponds to your MySQL server version for the right syntax to use near 'WHERE ( `id` =126 )' at line 1
 [ SQL语句 ] : UPDATE `dzqc_user` SET  WHERE ( `id` =126 )

[ 2016-06-23T09:35:01+08:00 ] 192.168.1.69 /dzqc_ucenter//User/login
INFO: [ route_check ] --START--
INFO: CheckRoute Behavior ::run [ RunTime:0.002623s ]
INFO: [ route_check ] --END-- [ RunTime:0.002748s ]
INFO: [ app_begin ] --START--
INFO: ReadHtmlCache Behavior ::run [ RunTime:0.001120s ]
INFO: [ app_begin ] --END-- [ RunTime:0.001161s ]
SQL: SHOW COLUMNS FROM `dzqc_user` [ RunTime:0.003839s ]
SQL: SELECT * FROM `dzqc_user` WHERE (  username='13838269572' or mobile='13838269572' ) LIMIT 1   [ RunTime:0.000409s ]
NOTIC: [8] Undefined variable: set D:\wamp\www\dzqc_ucenter\ThinkPHP\Lib\Core\Db.class.php 第 294 行.
NOTIC: [2] implode() [<a href='function.implode'>function.implode</a>]: Invalid arguments passed D:\wamp\www\dzqc_ucenter\ThinkPHP\Lib\Core\Db.class.php 第 294 行.
SQL: UPDATE `dzqc_user` SET  WHERE ( `id` =59 ) [ RunTime:0.000123s ]
ERR: 1064:You have an error in your SQL syntax; check the manual that corresponds to your MySQL server version for the right syntax to use near 'WHERE ( `id` =59 )' at line 1
 [ SQL语句 ] : UPDATE `dzqc_user` SET  WHERE ( `id` =59 )

