[ 2016-06-02T08:58:47+08:00 ] 192.168.2.89 /dzqc_ucenter//User/login
INFO: [ route_check ] --START--
INFO: CheckRoute Behavior ::run [ RunTime:0.001713s ]
INFO: [ route_check ] --END-- [ RunTime:0.001798s ]
INFO: [ app_begin ] --START--
INFO: ReadHtmlCache Behavior ::run [ RunTime:0.001050s ]
INFO: [ app_begin ] --END-- [ RunTime:0.001100s ]
SQL: SHOW COLUMNS FROM `dzqc_user` [ RunTime:0.005593s ]
SQL: SELECT * FROM `dzqc_user` WHERE (  username='13603987212' or mobile='13603987212' ) LIMIT 1   [ RunTime:0.000382s ]
NOTIC: [8] Undefined variable: set D:\wamp\www\dzqc_ucenter\ThinkPHP\Lib\Core\Db.class.php 第 294 行.
NOTIC: [2] implode() [<a href='function.implode'>function.implode</a>]: Invalid arguments passed D:\wamp\www\dzqc_ucenter\ThinkPHP\Lib\Core\Db.class.php 第 294 行.
SQL: UPDATE `dzqc_user` SET  WHERE ( `id` =74 ) [ RunTime:0.000089s ]
ERR: 1064:You have an error in your SQL syntax; check the manual that corresponds to your MySQL server version for the right syntax to use near 'WHERE ( `id` =74 )' at line 1
 [ SQL语句 ] : UPDATE `dzqc_user` SET  WHERE ( `id` =74 )

[ 2016-06-02T10:15:24+08:00 ] 192.168.2.89 /dzqc_ucenter//User/login
INFO: [ route_check ] --START--
INFO: CheckRoute Behavior ::run [ RunTime:0.001930s ]
INFO: [ route_check ] --END-- [ RunTime:0.001998s ]
INFO: [ app_begin ] --START--
INFO: ReadHtmlCache Behavior ::run [ RunTime:0.001370s ]
INFO: [ app_begin ] --END-- [ RunTime:0.001412s ]
SQL: SHOW COLUMNS FROM `dzqc_user` [ RunTime:0.003447s ]
SQL: SELECT * FROM `dzqc_user` WHERE (  username='13603987212' or mobile='13603987212' ) LIMIT 1   [ RunTime:0.000377s ]
NOTIC: [8] Undefined variable: set D:\wamp\www\dzqc_ucenter\ThinkPHP\Lib\Core\Db.class.php 第 294 行.
NOTIC: [2] implode() [<a href='function.implode'>function.implode</a>]: Invalid arguments passed D:\wamp\www\dzqc_ucenter\ThinkPHP\Lib\Core\Db.class.php 第 294 行.
SQL: UPDATE `dzqc_user` SET  WHERE ( `id` =74 ) [ RunTime:0.000107s ]
ERR: 1064:You have an error in your SQL syntax; check the manual that corresponds to your MySQL server version for the right syntax to use near 'WHERE ( `id` =74 )' at line 1
 [ SQL语句 ] : UPDATE `dzqc_user` SET  WHERE ( `id` =74 )

[ 2016-06-02T10:20:01+08:00 ] 192.168.2.89 /dzqc_ucenter//User/login
INFO: [ route_check ] --START--
INFO: CheckRoute Behavior ::run [ RunTime:0.002098s ]
INFO: [ route_check ] --END-- [ RunTime:0.002171s ]
INFO: [ app_begin ] --START--
INFO: ReadHtmlCache Behavior ::run [ RunTime:0.001457s ]
INFO: [ app_begin ] --END-- [ RunTime:0.001528s ]
SQL: SHOW COLUMNS FROM `dzqc_user` [ RunTime:0.003927s ]
SQL: SELECT * FROM `dzqc_user` WHERE (  username='13603987212' or mobile='13603987212' ) LIMIT 1   [ RunTime:0.000316s ]
NOTIC: [8] Undefined variable: set D:\wamp\www\dzqc_ucenter\ThinkPHP\Lib\Core\Db.class.php 第 294 行.
NOTIC: [2] implode() [<a href='function.implode'>function.implode</a>]: Invalid arguments passed D:\wamp\www\dzqc_ucenter\ThinkPHP\Lib\Core\Db.class.php 第 294 行.
SQL: UPDATE `dzqc_user` SET  WHERE ( `id` =74 ) [ RunTime:0.000087s ]
ERR: 1064:You have an error in your SQL syntax; check the manual that corresponds to your MySQL server version for the right syntax to use near 'WHERE ( `id` =74 )' at line 1
 [ SQL语句 ] : UPDATE `dzqc_user` SET  WHERE ( `id` =74 )

[ 2016-06-02T10:34:35+08:00 ] 192.168.2.89 /dzqc_ucenter//User/login
INFO: [ route_check ] --START--
INFO: CheckRoute Behavior ::run [ RunTime:0.005633s ]
INFO: [ route_check ] --END-- [ RunTime:0.005726s ]
INFO: [ app_begin ] --START--
INFO: ReadHtmlCache Behavior ::run [ RunTime:0.004434s ]
INFO: [ app_begin ] --END-- [ RunTime:0.004590s ]
SQL: SHOW COLUMNS FROM `dzqc_user` [ RunTime:0.008756s ]
SQL: SELECT * FROM `dzqc_user` WHERE (  username='13603987212' or mobile='13603987212' ) LIMIT 1   [ RunTime:0.000647s ]
NOTIC: [8] Undefined variable: set D:\wamp\www\dzqc_ucenter\ThinkPHP\Lib\Core\Db.class.php 第 294 行.
NOTIC: [2] implode() [<a href='function.implode'>function.implode</a>]: Invalid arguments passed D:\wamp\www\dzqc_ucenter\ThinkPHP\Lib\Core\Db.class.php 第 294 行.
SQL: UPDATE `dzqc_user` SET  WHERE ( `id` =74 ) [ RunTime:0.000156s ]
ERR: 1064:You have an error in your SQL syntax; check the manual that corresponds to your MySQL server version for the right syntax to use near 'WHERE ( `id` =74 )' at line 1
 [ SQL语句 ] : UPDATE `dzqc_user` SET  WHERE ( `id` =74 )

[ 2016-06-02T10:39:51+08:00 ] 192.168.2.89 /dzqc_ucenter//User/login
INFO: [ route_check ] --START--
INFO: CheckRoute Behavior ::run [ RunTime:0.004296s ]
INFO: [ route_check ] --END-- [ RunTime:0.004590s ]
INFO: [ app_begin ] --START--
INFO: ReadHtmlCache Behavior ::run [ RunTime:0.001683s ]
INFO: [ app_begin ] --END-- [ RunTime:0.001812s ]
SQL: SHOW COLUMNS FROM `dzqc_user` [ RunTime:0.008982s ]
SQL: SELECT * FROM `dzqc_user` WHERE (  username='13603987212' or mobile='13603987212' ) LIMIT 1   [ RunTime:0.000919s ]
NOTIC: [8] Undefined variable: set D:\wamp\www\dzqc_ucenter\ThinkPHP\Lib\Core\Db.class.php 第 294 行.
NOTIC: [2] implode() [<a href='function.implode'>function.implode</a>]: Invalid arguments passed D:\wamp\www\dzqc_ucenter\ThinkPHP\Lib\Core\Db.class.php 第 294 行.
SQL: UPDATE `dzqc_user` SET  WHERE ( `id` =74 ) [ RunTime:0.001053s ]
ERR: 1064:You have an error in your SQL syntax; check the manual that corresponds to your MySQL server version for the right syntax to use near 'WHERE ( `id` =74 )' at line 1
 [ SQL语句 ] : UPDATE `dzqc_user` SET  WHERE ( `id` =74 )

[ 2016-06-02T10:48:13+08:00 ] 192.168.2.89 /dzqc_ucenter//User/login
INFO: [ route_check ] --START--
INFO: CheckRoute Behavior ::run [ RunTime:0.004594s ]
INFO: [ route_check ] --END-- [ RunTime:0.004754s ]
INFO: [ app_begin ] --START--
INFO: ReadHtmlCache Behavior ::run [ RunTime:0.001433s ]
INFO: [ app_begin ] --END-- [ RunTime:0.001500s ]
SQL: SHOW COLUMNS FROM `dzqc_user` [ RunTime:0.009121s ]
SQL: SELECT * FROM `dzqc_user` WHERE (  username='13603987212' or mobile='13603987212' ) LIMIT 1   [ RunTime:0.001007s ]
NOTIC: [8] Undefined variable: set D:\wamp\www\dzqc_ucenter\ThinkPHP\Lib\Core\Db.class.php 第 294 行.
NOTIC: [2] implode() [<a href='function.implode'>function.implode</a>]: Invalid arguments passed D:\wamp\www\dzqc_ucenter\ThinkPHP\Lib\Core\Db.class.php 第 294 行.
SQL: UPDATE `dzqc_user` SET  WHERE ( `id` =74 ) [ RunTime:0.000410s ]
ERR: 1064:You have an error in your SQL syntax; check the manual that corresponds to your MySQL server version for the right syntax to use near 'WHERE ( `id` =74 )' at line 1
 [ SQL语句 ] : UPDATE `dzqc_user` SET  WHERE ( `id` =74 )

[ 2016-06-02T11:09:20+08:00 ] 192.168.2.89 /dzqc_ucenter//User/login
INFO: [ route_check ] --START--
INFO: CheckRoute Behavior ::run [ RunTime:0.003016s ]
INFO: [ route_check ] --END-- [ RunTime:0.003150s ]
INFO: [ app_begin ] --START--
INFO: ReadHtmlCache Behavior ::run [ RunTime:0.001697s ]
INFO: [ app_begin ] --END-- [ RunTime:0.001785s ]
SQL: SHOW COLUMNS FROM `dzqc_user` [ RunTime:0.005481s ]
SQL: SELECT * FROM `dzqc_user` WHERE (  username='13603987212' or mobile='13603987212' ) LIMIT 1   [ RunTime:0.000445s ]
NOTIC: [8] Undefined variable: set D:\wamp\www\dzqc_ucenter\ThinkPHP\Lib\Core\Db.class.php 第 294 行.
NOTIC: [2] implode() [<a href='function.implode'>function.implode</a>]: Invalid arguments passed D:\wamp\www\dzqc_ucenter\ThinkPHP\Lib\Core\Db.class.php 第 294 行.
SQL: UPDATE `dzqc_user` SET  WHERE ( `id` =74 ) [ RunTime:0.000132s ]
ERR: 1064:You have an error in your SQL syntax; check the manual that corresponds to your MySQL server version for the right syntax to use near 'WHERE ( `id` =74 )' at line 1
 [ SQL语句 ] : UPDATE `dzqc_user` SET  WHERE ( `id` =74 )

[ 2016-06-02T11:11:46+08:00 ] 192.168.2.89 /dzqc_ucenter//User/login
INFO: [ route_check ] --START--
INFO: CheckRoute Behavior ::run [ RunTime:0.002622s ]
INFO: [ route_check ] --END-- [ RunTime:0.002717s ]
INFO: [ app_begin ] --START--
INFO: ReadHtmlCache Behavior ::run [ RunTime:0.001867s ]
INFO: [ app_begin ] --END-- [ RunTime:0.001961s ]
SQL: SHOW COLUMNS FROM `dzqc_user` [ RunTime:0.005771s ]
SQL: SELECT * FROM `dzqc_user` WHERE (  username='13603987212' or mobile='13603987212' ) LIMIT 1   [ RunTime:0.000398s ]
NOTIC: [8] Undefined variable: set D:\wamp\www\dzqc_ucenter\ThinkPHP\Lib\Core\Db.class.php 第 294 行.
NOTIC: [2] implode() [<a href='function.implode'>function.implode</a>]: Invalid arguments passed D:\wamp\www\dzqc_ucenter\ThinkPHP\Lib\Core\Db.class.php 第 294 行.
SQL: UPDATE `dzqc_user` SET  WHERE ( `id` =74 ) [ RunTime:0.000103s ]
ERR: 1064:You have an error in your SQL syntax; check the manual that corresponds to your MySQL server version for the right syntax to use near 'WHERE ( `id` =74 )' at line 1
 [ SQL语句 ] : UPDATE `dzqc_user` SET  WHERE ( `id` =74 )

[ 2016-06-02T11:11:47+08:00 ] 192.168.2.89 /dzqc_ucenter//User/login
INFO: [ route_check ] --START--
INFO: CheckRoute Behavior ::run [ RunTime:0.000942s ]
INFO: [ route_check ] --END-- [ RunTime:0.000998s ]
INFO: [ app_begin ] --START--
INFO: ReadHtmlCache Behavior ::run [ RunTime:0.000720s ]
INFO: [ app_begin ] --END-- [ RunTime:0.000751s ]
SQL: SHOW COLUMNS FROM `dzqc_user` [ RunTime:0.005209s ]
SQL: SELECT * FROM `dzqc_user` WHERE (  username='13603987212' or mobile='13603987212' ) LIMIT 1   [ RunTime:0.000414s ]
NOTIC: [8] Undefined variable: set D:\wamp\www\dzqc_ucenter\ThinkPHP\Lib\Core\Db.class.php 第 294 行.
NOTIC: [2] implode() [<a href='function.implode'>function.implode</a>]: Invalid arguments passed D:\wamp\www\dzqc_ucenter\ThinkPHP\Lib\Core\Db.class.php 第 294 行.
SQL: UPDATE `dzqc_user` SET  WHERE ( `id` =74 ) [ RunTime:0.000143s ]
ERR: 1064:You have an error in your SQL syntax; check the manual that corresponds to your MySQL server version for the right syntax to use near 'WHERE ( `id` =74 )' at line 1
 [ SQL语句 ] : UPDATE `dzqc_user` SET  WHERE ( `id` =74 )

[ 2016-06-02T13:59:29+08:00 ] 192.168.2.89 /dzqc_ucenter//User/login
INFO: [ route_check ] --START--
INFO: CheckRoute Behavior ::run [ RunTime:0.002384s ]
INFO: [ route_check ] --END-- [ RunTime:0.002452s ]
INFO: [ app_begin ] --START--
INFO: ReadHtmlCache Behavior ::run [ RunTime:0.001535s ]
INFO: [ app_begin ] --END-- [ RunTime:0.001628s ]
SQL: SHOW COLUMNS FROM `dzqc_user` [ RunTime:0.004988s ]
SQL: SELECT * FROM `dzqc_user` WHERE (  username='1324102719@qq.com' or mobile='1324102719@qq.com' ) LIMIT 1   [ RunTime:0.001206s ]

[ 2016-06-02T13:59:54+08:00 ] 192.168.2.89 /dzqc_ucenter//User/login
INFO: [ route_check ] --START--
INFO: CheckRoute Behavior ::run [ RunTime:0.001763s ]
INFO: [ route_check ] --END-- [ RunTime:0.001864s ]
INFO: [ app_begin ] --START--
INFO: ReadHtmlCache Behavior ::run [ RunTime:0.001337s ]
INFO: [ app_begin ] --END-- [ RunTime:0.001403s ]
SQL: SHOW COLUMNS FROM `dzqc_user` [ RunTime:0.009278s ]
SQL: SELECT * FROM `dzqc_user` WHERE (  username='1324102719@qq.com' or mobile='1324102719@qq.com' ) LIMIT 1   [ RunTime:0.000466s ]

[ 2016-06-02T14:00:40+08:00 ] 192.168.2.89 /dzqc_ucenter//User/chkUsernameExist
INFO: [ route_check ] --START--
INFO: CheckRoute Behavior ::run [ RunTime:0.000951s ]
INFO: [ route_check ] --END-- [ RunTime:0.001026s ]
INFO: [ app_begin ] --START--
INFO: ReadHtmlCache Behavior ::run [ RunTime:0.000818s ]
INFO: [ app_begin ] --END-- [ RunTime:0.000861s ]
SQL: SHOW COLUMNS FROM `dzqc_user` [ RunTime:0.003764s ]
SQL: SELECT * FROM `dzqc_user` WHERE ( username='1324102719@qq.com' ) LIMIT 1   [ RunTime:0.000376s ]
NOTIC: [2] Missing argument 1 for QAction::q_success(), called in D:\wamp\www\dzqc_ucenter\App\Lib\Action\UserAction.class.php on line 126 and defined D:\wamp\www\dzqc_ucenter\App\Lib\Core\QAction.class.php 第 44 行.
NOTIC: [8] Undefined variable: mix_data D:\wamp\www\dzqc_ucenter\App\Lib\Core\QAction.class.php 第 46 行.
NOTIC: [8] Undefined variable: mix_data D:\wamp\www\dzqc_ucenter\App\Lib\Core\QAction.class.php 第 48 行.

[ 2016-06-02T14:00:57+08:00 ] 192.168.2.89 /dzqc_ucenter//User/chkUsernameExist
INFO: [ route_check ] --START--
INFO: CheckRoute Behavior ::run [ RunTime:0.003927s ]
INFO: [ route_check ] --END-- [ RunTime:0.004056s ]
INFO: [ app_begin ] --START--
INFO: ReadHtmlCache Behavior ::run [ RunTime:0.001991s ]
INFO: [ app_begin ] --END-- [ RunTime:0.002072s ]
SQL: SHOW COLUMNS FROM `dzqc_user` [ RunTime:0.007164s ]
SQL: SELECT * FROM `dzqc_user` WHERE ( username='279517360@qq.com' ) LIMIT 1   [ RunTime:0.000813s ]
NOTIC: [2] Missing argument 1 for QAction::q_success(), called in D:\wamp\www\dzqc_ucenter\App\Lib\Action\UserAction.class.php on line 126 and defined D:\wamp\www\dzqc_ucenter\App\Lib\Core\QAction.class.php 第 44 行.
NOTIC: [8] Undefined variable: mix_data D:\wamp\www\dzqc_ucenter\App\Lib\Core\QAction.class.php 第 46 行.
NOTIC: [8] Undefined variable: mix_data D:\wamp\www\dzqc_ucenter\App\Lib\Core\QAction.class.php 第 48 行.

[ 2016-06-02T14:02:54+08:00 ] 192.168.2.89 /dzqc_ucenter//User/login
INFO: [ route_check ] --START--
INFO: CheckRoute Behavior ::run [ RunTime:0.001912s ]
INFO: [ route_check ] --END-- [ RunTime:0.001979s ]
INFO: [ app_begin ] --START--
INFO: ReadHtmlCache Behavior ::run [ RunTime:0.001130s ]
INFO: [ app_begin ] --END-- [ RunTime:0.001181s ]
SQL: SHOW COLUMNS FROM `dzqc_user` [ RunTime:0.004342s ]
SQL: SELECT * FROM `dzqc_user` WHERE (  username='2987910254@qq.com' or mobile='2987910254@qq.com' ) LIMIT 1   [ RunTime:0.000410s ]
NOTIC: [8] Undefined variable: set D:\wamp\www\dzqc_ucenter\ThinkPHP\Lib\Core\Db.class.php 第 294 行.
NOTIC: [2] implode() [<a href='function.implode'>function.implode</a>]: Invalid arguments passed D:\wamp\www\dzqc_ucenter\ThinkPHP\Lib\Core\Db.class.php 第 294 行.
SQL: UPDATE `dzqc_user` SET  WHERE ( `id` =86 ) [ RunTime:0.000097s ]
ERR: 1064:You have an error in your SQL syntax; check the manual that corresponds to your MySQL server version for the right syntax to use near 'WHERE ( `id` =86 )' at line 1
 [ SQL语句 ] : UPDATE `dzqc_user` SET  WHERE ( `id` =86 )

[ 2016-06-02T14:10:22+08:00 ] 192.168.2.89 /dzqc_ucenter//User/login
INFO: [ route_check ] --START--
INFO: CheckRoute Behavior ::run [ RunTime:0.002092s ]
INFO: [ route_check ] --END-- [ RunTime:0.002175s ]
INFO: [ app_begin ] --START--
INFO: ReadHtmlCache Behavior ::run [ RunTime:0.001406s ]
INFO: [ app_begin ] --END-- [ RunTime:0.001472s ]
SQL: SHOW COLUMNS FROM `dzqc_user` [ RunTime:0.004836s ]
SQL: SELECT * FROM `dzqc_user` WHERE (  username='2987910254@qq.com' or mobile='2987910254@qq.com' ) LIMIT 1   [ RunTime:0.000426s ]
NOTIC: [8] Undefined variable: set D:\wamp\www\dzqc_ucenter\ThinkPHP\Lib\Core\Db.class.php 第 294 行.
NOTIC: [2] implode() [<a href='function.implode'>function.implode</a>]: Invalid arguments passed D:\wamp\www\dzqc_ucenter\ThinkPHP\Lib\Core\Db.class.php 第 294 行.
SQL: UPDATE `dzqc_user` SET  WHERE ( `id` =86 ) [ RunTime:0.000101s ]
ERR: 1064:You have an error in your SQL syntax; check the manual that corresponds to your MySQL server version for the right syntax to use near 'WHERE ( `id` =86 )' at line 1
 [ SQL语句 ] : UPDATE `dzqc_user` SET  WHERE ( `id` =86 )

[ 2016-06-02T14:25:58+08:00 ] 192.168.2.89 /dzqc_ucenter//User/login
INFO: [ route_check ] --START--
INFO: CheckRoute Behavior ::run [ RunTime:0.002319s ]
INFO: [ route_check ] --END-- [ RunTime:0.002392s ]
INFO: [ app_begin ] --START--
INFO: ReadHtmlCache Behavior ::run [ RunTime:0.001115s ]
INFO: [ app_begin ] --END-- [ RunTime:0.001164s ]
SQL: SHOW COLUMNS FROM `dzqc_user` [ RunTime:0.004634s ]
SQL: SELECT * FROM `dzqc_user` WHERE (  username='2987910254@qq.com' or mobile='2987910254@qq.com' ) LIMIT 1   [ RunTime:0.000499s ]
NOTIC: [8] Undefined variable: set D:\wamp\www\dzqc_ucenter\ThinkPHP\Lib\Core\Db.class.php 第 294 行.
NOTIC: [2] implode() [<a href='function.implode'>function.implode</a>]: Invalid arguments passed D:\wamp\www\dzqc_ucenter\ThinkPHP\Lib\Core\Db.class.php 第 294 行.
SQL: UPDATE `dzqc_user` SET  WHERE ( `id` =86 ) [ RunTime:0.000098s ]
ERR: 1064:You have an error in your SQL syntax; check the manual that corresponds to your MySQL server version for the right syntax to use near 'WHERE ( `id` =86 )' at line 1
 [ SQL语句 ] : UPDATE `dzqc_user` SET  WHERE ( `id` =86 )

[ 2016-06-02T14:28:53+08:00 ] 192.168.2.89 /dzqc_ucenter//User/login
INFO: [ route_check ] --START--
INFO: CheckRoute Behavior ::run [ RunTime:0.003162s ]
INFO: [ route_check ] --END-- [ RunTime:0.003467s ]
INFO: [ app_begin ] --START--
INFO: ReadHtmlCache Behavior ::run [ RunTime:0.001934s ]
INFO: [ app_begin ] --END-- [ RunTime:0.002027s ]
SQL: SHOW COLUMNS FROM `dzqc_user` [ RunTime:0.008562s ]
SQL: SELECT * FROM `dzqc_user` WHERE (  username='13603987212' or mobile='13603987212' ) LIMIT 1   [ RunTime:0.000414s ]
NOTIC: [8] Undefined variable: set D:\wamp\www\dzqc_ucenter\ThinkPHP\Lib\Core\Db.class.php 第 294 行.
NOTIC: [2] implode() [<a href='function.implode'>function.implode</a>]: Invalid arguments passed D:\wamp\www\dzqc_ucenter\ThinkPHP\Lib\Core\Db.class.php 第 294 行.
SQL: UPDATE `dzqc_user` SET  WHERE ( `id` =74 ) [ RunTime:0.000106s ]
ERR: 1064:You have an error in your SQL syntax; check the manual that corresponds to your MySQL server version for the right syntax to use near 'WHERE ( `id` =74 )' at line 1
 [ SQL语句 ] : UPDATE `dzqc_user` SET  WHERE ( `id` =74 )

