[ 2016-06-08T10:01:55+08:00 ] 192.168.1.89 /dzqc_ucenter//User/login
INFO: [ route_check ] --START--
INFO: CheckRoute Behavior ::run [ RunTime:0.002627s ]
INFO: [ route_check ] --END-- [ RunTime:0.002724s ]
INFO: [ app_begin ] --START--
INFO: ReadHtmlCache Behavior ::run [ RunTime:0.001668s ]
INFO: [ app_begin ] --END-- [ RunTime:0.001755s ]
SQL: SHOW COLUMNS FROM `dzqc_user` [ RunTime:0.005096s ]
SQL: SELECT * FROM `dzqc_user` WHERE (  username='13603987212' or mobile='13603987212' ) LIMIT 1   [ RunTime:0.000537s ]
NOTIC: [8] Undefined variable: set D:\wamp\www\dzqc_ucenter\ThinkPHP\Lib\Core\Db.class.php 第 294 行.
NOTIC: [2] implode() [<a href='function.implode'>function.implode</a>]: Invalid arguments passed D:\wamp\www\dzqc_ucenter\ThinkPHP\Lib\Core\Db.class.php 第 294 行.
SQL: UPDATE `dzqc_user` SET  WHERE ( `id` =74 ) [ RunTime:0.000238s ]
ERR: 1064:You have an error in your SQL syntax; check the manual that corresponds to your MySQL server version for the right syntax to use near 'WHERE ( `id` =74 )' at line 1
 [ SQL语句 ] : UPDATE `dzqc_user` SET  WHERE ( `id` =74 )

[ 2016-06-08T10:12:50+08:00 ] 192.168.1.89 /dzqc_ucenter//User/login
INFO: [ route_check ] --START--
INFO: CheckRoute Behavior ::run [ RunTime:0.002603s ]
INFO: [ route_check ] --END-- [ RunTime:0.002690s ]
INFO: [ app_begin ] --START--
INFO: ReadHtmlCache Behavior ::run [ RunTime:0.002851s ]
INFO: [ app_begin ] --END-- [ RunTime:0.002951s ]
SQL: SHOW COLUMNS FROM `dzqc_user` [ RunTime:0.006741s ]
SQL: SELECT * FROM `dzqc_user` WHERE (  username='13603987212' or mobile='13603987212' ) LIMIT 1   [ RunTime:0.000458s ]
NOTIC: [8] Undefined variable: set D:\wamp\www\dzqc_ucenter\ThinkPHP\Lib\Core\Db.class.php 第 294 行.
NOTIC: [2] implode() [<a href='function.implode'>function.implode</a>]: Invalid arguments passed D:\wamp\www\dzqc_ucenter\ThinkPHP\Lib\Core\Db.class.php 第 294 行.
SQL: UPDATE `dzqc_user` SET  WHERE ( `id` =74 ) [ RunTime:0.000119s ]
ERR: 1064:You have an error in your SQL syntax; check the manual that corresponds to your MySQL server version for the right syntax to use near 'WHERE ( `id` =74 )' at line 1
 [ SQL语句 ] : UPDATE `dzqc_user` SET  WHERE ( `id` =74 )

[ 2016-06-08T10:19:48+08:00 ] 192.168.1.89 /dzqc_ucenter//User/login
INFO: [ route_check ] --START--
INFO: CheckRoute Behavior ::run [ RunTime:0.002219s ]
INFO: [ route_check ] --END-- [ RunTime:0.002307s ]
INFO: [ app_begin ] --START--
INFO: ReadHtmlCache Behavior ::run [ RunTime:0.001630s ]
INFO: [ app_begin ] --END-- [ RunTime:0.001711s ]
SQL: SHOW COLUMNS FROM `dzqc_user` [ RunTime:0.008516s ]
SQL: SELECT * FROM `dzqc_user` WHERE (  username='13603987212' or mobile='13603987212' ) LIMIT 1   [ RunTime:0.000450s ]
NOTIC: [8] Undefined variable: set D:\wamp\www\dzqc_ucenter\ThinkPHP\Lib\Core\Db.class.php 第 294 行.
NOTIC: [2] implode() [<a href='function.implode'>function.implode</a>]: Invalid arguments passed D:\wamp\www\dzqc_ucenter\ThinkPHP\Lib\Core\Db.class.php 第 294 行.
SQL: UPDATE `dzqc_user` SET  WHERE ( `id` =74 ) [ RunTime:0.000196s ]
ERR: 1064:You have an error in your SQL syntax; check the manual that corresponds to your MySQL server version for the right syntax to use near 'WHERE ( `id` =74 )' at line 1
 [ SQL语句 ] : UPDATE `dzqc_user` SET  WHERE ( `id` =74 )

[ 2016-06-08T10:25:47+08:00 ] 192.168.1.20 /dzqc_ucenter//User/regByMobile
INFO: [ route_check ] --START--
INFO: CheckRoute Behavior ::run [ RunTime:0.002661s ]
INFO: [ route_check ] --END-- [ RunTime:0.002740s ]
INFO: [ app_begin ] --START--
INFO: ReadHtmlCache Behavior ::run [ RunTime:0.001478s ]
INFO: [ app_begin ] --END-- [ RunTime:0.001546s ]
SQL: SHOW COLUMNS FROM `dzqc_user` [ RunTime:0.003855s ]
SQL: SELECT * FROM `dzqc_user` WHERE ( mobile='18765231516' ) LIMIT 1   [ RunTime:0.000380s ]
SQL: INSERT INTO `dzqc_user` (`username`,`mobile`,`password`,`regtime`) VALUES ('NVAY18765231516','18765231516','a8ded4a751655566383c21eed1ee1c42',1465352747) [ RunTime:0.007735s ]
SQL: SELECT * FROM `dzqc_user` WHERE (  username='18765231516' or mobile='18765231516' ) LIMIT 1   [ RunTime:0.000317s ]
NOTIC: [8] Undefined variable: set D:\wamp\www\dzqc_ucenter\ThinkPHP\Lib\Core\Db.class.php 第 294 行.
NOTIC: [2] implode() [<a href='function.implode'>function.implode</a>]: Invalid arguments passed D:\wamp\www\dzqc_ucenter\ThinkPHP\Lib\Core\Db.class.php 第 294 行.
SQL: UPDATE `dzqc_user` SET  WHERE ( `id` =95 ) [ RunTime:0.000106s ]
ERR: 1064:You have an error in your SQL syntax; check the manual that corresponds to your MySQL server version for the right syntax to use near 'WHERE ( `id` =95 )' at line 1
 [ SQL语句 ] : UPDATE `dzqc_user` SET  WHERE ( `id` =95 )

[ 2016-06-08T10:38:45+08:00 ] 192.168.1.89 /dzqc_ucenter//User/login
INFO: [ route_check ] --START--
INFO: CheckRoute Behavior ::run [ RunTime:0.004510s ]
INFO: [ route_check ] --END-- [ RunTime:0.004619s ]
INFO: [ app_begin ] --START--
INFO: ReadHtmlCache Behavior ::run [ RunTime:0.004791s ]
INFO: [ app_begin ] --END-- [ RunTime:0.004885s ]
SQL: SHOW COLUMNS FROM `dzqc_user` [ RunTime:0.006390s ]
SQL: SELECT * FROM `dzqc_user` WHERE (  username='15538283972' or mobile='15538283972' ) LIMIT 1   [ RunTime:0.000728s ]
NOTIC: [8] Undefined variable: set D:\wamp\www\dzqc_ucenter\ThinkPHP\Lib\Core\Db.class.php 第 294 行.
NOTIC: [2] implode() [<a href='function.implode'>function.implode</a>]: Invalid arguments passed D:\wamp\www\dzqc_ucenter\ThinkPHP\Lib\Core\Db.class.php 第 294 行.
SQL: UPDATE `dzqc_user` SET  WHERE ( `id` =70 ) [ RunTime:0.000132s ]
ERR: 1064:You have an error in your SQL syntax; check the manual that corresponds to your MySQL server version for the right syntax to use near 'WHERE ( `id` =70 )' at line 1
 [ SQL语句 ] : UPDATE `dzqc_user` SET  WHERE ( `id` =70 )

[ 2016-06-08T11:50:39+08:00 ] 192.168.1.119 /dzqc_ucenter//User/chkUsernameExist
INFO: [ route_check ] --START--
INFO: CheckRoute Behavior ::run [ RunTime:0.002600s ]
INFO: [ route_check ] --END-- [ RunTime:0.002668s ]
INFO: [ app_begin ] --START--
INFO: ReadHtmlCache Behavior ::run [ RunTime:0.001940s ]
INFO: [ app_begin ] --END-- [ RunTime:0.001983s ]
SQL: SHOW COLUMNS FROM `dzqc_user` [ RunTime:0.005143s ]
SQL: SELECT * FROM `dzqc_user` WHERE ( username='sfsf@qq.com' ) LIMIT 1   [ RunTime:0.000509s ]
NOTIC: [2] Missing argument 1 for QAction::q_error(), called in D:\wamp\www\dzqc_ucenter\App\Lib\Action\UserAction.class.php on line 128 and defined D:\wamp\www\dzqc_ucenter\App\Lib\Core\QAction.class.php 第 68 行.
NOTIC: [8] Undefined variable: mix_data D:\wamp\www\dzqc_ucenter\App\Lib\Core\QAction.class.php 第 70 行.
NOTIC: [8] Undefined variable: mix_data D:\wamp\www\dzqc_ucenter\App\Lib\Core\QAction.class.php 第 72 行.

[ 2016-06-08T11:50:39+08:00 ] 192.168.1.119 /dzqc_ucenter//User/regByEmail
INFO: [ route_check ] --START--
INFO: CheckRoute Behavior ::run [ RunTime:0.001739s ]
INFO: [ route_check ] --END-- [ RunTime:0.001795s ]
INFO: [ app_begin ] --START--
INFO: ReadHtmlCache Behavior ::run [ RunTime:0.001225s ]
INFO: [ app_begin ] --END-- [ RunTime:0.001258s ]
SQL: SHOW COLUMNS FROM `dzqc_user` [ RunTime:0.004174s ]
SQL: SELECT * FROM `dzqc_user` WHERE ( email='sfsf@qq.com' ) LIMIT 1   [ RunTime:0.000347s ]
SQL: INSERT INTO `dzqc_user` (`state`,`username`,`email`,`password`,`regtime`) VALUES (0,'sfsf@qq.com','sfsf@qq.com','7542f67397e9e20b7da89f81239b9c94',1465357839) [ RunTime:0.006118s ]
SQL: SELECT * FROM `dzqc_user` WHERE (  username='sfsf@qq.com' or mobile='sfsf@qq.com' ) LIMIT 1   [ RunTime:0.000336s ]

[ 2016-06-08T11:50:39+08:00 ] 192.168.1.119 /dzqc_ucenter//User/getByUsername
INFO: [ route_check ] --START--
INFO: CheckRoute Behavior ::run [ RunTime:0.001430s ]
INFO: [ route_check ] --END-- [ RunTime:0.001482s ]
INFO: [ app_begin ] --START--
INFO: ReadHtmlCache Behavior ::run [ RunTime:0.001227s ]
INFO: [ app_begin ] --END-- [ RunTime:0.001264s ]
SQL: SHOW COLUMNS FROM `dzqc_user` [ RunTime:0.005171s ]
SQL: SELECT * FROM `dzqc_user` WHERE ( username='sfsf@qq.com' ) LIMIT 1   [ RunTime:0.000906s ]

[ 2016-06-08T11:56:34+08:00 ] 192.168.1.119 /dzqc_ucenter//User/chkUsernameExist
INFO: [ route_check ] --START--
INFO: CheckRoute Behavior ::run [ RunTime:0.002544s ]
INFO: [ route_check ] --END-- [ RunTime:0.002658s ]
INFO: [ app_begin ] --START--
INFO: ReadHtmlCache Behavior ::run [ RunTime:0.003314s ]
INFO: [ app_begin ] --END-- [ RunTime:0.003423s ]
SQL: SHOW COLUMNS FROM `dzqc_user` [ RunTime:0.010419s ]
SQL: SELECT * FROM `dzqc_user` WHERE ( username='sfsf@qq.com' ) LIMIT 1   [ RunTime:0.000991s ]
NOTIC: [2] Missing argument 1 for QAction::q_success(), called in D:\wamp\www\dzqc_ucenter\App\Lib\Action\UserAction.class.php on line 126 and defined D:\wamp\www\dzqc_ucenter\App\Lib\Core\QAction.class.php 第 44 行.
NOTIC: [8] Undefined variable: mix_data D:\wamp\www\dzqc_ucenter\App\Lib\Core\QAction.class.php 第 46 行.
NOTIC: [8] Undefined variable: mix_data D:\wamp\www\dzqc_ucenter\App\Lib\Core\QAction.class.php 第 48 行.

[ 2016-06-08T11:56:41+08:00 ] 192.168.1.119 /dzqc_ucenter//User/chkUsernameExist
INFO: [ route_check ] --START--
INFO: CheckRoute Behavior ::run [ RunTime:0.002004s ]
INFO: [ route_check ] --END-- [ RunTime:0.002130s ]
INFO: [ app_begin ] --START--
INFO: ReadHtmlCache Behavior ::run [ RunTime:0.002502s ]
INFO: [ app_begin ] --END-- [ RunTime:0.002601s ]
SQL: SHOW COLUMNS FROM `dzqc_user` [ RunTime:0.007645s ]
SQL: SELECT * FROM `dzqc_user` WHERE ( username='sfsf11@qq.com' ) LIMIT 1   [ RunTime:0.000446s ]
NOTIC: [2] Missing argument 1 for QAction::q_error(), called in D:\wamp\www\dzqc_ucenter\App\Lib\Action\UserAction.class.php on line 128 and defined D:\wamp\www\dzqc_ucenter\App\Lib\Core\QAction.class.php 第 68 行.
NOTIC: [8] Undefined variable: mix_data D:\wamp\www\dzqc_ucenter\App\Lib\Core\QAction.class.php 第 70 行.
NOTIC: [8] Undefined variable: mix_data D:\wamp\www\dzqc_ucenter\App\Lib\Core\QAction.class.php 第 72 行.

[ 2016-06-08T11:56:41+08:00 ] 192.168.1.119 /dzqc_ucenter//User/regByEmail
INFO: [ route_check ] --START--
INFO: CheckRoute Behavior ::run [ RunTime:0.001612s ]
INFO: [ route_check ] --END-- [ RunTime:0.001695s ]
INFO: [ app_begin ] --START--
INFO: ReadHtmlCache Behavior ::run [ RunTime:0.002181s ]
INFO: [ app_begin ] --END-- [ RunTime:0.002278s ]
SQL: SHOW COLUMNS FROM `dzqc_user` [ RunTime:0.007072s ]
SQL: SELECT * FROM `dzqc_user` WHERE ( email='sfsf11@qq.com' ) LIMIT 1   [ RunTime:0.000832s ]
SQL: INSERT INTO `dzqc_user` (`state`,`username`,`email`,`password`,`regtime`) VALUES (0,'sfsf11@qq.com','sfsf11@qq.com','7542f67397e9e20b7da89f81239b9c94',1465358201) [ RunTime:0.005573s ]
SQL: SELECT * FROM `dzqc_user` WHERE (  username='sfsf11@qq.com' or mobile='sfsf11@qq.com' ) LIMIT 1   [ RunTime:0.000607s ]

[ 2016-06-08T13:26:41+08:00 ] 192.168.1.20 /dzqc_ucenter//User/login
INFO: [ route_check ] --START--
INFO: CheckRoute Behavior ::run [ RunTime:0.002901s ]
INFO: [ route_check ] --END-- [ RunTime:0.003011s ]
INFO: [ app_begin ] --START--
INFO: ReadHtmlCache Behavior ::run [ RunTime:0.001414s ]
INFO: [ app_begin ] --END-- [ RunTime:0.001476s ]
SQL: SHOW COLUMNS FROM `dzqc_user` [ RunTime:0.006856s ]
SQL: SELECT * FROM `dzqc_user` WHERE (  username='13838269572' or mobile='13838269572' ) LIMIT 1   [ RunTime:0.000414s ]
NOTIC: [8] Undefined variable: set D:\wamp\www\dzqc_ucenter\ThinkPHP\Lib\Core\Db.class.php 第 294 行.
NOTIC: [2] implode() [<a href='function.implode'>function.implode</a>]: Invalid arguments passed D:\wamp\www\dzqc_ucenter\ThinkPHP\Lib\Core\Db.class.php 第 294 行.
SQL: UPDATE `dzqc_user` SET  WHERE ( `id` =59 ) [ RunTime:0.000837s ]
ERR: 1064:You have an error in your SQL syntax; check the manual that corresponds to your MySQL server version for the right syntax to use near 'WHERE ( `id` =59 )' at line 1
 [ SQL语句 ] : UPDATE `dzqc_user` SET  WHERE ( `id` =59 )

[ 2016-06-08T13:30:43+08:00 ] 192.168.1.20 /dzqc_ucenter//User/login
INFO: [ route_check ] --START--
INFO: CheckRoute Behavior ::run [ RunTime:0.002383s ]
INFO: [ route_check ] --END-- [ RunTime:0.002472s ]
INFO: [ app_begin ] --START--
INFO: ReadHtmlCache Behavior ::run [ RunTime:0.001632s ]
INFO: [ app_begin ] --END-- [ RunTime:0.001716s ]
SQL: SHOW COLUMNS FROM `dzqc_user` [ RunTime:0.006465s ]
SQL: SELECT * FROM `dzqc_user` WHERE (  username='13838269572' or mobile='13838269572' ) LIMIT 1   [ RunTime:0.000571s ]
NOTIC: [8] Undefined variable: set D:\wamp\www\dzqc_ucenter\ThinkPHP\Lib\Core\Db.class.php 第 294 行.
NOTIC: [2] implode() [<a href='function.implode'>function.implode</a>]: Invalid arguments passed D:\wamp\www\dzqc_ucenter\ThinkPHP\Lib\Core\Db.class.php 第 294 行.
SQL: UPDATE `dzqc_user` SET  WHERE ( `id` =59 ) [ RunTime:0.000632s ]
ERR: 1064:You have an error in your SQL syntax; check the manual that corresponds to your MySQL server version for the right syntax to use near 'WHERE ( `id` =59 )' at line 1
 [ SQL语句 ] : UPDATE `dzqc_user` SET  WHERE ( `id` =59 )

[ 2016-06-08T13:30:51+08:00 ] 192.168.1.20 /dzqc_ucenter//User/login
INFO: [ route_check ] --START--
INFO: CheckRoute Behavior ::run [ RunTime:0.001201s ]
INFO: [ route_check ] --END-- [ RunTime:0.001272s ]
INFO: [ app_begin ] --START--
INFO: ReadHtmlCache Behavior ::run [ RunTime:0.001082s ]
INFO: [ app_begin ] --END-- [ RunTime:0.001136s ]
SQL: SHOW COLUMNS FROM `dzqc_user` [ RunTime:0.005320s ]
SQL: SELECT * FROM `dzqc_user` WHERE (  username='13838269572' or mobile='13838269572' ) LIMIT 1   [ RunTime:0.000582s ]
NOTIC: [8] Undefined variable: set D:\wamp\www\dzqc_ucenter\ThinkPHP\Lib\Core\Db.class.php 第 294 行.
NOTIC: [2] implode() [<a href='function.implode'>function.implode</a>]: Invalid arguments passed D:\wamp\www\dzqc_ucenter\ThinkPHP\Lib\Core\Db.class.php 第 294 行.
SQL: UPDATE `dzqc_user` SET  WHERE ( `id` =59 ) [ RunTime:0.000128s ]
ERR: 1064:You have an error in your SQL syntax; check the manual that corresponds to your MySQL server version for the right syntax to use near 'WHERE ( `id` =59 )' at line 1
 [ SQL语句 ] : UPDATE `dzqc_user` SET  WHERE ( `id` =59 )

[ 2016-06-08T13:31:57+08:00 ] 192.168.1.20 /dzqc_ucenter//User/login
INFO: [ route_check ] --START--
INFO: CheckRoute Behavior ::run [ RunTime:0.001755s ]
INFO: [ route_check ] --END-- [ RunTime:0.001836s ]
INFO: [ app_begin ] --START--
INFO: ReadHtmlCache Behavior ::run [ RunTime:0.000924s ]
INFO: [ app_begin ] --END-- [ RunTime:0.000974s ]
SQL: SHOW COLUMNS FROM `dzqc_user` [ RunTime:0.005610s ]
SQL: SELECT * FROM `dzqc_user` WHERE (  username='13838269572' or mobile='13838269572' ) LIMIT 1   [ RunTime:0.000439s ]
NOTIC: [8] Undefined variable: set D:\wamp\www\dzqc_ucenter\ThinkPHP\Lib\Core\Db.class.php 第 294 行.
NOTIC: [2] implode() [<a href='function.implode'>function.implode</a>]: Invalid arguments passed D:\wamp\www\dzqc_ucenter\ThinkPHP\Lib\Core\Db.class.php 第 294 行.
SQL: UPDATE `dzqc_user` SET  WHERE ( `id` =59 ) [ RunTime:0.000142s ]
ERR: 1064:You have an error in your SQL syntax; check the manual that corresponds to your MySQL server version for the right syntax to use near 'WHERE ( `id` =59 )' at line 1
 [ SQL语句 ] : UPDATE `dzqc_user` SET  WHERE ( `id` =59 )

[ 2016-06-08T13:33:45+08:00 ] 192.168.1.20 /dzqc_ucenter//User/login
INFO: [ route_check ] --START--
INFO: CheckRoute Behavior ::run [ RunTime:0.002214s ]
INFO: [ route_check ] --END-- [ RunTime:0.002301s ]
INFO: [ app_begin ] --START--
INFO: ReadHtmlCache Behavior ::run [ RunTime:0.001667s ]
INFO: [ app_begin ] --END-- [ RunTime:0.001762s ]
SQL: SHOW COLUMNS FROM `dzqc_user` [ RunTime:0.006398s ]
SQL: SELECT * FROM `dzqc_user` WHERE (  username='13838269572' or mobile='13838269572' ) LIMIT 1   [ RunTime:0.000467s ]

[ 2016-06-08T13:34:19+08:00 ] 192.168.1.119 /dzqc_ucenter//User/getByUsername
INFO: [ route_check ] --START--
INFO: CheckRoute Behavior ::run [ RunTime:0.001417s ]
INFO: [ route_check ] --END-- [ RunTime:0.001490s ]
INFO: [ app_begin ] --START--
INFO: ReadHtmlCache Behavior ::run [ RunTime:0.001199s ]
INFO: [ app_begin ] --END-- [ RunTime:0.001262s ]
SQL: SHOW COLUMNS FROM `dzqc_user` [ RunTime:0.005832s ]
SQL: SELECT * FROM `dzqc_user` WHERE ( username='123@qq.com' ) LIMIT 1   [ RunTime:0.000430s ]

[ 2016-06-08T13:35:02+08:00 ] 192.168.1.119 /dzqc_ucenter//User/getByUsername
INFO: [ route_check ] --START--
INFO: CheckRoute Behavior ::run [ RunTime:0.003339s ]
INFO: [ route_check ] --END-- [ RunTime:0.003448s ]
INFO: [ app_begin ] --START--
INFO: ReadHtmlCache Behavior ::run [ RunTime:0.001438s ]
INFO: [ app_begin ] --END-- [ RunTime:0.001525s ]
SQL: SHOW COLUMNS FROM `dzqc_user` [ RunTime:0.007920s ]
SQL: SELECT * FROM `dzqc_user` WHERE ( username='123@qq.com' ) LIMIT 1   [ RunTime:0.000535s ]

[ 2016-06-08T13:35:21+08:00 ] 192.168.1.119 /dzqc_ucenter//User/getByUsername
INFO: [ route_check ] --START--
INFO: CheckRoute Behavior ::run [ RunTime:0.001277s ]
INFO: [ route_check ] --END-- [ RunTime:0.001352s ]
INFO: [ app_begin ] --START--
INFO: ReadHtmlCache Behavior ::run [ RunTime:0.000896s ]
INFO: [ app_begin ] --END-- [ RunTime:0.000947s ]
SQL: SHOW COLUMNS FROM `dzqc_user` [ RunTime:0.005669s ]
SQL: SELECT * FROM `dzqc_user` WHERE ( username='123@qq.com' ) LIMIT 1   [ RunTime:0.000505s ]

[ 2016-06-08T13:41:52+08:00 ] 192.168.1.119 /dzqc_ucenter//User/getByUsername
INFO: [ route_check ] --START--
INFO: CheckRoute Behavior ::run [ RunTime:0.002209s ]
INFO: [ route_check ] --END-- [ RunTime:0.002309s ]
INFO: [ app_begin ] --START--
INFO: ReadHtmlCache Behavior ::run [ RunTime:0.002164s ]
INFO: [ app_begin ] --END-- [ RunTime:0.002270s ]
SQL: SHOW COLUMNS FROM `dzqc_user` [ RunTime:0.006710s ]
SQL: SELECT * FROM `dzqc_user` WHERE ( username='123@qq.com' ) LIMIT 1   [ RunTime:0.000398s ]

[ 2016-06-08T13:41:53+08:00 ] 192.168.1.119 /dzqc_ucenter//User/getByUsername
INFO: [ route_check ] --START--
INFO: CheckRoute Behavior ::run [ RunTime:0.001245s ]
INFO: [ route_check ] --END-- [ RunTime:0.001320s ]
INFO: [ app_begin ] --START--
INFO: ReadHtmlCache Behavior ::run [ RunTime:0.001370s ]
INFO: [ app_begin ] --END-- [ RunTime:0.001421s ]
SQL: SHOW COLUMNS FROM `dzqc_user` [ RunTime:0.006142s ]
SQL: SELECT * FROM `dzqc_user` WHERE ( username='123@qq.com' ) LIMIT 1   [ RunTime:0.000555s ]

[ 2016-06-08T13:41:56+08:00 ] 192.168.1.119 /dzqc_ucenter//User/getByUsername
INFO: [ route_check ] --START--
INFO: CheckRoute Behavior ::run [ RunTime:0.001149s ]
INFO: [ route_check ] --END-- [ RunTime:0.001222s ]
INFO: [ app_begin ] --START--
INFO: ReadHtmlCache Behavior ::run [ RunTime:0.001041s ]
INFO: [ app_begin ] --END-- [ RunTime:0.001110s ]
SQL: SHOW COLUMNS FROM `dzqc_user` [ RunTime:0.005705s ]
SQL: SELECT * FROM `dzqc_user` WHERE ( username='123@qq.com' ) LIMIT 1   [ RunTime:0.000822s ]

[ 2016-06-08T13:41:57+08:00 ] 192.168.1.119 /dzqc_ucenter//User/getByUsername
INFO: [ route_check ] --START--
INFO: CheckRoute Behavior ::run [ RunTime:0.001688s ]
INFO: [ route_check ] --END-- [ RunTime:0.001769s ]
INFO: [ app_begin ] --START--
INFO: ReadHtmlCache Behavior ::run [ RunTime:0.001111s ]
INFO: [ app_begin ] --END-- [ RunTime:0.001158s ]
SQL: SHOW COLUMNS FROM `dzqc_user` [ RunTime:0.006387s ]
SQL: SELECT * FROM `dzqc_user` WHERE ( username='123@qq.com' ) LIMIT 1   [ RunTime:0.000463s ]

[ 2016-06-08T13:42:24+08:00 ] 192.168.1.119 /dzqc_ucenter//User/getByUsername
INFO: [ route_check ] --START--
INFO: CheckRoute Behavior ::run [ RunTime:0.001530s ]
INFO: [ route_check ] --END-- [ RunTime:0.001627s ]
INFO: [ app_begin ] --START--
INFO: ReadHtmlCache Behavior ::run [ RunTime:0.001334s ]
INFO: [ app_begin ] --END-- [ RunTime:0.001401s ]
SQL: SHOW COLUMNS FROM `dzqc_user` [ RunTime:0.005038s ]
SQL: SELECT * FROM `dzqc_user` WHERE ( username='123@qq.com' ) LIMIT 1   [ RunTime:0.000397s ]

[ 2016-06-08T13:42:25+08:00 ] 192.168.1.119 /dzqc_ucenter//User/getByUsername
INFO: [ route_check ] --START--
INFO: CheckRoute Behavior ::run [ RunTime:0.001517s ]
INFO: [ route_check ] --END-- [ RunTime:0.001601s ]
INFO: [ app_begin ] --START--
INFO: ReadHtmlCache Behavior ::run [ RunTime:0.000995s ]
INFO: [ app_begin ] --END-- [ RunTime:0.001043s ]
SQL: SHOW COLUMNS FROM `dzqc_user` [ RunTime:0.005347s ]
SQL: SELECT * FROM `dzqc_user` WHERE ( username='123@qq.com' ) LIMIT 1   [ RunTime:0.000478s ]

[ 2016-06-08T13:42:26+08:00 ] 192.168.1.119 /dzqc_ucenter//User/getByUsername
INFO: [ route_check ] --START--
INFO: CheckRoute Behavior ::run [ RunTime:0.002276s ]
INFO: [ route_check ] --END-- [ RunTime:0.002352s ]
INFO: [ app_begin ] --START--
INFO: ReadHtmlCache Behavior ::run [ RunTime:0.001272s ]
INFO: [ app_begin ] --END-- [ RunTime:0.001338s ]
SQL: SHOW COLUMNS FROM `dzqc_user` [ RunTime:0.006597s ]
SQL: SELECT * FROM `dzqc_user` WHERE ( username='123@qq.com' ) LIMIT 1   [ RunTime:0.000402s ]

[ 2016-06-08T13:42:51+08:00 ] 192.168.1.119 /dzqc_ucenter//User/getByUsername
INFO: [ route_check ] --START--
INFO: CheckRoute Behavior ::run [ RunTime:0.001333s ]
INFO: [ route_check ] --END-- [ RunTime:0.001400s ]
INFO: [ app_begin ] --START--
INFO: ReadHtmlCache Behavior ::run [ RunTime:0.001384s ]
INFO: [ app_begin ] --END-- [ RunTime:0.001451s ]
SQL: SHOW COLUMNS FROM `dzqc_user` [ RunTime:0.006861s ]
SQL: SELECT * FROM `dzqc_user` WHERE ( username='123@qq.com' ) LIMIT 1   [ RunTime:0.001770s ]

[ 2016-06-08T13:43:48+08:00 ] 192.168.1.119 /dzqc_ucenter//User/getByUsername
INFO: [ route_check ] --START--
INFO: CheckRoute Behavior ::run [ RunTime:0.000979s ]
INFO: [ route_check ] --END-- [ RunTime:0.001036s ]
INFO: [ app_begin ] --START--
INFO: ReadHtmlCache Behavior ::run [ RunTime:0.000833s ]
INFO: [ app_begin ] --END-- [ RunTime:0.000869s ]
SQL: SHOW COLUMNS FROM `dzqc_user` [ RunTime:0.005024s ]
SQL: SELECT * FROM `dzqc_user` WHERE ( username='123@qq.com' ) LIMIT 1   [ RunTime:0.000622s ]

[ 2016-06-08T13:43:48+08:00 ] 192.168.1.119 /dzqc_ucenter//User/chgUserState
INFO: [ route_check ] --START--
INFO: CheckRoute Behavior ::run [ RunTime:0.001361s ]
INFO: [ route_check ] --END-- [ RunTime:0.001441s ]
INFO: [ app_begin ] --START--
INFO: ReadHtmlCache Behavior ::run [ RunTime:0.000997s ]
INFO: [ app_begin ] --END-- [ RunTime:0.001039s ]
SQL: SHOW COLUMNS FROM `dzqc_user` [ RunTime:0.007684s ]
SQL: SELECT * FROM `dzqc_user` WHERE ( `id` =61 ) LIMIT 1   [ RunTime:0.000328s ]
SQL: UPDATE `dzqc_user` SET `state`=1 WHERE ( `id` =61 ) [ RunTime:0.005483s ]

[ 2016-06-08T13:45:05+08:00 ] 192.168.1.119 /dzqc_ucenter//User/getByUsername
INFO: [ route_check ] --START--
INFO: CheckRoute Behavior ::run [ RunTime:0.001604s ]
INFO: [ route_check ] --END-- [ RunTime:0.001678s ]
INFO: [ app_begin ] --START--
INFO: ReadHtmlCache Behavior ::run [ RunTime:0.001388s ]
INFO: [ app_begin ] --END-- [ RunTime:0.001466s ]
SQL: SHOW COLUMNS FROM `dzqc_user` [ RunTime:0.006146s ]
SQL: SELECT * FROM `dzqc_user` WHERE ( username='12345dsfsf6@qq.com' ) LIMIT 1   [ RunTime:0.000626s ]

[ 2016-06-08T14:03:24+08:00 ] 192.168.1.20 /dzqc_ucenter//User/login
INFO: [ route_check ] --START--
INFO: CheckRoute Behavior ::run [ RunTime:0.002219s ]
INFO: [ route_check ] --END-- [ RunTime:0.002323s ]
INFO: [ app_begin ] --START--
INFO: ReadHtmlCache Behavior ::run [ RunTime:0.001659s ]
INFO: [ app_begin ] --END-- [ RunTime:0.001756s ]
SQL: SHOW COLUMNS FROM `dzqc_user` [ RunTime:0.007217s ]
SQL: SELECT * FROM `dzqc_user` WHERE (  username='13838269572' or mobile='13838269572' ) LIMIT 1   [ RunTime:0.000982s ]
NOTIC: [8] Undefined variable: set D:\wamp\www\dzqc_ucenter\ThinkPHP\Lib\Core\Db.class.php 第 294 行.
NOTIC: [2] implode() [<a href='function.implode'>function.implode</a>]: Invalid arguments passed D:\wamp\www\dzqc_ucenter\ThinkPHP\Lib\Core\Db.class.php 第 294 行.
SQL: UPDATE `dzqc_user` SET  WHERE ( `id` =59 ) [ RunTime:0.000272s ]
ERR: 1064:You have an error in your SQL syntax; check the manual that corresponds to your MySQL server version for the right syntax to use near 'WHERE ( `id` =59 )' at line 1
 [ SQL语句 ] : UPDATE `dzqc_user` SET  WHERE ( `id` =59 )

[ 2016-06-08T14:41:46+08:00 ] 192.168.1.119 /dzqc_ucenter//User/chkUsernameExist
INFO: [ route_check ] --START--
INFO: CheckRoute Behavior ::run [ RunTime:0.003090s ]
INFO: [ route_check ] --END-- [ RunTime:0.003187s ]
INFO: [ app_begin ] --START--
INFO: ReadHtmlCache Behavior ::run [ RunTime:0.002020s ]
INFO: [ app_begin ] --END-- [ RunTime:0.002106s ]
SQL: SHOW COLUMNS FROM `dzqc_user` [ RunTime:0.007095s ]
SQL: SELECT * FROM `dzqc_user` WHERE ( username='qqq@qq.com' ) LIMIT 1   [ RunTime:0.001796s ]
NOTIC: [2] Missing argument 1 for QAction::q_error(), called in D:\wamp\www\dzqc_ucenter\App\Lib\Action\UserAction.class.php on line 128 and defined D:\wamp\www\dzqc_ucenter\App\Lib\Core\QAction.class.php 第 68 行.
NOTIC: [8] Undefined variable: mix_data D:\wamp\www\dzqc_ucenter\App\Lib\Core\QAction.class.php 第 70 行.
NOTIC: [8] Undefined variable: mix_data D:\wamp\www\dzqc_ucenter\App\Lib\Core\QAction.class.php 第 72 行.

[ 2016-06-08T14:41:46+08:00 ] 192.168.1.119 /dzqc_ucenter//User/regByEmail
INFO: [ route_check ] --START--
INFO: CheckRoute Behavior ::run [ RunTime:0.002311s ]
INFO: [ route_check ] --END-- [ RunTime:0.002403s ]
INFO: [ app_begin ] --START--
INFO: ReadHtmlCache Behavior ::run [ RunTime:0.003243s ]
INFO: [ app_begin ] --END-- [ RunTime:0.003326s ]
SQL: SHOW COLUMNS FROM `dzqc_user` [ RunTime:0.006017s ]
SQL: SELECT * FROM `dzqc_user` WHERE ( email='qqq@qq.com' ) LIMIT 1   [ RunTime:0.000497s ]
SQL: INSERT INTO `dzqc_user` (`state`,`username`,`email`,`password`,`regtime`) VALUES (0,'qqq@qq.com','qqq@qq.com','7542f67397e9e20b7da89f81239b9c94',1465368106) [ RunTime:0.005447s ]
SQL: SELECT * FROM `dzqc_user` WHERE (  username='qqq@qq.com' or mobile='qqq@qq.com' ) LIMIT 1   [ RunTime:0.000466s ]

[ 2016-06-08T14:41:46+08:00 ] 192.168.1.119 /dzqc_ucenter//User/getByUsername
INFO: [ route_check ] --START--
INFO: CheckRoute Behavior ::run [ RunTime:0.001939s ]
INFO: [ route_check ] --END-- [ RunTime:0.002026s ]
INFO: [ app_begin ] --START--
INFO: ReadHtmlCache Behavior ::run [ RunTime:0.001536s ]
INFO: [ app_begin ] --END-- [ RunTime:0.001601s ]
SQL: SHOW COLUMNS FROM `dzqc_user` [ RunTime:0.007781s ]
SQL: SELECT * FROM `dzqc_user` WHERE ( username='qqq@qq.com' ) LIMIT 1   [ RunTime:0.000828s ]

[ 2016-06-08T14:41:47+08:00 ] 192.168.1.119 /dzqc_ucenter//User/getByUsername
INFO: [ route_check ] --START--
INFO: CheckRoute Behavior ::run [ RunTime:0.001364s ]
INFO: [ route_check ] --END-- [ RunTime:0.001457s ]
INFO: [ app_begin ] --START--
INFO: ReadHtmlCache Behavior ::run [ RunTime:0.001255s ]
INFO: [ app_begin ] --END-- [ RunTime:0.001317s ]
SQL: SHOW COLUMNS FROM `dzqc_user` [ RunTime:0.007544s ]
SQL: SELECT * FROM `dzqc_user` WHERE ( username='qqq@qq' ) LIMIT 1   [ RunTime:0.000661s ]

[ 2016-06-08T14:41:49+08:00 ] 192.168.1.119 /dzqc_ucenter//User/getByUsername
INFO: [ route_check ] --START--
INFO: CheckRoute Behavior ::run [ RunTime:0.001602s ]
INFO: [ route_check ] --END-- [ RunTime:0.001696s ]
INFO: [ app_begin ] --START--
INFO: ReadHtmlCache Behavior ::run [ RunTime:0.001577s ]
INFO: [ app_begin ] --END-- [ RunTime:0.001666s ]
SQL: SHOW COLUMNS FROM `dzqc_user` [ RunTime:0.008022s ]
SQL: SELECT * FROM `dzqc_user` WHERE ( username='Company' ) LIMIT 1   [ RunTime:0.000597s ]

[ 2016-06-08T14:41:55+08:00 ] 192.168.1.119 /dzqc_ucenter//User/getByUsername
INFO: [ route_check ] --START--
INFO: CheckRoute Behavior ::run [ RunTime:0.001278s ]
INFO: [ route_check ] --END-- [ RunTime:0.001395s ]
INFO: [ app_begin ] --START--
INFO: ReadHtmlCache Behavior ::run [ RunTime:0.001204s ]
INFO: [ app_begin ] --END-- [ RunTime:0.001258s ]
SQL: SHOW COLUMNS FROM `dzqc_user` [ RunTime:0.006237s ]
SQL: SELECT * FROM `dzqc_user` WHERE ( username='Company' ) LIMIT 1   [ RunTime:0.000464s ]

[ 2016-06-08T14:43:42+08:00 ] 192.168.1.119 /dzqc_ucenter//User/getByUsername
INFO: [ route_check ] --START--
INFO: CheckRoute Behavior ::run [ RunTime:0.001526s ]
INFO: [ route_check ] --END-- [ RunTime:0.001633s ]
INFO: [ app_begin ] --START--
INFO: ReadHtmlCache Behavior ::run [ RunTime:0.001352s ]
INFO: [ app_begin ] --END-- [ RunTime:0.001415s ]
SQL: SHOW COLUMNS FROM `dzqc_user` [ RunTime:0.007129s ]
SQL: SELECT * FROM `dzqc_user` WHERE ( username='Company' ) LIMIT 1   [ RunTime:0.000805s ]

[ 2016-06-08T14:44:03+08:00 ] 192.168.1.119 /dzqc_ucenter//User/getByUsername
INFO: [ route_check ] --START--
INFO: CheckRoute Behavior ::run [ RunTime:0.006563s ]
INFO: [ route_check ] --END-- [ RunTime:0.006725s ]
INFO: [ app_begin ] --START--
INFO: ReadHtmlCache Behavior ::run [ RunTime:0.002653s ]
INFO: [ app_begin ] --END-- [ RunTime:0.002832s ]
SQL: SHOW COLUMNS FROM `dzqc_user` [ RunTime:0.005693s ]
SQL: SELECT * FROM `dzqc_user` WHERE ( username='qqq@qq' ) LIMIT 1   [ RunTime:0.000505s ]

[ 2016-06-08T14:44:15+08:00 ] 192.168.1.119 /dzqc_ucenter//User/getByUsername
INFO: [ route_check ] --START--
INFO: CheckRoute Behavior ::run [ RunTime:0.001426s ]
INFO: [ route_check ] --END-- [ RunTime:0.001503s ]
INFO: [ app_begin ] --START--
INFO: ReadHtmlCache Behavior ::run [ RunTime:0.001286s ]
INFO: [ app_begin ] --END-- [ RunTime:0.001360s ]
SQL: SHOW COLUMNS FROM `dzqc_user` [ RunTime:0.007292s ]
SQL: SELECT * FROM `dzqc_user` WHERE ( username='qqq@qq' ) LIMIT 1   [ RunTime:0.000560s ]

[ 2016-06-08T14:45:34+08:00 ] 192.168.1.119 /dzqc_ucenter//User/getByUsername
INFO: [ route_check ] --START--
INFO: CheckRoute Behavior ::run [ RunTime:0.003175s ]
INFO: [ route_check ] --END-- [ RunTime:0.003269s ]
INFO: [ app_begin ] --START--
INFO: ReadHtmlCache Behavior ::run [ RunTime:0.001375s ]
INFO: [ app_begin ] --END-- [ RunTime:0.001512s ]
SQL: SHOW COLUMNS FROM `dzqc_user` [ RunTime:0.007109s ]
SQL: SELECT * FROM `dzqc_user` WHERE ( username='qqq@qq' ) LIMIT 1   [ RunTime:0.000724s ]

[ 2016-06-08T14:57:13+08:00 ] 192.168.1.119 /dzqc_ucenter//User/getByUsername
INFO: [ route_check ] --START--
INFO: CheckRoute Behavior ::run [ RunTime:0.002585s ]
INFO: [ route_check ] --END-- [ RunTime:0.002675s ]
INFO: [ app_begin ] --START--
INFO: ReadHtmlCache Behavior ::run [ RunTime:0.002014s ]
INFO: [ app_begin ] --END-- [ RunTime:0.002091s ]
SQL: SHOW COLUMNS FROM `dzqc_user` [ RunTime:0.007798s ]
SQL: SELECT * FROM `dzqc_user` WHERE ( username='qqq@qq' ) LIMIT 1   [ RunTime:0.000576s ]

[ 2016-06-08T15:08:52+08:00 ] 192.168.1.119 /dzqc_ucenter//User/getByUsername
INFO: [ route_check ] --START--
INFO: CheckRoute Behavior ::run [ RunTime:0.003186s ]
INFO: [ route_check ] --END-- [ RunTime:0.003429s ]
INFO: [ app_begin ] --START--
INFO: ReadHtmlCache Behavior ::run [ RunTime:0.002206s ]
INFO: [ app_begin ] --END-- [ RunTime:0.002305s ]
SQL: SHOW COLUMNS FROM `dzqc_user` [ RunTime:0.005558s ]
SQL: SELECT * FROM `dzqc_user` WHERE ( username='qqq@qq' ) LIMIT 1   [ RunTime:0.000519s ]

[ 2016-06-08T15:08:56+08:00 ] 192.168.1.119 /dzqc_ucenter//User/getByUsername
INFO: [ route_check ] --START--
INFO: CheckRoute Behavior ::run [ RunTime:0.003778s ]
INFO: [ route_check ] --END-- [ RunTime:0.003911s ]
INFO: [ app_begin ] --START--
INFO: ReadHtmlCache Behavior ::run [ RunTime:0.001327s ]
INFO: [ app_begin ] --END-- [ RunTime:0.001405s ]
SQL: SHOW COLUMNS FROM `dzqc_user` [ RunTime:0.017808s ]
SQL: SELECT * FROM `dzqc_user` WHERE ( username='qqq@qq' ) LIMIT 1   [ RunTime:0.003681s ]

[ 2016-06-08T15:09:05+08:00 ] 192.168.1.119 /dzqc_ucenter//User/getByUsername
INFO: [ route_check ] --START--
INFO: CheckRoute Behavior ::run [ RunTime:0.001483s ]
INFO: [ route_check ] --END-- [ RunTime:0.001574s ]
INFO: [ app_begin ] --START--
INFO: ReadHtmlCache Behavior ::run [ RunTime:0.001242s ]
INFO: [ app_begin ] --END-- [ RunTime:0.001312s ]
SQL: SHOW COLUMNS FROM `dzqc_user` [ RunTime:0.006975s ]
SQL: SELECT * FROM `dzqc_user` WHERE ( username='qqq@qq' ) LIMIT 1   [ RunTime:0.000523s ]

[ 2016-06-08T15:12:20+08:00 ] 192.168.1.119 /dzqc_ucenter//User/getByUsername
INFO: [ route_check ] --START--
INFO: CheckRoute Behavior ::run [ RunTime:0.002425s ]
INFO: [ route_check ] --END-- [ RunTime:0.002520s ]
INFO: [ app_begin ] --START--
INFO: ReadHtmlCache Behavior ::run [ RunTime:0.001546s ]
INFO: [ app_begin ] --END-- [ RunTime:0.001618s ]
SQL: SHOW COLUMNS FROM `dzqc_user` [ RunTime:0.009590s ]
SQL: SELECT * FROM `dzqc_user` WHERE ( username='qqq@qq' ) LIMIT 1   [ RunTime:0.000589s ]

[ 2016-06-08T15:12:37+08:00 ] 192.168.1.119 /dzqc_ucenter//User/getByUsername
INFO: [ route_check ] --START--
INFO: CheckRoute Behavior ::run [ RunTime:0.003039s ]
INFO: [ route_check ] --END-- [ RunTime:0.003165s ]
INFO: [ app_begin ] --START--
INFO: ReadHtmlCache Behavior ::run [ RunTime:0.001653s ]
INFO: [ app_begin ] --END-- [ RunTime:0.001777s ]
SQL: SHOW COLUMNS FROM `dzqc_user` [ RunTime:0.006941s ]
SQL: SELECT * FROM `dzqc_user` WHERE ( username='qqq@qq' ) LIMIT 1   [ RunTime:0.001144s ]

[ 2016-06-08T15:12:48+08:00 ] 192.168.1.119 /dzqc_ucenter//User/getByUsername
INFO: [ route_check ] --START--
INFO: CheckRoute Behavior ::run [ RunTime:0.002510s ]
INFO: [ route_check ] --END-- [ RunTime:0.002671s ]
INFO: [ app_begin ] --START--
INFO: ReadHtmlCache Behavior ::run [ RunTime:0.001020s ]
INFO: [ app_begin ] --END-- [ RunTime:0.001067s ]
SQL: SHOW COLUMNS FROM `dzqc_user` [ RunTime:0.007574s ]
SQL: SELECT * FROM `dzqc_user` WHERE ( username='' ) LIMIT 1   [ RunTime:0.002247s ]

[ 2016-06-08T15:41:58+08:00 ] 192.168.1.119 /dzqc_ucenter//User/getByUsername
INFO: [ route_check ] --START--
INFO: CheckRoute Behavior ::run [ RunTime:0.006232s ]
INFO: [ route_check ] --END-- [ RunTime:0.006412s ]
INFO: [ app_begin ] --START--
INFO: ReadHtmlCache Behavior ::run [ RunTime:0.002411s ]
INFO: [ app_begin ] --END-- [ RunTime:0.002496s ]
SQL: SHOW COLUMNS FROM `dzqc_user` [ RunTime:0.008667s ]
SQL: SELECT * FROM `dzqc_user` WHERE ( username='' ) LIMIT 1   [ RunTime:0.000346s ]

[ 2016-06-08T15:42:36+08:00 ] 192.168.1.119 /dzqc_ucenter//User/chkUsernameExist
INFO: [ route_check ] --START--
INFO: CheckRoute Behavior ::run [ RunTime:0.003431s ]
INFO: [ route_check ] --END-- [ RunTime:0.003520s ]
INFO: [ app_begin ] --START--
INFO: ReadHtmlCache Behavior ::run [ RunTime:0.002639s ]
INFO: [ app_begin ] --END-- [ RunTime:0.002840s ]
SQL: SHOW COLUMNS FROM `dzqc_user` [ RunTime:0.009179s ]
SQL: SELECT * FROM `dzqc_user` WHERE ( username='hhh@qq.com' ) LIMIT 1   [ RunTime:0.000458s ]
NOTIC: [2] Missing argument 1 for QAction::q_error(), called in D:\wamp\www\dzqc_ucenter\App\Lib\Action\UserAction.class.php on line 128 and defined D:\wamp\www\dzqc_ucenter\App\Lib\Core\QAction.class.php 第 68 行.
NOTIC: [8] Undefined variable: mix_data D:\wamp\www\dzqc_ucenter\App\Lib\Core\QAction.class.php 第 70 行.
NOTIC: [8] Undefined variable: mix_data D:\wamp\www\dzqc_ucenter\App\Lib\Core\QAction.class.php 第 72 行.

[ 2016-06-08T15:42:36+08:00 ] 192.168.1.119 /dzqc_ucenter//User/regByEmail
INFO: [ route_check ] --START--
INFO: CheckRoute Behavior ::run [ RunTime:0.001478s ]
INFO: [ route_check ] --END-- [ RunTime:0.001567s ]
INFO: [ app_begin ] --START--
INFO: ReadHtmlCache Behavior ::run [ RunTime:0.002216s ]
INFO: [ app_begin ] --END-- [ RunTime:0.002303s ]
SQL: SHOW COLUMNS FROM `dzqc_user` [ RunTime:0.004836s ]
SQL: SELECT * FROM `dzqc_user` WHERE ( email='hhh@qq.com' ) LIMIT 1   [ RunTime:0.001018s ]
SQL: INSERT INTO `dzqc_user` (`state`,`username`,`email`,`password`,`regtime`) VALUES (0,'hhh@qq.com','hhh@qq.com','7542f67397e9e20b7da89f81239b9c94',1465371756) [ RunTime:0.023340s ]
SQL: SELECT * FROM `dzqc_user` WHERE (  username='hhh@qq.com' or mobile='hhh@qq.com' ) LIMIT 1   [ RunTime:0.001257s ]

[ 2016-06-08T15:42:36+08:00 ] 192.168.1.119 /dzqc_ucenter//User/getByUsername
INFO: [ route_check ] --START--
INFO: CheckRoute Behavior ::run [ RunTime:0.001733s ]
INFO: [ route_check ] --END-- [ RunTime:0.001857s ]
INFO: [ app_begin ] --START--
INFO: ReadHtmlCache Behavior ::run [ RunTime:0.003166s ]
INFO: [ app_begin ] --END-- [ RunTime:0.003295s ]
SQL: SHOW COLUMNS FROM `dzqc_user` [ RunTime:0.007969s ]
SQL: SELECT * FROM `dzqc_user` WHERE ( username='hhh@qq.com' ) LIMIT 1   [ RunTime:0.000544s ]

[ 2016-06-08T15:42:37+08:00 ] 192.168.1.119 /dzqc_ucenter//User/getByUsername
INFO: [ route_check ] --START--
INFO: CheckRoute Behavior ::run [ RunTime:0.002495s ]
INFO: [ route_check ] --END-- [ RunTime:0.002606s ]
INFO: [ app_begin ] --START--
INFO: ReadHtmlCache Behavior ::run [ RunTime:0.003976s ]
INFO: [ app_begin ] --END-- [ RunTime:0.004042s ]
SQL: SHOW COLUMNS FROM `dzqc_user` [ RunTime:0.008201s ]
SQL: SELECT * FROM `dzqc_user` WHERE ( username='hhh@qq' ) LIMIT 1   [ RunTime:0.001604s ]

[ 2016-06-08T15:42:38+08:00 ] 192.168.1.119 /dzqc_ucenter//User/getByUsername
INFO: [ route_check ] --START--
INFO: CheckRoute Behavior ::run [ RunTime:0.002891s ]
INFO: [ route_check ] --END-- [ RunTime:0.003053s ]
INFO: [ app_begin ] --START--
INFO: ReadHtmlCache Behavior ::run [ RunTime:0.001760s ]
INFO: [ app_begin ] --END-- [ RunTime:0.001848s ]
SQL: SHOW COLUMNS FROM `dzqc_user` [ RunTime:0.008487s ]
SQL: SELECT * FROM `dzqc_user` WHERE ( username='' ) LIMIT 1   [ RunTime:0.000458s ]

[ 2016-06-08T15:45:09+08:00 ] 192.168.1.119 /dzqc_ucenter//User/getByUsername
INFO: [ route_check ] --START--
INFO: CheckRoute Behavior ::run [ RunTime:0.003460s ]
INFO: [ route_check ] --END-- [ RunTime:0.003625s ]
INFO: [ app_begin ] --START--
INFO: ReadHtmlCache Behavior ::run [ RunTime:0.002855s ]
INFO: [ app_begin ] --END-- [ RunTime:0.003005s ]
SQL: SHOW COLUMNS FROM `dzqc_user` [ RunTime:0.006183s ]
SQL: SELECT * FROM `dzqc_user` WHERE ( username='hhh@qq' ) LIMIT 1   [ RunTime:0.000679s ]

[ 2016-06-08T15:45:12+08:00 ] 192.168.1.119 /dzqc_ucenter//User/getByUsername
INFO: [ route_check ] --START--
INFO: CheckRoute Behavior ::run [ RunTime:0.004581s ]
INFO: [ route_check ] --END-- [ RunTime:0.004720s ]
INFO: [ app_begin ] --START--
INFO: ReadHtmlCache Behavior ::run [ RunTime:0.002755s ]
INFO: [ app_begin ] --END-- [ RunTime:0.002836s ]
SQL: SHOW COLUMNS FROM `dzqc_user` [ RunTime:0.008760s ]
SQL: SELECT * FROM `dzqc_user` WHERE ( username='dzcq_www' ) LIMIT 1   [ RunTime:0.000506s ]

[ 2016-06-08T15:45:21+08:00 ] 192.168.1.119 /dzqc_ucenter//User/getByUsername
INFO: [ route_check ] --START--
INFO: CheckRoute Behavior ::run [ RunTime:0.001346s ]
INFO: [ route_check ] --END-- [ RunTime:0.001442s ]
INFO: [ app_begin ] --START--
INFO: ReadHtmlCache Behavior ::run [ RunTime:0.001735s ]
INFO: [ app_begin ] --END-- [ RunTime:0.001825s ]
SQL: SHOW COLUMNS FROM `dzqc_user` [ RunTime:0.009226s ]
SQL: SELECT * FROM `dzqc_user` WHERE ( username='dzcq_www' ) LIMIT 1   [ RunTime:0.000965s ]

[ 2016-06-08T15:45:24+08:00 ] 192.168.1.119 /dzqc_ucenter//User/getByUsername
INFO: [ route_check ] --START--
INFO: CheckRoute Behavior ::run [ RunTime:0.001966s ]
INFO: [ route_check ] --END-- [ RunTime:0.002104s ]
INFO: [ app_begin ] --START--
INFO: ReadHtmlCache Behavior ::run [ RunTime:0.001207s ]
INFO: [ app_begin ] --END-- [ RunTime:0.001269s ]
SQL: SHOW COLUMNS FROM `dzqc_user` [ RunTime:0.007116s ]
SQL: SELECT * FROM `dzqc_user` WHERE ( username='hhh@qq' ) LIMIT 1   [ RunTime:0.000955s ]

[ 2016-06-08T15:45:24+08:00 ] 192.168.1.119 /dzqc_ucenter//User/getByUsername
INFO: [ route_check ] --START--
INFO: CheckRoute Behavior ::run [ RunTime:0.001031s ]
INFO: [ route_check ] --END-- [ RunTime:0.001098s ]
INFO: [ app_begin ] --START--
INFO: ReadHtmlCache Behavior ::run [ RunTime:0.000756s ]
INFO: [ app_begin ] --END-- [ RunTime:0.000816s ]
SQL: SHOW COLUMNS FROM `dzqc_user` [ RunTime:0.006941s ]
SQL: SELECT * FROM `dzqc_user` WHERE ( username='hhh@qq' ) LIMIT 1   [ RunTime:0.000901s ]

[ 2016-06-08T15:45:25+08:00 ] 192.168.1.119 /dzqc_ucenter//User/getByUsername
INFO: [ route_check ] --START--
INFO: CheckRoute Behavior ::run [ RunTime:0.002026s ]
INFO: [ route_check ] --END-- [ RunTime:0.002166s ]
INFO: [ app_begin ] --START--
INFO: ReadHtmlCache Behavior ::run [ RunTime:0.002472s ]
INFO: [ app_begin ] --END-- [ RunTime:0.002650s ]
SQL: SHOW COLUMNS FROM `dzqc_user` [ RunTime:0.009691s ]
SQL: SELECT * FROM `dzqc_user` WHERE ( username='hhh@qq' ) LIMIT 1   [ RunTime:0.000389s ]

[ 2016-06-08T15:45:25+08:00 ] 192.168.1.119 /dzqc_ucenter//User/getByUsername
INFO: [ route_check ] --START--
INFO: CheckRoute Behavior ::run [ RunTime:0.002372s ]
INFO: [ route_check ] --END-- [ RunTime:0.002540s ]
INFO: [ app_begin ] --START--
INFO: ReadHtmlCache Behavior ::run [ RunTime:0.004158s ]
INFO: [ app_begin ] --END-- [ RunTime:0.004241s ]
SQL: SHOW COLUMNS FROM `dzqc_user` [ RunTime:0.005768s ]
SQL: SELECT * FROM `dzqc_user` WHERE ( username='hhh@qq' ) LIMIT 1   [ RunTime:0.000923s ]

[ 2016-06-08T15:45:25+08:00 ] 192.168.1.119 /dzqc_ucenter//User/getByUsername
INFO: [ route_check ] --START--
INFO: CheckRoute Behavior ::run [ RunTime:0.001082s ]
INFO: [ route_check ] --END-- [ RunTime:0.001157s ]
INFO: [ app_begin ] --START--
INFO: ReadHtmlCache Behavior ::run [ RunTime:0.000792s ]
INFO: [ app_begin ] --END-- [ RunTime:0.000831s ]
SQL: SHOW COLUMNS FROM `dzqc_user` [ RunTime:0.009572s ]
SQL: SELECT * FROM `dzqc_user` WHERE ( username='hhh@qq' ) LIMIT 1   [ RunTime:0.000586s ]

[ 2016-06-08T15:45:26+08:00 ] 192.168.1.119 /dzqc_ucenter//User/getByUsername
INFO: [ route_check ] --START--
INFO: CheckRoute Behavior ::run [ RunTime:0.001563s ]
INFO: [ route_check ] --END-- [ RunTime:0.001651s ]
INFO: [ app_begin ] --START--
INFO: ReadHtmlCache Behavior ::run [ RunTime:0.001462s ]
INFO: [ app_begin ] --END-- [ RunTime:0.001554s ]
SQL: SHOW COLUMNS FROM `dzqc_user` [ RunTime:0.007503s ]
SQL: SELECT * FROM `dzqc_user` WHERE ( username='hhh@qq' ) LIMIT 1   [ RunTime:0.001212s ]

[ 2016-06-08T15:45:26+08:00 ] 192.168.1.119 /dzqc_ucenter//User/getByUsername
INFO: [ route_check ] --START--
INFO: CheckRoute Behavior ::run [ RunTime:0.001549s ]
INFO: [ route_check ] --END-- [ RunTime:0.001675s ]
INFO: [ app_begin ] --START--
INFO: ReadHtmlCache Behavior ::run [ RunTime:0.001771s ]
INFO: [ app_begin ] --END-- [ RunTime:0.001861s ]
SQL: SHOW COLUMNS FROM `dzqc_user` [ RunTime:0.011397s ]
SQL: SELECT * FROM `dzqc_user` WHERE ( username='hhh@qq' ) LIMIT 1   [ RunTime:0.000518s ]

[ 2016-06-08T15:45:26+08:00 ] 192.168.1.119 /dzqc_ucenter//User/getByUsername
INFO: [ route_check ] --START--
INFO: CheckRoute Behavior ::run [ RunTime:0.001613s ]
INFO: [ route_check ] --END-- [ RunTime:0.001715s ]
INFO: [ app_begin ] --START--
INFO: ReadHtmlCache Behavior ::run [ RunTime:0.001435s ]
INFO: [ app_begin ] --END-- [ RunTime:0.001518s ]
SQL: SHOW COLUMNS FROM `dzqc_user` [ RunTime:0.012156s ]
SQL: SELECT * FROM `dzqc_user` WHERE ( username='hhh@qq' ) LIMIT 1   [ RunTime:0.000608s ]

[ 2016-06-08T15:46:14+08:00 ] 192.168.1.119 /dzqc_ucenter//User/getByUsername
INFO: [ route_check ] --START--
INFO: CheckRoute Behavior ::run [ RunTime:0.001368s ]
INFO: [ route_check ] --END-- [ RunTime:0.001445s ]
INFO: [ app_begin ] --START--
INFO: ReadHtmlCache Behavior ::run [ RunTime:0.001052s ]
INFO: [ app_begin ] --END-- [ RunTime:0.001099s ]
SQL: SHOW COLUMNS FROM `dzqc_user` [ RunTime:0.006068s ]
SQL: SELECT * FROM `dzqc_user` WHERE ( username='hhh@qq' ) LIMIT 1   [ RunTime:0.001288s ]

[ 2016-06-08T15:46:14+08:00 ] 192.168.1.119 /dzqc_ucenter//User/getByUsername
INFO: [ route_check ] --START--
INFO: CheckRoute Behavior ::run [ RunTime:0.001238s ]
INFO: [ route_check ] --END-- [ RunTime:0.001310s ]
INFO: [ app_begin ] --START--
INFO: ReadHtmlCache Behavior ::run [ RunTime:0.000816s ]
INFO: [ app_begin ] --END-- [ RunTime:0.000854s ]
SQL: SHOW COLUMNS FROM `dzqc_user` [ RunTime:0.007978s ]
SQL: SELECT * FROM `dzqc_user` WHERE ( username='hhh@qq' ) LIMIT 1   [ RunTime:0.000624s ]

[ 2016-06-08T15:46:15+08:00 ] 192.168.1.119 /dzqc_ucenter//User/getByUsername
INFO: [ route_check ] --START--
INFO: CheckRoute Behavior ::run [ RunTime:0.001211s ]
INFO: [ route_check ] --END-- [ RunTime:0.001263s ]
INFO: [ app_begin ] --START--
INFO: ReadHtmlCache Behavior ::run [ RunTime:0.000773s ]
INFO: [ app_begin ] --END-- [ RunTime:0.000817s ]
SQL: SHOW COLUMNS FROM `dzqc_user` [ RunTime:0.006154s ]
SQL: SELECT * FROM `dzqc_user` WHERE ( username='hhh@qq' ) LIMIT 1   [ RunTime:0.000454s ]

[ 2016-06-08T15:46:16+08:00 ] 192.168.1.119 /dzqc_ucenter//User/getByUsername
INFO: [ route_check ] --START--
INFO: CheckRoute Behavior ::run [ RunTime:0.000993s ]
INFO: [ route_check ] --END-- [ RunTime:0.001053s ]
INFO: [ app_begin ] --START--
INFO: ReadHtmlCache Behavior ::run [ RunTime:0.000715s ]
INFO: [ app_begin ] --END-- [ RunTime:0.000751s ]
SQL: SHOW COLUMNS FROM `dzqc_user` [ RunTime:0.010125s ]
SQL: SELECT * FROM `dzqc_user` WHERE ( username='hhh@qq' ) LIMIT 1   [ RunTime:0.000531s ]

[ 2016-06-08T15:46:16+08:00 ] 192.168.1.119 /dzqc_ucenter//User/getByUsername
INFO: [ route_check ] --START--
INFO: CheckRoute Behavior ::run [ RunTime:0.002393s ]
INFO: [ route_check ] --END-- [ RunTime:0.002495s ]
INFO: [ app_begin ] --START--
INFO: ReadHtmlCache Behavior ::run [ RunTime:0.001284s ]
INFO: [ app_begin ] --END-- [ RunTime:0.001375s ]
SQL: SHOW COLUMNS FROM `dzqc_user` [ RunTime:0.007819s ]
SQL: SELECT * FROM `dzqc_user` WHERE ( username='hhh@qq' ) LIMIT 1   [ RunTime:0.000427s ]

[ 2016-06-08T15:46:34+08:00 ] 192.168.1.119 /dzqc_ucenter//User/getByUsername
INFO: [ route_check ] --START--
INFO: CheckRoute Behavior ::run [ RunTime:0.010950s ]
INFO: [ route_check ] --END-- [ RunTime:0.011083s ]
INFO: [ app_begin ] --START--
INFO: ReadHtmlCache Behavior ::run [ RunTime:0.003485s ]
INFO: [ app_begin ] --END-- [ RunTime:0.003649s ]
SQL: SHOW COLUMNS FROM `dzqc_user` [ RunTime:0.005896s ]
SQL: SELECT * FROM `dzqc_user` WHERE ( username='hhh@qq' ) LIMIT 1   [ RunTime:0.001308s ]

[ 2016-06-08T15:46:53+08:00 ] 192.168.1.119 /dzqc_ucenter//User/getByUsername
INFO: [ route_check ] --START--
INFO: CheckRoute Behavior ::run [ RunTime:0.002301s ]
INFO: [ route_check ] --END-- [ RunTime:0.002400s ]
INFO: [ app_begin ] --START--
INFO: ReadHtmlCache Behavior ::run [ RunTime:0.001000s ]
INFO: [ app_begin ] --END-- [ RunTime:0.001047s ]
SQL: SHOW COLUMNS FROM `dzqc_user` [ RunTime:0.007610s ]
SQL: SELECT * FROM `dzqc_user` WHERE ( username='hhh@qq' ) LIMIT 1   [ RunTime:0.000494s ]

[ 2016-06-08T15:46:54+08:00 ] 192.168.1.119 /dzqc_ucenter//User/getByUsername
INFO: [ route_check ] --START--
INFO: CheckRoute Behavior ::run [ RunTime:0.001944s ]
INFO: [ route_check ] --END-- [ RunTime:0.002063s ]
INFO: [ app_begin ] --START--
INFO: ReadHtmlCache Behavior ::run [ RunTime:0.001497s ]
INFO: [ app_begin ] --END-- [ RunTime:0.001582s ]
SQL: SHOW COLUMNS FROM `dzqc_user` [ RunTime:0.008963s ]
SQL: SELECT * FROM `dzqc_user` WHERE ( username='' ) LIMIT 1   [ RunTime:0.000473s ]

[ 2016-06-08T15:47:03+08:00 ] 192.168.1.119 /dzqc_ucenter//User/getByUsername
INFO: [ route_check ] --START--
INFO: CheckRoute Behavior ::run [ RunTime:0.000889s ]
INFO: [ route_check ] --END-- [ RunTime:0.000942s ]
INFO: [ app_begin ] --START--
INFO: ReadHtmlCache Behavior ::run [ RunTime:0.000908s ]
INFO: [ app_begin ] --END-- [ RunTime:0.000964s ]
SQL: SHOW COLUMNS FROM `dzqc_user` [ RunTime:0.008321s ]
SQL: SELECT * FROM `dzqc_user` WHERE ( username='' ) LIMIT 1   [ RunTime:0.000375s ]

[ 2016-06-08T15:47:31+08:00 ] 192.168.1.119 /dzqc_ucenter//User/chkUsernameExist
INFO: [ route_check ] --START--
INFO: CheckRoute Behavior ::run [ RunTime:0.003978s ]
INFO: [ route_check ] --END-- [ RunTime:0.004097s ]
INFO: [ app_begin ] --START--
INFO: ReadHtmlCache Behavior ::run [ RunTime:0.001564s ]
INFO: [ app_begin ] --END-- [ RunTime:0.001695s ]
SQL: SHOW COLUMNS FROM `dzqc_user` [ RunTime:0.007928s ]
SQL: SELECT * FROM `dzqc_user` WHERE ( username='fassd@qq.com' ) LIMIT 1   [ RunTime:0.000619s ]
NOTIC: [2] Missing argument 1 for QAction::q_error(), called in D:\wamp\www\dzqc_ucenter\App\Lib\Action\UserAction.class.php on line 128 and defined D:\wamp\www\dzqc_ucenter\App\Lib\Core\QAction.class.php 第 68 行.
NOTIC: [8] Undefined variable: mix_data D:\wamp\www\dzqc_ucenter\App\Lib\Core\QAction.class.php 第 70 行.
NOTIC: [8] Undefined variable: mix_data D:\wamp\www\dzqc_ucenter\App\Lib\Core\QAction.class.php 第 72 行.

[ 2016-06-08T15:47:31+08:00 ] 192.168.1.119 /dzqc_ucenter//User/regByEmail
INFO: [ route_check ] --START--
INFO: CheckRoute Behavior ::run [ RunTime:0.001372s ]
INFO: [ route_check ] --END-- [ RunTime:0.001447s ]
INFO: [ app_begin ] --START--
INFO: ReadHtmlCache Behavior ::run [ RunTime:0.000993s ]
INFO: [ app_begin ] --END-- [ RunTime:0.001052s ]
SQL: SHOW COLUMNS FROM `dzqc_user` [ RunTime:0.005160s ]
SQL: SELECT * FROM `dzqc_user` WHERE ( email='fassd@qq.com' ) LIMIT 1   [ RunTime:0.000565s ]
SQL: INSERT INTO `dzqc_user` (`state`,`username`,`email`,`password`,`regtime`) VALUES (0,'fassd@qq.com','fassd@qq.com','7542f67397e9e20b7da89f81239b9c94',1465372051) [ RunTime:0.007233s ]
SQL: SELECT * FROM `dzqc_user` WHERE (  username='fassd@qq.com' or mobile='fassd@qq.com' ) LIMIT 1   [ RunTime:0.000497s ]

[ 2016-06-08T15:47:31+08:00 ] 192.168.1.119 /dzqc_ucenter//User/getByUsername
INFO: [ route_check ] --START--
INFO: CheckRoute Behavior ::run [ RunTime:0.001201s ]
INFO: [ route_check ] --END-- [ RunTime:0.001274s ]
INFO: [ app_begin ] --START--
INFO: ReadHtmlCache Behavior ::run [ RunTime:0.001080s ]
INFO: [ app_begin ] --END-- [ RunTime:0.001134s ]
SQL: SHOW COLUMNS FROM `dzqc_user` [ RunTime:0.008979s ]
SQL: SELECT * FROM `dzqc_user` WHERE ( username='fassd@qq.com' ) LIMIT 1   [ RunTime:0.000499s ]

[ 2016-06-08T15:47:32+08:00 ] 192.168.1.119 /dzqc_ucenter//User/getByUsername
INFO: [ route_check ] --START--
INFO: CheckRoute Behavior ::run [ RunTime:0.001229s ]
INFO: [ route_check ] --END-- [ RunTime:0.001302s ]
INFO: [ app_begin ] --START--
INFO: ReadHtmlCache Behavior ::run [ RunTime:0.001852s ]
INFO: [ app_begin ] --END-- [ RunTime:0.002045s ]
SQL: SHOW COLUMNS FROM `dzqc_user` [ RunTime:0.004884s ]
SQL: SELECT * FROM `dzqc_user` WHERE ( username='fassd@qq' ) LIMIT 1   [ RunTime:0.000508s ]

[ 2016-06-08T15:47:40+08:00 ] 192.168.1.119 /dzqc_ucenter//User/getByUsername
INFO: [ route_check ] --START--
INFO: CheckRoute Behavior ::run [ RunTime:0.001191s ]
INFO: [ route_check ] --END-- [ RunTime:0.001256s ]
INFO: [ app_begin ] --START--
INFO: ReadHtmlCache Behavior ::run [ RunTime:0.000827s ]
INFO: [ app_begin ] --END-- [ RunTime:0.000866s ]
SQL: SHOW COLUMNS FROM `dzqc_user` [ RunTime:0.008610s ]
SQL: SELECT * FROM `dzqc_user` WHERE ( username='Company' ) LIMIT 1   [ RunTime:0.000987s ]

[ 2016-06-08T15:47:52+08:00 ] 192.168.1.119 /dzqc_ucenter//User/getByUsername
INFO: [ route_check ] --START--
INFO: CheckRoute Behavior ::run [ RunTime:0.001235s ]
INFO: [ route_check ] --END-- [ RunTime:0.001341s ]
INFO: [ app_begin ] --START--
INFO: ReadHtmlCache Behavior ::run [ RunTime:0.001954s ]
INFO: [ app_begin ] --END-- [ RunTime:0.002055s ]
SQL: SHOW COLUMNS FROM `dzqc_user` [ RunTime:0.013539s ]
SQL: SELECT * FROM `dzqc_user` WHERE ( username='' ) LIMIT 1   [ RunTime:0.000429s ]

[ 2016-06-08T15:48:22+08:00 ] 192.168.1.119 /dzqc_ucenter//User/chkUsernameExist
INFO: [ route_check ] --START--
INFO: CheckRoute Behavior ::run [ RunTime:0.001647s ]
INFO: [ route_check ] --END-- [ RunTime:0.001748s ]
INFO: [ app_begin ] --START--
INFO: ReadHtmlCache Behavior ::run [ RunTime:0.001339s ]
INFO: [ app_begin ] --END-- [ RunTime:0.001406s ]
SQL: SHOW COLUMNS FROM `dzqc_user` [ RunTime:0.007500s ]
SQL: SELECT * FROM `dzqc_user` WHERE ( username='fassdassd@qq.com' ) LIMIT 1   [ RunTime:0.000385s ]
NOTIC: [2] Missing argument 1 for QAction::q_error(), called in D:\wamp\www\dzqc_ucenter\App\Lib\Action\UserAction.class.php on line 128 and defined D:\wamp\www\dzqc_ucenter\App\Lib\Core\QAction.class.php 第 68 行.
NOTIC: [8] Undefined variable: mix_data D:\wamp\www\dzqc_ucenter\App\Lib\Core\QAction.class.php 第 70 行.
NOTIC: [8] Undefined variable: mix_data D:\wamp\www\dzqc_ucenter\App\Lib\Core\QAction.class.php 第 72 行.

[ 2016-06-08T15:48:23+08:00 ] 192.168.1.119 /dzqc_ucenter//User/regByEmail
INFO: [ route_check ] --START--
INFO: CheckRoute Behavior ::run [ RunTime:0.002473s ]
INFO: [ route_check ] --END-- [ RunTime:0.002574s ]
INFO: [ app_begin ] --START--
INFO: ReadHtmlCache Behavior ::run [ RunTime:0.001279s ]
INFO: [ app_begin ] --END-- [ RunTime:0.001401s ]
SQL: SHOW COLUMNS FROM `dzqc_user` [ RunTime:0.008132s ]
SQL: SELECT * FROM `dzqc_user` WHERE ( email='fassdassd@qq.com' ) LIMIT 1   [ RunTime:0.000467s ]
SQL: INSERT INTO `dzqc_user` (`state`,`username`,`email`,`password`,`regtime`) VALUES (0,'fassdassd@qq.com','fassdassd@qq.com','7542f67397e9e20b7da89f81239b9c94',1465372103) [ RunTime:0.004634s ]
SQL: SELECT * FROM `dzqc_user` WHERE (  username='fassdassd@qq.com' or mobile='fassdassd@qq.com' ) LIMIT 1   [ RunTime:0.000328s ]

[ 2016-06-08T15:48:23+08:00 ] 192.168.1.119 /dzqc_ucenter//User/getByUsername
INFO: [ route_check ] --START--
INFO: CheckRoute Behavior ::run [ RunTime:0.001629s ]
INFO: [ route_check ] --END-- [ RunTime:0.001738s ]
INFO: [ app_begin ] --START--
INFO: ReadHtmlCache Behavior ::run [ RunTime:0.002106s ]
INFO: [ app_begin ] --END-- [ RunTime:0.002193s ]
SQL: SHOW COLUMNS FROM `dzqc_user` [ RunTime:0.004644s ]
SQL: SELECT * FROM `dzqc_user` WHERE ( username='fassdassd@qq.com' ) LIMIT 1   [ RunTime:0.000408s ]

[ 2016-06-08T15:48:24+08:00 ] 192.168.1.119 /dzqc_ucenter//User/getByUsername
INFO: [ route_check ] --START--
INFO: CheckRoute Behavior ::run [ RunTime:0.000832s ]
INFO: [ route_check ] --END-- [ RunTime:0.000891s ]
INFO: [ app_begin ] --START--
INFO: ReadHtmlCache Behavior ::run [ RunTime:0.000797s ]
INFO: [ app_begin ] --END-- [ RunTime:0.000834s ]
SQL: SHOW COLUMNS FROM `dzqc_user` [ RunTime:0.003902s ]
SQL: SELECT * FROM `dzqc_user` WHERE ( username='fassdassd@qq' ) LIMIT 1   [ RunTime:0.000646s ]

[ 2016-06-08T15:49:41+08:00 ] 192.168.1.119 /dzqc_ucenter//User/getByUsername
INFO: [ route_check ] --START--
INFO: CheckRoute Behavior ::run [ RunTime:0.001471s ]
INFO: [ route_check ] --END-- [ RunTime:0.001545s ]
INFO: [ app_begin ] --START--
INFO: ReadHtmlCache Behavior ::run [ RunTime:0.002173s ]
INFO: [ app_begin ] --END-- [ RunTime:0.002270s ]
SQL: SHOW COLUMNS FROM `dzqc_user` [ RunTime:0.008260s ]
SQL: SELECT * FROM `dzqc_user` WHERE ( username='fassdassd@qq' ) LIMIT 1   [ RunTime:0.001213s ]

[ 2016-06-08T15:50:00+08:00 ] 192.168.1.119 /dzqc_ucenter//User/chkUsernameExist
INFO: [ route_check ] --START--
INFO: CheckRoute Behavior ::run [ RunTime:0.001882s ]
INFO: [ route_check ] --END-- [ RunTime:0.002030s ]
INFO: [ app_begin ] --START--
INFO: ReadHtmlCache Behavior ::run [ RunTime:0.001498s ]
INFO: [ app_begin ] --END-- [ RunTime:0.001582s ]
SQL: SHOW COLUMNS FROM `dzqc_user` [ RunTime:0.015314s ]
SQL: SELECT * FROM `dzqc_user` WHERE ( username='46sada@qq.com' ) LIMIT 1   [ RunTime:0.000614s ]
NOTIC: [2] Missing argument 1 for QAction::q_error(), called in D:\wamp\www\dzqc_ucenter\App\Lib\Action\UserAction.class.php on line 128 and defined D:\wamp\www\dzqc_ucenter\App\Lib\Core\QAction.class.php 第 68 行.
NOTIC: [8] Undefined variable: mix_data D:\wamp\www\dzqc_ucenter\App\Lib\Core\QAction.class.php 第 70 行.
NOTIC: [8] Undefined variable: mix_data D:\wamp\www\dzqc_ucenter\App\Lib\Core\QAction.class.php 第 72 行.

[ 2016-06-08T15:50:00+08:00 ] 192.168.1.119 /dzqc_ucenter//User/regByEmail
INFO: [ route_check ] --START--
INFO: CheckRoute Behavior ::run [ RunTime:0.001652s ]
INFO: [ route_check ] --END-- [ RunTime:0.001750s ]
INFO: [ app_begin ] --START--
INFO: ReadHtmlCache Behavior ::run [ RunTime:0.023266s ]
INFO: [ app_begin ] --END-- [ RunTime:0.023363s ]
SQL: SHOW COLUMNS FROM `dzqc_user` [ RunTime:0.031394s ]
SQL: SELECT * FROM `dzqc_user` WHERE ( email='46sada@qq.com' ) LIMIT 1   [ RunTime:0.000738s ]
SQL: INSERT INTO `dzqc_user` (`state`,`username`,`email`,`password`,`regtime`) VALUES (0,'46sada@qq.com','46sada@qq.com','7542f67397e9e20b7da89f81239b9c94',1465372200) [ RunTime:0.005896s ]
SQL: SELECT * FROM `dzqc_user` WHERE (  username='46sada@qq.com' or mobile='46sada@qq.com' ) LIMIT 1   [ RunTime:0.000503s ]

[ 2016-06-08T15:50:00+08:00 ] 192.168.1.119 /dzqc_ucenter//User/getByUsername
INFO: [ route_check ] --START--
INFO: CheckRoute Behavior ::run [ RunTime:0.004104s ]
INFO: [ route_check ] --END-- [ RunTime:0.004424s ]
INFO: [ app_begin ] --START--
INFO: ReadHtmlCache Behavior ::run [ RunTime:0.001457s ]
INFO: [ app_begin ] --END-- [ RunTime:0.001527s ]
SQL: SHOW COLUMNS FROM `dzqc_user` [ RunTime:0.010426s ]
SQL: SELECT * FROM `dzqc_user` WHERE ( username='46sada@qq.com' ) LIMIT 1   [ RunTime:0.001375s ]

[ 2016-06-08T15:50:00+08:00 ] 192.168.1.119 /dzqc_ucenter//User/getByUsername
INFO: [ route_check ] --START--
INFO: CheckRoute Behavior ::run [ RunTime:0.001035s ]
INFO: [ route_check ] --END-- [ RunTime:0.001102s ]
INFO: [ app_begin ] --START--
INFO: ReadHtmlCache Behavior ::run [ RunTime:0.001296s ]
INFO: [ app_begin ] --END-- [ RunTime:0.001354s ]
SQL: SHOW COLUMNS FROM `dzqc_user` [ RunTime:0.006871s ]
SQL: SELECT * FROM `dzqc_user` WHERE ( username='' ) LIMIT 1   [ RunTime:0.000682s ]

[ 2016-06-08T15:50:35+08:00 ] 192.168.1.119 /dzqc_ucenter//User/getByUsername
INFO: [ route_check ] --START--
INFO: CheckRoute Behavior ::run [ RunTime:0.002907s ]
INFO: [ route_check ] --END-- [ RunTime:0.002991s ]
INFO: [ app_begin ] --START--
INFO: ReadHtmlCache Behavior ::run [ RunTime:0.002605s ]
INFO: [ app_begin ] --END-- [ RunTime:0.002677s ]
SQL: SHOW COLUMNS FROM `dzqc_user` [ RunTime:0.005096s ]
SQL: SELECT * FROM `dzqc_user` WHERE ( username='' ) LIMIT 1   [ RunTime:0.000648s ]

[ 2016-06-08T15:53:38+08:00 ] 192.168.1.119 /dzqc_ucenter//User/chkUsernameExist
INFO: [ route_check ] --START--
INFO: CheckRoute Behavior ::run [ RunTime:0.004119s ]
INFO: [ route_check ] --END-- [ RunTime:0.004239s ]
INFO: [ app_begin ] --START--
INFO: ReadHtmlCache Behavior ::run [ RunTime:0.003581s ]
INFO: [ app_begin ] --END-- [ RunTime:0.003686s ]
SQL: SHOW COLUMNS FROM `dzqc_user` [ RunTime:0.013248s ]
SQL: SELECT * FROM `dzqc_user` WHERE ( username='adasd@qq.com' ) LIMIT 1   [ RunTime:0.000573s ]
NOTIC: [2] Missing argument 1 for QAction::q_error(), called in D:\wamp\www\dzqc_ucenter\App\Lib\Action\UserAction.class.php on line 128 and defined D:\wamp\www\dzqc_ucenter\App\Lib\Core\QAction.class.php 第 68 行.
NOTIC: [8] Undefined variable: mix_data D:\wamp\www\dzqc_ucenter\App\Lib\Core\QAction.class.php 第 70 行.
NOTIC: [8] Undefined variable: mix_data D:\wamp\www\dzqc_ucenter\App\Lib\Core\QAction.class.php 第 72 行.

[ 2016-06-08T15:53:38+08:00 ] 192.168.1.119 /dzqc_ucenter//User/regByEmail
INFO: [ route_check ] --START--
INFO: CheckRoute Behavior ::run [ RunTime:0.001485s ]
INFO: [ route_check ] --END-- [ RunTime:0.001579s ]
INFO: [ app_begin ] --START--
INFO: ReadHtmlCache Behavior ::run [ RunTime:0.002043s ]
INFO: [ app_begin ] --END-- [ RunTime:0.002124s ]
SQL: SHOW COLUMNS FROM `dzqc_user` [ RunTime:0.010185s ]
SQL: SELECT * FROM `dzqc_user` WHERE ( email='adasd@qq.com' ) LIMIT 1   [ RunTime:0.000624s ]
SQL: INSERT INTO `dzqc_user` (`state`,`username`,`email`,`password`,`regtime`) VALUES (0,'adasd@qq.com','adasd@qq.com','7542f67397e9e20b7da89f81239b9c94',1465372418) [ RunTime:0.008261s ]
SQL: SELECT * FROM `dzqc_user` WHERE (  username='adasd@qq.com' or mobile='adasd@qq.com' ) LIMIT 1   [ RunTime:0.000768s ]

[ 2016-06-08T15:53:38+08:00 ] 192.168.1.119 /dzqc_ucenter//User/getByUsername
INFO: [ route_check ] --START--
INFO: CheckRoute Behavior ::run [ RunTime:0.001268s ]
INFO: [ route_check ] --END-- [ RunTime:0.001358s ]
INFO: [ app_begin ] --START--
INFO: ReadHtmlCache Behavior ::run [ RunTime:0.001203s ]
INFO: [ app_begin ] --END-- [ RunTime:0.001262s ]
SQL: SHOW COLUMNS FROM `dzqc_user` [ RunTime:0.008295s ]
SQL: SELECT * FROM `dzqc_user` WHERE ( username='adasd@qq.com' ) LIMIT 1   [ RunTime:0.001354s ]

[ 2016-06-08T15:53:38+08:00 ] 192.168.1.119 /dzqc_ucenter//User/getByUsername
INFO: [ route_check ] --START--
INFO: CheckRoute Behavior ::run [ RunTime:0.001417s ]
INFO: [ route_check ] --END-- [ RunTime:0.001514s ]
INFO: [ app_begin ] --START--
INFO: ReadHtmlCache Behavior ::run [ RunTime:0.001865s ]
INFO: [ app_begin ] --END-- [ RunTime:0.001996s ]
SQL: SHOW COLUMNS FROM `dzqc_user` [ RunTime:0.007788s ]
SQL: SELECT * FROM `dzqc_user` WHERE ( username='' ) LIMIT 1   [ RunTime:0.001042s ]

[ 2016-06-08T15:55:52+08:00 ] 192.168.1.119 /dzqc_ucenter//User/chkUsernameExist
INFO: [ route_check ] --START--
INFO: CheckRoute Behavior ::run [ RunTime:0.002744s ]
INFO: [ route_check ] --END-- [ RunTime:0.002848s ]
INFO: [ app_begin ] --START--
INFO: ReadHtmlCache Behavior ::run [ RunTime:0.001452s ]
INFO: [ app_begin ] --END-- [ RunTime:0.001535s ]
SQL: SHOW COLUMNS FROM `dzqc_user` [ RunTime:0.011290s ]
SQL: SELECT * FROM `dzqc_user` WHERE ( username='1234@qq.com' ) LIMIT 1   [ RunTime:0.000757s ]
NOTIC: [2] Missing argument 1 for QAction::q_error(), called in D:\wamp\www\dzqc_ucenter\App\Lib\Action\UserAction.class.php on line 128 and defined D:\wamp\www\dzqc_ucenter\App\Lib\Core\QAction.class.php 第 68 行.
NOTIC: [8] Undefined variable: mix_data D:\wamp\www\dzqc_ucenter\App\Lib\Core\QAction.class.php 第 70 行.
NOTIC: [8] Undefined variable: mix_data D:\wamp\www\dzqc_ucenter\App\Lib\Core\QAction.class.php 第 72 行.

[ 2016-06-08T15:55:52+08:00 ] 192.168.1.119 /dzqc_ucenter//User/regByEmail
INFO: [ route_check ] --START--
INFO: CheckRoute Behavior ::run [ RunTime:0.002178s ]
INFO: [ route_check ] --END-- [ RunTime:0.002307s ]
INFO: [ app_begin ] --START--
INFO: ReadHtmlCache Behavior ::run [ RunTime:0.000918s ]
INFO: [ app_begin ] --END-- [ RunTime:0.000961s ]
SQL: SHOW COLUMNS FROM `dzqc_user` [ RunTime:0.006613s ]
SQL: SELECT * FROM `dzqc_user` WHERE ( email='1234@qq.com' ) LIMIT 1   [ RunTime:0.002054s ]
SQL: INSERT INTO `dzqc_user` (`state`,`username`,`email`,`password`,`regtime`) VALUES (0,'1234@qq.com','1234@qq.com','7542f67397e9e20b7da89f81239b9c94',1465372552) [ RunTime:0.010768s ]
SQL: SELECT * FROM `dzqc_user` WHERE (  username='1234@qq.com' or mobile='1234@qq.com' ) LIMIT 1   [ RunTime:0.000338s ]

[ 2016-06-08T15:55:52+08:00 ] 192.168.1.119 /dzqc_ucenter//User/getByUsername
INFO: [ route_check ] --START--
INFO: CheckRoute Behavior ::run [ RunTime:0.001303s ]
INFO: [ route_check ] --END-- [ RunTime:0.001400s ]
INFO: [ app_begin ] --START--
INFO: ReadHtmlCache Behavior ::run [ RunTime:0.001810s ]
INFO: [ app_begin ] --END-- [ RunTime:0.001978s ]
SQL: SHOW COLUMNS FROM `dzqc_user` [ RunTime:0.005923s ]
SQL: SELECT * FROM `dzqc_user` WHERE ( username='1234@qq.com' ) LIMIT 1   [ RunTime:0.000502s ]

[ 2016-06-08T15:55:53+08:00 ] 192.168.1.119 /dzqc_ucenter//User/getByUsername
INFO: [ route_check ] --START--
INFO: CheckRoute Behavior ::run [ RunTime:0.001814s ]
INFO: [ route_check ] --END-- [ RunTime:0.001906s ]
INFO: [ app_begin ] --START--
INFO: ReadHtmlCache Behavior ::run [ RunTime:0.002512s ]
INFO: [ app_begin ] --END-- [ RunTime:0.002588s ]
SQL: SHOW COLUMNS FROM `dzqc_user` [ RunTime:0.007068s ]
SQL: SELECT * FROM `dzqc_user` WHERE ( username='' ) LIMIT 1   [ RunTime:0.000804s ]

[ 2016-06-08T16:09:07+08:00 ] 192.168.1.119 /dzqc_ucenter//User/chkUsernameExist
INFO: [ route_check ] --START--
INFO: CheckRoute Behavior ::run [ RunTime:0.005083s ]
INFO: [ route_check ] --END-- [ RunTime:0.005224s ]
INFO: [ app_begin ] --START--
INFO: ReadHtmlCache Behavior ::run [ RunTime:0.001930s ]
INFO: [ app_begin ] --END-- [ RunTime:0.002056s ]
SQL: SHOW COLUMNS FROM `dzqc_user` [ RunTime:0.010230s ]
SQL: SELECT * FROM `dzqc_user` WHERE ( username='adasdfa@qq.com' ) LIMIT 1   [ RunTime:0.000499s ]
NOTIC: [2] Missing argument 1 for QAction::q_error(), called in D:\wamp\www\dzqc_ucenter\App\Lib\Action\UserAction.class.php on line 128 and defined D:\wamp\www\dzqc_ucenter\App\Lib\Core\QAction.class.php 第 68 行.
NOTIC: [8] Undefined variable: mix_data D:\wamp\www\dzqc_ucenter\App\Lib\Core\QAction.class.php 第 70 行.
NOTIC: [8] Undefined variable: mix_data D:\wamp\www\dzqc_ucenter\App\Lib\Core\QAction.class.php 第 72 行.

[ 2016-06-08T16:09:08+08:00 ] 192.168.1.119 /dzqc_ucenter//User/regByEmail
INFO: [ route_check ] --START--
INFO: CheckRoute Behavior ::run [ RunTime:0.001598s ]
INFO: [ route_check ] --END-- [ RunTime:0.001700s ]
INFO: [ app_begin ] --START--
INFO: ReadHtmlCache Behavior ::run [ RunTime:0.001226s ]
INFO: [ app_begin ] --END-- [ RunTime:0.001273s ]
SQL: SHOW COLUMNS FROM `dzqc_user` [ RunTime:0.006178s ]
SQL: SELECT * FROM `dzqc_user` WHERE ( email='adasdfa@qq.com' ) LIMIT 1   [ RunTime:0.000842s ]
SQL: INSERT INTO `dzqc_user` (`state`,`username`,`email`,`password`,`regtime`) VALUES (0,'adasdfa@qq.com','adasdfa@qq.com','7542f67397e9e20b7da89f81239b9c94',1465373348) [ RunTime:0.004431s ]
SQL: SELECT * FROM `dzqc_user` WHERE (  username='adasdfa@qq.com' or mobile='adasdfa@qq.com' ) LIMIT 1   [ RunTime:0.000290s ]

[ 2016-06-08T16:09:08+08:00 ] 192.168.1.119 /dzqc_ucenter//User/getByUsername
INFO: [ route_check ] --START--
INFO: CheckRoute Behavior ::run [ RunTime:0.001759s ]
INFO: [ route_check ] --END-- [ RunTime:0.001853s ]
INFO: [ app_begin ] --START--
INFO: ReadHtmlCache Behavior ::run [ RunTime:0.001425s ]
INFO: [ app_begin ] --END-- [ RunTime:0.001535s ]
SQL: SHOW COLUMNS FROM `dzqc_user` [ RunTime:0.008289s ]
SQL: SELECT * FROM `dzqc_user` WHERE ( username='adasdfa@qq.com' ) LIMIT 1   [ RunTime:0.000394s ]

[ 2016-06-08T16:09:08+08:00 ] 192.168.1.119 /dzqc_ucenter//User/getByUsername
INFO: [ route_check ] --START--
INFO: CheckRoute Behavior ::run [ RunTime:0.003241s ]
INFO: [ route_check ] --END-- [ RunTime:0.003498s ]
INFO: [ app_begin ] --START--
INFO: ReadHtmlCache Behavior ::run [ RunTime:0.001402s ]
INFO: [ app_begin ] --END-- [ RunTime:0.001485s ]
SQL: SHOW COLUMNS FROM `dzqc_user` [ RunTime:0.004381s ]
SQL: SELECT * FROM `dzqc_user` WHERE ( username='adasdfa@qq.com' ) LIMIT 1   [ RunTime:0.000371s ]

[ 2016-06-08T16:11:39+08:00 ] 192.168.1.119 /dzqc_ucenter//User/chkUsernameExist
INFO: [ route_check ] --START--
INFO: CheckRoute Behavior ::run [ RunTime:0.001753s ]
INFO: [ route_check ] --END-- [ RunTime:0.001817s ]
INFO: [ app_begin ] --START--
INFO: ReadHtmlCache Behavior ::run [ RunTime:0.001601s ]
INFO: [ app_begin ] --END-- [ RunTime:0.001683s ]
SQL: SHOW COLUMNS FROM `dzqc_user` [ RunTime:0.008220s ]
SQL: SELECT * FROM `dzqc_user` WHERE ( username='sfasf@qq.com' ) LIMIT 1   [ RunTime:0.000661s ]
NOTIC: [2] Missing argument 1 for QAction::q_error(), called in D:\wamp\www\dzqc_ucenter\App\Lib\Action\UserAction.class.php on line 128 and defined D:\wamp\www\dzqc_ucenter\App\Lib\Core\QAction.class.php 第 68 行.
NOTIC: [8] Undefined variable: mix_data D:\wamp\www\dzqc_ucenter\App\Lib\Core\QAction.class.php 第 70 行.
NOTIC: [8] Undefined variable: mix_data D:\wamp\www\dzqc_ucenter\App\Lib\Core\QAction.class.php 第 72 行.

[ 2016-06-08T16:11:39+08:00 ] 192.168.1.119 /dzqc_ucenter//User/regByEmail
INFO: [ route_check ] --START--
INFO: CheckRoute Behavior ::run [ RunTime:0.001305s ]
INFO: [ route_check ] --END-- [ RunTime:0.001386s ]
INFO: [ app_begin ] --START--
INFO: ReadHtmlCache Behavior ::run [ RunTime:0.002333s ]
INFO: [ app_begin ] --END-- [ RunTime:0.002405s ]
SQL: SHOW COLUMNS FROM `dzqc_user` [ RunTime:0.006588s ]
SQL: SELECT * FROM `dzqc_user` WHERE ( email='sfasf@qq.com' ) LIMIT 1   [ RunTime:0.000548s ]
SQL: INSERT INTO `dzqc_user` (`state`,`username`,`email`,`password`,`regtime`) VALUES (0,'sfasf@qq.com','sfasf@qq.com','7542f67397e9e20b7da89f81239b9c94',1465373499) [ RunTime:0.005498s ]
SQL: SELECT * FROM `dzqc_user` WHERE (  username='sfasf@qq.com' or mobile='sfasf@qq.com' ) LIMIT 1   [ RunTime:0.000587s ]

[ 2016-06-08T16:11:39+08:00 ] 192.168.1.119 /dzqc_ucenter//User/getByUsername
INFO: [ route_check ] --START--
INFO: CheckRoute Behavior ::run [ RunTime:0.001748s ]
INFO: [ route_check ] --END-- [ RunTime:0.001850s ]
INFO: [ app_begin ] --START--
INFO: ReadHtmlCache Behavior ::run [ RunTime:0.001448s ]
INFO: [ app_begin ] --END-- [ RunTime:0.001518s ]
SQL: SHOW COLUMNS FROM `dzqc_user` [ RunTime:0.020008s ]
SQL: SELECT * FROM `dzqc_user` WHERE ( username='sfasf@qq.com' ) LIMIT 1   [ RunTime:0.002985s ]

[ 2016-06-08T16:11:39+08:00 ] 192.168.1.119 /dzqc_ucenter//User/getByUsername
INFO: [ route_check ] --START--
INFO: CheckRoute Behavior ::run [ RunTime:0.005241s ]
INFO: [ route_check ] --END-- [ RunTime:0.005518s ]
INFO: [ app_begin ] --START--
INFO: ReadHtmlCache Behavior ::run [ RunTime:0.003390s ]
INFO: [ app_begin ] --END-- [ RunTime:0.003575s ]
SQL: SHOW COLUMNS FROM `dzqc_user` [ RunTime:0.007841s ]
SQL: SELECT * FROM `dzqc_user` WHERE ( username='sfasf@qq.com' ) LIMIT 1   [ RunTime:0.001953s ]

[ 2016-06-08T16:11:49+08:00 ] 192.168.1.119 /dzqc_ucenter//User/chkUsernameExist
INFO: [ route_check ] --START--
INFO: CheckRoute Behavior ::run [ RunTime:0.000909s ]
INFO: [ route_check ] --END-- [ RunTime:0.000965s ]
INFO: [ app_begin ] --START--
INFO: ReadHtmlCache Behavior ::run [ RunTime:0.000851s ]
INFO: [ app_begin ] --END-- [ RunTime:0.000896s ]
SQL: SHOW COLUMNS FROM `dzqc_user` [ RunTime:0.009651s ]
SQL: SELECT * FROM `dzqc_user` WHERE ( username='sfasf@qq.com' ) LIMIT 1   [ RunTime:0.000647s ]
NOTIC: [2] Missing argument 1 for QAction::q_success(), called in D:\wamp\www\dzqc_ucenter\App\Lib\Action\UserAction.class.php on line 126 and defined D:\wamp\www\dzqc_ucenter\App\Lib\Core\QAction.class.php 第 44 行.
NOTIC: [8] Undefined variable: mix_data D:\wamp\www\dzqc_ucenter\App\Lib\Core\QAction.class.php 第 46 行.
NOTIC: [8] Undefined variable: mix_data D:\wamp\www\dzqc_ucenter\App\Lib\Core\QAction.class.php 第 48 行.

[ 2016-06-08T16:11:58+08:00 ] 192.168.1.119 /dzqc_ucenter//User/chkUsernameExist
INFO: [ route_check ] --START--
INFO: CheckRoute Behavior ::run [ RunTime:0.003090s ]
INFO: [ route_check ] --END-- [ RunTime:0.003214s ]
INFO: [ app_begin ] --START--
INFO: ReadHtmlCache Behavior ::run [ RunTime:0.001179s ]
INFO: [ app_begin ] --END-- [ RunTime:0.001242s ]
SQL: SHOW COLUMNS FROM `dzqc_user` [ RunTime:0.014368s ]
SQL: SELECT * FROM `dzqc_user` WHERE ( username='aaa111@qq.com' ) LIMIT 1   [ RunTime:0.000528s ]
NOTIC: [2] Missing argument 1 for QAction::q_error(), called in D:\wamp\www\dzqc_ucenter\App\Lib\Action\UserAction.class.php on line 128 and defined D:\wamp\www\dzqc_ucenter\App\Lib\Core\QAction.class.php 第 68 行.
NOTIC: [8] Undefined variable: mix_data D:\wamp\www\dzqc_ucenter\App\Lib\Core\QAction.class.php 第 70 行.
NOTIC: [8] Undefined variable: mix_data D:\wamp\www\dzqc_ucenter\App\Lib\Core\QAction.class.php 第 72 行.

[ 2016-06-08T16:11:58+08:00 ] 192.168.1.119 /dzqc_ucenter//User/regByEmail
INFO: [ route_check ] --START--
INFO: CheckRoute Behavior ::run [ RunTime:0.001319s ]
INFO: [ route_check ] --END-- [ RunTime:0.001401s ]
INFO: [ app_begin ] --START--
INFO: ReadHtmlCache Behavior ::run [ RunTime:0.000808s ]
INFO: [ app_begin ] --END-- [ RunTime:0.000848s ]
SQL: SHOW COLUMNS FROM `dzqc_user` [ RunTime:0.009458s ]
SQL: SELECT * FROM `dzqc_user` WHERE ( email='aaa111@qq.com' ) LIMIT 1   [ RunTime:0.000390s ]
SQL: INSERT INTO `dzqc_user` (`state`,`username`,`email`,`password`,`regtime`) VALUES (0,'aaa111@qq.com','aaa111@qq.com','7542f67397e9e20b7da89f81239b9c94',1465373518) [ RunTime:0.005020s ]
SQL: SELECT * FROM `dzqc_user` WHERE (  username='aaa111@qq.com' or mobile='aaa111@qq.com' ) LIMIT 1   [ RunTime:0.000547s ]

[ 2016-06-08T16:11:58+08:00 ] 192.168.1.119 /dzqc_ucenter//User/getByUsername
INFO: [ route_check ] --START--
INFO: CheckRoute Behavior ::run [ RunTime:0.002403s ]
INFO: [ route_check ] --END-- [ RunTime:0.002549s ]
INFO: [ app_begin ] --START--
INFO: ReadHtmlCache Behavior ::run [ RunTime:0.001780s ]
INFO: [ app_begin ] --END-- [ RunTime:0.001848s ]
SQL: SHOW COLUMNS FROM `dzqc_user` [ RunTime:0.005928s ]
SQL: SELECT * FROM `dzqc_user` WHERE ( username='aaa111@qq.com' ) LIMIT 1   [ RunTime:0.000480s ]

[ 2016-06-08T16:11:58+08:00 ] 192.168.1.119 /dzqc_ucenter//User/getByUsername
INFO: [ route_check ] --START--
INFO: CheckRoute Behavior ::run [ RunTime:0.001823s ]
INFO: [ route_check ] --END-- [ RunTime:0.001947s ]
INFO: [ app_begin ] --START--
INFO: ReadHtmlCache Behavior ::run [ RunTime:0.001930s ]
INFO: [ app_begin ] --END-- [ RunTime:0.002004s ]
SQL: SHOW COLUMNS FROM `dzqc_user` [ RunTime:0.007273s ]
SQL: SELECT * FROM `dzqc_user` WHERE ( username='aaa111@qq.com' ) LIMIT 1   [ RunTime:0.000653s ]

[ 2016-06-08T16:13:07+08:00 ] 192.168.1.119 /dzqc_ucenter//User/chkUsernameExist
INFO: [ route_check ] --START--
INFO: CheckRoute Behavior ::run [ RunTime:0.001018s ]
INFO: [ route_check ] --END-- [ RunTime:0.001085s ]
INFO: [ app_begin ] --START--
INFO: ReadHtmlCache Behavior ::run [ RunTime:0.002393s ]
INFO: [ app_begin ] --END-- [ RunTime:0.002472s ]
SQL: SHOW COLUMNS FROM `dzqc_user` [ RunTime:0.006427s ]
SQL: SELECT * FROM `dzqc_user` WHERE ( username='asdfasfas@qq.com' ) LIMIT 1   [ RunTime:0.001016s ]
NOTIC: [2] Missing argument 1 for QAction::q_error(), called in D:\wamp\www\dzqc_ucenter\App\Lib\Action\UserAction.class.php on line 128 and defined D:\wamp\www\dzqc_ucenter\App\Lib\Core\QAction.class.php 第 68 行.
NOTIC: [8] Undefined variable: mix_data D:\wamp\www\dzqc_ucenter\App\Lib\Core\QAction.class.php 第 70 行.
NOTIC: [8] Undefined variable: mix_data D:\wamp\www\dzqc_ucenter\App\Lib\Core\QAction.class.php 第 72 行.

[ 2016-06-08T16:13:07+08:00 ] 192.168.1.119 /dzqc_ucenter//User/regByEmail
INFO: [ route_check ] --START--
INFO: CheckRoute Behavior ::run [ RunTime:0.002105s ]
INFO: [ route_check ] --END-- [ RunTime:0.002221s ]
INFO: [ app_begin ] --START--
INFO: ReadHtmlCache Behavior ::run [ RunTime:0.001884s ]
INFO: [ app_begin ] --END-- [ RunTime:0.002023s ]
SQL: SHOW COLUMNS FROM `dzqc_user` [ RunTime:0.005551s ]
SQL: SELECT * FROM `dzqc_user` WHERE ( email='asdfasfas@qq.com' ) LIMIT 1   [ RunTime:0.000672s ]
SQL: INSERT INTO `dzqc_user` (`state`,`username`,`email`,`password`,`regtime`) VALUES (0,'asdfasfas@qq.com','asdfasfas@qq.com','0d56dad30d2e3ee3cb14d038b2c3295c',1465373587) [ RunTime:0.009207s ]
SQL: SELECT * FROM `dzqc_user` WHERE (  username='asdfasfas@qq.com' or mobile='asdfasfas@qq.com' ) LIMIT 1   [ RunTime:0.000318s ]

[ 2016-06-08T16:13:07+08:00 ] 192.168.1.119 /dzqc_ucenter//User/getByUsername
INFO: [ route_check ] --START--
INFO: CheckRoute Behavior ::run [ RunTime:0.001214s ]
INFO: [ route_check ] --END-- [ RunTime:0.001290s ]
INFO: [ app_begin ] --START--
INFO: ReadHtmlCache Behavior ::run [ RunTime:0.001546s ]
INFO: [ app_begin ] --END-- [ RunTime:0.001629s ]
SQL: SHOW COLUMNS FROM `dzqc_user` [ RunTime:0.006676s ]
SQL: SELECT * FROM `dzqc_user` WHERE ( username='asdfasfas@qq.com' ) LIMIT 1   [ RunTime:0.000864s ]

[ 2016-06-08T16:13:07+08:00 ] 192.168.1.119 /dzqc_ucenter//User/getByUsername
INFO: [ route_check ] --START--
INFO: CheckRoute Behavior ::run [ RunTime:0.001674s ]
INFO: [ route_check ] --END-- [ RunTime:0.001777s ]
INFO: [ app_begin ] --START--
INFO: ReadHtmlCache Behavior ::run [ RunTime:0.001933s ]
INFO: [ app_begin ] --END-- [ RunTime:0.001995s ]
SQL: SHOW COLUMNS FROM `dzqc_user` [ RunTime:0.007933s ]
SQL: SELECT * FROM `dzqc_user` WHERE ( username='asdfasfas@qq.com' ) LIMIT 1   [ RunTime:0.000645s ]

[ 2016-06-08T16:14:52+08:00 ] 192.168.1.119 /dzqc_ucenter//User/chkUsernameExist
INFO: [ route_check ] --START--
INFO: CheckRoute Behavior ::run [ RunTime:0.002275s ]
INFO: [ route_check ] --END-- [ RunTime:0.002408s ]
INFO: [ app_begin ] --START--
INFO: ReadHtmlCache Behavior ::run [ RunTime:0.001044s ]
INFO: [ app_begin ] --END-- [ RunTime:0.001095s ]
SQL: SHOW COLUMNS FROM `dzqc_user` [ RunTime:0.008140s ]
SQL: SELECT * FROM `dzqc_user` WHERE ( username='asdfasfas@qq.com' ) LIMIT 1   [ RunTime:0.000460s ]
NOTIC: [2] Missing argument 1 for QAction::q_success(), called in D:\wamp\www\dzqc_ucenter\App\Lib\Action\UserAction.class.php on line 126 and defined D:\wamp\www\dzqc_ucenter\App\Lib\Core\QAction.class.php 第 44 行.
NOTIC: [8] Undefined variable: mix_data D:\wamp\www\dzqc_ucenter\App\Lib\Core\QAction.class.php 第 46 行.
NOTIC: [8] Undefined variable: mix_data D:\wamp\www\dzqc_ucenter\App\Lib\Core\QAction.class.php 第 48 行.

[ 2016-06-08T16:14:59+08:00 ] 192.168.1.119 /dzqc_ucenter//User/chkUsernameExist
INFO: [ route_check ] --START--
INFO: CheckRoute Behavior ::run [ RunTime:0.002982s ]
INFO: [ route_check ] --END-- [ RunTime:0.003229s ]
INFO: [ app_begin ] --START--
INFO: ReadHtmlCache Behavior ::run [ RunTime:0.002273s ]
INFO: [ app_begin ] --END-- [ RunTime:0.002381s ]
SQL: SHOW COLUMNS FROM `dzqc_user` [ RunTime:0.008257s ]
SQL: SELECT * FROM `dzqc_user` WHERE ( username='asdfasfsssas@qq.com' ) LIMIT 1   [ RunTime:0.001970s ]
NOTIC: [2] Missing argument 1 for QAction::q_error(), called in D:\wamp\www\dzqc_ucenter\App\Lib\Action\UserAction.class.php on line 128 and defined D:\wamp\www\dzqc_ucenter\App\Lib\Core\QAction.class.php 第 68 行.
NOTIC: [8] Undefined variable: mix_data D:\wamp\www\dzqc_ucenter\App\Lib\Core\QAction.class.php 第 70 行.
NOTIC: [8] Undefined variable: mix_data D:\wamp\www\dzqc_ucenter\App\Lib\Core\QAction.class.php 第 72 行.

[ 2016-06-08T16:14:59+08:00 ] 192.168.1.119 /dzqc_ucenter//User/regByEmail
INFO: [ route_check ] --START--
INFO: CheckRoute Behavior ::run [ RunTime:0.010501s ]
INFO: [ route_check ] --END-- [ RunTime:0.010858s ]
INFO: [ app_begin ] --START--
INFO: ReadHtmlCache Behavior ::run [ RunTime:0.003998s ]
INFO: [ app_begin ] --END-- [ RunTime:0.004172s ]
SQL: SHOW COLUMNS FROM `dzqc_user` [ RunTime:0.010311s ]
SQL: SELECT * FROM `dzqc_user` WHERE ( email='asdfasfsssas@qq.com' ) LIMIT 1   [ RunTime:0.000728s ]
SQL: INSERT INTO `dzqc_user` (`state`,`username`,`email`,`password`,`regtime`) VALUES (0,'asdfasfsssas@qq.com','asdfasfsssas@qq.com','0d56dad30d2e3ee3cb14d038b2c3295c',1465373699) [ RunTime:0.006804s ]
SQL: SELECT * FROM `dzqc_user` WHERE (  username='asdfasfsssas@qq.com' or mobile='asdfasfsssas@qq.com' ) LIMIT 1   [ RunTime:0.000533s ]

[ 2016-06-08T16:14:59+08:00 ] 192.168.1.119 /dzqc_ucenter//User/getByUsername
INFO: [ route_check ] --START--
INFO: CheckRoute Behavior ::run [ RunTime:0.003266s ]
INFO: [ route_check ] --END-- [ RunTime:0.003387s ]
INFO: [ app_begin ] --START--
INFO: ReadHtmlCache Behavior ::run [ RunTime:0.001875s ]
INFO: [ app_begin ] --END-- [ RunTime:0.001949s ]
SQL: SHOW COLUMNS FROM `dzqc_user` [ RunTime:0.006815s ]
SQL: SELECT * FROM `dzqc_user` WHERE ( username='asdfasfsssas@qq.com' ) LIMIT 1   [ RunTime:0.001367s ]

[ 2016-06-08T16:15:00+08:00 ] 192.168.1.119 /dzqc_ucenter//User/getByUsername
INFO: [ route_check ] --START--
INFO: CheckRoute Behavior ::run [ RunTime:0.001859s ]
INFO: [ route_check ] --END-- [ RunTime:0.002017s ]
INFO: [ app_begin ] --START--
INFO: ReadHtmlCache Behavior ::run [ RunTime:0.002728s ]
INFO: [ app_begin ] --END-- [ RunTime:0.003184s ]
SQL: SHOW COLUMNS FROM `dzqc_user` [ RunTime:0.010487s ]
SQL: SELECT * FROM `dzqc_user` WHERE ( username='asdfasfsssas@qq.com' ) LIMIT 1   [ RunTime:0.000810s ]

[ 2016-06-08T16:15:13+08:00 ] 192.168.1.119 /dzqc_ucenter//User/chkUsernameExist
INFO: [ route_check ] --START--
INFO: CheckRoute Behavior ::run [ RunTime:0.001508s ]
INFO: [ route_check ] --END-- [ RunTime:0.001598s ]
INFO: [ app_begin ] --START--
INFO: ReadHtmlCache Behavior ::run [ RunTime:0.001369s ]
INFO: [ app_begin ] --END-- [ RunTime:0.001427s ]
SQL: SHOW COLUMNS FROM `dzqc_user` [ RunTime:0.013802s ]
SQL: SELECT * FROM `dzqc_user` WHERE ( username='asdfasfsssas@qq.com' ) LIMIT 1   [ RunTime:0.000764s ]
NOTIC: [2] Missing argument 1 for QAction::q_success(), called in D:\wamp\www\dzqc_ucenter\App\Lib\Action\UserAction.class.php on line 126 and defined D:\wamp\www\dzqc_ucenter\App\Lib\Core\QAction.class.php 第 44 行.
NOTIC: [8] Undefined variable: mix_data D:\wamp\www\dzqc_ucenter\App\Lib\Core\QAction.class.php 第 46 行.
NOTIC: [8] Undefined variable: mix_data D:\wamp\www\dzqc_ucenter\App\Lib\Core\QAction.class.php 第 48 行.

[ 2016-06-08T16:15:17+08:00 ] 192.168.1.119 /dzqc_ucenter//User/chkUsernameExist
INFO: [ route_check ] --START--
INFO: CheckRoute Behavior ::run [ RunTime:0.002736s ]
INFO: [ route_check ] --END-- [ RunTime:0.003110s ]
INFO: [ app_begin ] --START--
INFO: ReadHtmlCache Behavior ::run [ RunTime:0.000955s ]
INFO: [ app_begin ] --END-- [ RunTime:0.001002s ]
SQL: SHOW COLUMNS FROM `dzqc_user` [ RunTime:0.008351s ]
SQL: SELECT * FROM `dzqc_user` WHERE ( username='asdfassdasfsssas@qq.com' ) LIMIT 1   [ RunTime:0.000836s ]
NOTIC: [2] Missing argument 1 for QAction::q_error(), called in D:\wamp\www\dzqc_ucenter\App\Lib\Action\UserAction.class.php on line 128 and defined D:\wamp\www\dzqc_ucenter\App\Lib\Core\QAction.class.php 第 68 行.
NOTIC: [8] Undefined variable: mix_data D:\wamp\www\dzqc_ucenter\App\Lib\Core\QAction.class.php 第 70 行.
NOTIC: [8] Undefined variable: mix_data D:\wamp\www\dzqc_ucenter\App\Lib\Core\QAction.class.php 第 72 行.

[ 2016-06-08T16:15:17+08:00 ] 192.168.1.119 /dzqc_ucenter//User/regByEmail
INFO: [ route_check ] --START--
INFO: CheckRoute Behavior ::run [ RunTime:0.001833s ]
INFO: [ route_check ] --END-- [ RunTime:0.002062s ]
INFO: [ app_begin ] --START--
INFO: ReadHtmlCache Behavior ::run [ RunTime:0.002019s ]
INFO: [ app_begin ] --END-- [ RunTime:0.002118s ]
SQL: SHOW COLUMNS FROM `dzqc_user` [ RunTime:0.012192s ]
SQL: SELECT * FROM `dzqc_user` WHERE ( email='asdfassdasfsssas@qq.com' ) LIMIT 1   [ RunTime:0.001784s ]
SQL: INSERT INTO `dzqc_user` (`state`,`username`,`email`,`password`,`regtime`) VALUES (0,'asdfassdasfsssas@qq.com','asdfassdasfsssas@qq.com','0d56dad30d2e3ee3cb14d038b2c3295c',1465373717) [ RunTime:0.013604s ]
SQL: SELECT * FROM `dzqc_user` WHERE (  username='asdfassdasfsssas@qq.com' or mobile='asdfassdasfsssas@qq.com' ) LIMIT 1   [ RunTime:0.000465s ]

[ 2016-06-08T16:15:17+08:00 ] 192.168.1.119 /dzqc_ucenter//User/getByUsername
INFO: [ route_check ] --START--
INFO: CheckRoute Behavior ::run [ RunTime:0.002763s ]
INFO: [ route_check ] --END-- [ RunTime:0.002955s ]
INFO: [ app_begin ] --START--
INFO: ReadHtmlCache Behavior ::run [ RunTime:0.001397s ]
INFO: [ app_begin ] --END-- [ RunTime:0.001518s ]
SQL: SHOW COLUMNS FROM `dzqc_user` [ RunTime:0.012428s ]
SQL: SELECT * FROM `dzqc_user` WHERE ( username='asdfassdasfsssas@qq.com' ) LIMIT 1   [ RunTime:0.000625s ]

[ 2016-06-08T16:15:17+08:00 ] 192.168.1.119 /dzqc_ucenter//User/getByUsername
INFO: [ route_check ] --START--
INFO: CheckRoute Behavior ::run [ RunTime:0.001039s ]
INFO: [ route_check ] --END-- [ RunTime:0.001108s ]
INFO: [ app_begin ] --START--
INFO: ReadHtmlCache Behavior ::run [ RunTime:0.000913s ]
INFO: [ app_begin ] --END-- [ RunTime:0.000949s ]
SQL: SHOW COLUMNS FROM `dzqc_user` [ RunTime:0.009307s ]
SQL: SELECT * FROM `dzqc_user` WHERE ( username='asdfassdasfsssas@qq.com' ) LIMIT 1   [ RunTime:0.000529s ]

[ 2016-06-08T16:15:18+08:00 ] 192.168.1.89 /dzqc_ucenter//User/login
INFO: [ route_check ] --START--
INFO: CheckRoute Behavior ::run [ RunTime:0.003931s ]
INFO: [ route_check ] --END-- [ RunTime:0.004310s ]
INFO: [ app_begin ] --START--
INFO: ReadHtmlCache Behavior ::run [ RunTime:0.001563s ]
INFO: [ app_begin ] --END-- [ RunTime:0.001666s ]
SQL: SHOW COLUMNS FROM `dzqc_user` [ RunTime:0.009343s ]
SQL: SELECT * FROM `dzqc_user` WHERE (  username='2987910254@qq.com' or mobile='2987910254@qq.com' ) LIMIT 1   [ RunTime:0.000822s ]
NOTIC: [8] Undefined variable: set D:\wamp\www\dzqc_ucenter\ThinkPHP\Lib\Core\Db.class.php 第 294 行.
NOTIC: [2] implode() [<a href='function.implode'>function.implode</a>]: Invalid arguments passed D:\wamp\www\dzqc_ucenter\ThinkPHP\Lib\Core\Db.class.php 第 294 行.
SQL: UPDATE `dzqc_user` SET  WHERE ( `id` =86 ) [ RunTime:0.000749s ]
ERR: 1064:You have an error in your SQL syntax; check the manual that corresponds to your MySQL server version for the right syntax to use near 'WHERE ( `id` =86 )' at line 1
 [ SQL语句 ] : UPDATE `dzqc_user` SET  WHERE ( `id` =86 )

[ 2016-06-08T16:15:18+08:00 ] 192.168.1.119 /dzqc_ucenter//User/getByUsername
INFO: [ route_check ] --START--
INFO: CheckRoute Behavior ::run [ RunTime:0.003354s ]
INFO: [ route_check ] --END-- [ RunTime:0.003505s ]
INFO: [ app_begin ] --START--
INFO: ReadHtmlCache Behavior ::run [ RunTime:0.001896s ]
INFO: [ app_begin ] --END-- [ RunTime:0.001985s ]
SQL: SHOW COLUMNS FROM `dzqc_user` [ RunTime:0.010295s ]
SQL: SELECT * FROM `dzqc_user` WHERE ( username='asdfassdasfsssas@qq.com' ) LIMIT 1   [ RunTime:0.000863s ]

[ 2016-06-08T16:15:19+08:00 ] 192.168.1.119 /dzqc_ucenter//User/chgUserState
INFO: [ route_check ] --START--
INFO: CheckRoute Behavior ::run [ RunTime:0.001565s ]
INFO: [ route_check ] --END-- [ RunTime:0.001659s ]
INFO: [ app_begin ] --START--
INFO: ReadHtmlCache Behavior ::run [ RunTime:0.001651s ]
INFO: [ app_begin ] --END-- [ RunTime:0.001724s ]
SQL: SHOW COLUMNS FROM `dzqc_user` [ RunTime:0.010260s ]
SQL: SELECT * FROM `dzqc_user` WHERE ( `id` =110 ) LIMIT 1   [ RunTime:0.000652s ]
SQL: UPDATE `dzqc_user` SET `state`=1 WHERE ( `id` =110 ) [ RunTime:0.014719s ]

[ 2016-06-08T16:46:27+08:00 ] 192.168.1.89 /dzqc_ucenter//User/login
INFO: [ route_check ] --START--
INFO: CheckRoute Behavior ::run [ RunTime:0.001359s ]
INFO: [ route_check ] --END-- [ RunTime:0.001414s ]
INFO: [ app_begin ] --START--
INFO: ReadHtmlCache Behavior ::run [ RunTime:0.001297s ]
INFO: [ app_begin ] --END-- [ RunTime:0.001361s ]
SQL: SHOW COLUMNS FROM `dzqc_user` [ RunTime:0.006274s ]
SQL: SELECT * FROM `dzqc_user` WHERE (  username='2987910254@qq.com' or mobile='2987910254@qq.com' ) LIMIT 1   [ RunTime:0.000488s ]
NOTIC: [8] Undefined variable: set D:\wamp\www\dzqc_ucenter\ThinkPHP\Lib\Core\Db.class.php 第 294 行.
NOTIC: [2] implode() [<a href='function.implode'>function.implode</a>]: Invalid arguments passed D:\wamp\www\dzqc_ucenter\ThinkPHP\Lib\Core\Db.class.php 第 294 行.
SQL: UPDATE `dzqc_user` SET  WHERE ( `id` =86 ) [ RunTime:0.000136s ]
ERR: 1064:You have an error in your SQL syntax; check the manual that corresponds to your MySQL server version for the right syntax to use near 'WHERE ( `id` =86 )' at line 1
 [ SQL语句 ] : UPDATE `dzqc_user` SET  WHERE ( `id` =86 )

[ 2016-06-08T16:51:31+08:00 ] 192.168.1.89 /dzqc_ucenter//User/login
INFO: [ route_check ] --START--
INFO: CheckRoute Behavior ::run [ RunTime:0.002072s ]
INFO: [ route_check ] --END-- [ RunTime:0.002142s ]
INFO: [ app_begin ] --START--
INFO: ReadHtmlCache Behavior ::run [ RunTime:0.001231s ]
INFO: [ app_begin ] --END-- [ RunTime:0.001301s ]
SQL: SHOW COLUMNS FROM `dzqc_user` [ RunTime:0.009835s ]
SQL: SELECT * FROM `dzqc_user` WHERE (  username='2987910254@qq.com' or mobile='2987910254@qq.com' ) LIMIT 1   [ RunTime:0.000440s ]
NOTIC: [8] Undefined variable: set D:\wamp\www\dzqc_ucenter\ThinkPHP\Lib\Core\Db.class.php 第 294 行.
NOTIC: [2] implode() [<a href='function.implode'>function.implode</a>]: Invalid arguments passed D:\wamp\www\dzqc_ucenter\ThinkPHP\Lib\Core\Db.class.php 第 294 行.
SQL: UPDATE `dzqc_user` SET  WHERE ( `id` =86 ) [ RunTime:0.000234s ]
ERR: 1064:You have an error in your SQL syntax; check the manual that corresponds to your MySQL server version for the right syntax to use near 'WHERE ( `id` =86 )' at line 1
 [ SQL语句 ] : UPDATE `dzqc_user` SET  WHERE ( `id` =86 )

[ 2016-06-08T16:59:42+08:00 ] 192.168.1.89 /dzqc_ucenter//User/login
INFO: [ route_check ] --START--
INFO: CheckRoute Behavior ::run [ RunTime:0.001915s ]
INFO: [ route_check ] --END-- [ RunTime:0.001990s ]
INFO: [ app_begin ] --START--
INFO: ReadHtmlCache Behavior ::run [ RunTime:0.001203s ]
INFO: [ app_begin ] --END-- [ RunTime:0.001253s ]
SQL: SHOW COLUMNS FROM `dzqc_user` [ RunTime:0.003855s ]
SQL: SELECT * FROM `dzqc_user` WHERE (  username='2987910254@qq.com' or mobile='2987910254@qq.com' ) LIMIT 1   [ RunTime:0.000391s ]
NOTIC: [8] Undefined variable: set D:\wamp\www\dzqc_ucenter\ThinkPHP\Lib\Core\Db.class.php 第 294 行.
NOTIC: [2] implode() [<a href='function.implode'>function.implode</a>]: Invalid arguments passed D:\wamp\www\dzqc_ucenter\ThinkPHP\Lib\Core\Db.class.php 第 294 行.
SQL: UPDATE `dzqc_user` SET  WHERE ( `id` =86 ) [ RunTime:0.000100s ]
ERR: 1064:You have an error in your SQL syntax; check the manual that corresponds to your MySQL server version for the right syntax to use near 'WHERE ( `id` =86 )' at line 1
 [ SQL语句 ] : UPDATE `dzqc_user` SET  WHERE ( `id` =86 )

[ 2016-06-08T17:07:34+08:00 ] 192.168.1.89 /dzqc_ucenter//User/login
INFO: [ route_check ] --START--
INFO: CheckRoute Behavior ::run [ RunTime:0.003493s ]
INFO: [ route_check ] --END-- [ RunTime:0.003867s ]
INFO: [ app_begin ] --START--
INFO: ReadHtmlCache Behavior ::run [ RunTime:0.001584s ]
INFO: [ app_begin ] --END-- [ RunTime:0.001663s ]
SQL: SHOW COLUMNS FROM `dzqc_user` [ RunTime:0.006280s ]
SQL: SELECT * FROM `dzqc_user` WHERE (  username='2987910254@qq.com' or mobile='2987910254@qq.com' ) LIMIT 1   [ RunTime:0.000576s ]
NOTIC: [8] Undefined variable: set D:\wamp\www\dzqc_ucenter\ThinkPHP\Lib\Core\Db.class.php 第 294 行.
NOTIC: [2] implode() [<a href='function.implode'>function.implode</a>]: Invalid arguments passed D:\wamp\www\dzqc_ucenter\ThinkPHP\Lib\Core\Db.class.php 第 294 行.
SQL: UPDATE `dzqc_user` SET  WHERE ( `id` =86 ) [ RunTime:0.000192s ]
ERR: 1064:You have an error in your SQL syntax; check the manual that corresponds to your MySQL server version for the right syntax to use near 'WHERE ( `id` =86 )' at line 1
 [ SQL语句 ] : UPDATE `dzqc_user` SET  WHERE ( `id` =86 )

[ 2016-06-08T17:11:14+08:00 ] 192.168.1.89 /dzqc_ucenter//User/login
INFO: [ route_check ] --START--
INFO: CheckRoute Behavior ::run [ RunTime:0.002997s ]
INFO: [ route_check ] --END-- [ RunTime:0.003090s ]
INFO: [ app_begin ] --START--
INFO: ReadHtmlCache Behavior ::run [ RunTime:0.002136s ]
INFO: [ app_begin ] --END-- [ RunTime:0.002230s ]
SQL: SHOW COLUMNS FROM `dzqc_user` [ RunTime:0.008540s ]
SQL: SELECT * FROM `dzqc_user` WHERE (  username='2987910254@qq.com' or mobile='2987910254@qq.com' ) LIMIT 1   [ RunTime:0.000672s ]
NOTIC: [8] Undefined variable: set D:\wamp\www\dzqc_ucenter\ThinkPHP\Lib\Core\Db.class.php 第 294 行.
NOTIC: [2] implode() [<a href='function.implode'>function.implode</a>]: Invalid arguments passed D:\wamp\www\dzqc_ucenter\ThinkPHP\Lib\Core\Db.class.php 第 294 行.
SQL: UPDATE `dzqc_user` SET  WHERE ( `id` =86 ) [ RunTime:0.000152s ]
ERR: 1064:You have an error in your SQL syntax; check the manual that corresponds to your MySQL server version for the right syntax to use near 'WHERE ( `id` =86 )' at line 1
 [ SQL语句 ] : UPDATE `dzqc_user` SET  WHERE ( `id` =86 )

[ 2016-06-08T17:11:15+08:00 ] 192.168.1.89 /dzqc_ucenter//User/login
INFO: [ route_check ] --START--
INFO: CheckRoute Behavior ::run [ RunTime:0.001165s ]
INFO: [ route_check ] --END-- [ RunTime:0.001243s ]
INFO: [ app_begin ] --START--
INFO: ReadHtmlCache Behavior ::run [ RunTime:0.001273s ]
INFO: [ app_begin ] --END-- [ RunTime:0.001344s ]
SQL: SHOW COLUMNS FROM `dzqc_user` [ RunTime:0.005638s ]
SQL: SELECT * FROM `dzqc_user` WHERE (  username='2987910254@qq.com' or mobile='2987910254@qq.com' ) LIMIT 1   [ RunTime:0.000468s ]
NOTIC: [8] Undefined variable: set D:\wamp\www\dzqc_ucenter\ThinkPHP\Lib\Core\Db.class.php 第 294 行.
NOTIC: [2] implode() [<a href='function.implode'>function.implode</a>]: Invalid arguments passed D:\wamp\www\dzqc_ucenter\ThinkPHP\Lib\Core\Db.class.php 第 294 行.
SQL: UPDATE `dzqc_user` SET  WHERE ( `id` =86 ) [ RunTime:0.000552s ]
ERR: 1064:You have an error in your SQL syntax; check the manual that corresponds to your MySQL server version for the right syntax to use near 'WHERE ( `id` =86 )' at line 1
 [ SQL语句 ] : UPDATE `dzqc_user` SET  WHERE ( `id` =86 )

[ 2016-06-08T17:15:27+08:00 ] 192.168.1.89 /dzqc_ucenter//User/login
INFO: [ route_check ] --START--
INFO: CheckRoute Behavior ::run [ RunTime:0.001737s ]
INFO: [ route_check ] --END-- [ RunTime:0.001896s ]
INFO: [ app_begin ] --START--
INFO: ReadHtmlCache Behavior ::run [ RunTime:0.001096s ]
INFO: [ app_begin ] --END-- [ RunTime:0.001152s ]
SQL: SHOW COLUMNS FROM `dzqc_user` [ RunTime:0.006670s ]
SQL: SELECT * FROM `dzqc_user` WHERE (  username='2987910254@qq.com' or mobile='2987910254@qq.com' ) LIMIT 1   [ RunTime:0.000862s ]
NOTIC: [8] Undefined variable: set D:\wamp\www\dzqc_ucenter\ThinkPHP\Lib\Core\Db.class.php 第 294 行.
NOTIC: [2] implode() [<a href='function.implode'>function.implode</a>]: Invalid arguments passed D:\wamp\www\dzqc_ucenter\ThinkPHP\Lib\Core\Db.class.php 第 294 行.
SQL: UPDATE `dzqc_user` SET  WHERE ( `id` =86 ) [ RunTime:0.000324s ]
ERR: 1064:You have an error in your SQL syntax; check the manual that corresponds to your MySQL server version for the right syntax to use near 'WHERE ( `id` =86 )' at line 1
 [ SQL语句 ] : UPDATE `dzqc_user` SET  WHERE ( `id` =86 )

[ 2016-06-08T17:22:11+08:00 ] 192.168.1.89 /dzqc_ucenter//User/login
INFO: [ route_check ] --START--
INFO: CheckRoute Behavior ::run [ RunTime:0.001798s ]
INFO: [ route_check ] --END-- [ RunTime:0.002497s ]
INFO: [ app_begin ] --START--
INFO: ReadHtmlCache Behavior ::run [ RunTime:0.001071s ]
INFO: [ app_begin ] --END-- [ RunTime:0.001137s ]
SQL: SHOW COLUMNS FROM `dzqc_user` [ RunTime:0.007600s ]
SQL: SELECT * FROM `dzqc_user` WHERE (  username='2987910254@qq.com' or mobile='2987910254@qq.com' ) LIMIT 1   [ RunTime:0.000523s ]
NOTIC: [8] Undefined variable: set D:\wamp\www\dzqc_ucenter\ThinkPHP\Lib\Core\Db.class.php 第 294 行.
NOTIC: [2] implode() [<a href='function.implode'>function.implode</a>]: Invalid arguments passed D:\wamp\www\dzqc_ucenter\ThinkPHP\Lib\Core\Db.class.php 第 294 行.
SQL: UPDATE `dzqc_user` SET  WHERE ( `id` =86 ) [ RunTime:0.000169s ]
ERR: 1064:You have an error in your SQL syntax; check the manual that corresponds to your MySQL server version for the right syntax to use near 'WHERE ( `id` =86 )' at line 1
 [ SQL语句 ] : UPDATE `dzqc_user` SET  WHERE ( `id` =86 )

[ 2016-06-08T17:29:59+08:00 ] 192.168.1.89 /dzqc_ucenter//User/login
INFO: [ route_check ] --START--
INFO: CheckRoute Behavior ::run [ RunTime:0.002193s ]
INFO: [ route_check ] --END-- [ RunTime:0.002283s ]
INFO: [ app_begin ] --START--
INFO: ReadHtmlCache Behavior ::run [ RunTime:0.001624s ]
INFO: [ app_begin ] --END-- [ RunTime:0.001749s ]
SQL: SHOW COLUMNS FROM `dzqc_user` [ RunTime:0.006666s ]
SQL: SELECT * FROM `dzqc_user` WHERE (  username='2987910254@qq.com' or mobile='2987910254@qq.com' ) LIMIT 1   [ RunTime:0.000468s ]
NOTIC: [8] Undefined variable: set D:\wamp\www\dzqc_ucenter\ThinkPHP\Lib\Core\Db.class.php 第 294 行.
NOTIC: [2] implode() [<a href='function.implode'>function.implode</a>]: Invalid arguments passed D:\wamp\www\dzqc_ucenter\ThinkPHP\Lib\Core\Db.class.php 第 294 行.
SQL: UPDATE `dzqc_user` SET  WHERE ( `id` =86 ) [ RunTime:0.000116s ]
ERR: 1064:You have an error in your SQL syntax; check the manual that corresponds to your MySQL server version for the right syntax to use near 'WHERE ( `id` =86 )' at line 1
 [ SQL语句 ] : UPDATE `dzqc_user` SET  WHERE ( `id` =86 )

[ 2016-06-08T17:33:55+08:00 ] 192.168.1.89 /dzqc_ucenter//User/login
INFO: [ route_check ] --START--
INFO: CheckRoute Behavior ::run [ RunTime:0.002052s ]
INFO: [ route_check ] --END-- [ RunTime:0.002132s ]
INFO: [ app_begin ] --START--
INFO: ReadHtmlCache Behavior ::run [ RunTime:0.001416s ]
INFO: [ app_begin ] --END-- [ RunTime:0.001469s ]
SQL: SHOW COLUMNS FROM `dzqc_user` [ RunTime:0.004517s ]
SQL: SELECT * FROM `dzqc_user` WHERE (  username='2987910254@qq.com' or mobile='2987910254@qq.com' ) LIMIT 1   [ RunTime:0.000452s ]
NOTIC: [8] Undefined variable: set D:\wamp\www\dzqc_ucenter\ThinkPHP\Lib\Core\Db.class.php 第 294 行.
NOTIC: [2] implode() [<a href='function.implode'>function.implode</a>]: Invalid arguments passed D:\wamp\www\dzqc_ucenter\ThinkPHP\Lib\Core\Db.class.php 第 294 行.
SQL: UPDATE `dzqc_user` SET  WHERE ( `id` =86 ) [ RunTime:0.000115s ]
ERR: 1064:You have an error in your SQL syntax; check the manual that corresponds to your MySQL server version for the right syntax to use near 'WHERE ( `id` =86 )' at line 1
 [ SQL语句 ] : UPDATE `dzqc_user` SET  WHERE ( `id` =86 )

[ 2016-06-08T17:42:31+08:00 ] 192.168.1.89 /dzqc_ucenter//User/login
INFO: [ route_check ] --START--
INFO: CheckRoute Behavior ::run [ RunTime:0.001841s ]
INFO: [ route_check ] --END-- [ RunTime:0.001903s ]
INFO: [ app_begin ] --START--
INFO: ReadHtmlCache Behavior ::run [ RunTime:0.000891s ]
INFO: [ app_begin ] --END-- [ RunTime:0.000927s ]
SQL: SHOW COLUMNS FROM `dzqc_user` [ RunTime:0.004479s ]
SQL: SELECT * FROM `dzqc_user` WHERE (  username='2987910254@qq.com' or mobile='2987910254@qq.com' ) LIMIT 1   [ RunTime:0.000426s ]
NOTIC: [8] Undefined variable: set D:\wamp\www\dzqc_ucenter\ThinkPHP\Lib\Core\Db.class.php 第 294 行.
NOTIC: [2] implode() [<a href='function.implode'>function.implode</a>]: Invalid arguments passed D:\wamp\www\dzqc_ucenter\ThinkPHP\Lib\Core\Db.class.php 第 294 行.
SQL: UPDATE `dzqc_user` SET  WHERE ( `id` =86 ) [ RunTime:0.000102s ]
ERR: 1064:You have an error in your SQL syntax; check the manual that corresponds to your MySQL server version for the right syntax to use near 'WHERE ( `id` =86 )' at line 1
 [ SQL语句 ] : UPDATE `dzqc_user` SET  WHERE ( `id` =86 )

