[ 2016-05-13T15:46:25+08:00 ] 192.168.1.18 /QCUCenter/
INFO: [ app_begin ] --START--
INFO: ReadHtmlCache Behavior ::run [ RunTime:0.003184s ]
INFO: [ app_begin ] --END-- [ RunTime:0.003297s ]
INFO: [ view_parse ] --START--
INFO: ParseTemplate Behavior ::run [ RunTime:0.003402s ]
INFO: [ view_parse ] --END-- [ RunTime:0.003525s ]
INFO: [ view_filter ] --START--
NOTIC: [8] Use of undefined constant APP_TMPL_PATH - assumed 'APP_TMPL_PATH' D:\wamp\www\QCUCenter\ThinkPHP\Lib\Behavior\ContentReplaceBehavior.class.php 第 40 行.
NOTIC: [8] Use of undefined constant APP_TMPL_PATH - assumed 'APP_TMPL_PATH' D:\wamp\www\QCUCenter\ThinkPHP\Lib\Behavior\ContentReplaceBehavior.class.php 第 47 行.
INFO: ContentReplace Behavior ::run [ RunTime:0.001674s ]
INFO: TokenBuild Behavior ::run [ RunTime:0.002829s ]
INFO: WriteHtmlCache Behavior ::run [ RunTime:0.005189s ]
INFO: ShowRuntime Behavior ::run [ RunTime:0.004824s ]
INFO: [ view_filter ] --END-- [ RunTime:0.014808s ]
INFO: [ view_end ] --START--
INFO: ShowPageTrace Behavior ::run [ RunTime:0.003753s ]
INFO: [ view_end ] --END-- [ RunTime:0.003851s ]

[ 2016-05-13T15:46:42+08:00 ] 192.168.1.18 /QCUCenter/index.php/Test/index
INFO: [ route_check ] --START--
INFO: CheckRoute Behavior ::run [ RunTime:0.002992s ]
INFO: [ route_check ] --END-- [ RunTime:0.003109s ]
INFO: [ app_begin ] --START--
INFO: ReadHtmlCache Behavior ::run [ RunTime:0.001490s ]
INFO: [ app_begin ] --END-- [ RunTime:0.001595s ]
ERR: 无法加载模块:Test

[ 2016-05-13T15:46:56+08:00 ] 192.168.1.18 /QCUCenter/index.php/User/login
INFO: [ route_check ] --START--
INFO: CheckRoute Behavior ::run [ RunTime:0.002654s ]
INFO: [ route_check ] --END-- [ RunTime:0.002752s ]
INFO: [ app_begin ] --START--
INFO: ReadHtmlCache Behavior ::run [ RunTime:0.001725s ]
INFO: [ app_begin ] --END-- [ RunTime:0.001813s ]
SQL: SHOW COLUMNS FROM `dzqc_user` [ RunTime:0.077515s ]

[ 2016-05-13T15:51:17+08:00 ] 192.168.1.18 /QCUCenter/index.php/User/login
INFO: [ route_check ] --START--
INFO: CheckRoute Behavior ::run [ RunTime:0.005490s ]
INFO: [ route_check ] --END-- [ RunTime:0.005604s ]
INFO: [ app_begin ] --START--
INFO: ReadHtmlCache Behavior ::run [ RunTime:0.003042s ]
INFO: [ app_begin ] --END-- [ RunTime:0.003149s ]
SQL: SHOW COLUMNS FROM `dzqc_user` [ RunTime:0.007046s ]

[ 2016-05-13T15:51:26+08:00 ] 192.168.1.18 /QCUCenter/index.php/Test/index
INFO: [ route_check ] --START--
INFO: CheckRoute Behavior ::run [ RunTime:0.005907s ]
INFO: [ route_check ] --END-- [ RunTime:0.006035s ]
INFO: [ app_begin ] --START--
INFO: ReadHtmlCache Behavior ::run [ RunTime:0.003020s ]
INFO: [ app_begin ] --END-- [ RunTime:0.003163s ]
ERR: 无法加载模块:Test

[ 2016-05-13T15:51:35+08:00 ] 192.168.1.18 /QCUCenter/index.php/User/index
INFO: [ route_check ] --START--
INFO: CheckRoute Behavior ::run [ RunTime:0.002280s ]
INFO: [ route_check ] --END-- [ RunTime:0.002386s ]
INFO: [ app_begin ] --START--
INFO: ReadHtmlCache Behavior ::run [ RunTime:0.001313s ]
INFO: [ app_begin ] --END-- [ RunTime:0.001382s ]
SQL: SHOW COLUMNS FROM `dzqc_user` [ RunTime:0.011800s ]
ERR: 非法操作:index

[ 2016-05-13T15:51:43+08:00 ] 192.168.1.18 /QCUCenter/index.php/User/loginindex
INFO: [ route_check ] --START--
INFO: CheckRoute Behavior ::run [ RunTime:0.001261s ]
INFO: [ route_check ] --END-- [ RunTime:0.001344s ]
INFO: [ app_begin ] --START--
INFO: ReadHtmlCache Behavior ::run [ RunTime:0.002300s ]
INFO: [ app_begin ] --END-- [ RunTime:0.002418s ]
SQL: SHOW COLUMNS FROM `dzqc_user` [ RunTime:0.010246s ]
ERR: 模板不存在[./App/Tpl/user/login.php]

[ 2016-05-13T15:52:01+08:00 ] 192.168.1.18 /QCUCenter/index.php/User/reg
INFO: [ route_check ] --START--
INFO: CheckRoute Behavior ::run [ RunTime:0.001752s ]
INFO: [ route_check ] --END-- [ RunTime:0.001849s ]
INFO: [ app_begin ] --START--
INFO: ReadHtmlCache Behavior ::run [ RunTime:0.001266s ]
INFO: [ app_begin ] --END-- [ RunTime:0.001357s ]
SQL: SHOW COLUMNS FROM `dzqc_user` [ RunTime:0.008971s ]

[ 2016-05-13T15:58:08+08:00 ] 192.168.1.18 /QCUCenter/index.php/User/reg
INFO: [ route_check ] --START--
INFO: CheckRoute Behavior ::run [ RunTime:0.003270s ]
INFO: [ route_check ] --END-- [ RunTime:0.003412s ]
INFO: [ app_begin ] --START--
INFO: ReadHtmlCache Behavior ::run [ RunTime:0.004197s ]
INFO: [ app_begin ] --END-- [ RunTime:0.004458s ]
SQL: SHOW COLUMNS FROM `dzqc_user` [ RunTime:0.010626s ]

