[ 2016-06-01T08:31:28+08:00 ] 192.168.1.89 /dzqc_ucenter//User/login
INFO: [ route_check ] --START--
INFO: CheckRoute Behavior ::run [ RunTime:0.002037s ]
INFO: [ route_check ] --END-- [ RunTime:0.002086s ]
INFO: [ app_begin ] --START--
INFO: ReadHtmlCache Behavior ::run [ RunTime:0.001126s ]
INFO: [ app_begin ] --END-- [ RunTime:0.001162s ]
SQL: SHOW COLUMNS FROM `dzqc_user` [ RunTime:0.005568s ]
SQL: SELECT * FROM `dzqc_user` WHERE (  username='13838269572' or mobile='13838269572' ) LIMIT 1   [ RunTime:0.001203s ]
NOTIC: [8] Undefined variable: set D:\wamp\www\dzqc_ucenter\ThinkPHP\Lib\Core\Db.class.php 第 294 行.
NOTIC: [2] implode() [<a href='function.implode'>function.implode</a>]: Invalid arguments passed D:\wamp\www\dzqc_ucenter\ThinkPHP\Lib\Core\Db.class.php 第 294 行.
SQL: UPDATE `dzqc_user` SET  WHERE ( `id` =59 ) [ RunTime:0.000092s ]
ERR: 1064:You have an error in your SQL syntax; check the manual that corresponds to your MySQL server version for the right syntax to use near 'WHERE ( `id` =59 )' at line 1
 [ SQL语句 ] : UPDATE `dzqc_user` SET  WHERE ( `id` =59 )

[ 2016-06-01T08:57:00+08:00 ] 192.168.1.89 /dzqc_ucenter//User/login
INFO: [ route_check ] --START--
INFO: CheckRoute Behavior ::run [ RunTime:0.001518s ]
INFO: [ route_check ] --END-- [ RunTime:0.001591s ]
INFO: [ app_begin ] --START--
INFO: ReadHtmlCache Behavior ::run [ RunTime:0.000997s ]
INFO: [ app_begin ] --END-- [ RunTime:0.001040s ]
SQL: SHOW COLUMNS FROM `dzqc_user` [ RunTime:0.003476s ]
SQL: SELECT * FROM `dzqc_user` WHERE (  username='13603987212' or mobile='13603987212' ) LIMIT 1   [ RunTime:0.000358s ]

[ 2016-06-01T08:57:02+08:00 ] 192.168.1.89 /dzqc_ucenter//User/login
INFO: [ route_check ] --START--
INFO: CheckRoute Behavior ::run [ RunTime:0.001057s ]
INFO: [ route_check ] --END-- [ RunTime:0.001113s ]
INFO: [ app_begin ] --START--
INFO: ReadHtmlCache Behavior ::run [ RunTime:0.000752s ]
INFO: [ app_begin ] --END-- [ RunTime:0.000784s ]
SQL: SHOW COLUMNS FROM `dzqc_user` [ RunTime:0.003145s ]
SQL: SELECT * FROM `dzqc_user` WHERE (  username='13603987212' or mobile='13603987212' ) LIMIT 1   [ RunTime:0.000284s ]

[ 2016-06-01T08:57:11+08:00 ] 192.168.1.89 /dzqc_ucenter//User/login
INFO: [ route_check ] --START--
INFO: CheckRoute Behavior ::run [ RunTime:0.000905s ]
INFO: [ route_check ] --END-- [ RunTime:0.000970s ]
INFO: [ app_begin ] --START--
INFO: ReadHtmlCache Behavior ::run [ RunTime:0.000721s ]
INFO: [ app_begin ] --END-- [ RunTime:0.000752s ]
SQL: SHOW COLUMNS FROM `dzqc_user` [ RunTime:0.003564s ]
SQL: SELECT * FROM `dzqc_user` WHERE (  username='13603987212' or mobile='13603987212' ) LIMIT 1   [ RunTime:0.000342s ]

[ 2016-06-01T08:57:30+08:00 ] 192.168.1.89 /dzqc_ucenter//User/login
INFO: [ route_check ] --START--
INFO: CheckRoute Behavior ::run [ RunTime:0.000936s ]
INFO: [ route_check ] --END-- [ RunTime:0.000992s ]
INFO: [ app_begin ] --START--
INFO: ReadHtmlCache Behavior ::run [ RunTime:0.000863s ]
INFO: [ app_begin ] --END-- [ RunTime:0.000906s ]
SQL: SHOW COLUMNS FROM `dzqc_user` [ RunTime:0.004898s ]
SQL: SELECT * FROM `dzqc_user` WHERE (  username='13838269572' or mobile='13838269572' ) LIMIT 1   [ RunTime:0.000406s ]
NOTIC: [8] Undefined variable: set D:\wamp\www\dzqc_ucenter\ThinkPHP\Lib\Core\Db.class.php 第 294 行.
NOTIC: [2] implode() [<a href='function.implode'>function.implode</a>]: Invalid arguments passed D:\wamp\www\dzqc_ucenter\ThinkPHP\Lib\Core\Db.class.php 第 294 行.
SQL: UPDATE `dzqc_user` SET  WHERE ( `id` =59 ) [ RunTime:0.000130s ]
ERR: 1064:You have an error in your SQL syntax; check the manual that corresponds to your MySQL server version for the right syntax to use near 'WHERE ( `id` =59 )' at line 1
 [ SQL语句 ] : UPDATE `dzqc_user` SET  WHERE ( `id` =59 )

[ 2016-06-01T09:26:50+08:00 ] 192.168.1.89 /dzqc_ucenter//User/login
INFO: [ route_check ] --START--
INFO: CheckRoute Behavior ::run [ RunTime:0.002355s ]
INFO: [ route_check ] --END-- [ RunTime:0.002421s ]
INFO: [ app_begin ] --START--
INFO: ReadHtmlCache Behavior ::run [ RunTime:0.003449s ]
INFO: [ app_begin ] --END-- [ RunTime:0.003653s ]
SQL: SHOW COLUMNS FROM `dzqc_user` [ RunTime:0.004966s ]
SQL: SELECT * FROM `dzqc_user` WHERE (  username='279517360@qq.com' or mobile='279517360@qq.com' ) LIMIT 1   [ RunTime:0.001056s ]

[ 2016-06-01T09:28:47+08:00 ] 192.168.1.89 /dzqc_ucenter//User/login
INFO: [ route_check ] --START--
INFO: CheckRoute Behavior ::run [ RunTime:0.005406s ]
INFO: [ route_check ] --END-- [ RunTime:0.005503s ]
INFO: [ app_begin ] --START--
INFO: ReadHtmlCache Behavior ::run [ RunTime:0.003879s ]
INFO: [ app_begin ] --END-- [ RunTime:0.004167s ]
SQL: SHOW COLUMNS FROM `dzqc_user` [ RunTime:0.009961s ]
SQL: SELECT * FROM `dzqc_user` WHERE (  username='279517360@qq.com' or mobile='279517360@qq.com' ) LIMIT 1   [ RunTime:0.001010s ]

[ 2016-06-01T09:29:35+08:00 ] 192.168.1.89 /dzqc_ucenter//User/chkUsernameExist
INFO: [ route_check ] --START--
INFO: CheckRoute Behavior ::run [ RunTime:0.003563s ]
INFO: [ route_check ] --END-- [ RunTime:0.003718s ]
INFO: [ app_begin ] --START--
INFO: ReadHtmlCache Behavior ::run [ RunTime:0.002248s ]
INFO: [ app_begin ] --END-- [ RunTime:0.002316s ]
SQL: SHOW COLUMNS FROM `dzqc_user` [ RunTime:0.006455s ]
SQL: SELECT * FROM `dzqc_user` WHERE ( username='279517360@qq.com' ) LIMIT 1   [ RunTime:0.001470s ]
NOTIC: [2] Missing argument 1 for QAction::q_success(), called in D:\wamp\www\dzqc_ucenter\App\Lib\Action\UserAction.class.php on line 126 and defined D:\wamp\www\dzqc_ucenter\App\Lib\Core\QAction.class.php 第 44 行.
NOTIC: [8] Undefined variable: mix_data D:\wamp\www\dzqc_ucenter\App\Lib\Core\QAction.class.php 第 46 行.
NOTIC: [8] Undefined variable: mix_data D:\wamp\www\dzqc_ucenter\App\Lib\Core\QAction.class.php 第 48 行.

[ 2016-06-01T09:31:46+08:00 ] 192.168.1.89 /dzqc_ucenter//User/login
INFO: [ route_check ] --START--
INFO: CheckRoute Behavior ::run [ RunTime:0.002240s ]
INFO: [ route_check ] --END-- [ RunTime:0.002311s ]
INFO: [ app_begin ] --START--
INFO: ReadHtmlCache Behavior ::run [ RunTime:0.001736s ]
INFO: [ app_begin ] --END-- [ RunTime:0.001785s ]
SQL: SHOW COLUMNS FROM `dzqc_user` [ RunTime:0.005001s ]
SQL: SELECT * FROM `dzqc_user` WHERE (  username='279517360@qq.com' or mobile='279517360@qq.com' ) LIMIT 1   [ RunTime:0.000447s ]

[ 2016-06-01T09:38:35+08:00 ] 192.168.1.89 /dzqc_ucenter//User/login
INFO: [ route_check ] --START--
INFO: CheckRoute Behavior ::run [ RunTime:0.002599s ]
INFO: [ route_check ] --END-- [ RunTime:0.002766s ]
INFO: [ app_begin ] --START--
INFO: ReadHtmlCache Behavior ::run [ RunTime:0.001938s ]
INFO: [ app_begin ] --END-- [ RunTime:0.002057s ]
SQL: SHOW COLUMNS FROM `dzqc_user` [ RunTime:0.012619s ]
SQL: SELECT * FROM `dzqc_user` WHERE (  username='279517360@qq.com' or mobile='279517360@qq.com' ) LIMIT 1   [ RunTime:0.002082s ]

[ 2016-06-01T10:35:10+08:00 ] 192.168.1.89 /dzqc_ucenter//User/login
INFO: [ route_check ] --START--
INFO: CheckRoute Behavior ::run [ RunTime:0.004306s ]
INFO: [ route_check ] --END-- [ RunTime:0.004516s ]
INFO: [ app_begin ] --START--
INFO: ReadHtmlCache Behavior ::run [ RunTime:0.001685s ]
INFO: [ app_begin ] --END-- [ RunTime:0.001745s ]
SQL: SHOW COLUMNS FROM `dzqc_user` [ RunTime:0.014819s ]
SQL: SELECT * FROM `dzqc_user` WHERE (  username='13838269572' or mobile='13838269572' ) LIMIT 1   [ RunTime:0.001544s ]
NOTIC: [8] Undefined variable: set D:\wamp\www\dzqc_ucenter\ThinkPHP\Lib\Core\Db.class.php 第 294 行.
NOTIC: [2] implode() [<a href='function.implode'>function.implode</a>]: Invalid arguments passed D:\wamp\www\dzqc_ucenter\ThinkPHP\Lib\Core\Db.class.php 第 294 行.
SQL: UPDATE `dzqc_user` SET  WHERE ( `id` =59 ) [ RunTime:0.000578s ]
ERR: 1064:You have an error in your SQL syntax; check the manual that corresponds to your MySQL server version for the right syntax to use near 'WHERE ( `id` =59 )' at line 1
 [ SQL语句 ] : UPDATE `dzqc_user` SET  WHERE ( `id` =59 )

[ 2016-06-01T10:35:45+08:00 ] 192.168.1.89 /dzqc_ucenter//User/login
INFO: [ route_check ] --START--
INFO: CheckRoute Behavior ::run [ RunTime:0.002370s ]
INFO: [ route_check ] --END-- [ RunTime:0.002479s ]
INFO: [ app_begin ] --START--
INFO: ReadHtmlCache Behavior ::run [ RunTime:0.001506s ]
INFO: [ app_begin ] --END-- [ RunTime:0.001574s ]
SQL: SHOW COLUMNS FROM `dzqc_user` [ RunTime:0.005198s ]
SQL: SELECT * FROM `dzqc_user` WHERE (  username='13838269572' or mobile='13838269572' ) LIMIT 1   [ RunTime:0.001295s ]
NOTIC: [8] Undefined variable: set D:\wamp\www\dzqc_ucenter\ThinkPHP\Lib\Core\Db.class.php 第 294 行.
NOTIC: [2] implode() [<a href='function.implode'>function.implode</a>]: Invalid arguments passed D:\wamp\www\dzqc_ucenter\ThinkPHP\Lib\Core\Db.class.php 第 294 行.
SQL: UPDATE `dzqc_user` SET  WHERE ( `id` =59 ) [ RunTime:0.000610s ]
ERR: 1064:You have an error in your SQL syntax; check the manual that corresponds to your MySQL server version for the right syntax to use near 'WHERE ( `id` =59 )' at line 1
 [ SQL语句 ] : UPDATE `dzqc_user` SET  WHERE ( `id` =59 )

[ 2016-06-01T11:06:25+08:00 ] 192.168.1.152 /dzqc_ucenter//User/login
INFO: [ route_check ] --START--
INFO: CheckRoute Behavior ::run [ RunTime:0.002455s ]
INFO: [ route_check ] --END-- [ RunTime:0.002575s ]
INFO: [ app_begin ] --START--
INFO: ReadHtmlCache Behavior ::run [ RunTime:0.003122s ]
INFO: [ app_begin ] --END-- [ RunTime:0.003243s ]
SQL: SHOW COLUMNS FROM `dzqc_user` [ RunTime:0.020443s ]
SQL: SELECT * FROM `dzqc_user` WHERE (  username='SVUN13838269572' or mobile='SVUN13838269572' ) LIMIT 1   [ RunTime:0.001741s ]
NOTIC: [8] Undefined variable: set D:\wamp\www\dzqc_ucenter\ThinkPHP\Lib\Core\Db.class.php 第 294 行.
NOTIC: [2] implode() [<a href='function.implode'>function.implode</a>]: Invalid arguments passed D:\wamp\www\dzqc_ucenter\ThinkPHP\Lib\Core\Db.class.php 第 294 行.
SQL: UPDATE `dzqc_user` SET  WHERE ( `id` =59 ) [ RunTime:0.000219s ]
ERR: 1064:You have an error in your SQL syntax; check the manual that corresponds to your MySQL server version for the right syntax to use near 'WHERE ( `id` =59 )' at line 1
 [ SQL语句 ] : UPDATE `dzqc_user` SET  WHERE ( `id` =59 )

[ 2016-06-01T11:24:58+08:00 ] 192.168.1.89 /dzqc_ucenter//User/login
INFO: [ route_check ] --START--
INFO: CheckRoute Behavior ::run [ RunTime:0.005042s ]
INFO: [ route_check ] --END-- [ RunTime:0.005174s ]
INFO: [ app_begin ] --START--
INFO: ReadHtmlCache Behavior ::run [ RunTime:0.001524s ]
INFO: [ app_begin ] --END-- [ RunTime:0.001604s ]
SQL: SHOW COLUMNS FROM `dzqc_user` [ RunTime:0.012841s ]
SQL: SELECT * FROM `dzqc_user` WHERE (  username='13838269572' or mobile='13838269572' ) LIMIT 1   [ RunTime:0.001329s ]
NOTIC: [8] Undefined variable: set D:\wamp\www\dzqc_ucenter\ThinkPHP\Lib\Core\Db.class.php 第 294 行.
NOTIC: [2] implode() [<a href='function.implode'>function.implode</a>]: Invalid arguments passed D:\wamp\www\dzqc_ucenter\ThinkPHP\Lib\Core\Db.class.php 第 294 行.
SQL: UPDATE `dzqc_user` SET  WHERE ( `id` =59 ) [ RunTime:0.000676s ]
ERR: 1064:You have an error in your SQL syntax; check the manual that corresponds to your MySQL server version for the right syntax to use near 'WHERE ( `id` =59 )' at line 1
 [ SQL语句 ] : UPDATE `dzqc_user` SET  WHERE ( `id` =59 )

[ 2016-06-01T13:08:41+08:00 ] 192.168.1.89 /dzqc_ucenter//User/login
INFO: [ route_check ] --START--
INFO: CheckRoute Behavior ::run [ RunTime:0.002846s ]
INFO: [ route_check ] --END-- [ RunTime:0.002915s ]
INFO: [ app_begin ] --START--
INFO: ReadHtmlCache Behavior ::run [ RunTime:0.001339s ]
INFO: [ app_begin ] --END-- [ RunTime:0.001386s ]
SQL: SHOW COLUMNS FROM `dzqc_user` [ RunTime:0.005395s ]
SQL: SELECT * FROM `dzqc_user` WHERE (  username='279517360@qq.com' or mobile='279517360@qq.com' ) LIMIT 1   [ RunTime:0.000419s ]

[ 2016-06-01T13:15:51+08:00 ] 192.168.1.89 /dzqc_ucenter//User/chkUsernameExist
INFO: [ route_check ] --START--
INFO: CheckRoute Behavior ::run [ RunTime:0.002090s ]
INFO: [ route_check ] --END-- [ RunTime:0.002179s ]
INFO: [ app_begin ] --START--
INFO: ReadHtmlCache Behavior ::run [ RunTime:0.001932s ]
INFO: [ app_begin ] --END-- [ RunTime:0.002018s ]
SQL: SHOW COLUMNS FROM `dzqc_user` [ RunTime:0.005003s ]
SQL: SELECT * FROM `dzqc_user` WHERE ( username='279517360@qq.com' ) LIMIT 1   [ RunTime:0.000600s ]
NOTIC: [2] Missing argument 1 for QAction::q_success(), called in D:\wamp\www\dzqc_ucenter\App\Lib\Action\UserAction.class.php on line 126 and defined D:\wamp\www\dzqc_ucenter\App\Lib\Core\QAction.class.php 第 44 行.
NOTIC: [8] Undefined variable: mix_data D:\wamp\www\dzqc_ucenter\App\Lib\Core\QAction.class.php 第 46 行.
NOTIC: [8] Undefined variable: mix_data D:\wamp\www\dzqc_ucenter\App\Lib\Core\QAction.class.php 第 48 行.

[ 2016-06-01T13:16:25+08:00 ] 192.168.1.89 /dzqc_ucenter//User/chkUsernameExist
INFO: [ route_check ] --START--
INFO: CheckRoute Behavior ::run [ RunTime:0.001188s ]
INFO: [ route_check ] --END-- [ RunTime:0.001252s ]
INFO: [ app_begin ] --START--
INFO: ReadHtmlCache Behavior ::run [ RunTime:0.001226s ]
INFO: [ app_begin ] --END-- [ RunTime:0.001280s ]
SQL: SHOW COLUMNS FROM `dzqc_user` [ RunTime:0.005887s ]
SQL: SELECT * FROM `dzqc_user` WHERE ( username='1324102719@qq.com' ) LIMIT 1   [ RunTime:0.000379s ]
NOTIC: [2] Missing argument 1 for QAction::q_success(), called in D:\wamp\www\dzqc_ucenter\App\Lib\Action\UserAction.class.php on line 126 and defined D:\wamp\www\dzqc_ucenter\App\Lib\Core\QAction.class.php 第 44 行.
NOTIC: [8] Undefined variable: mix_data D:\wamp\www\dzqc_ucenter\App\Lib\Core\QAction.class.php 第 46 行.
NOTIC: [8] Undefined variable: mix_data D:\wamp\www\dzqc_ucenter\App\Lib\Core\QAction.class.php 第 48 行.

[ 2016-06-01T13:19:24+08:00 ] 192.168.1.89 /dzqc_ucenter//User/chkUsernameExist
INFO: [ route_check ] --START--
INFO: CheckRoute Behavior ::run [ RunTime:0.001795s ]
INFO: [ route_check ] --END-- [ RunTime:0.001859s ]
INFO: [ app_begin ] --START--
INFO: ReadHtmlCache Behavior ::run [ RunTime:0.002078s ]
INFO: [ app_begin ] --END-- [ RunTime:0.002146s ]
SQL: SHOW COLUMNS FROM `dzqc_user` [ RunTime:0.005425s ]
SQL: SELECT * FROM `dzqc_user` WHERE ( username='279517360@qq.com' ) LIMIT 1   [ RunTime:0.000374s ]
NOTIC: [2] Missing argument 1 for QAction::q_error(), called in D:\wamp\www\dzqc_ucenter\App\Lib\Action\UserAction.class.php on line 128 and defined D:\wamp\www\dzqc_ucenter\App\Lib\Core\QAction.class.php 第 68 行.
NOTIC: [8] Undefined variable: mix_data D:\wamp\www\dzqc_ucenter\App\Lib\Core\QAction.class.php 第 70 行.
NOTIC: [8] Undefined variable: mix_data D:\wamp\www\dzqc_ucenter\App\Lib\Core\QAction.class.php 第 72 行.

[ 2016-06-01T13:19:24+08:00 ] 192.168.1.89 /dzqc_ucenter//User/regByEmail
INFO: [ route_check ] --START--
INFO: CheckRoute Behavior ::run [ RunTime:0.001247s ]
INFO: [ route_check ] --END-- [ RunTime:0.001333s ]
INFO: [ app_begin ] --START--
INFO: ReadHtmlCache Behavior ::run [ RunTime:0.001054s ]
INFO: [ app_begin ] --END-- [ RunTime:0.001096s ]
SQL: SHOW COLUMNS FROM `dzqc_user` [ RunTime:0.005385s ]
SQL: SELECT * FROM `dzqc_user` WHERE ( email='279517360@qq.com' ) LIMIT 1   [ RunTime:0.000383s ]
SQL: INSERT INTO `dzqc_user` (`state`,`username`,`email`,`password`,`regtime`) VALUES (0,'279517360@qq.com','279517360@qq.com','fdca3fd8cd6fa64fa26427684b3b5f2a',1464758364) [ RunTime:0.005636s ]
SQL: SELECT * FROM `dzqc_user` WHERE (  username='279517360@qq.com' or mobile='279517360@qq.com' ) LIMIT 1   [ RunTime:0.000346s ]

[ 2016-06-01T13:19:24+08:00 ] 192.168.1.89 /dzqc_ucenter//User/login
INFO: [ route_check ] --START--
INFO: CheckRoute Behavior ::run [ RunTime:0.001463s ]
INFO: [ route_check ] --END-- [ RunTime:0.001548s ]
INFO: [ app_begin ] --START--
INFO: ReadHtmlCache Behavior ::run [ RunTime:0.001020s ]
INFO: [ app_begin ] --END-- [ RunTime:0.001067s ]
SQL: SHOW COLUMNS FROM `dzqc_user` [ RunTime:0.005290s ]
SQL: SELECT * FROM `dzqc_user` WHERE (  username='279517360@qq.com' or mobile='279517360@qq.com' ) LIMIT 1   [ RunTime:0.000384s ]

[ 2016-06-01T13:19:24+08:00 ] 192.168.1.89 /dzqc_ucenter//User/getByUsername
INFO: [ route_check ] --START--
INFO: CheckRoute Behavior ::run [ RunTime:0.001100s ]
INFO: [ route_check ] --END-- [ RunTime:0.001162s ]
INFO: [ app_begin ] --START--
INFO: ReadHtmlCache Behavior ::run [ RunTime:0.000854s ]
INFO: [ app_begin ] --END-- [ RunTime:0.000918s ]
SQL: SHOW COLUMNS FROM `dzqc_user` [ RunTime:0.004922s ]
SQL: SELECT * FROM `dzqc_user` WHERE ( username='279517360@qq.com' ) LIMIT 1   [ RunTime:0.000400s ]

[ 2016-06-01T13:20:02+08:00 ] 192.168.1.89 /dzqc_ucenter//User/chkUsernameExist
INFO: [ route_check ] --START--
INFO: CheckRoute Behavior ::run [ RunTime:0.002333s ]
INFO: [ route_check ] --END-- [ RunTime:0.002416s ]
INFO: [ app_begin ] --START--
INFO: ReadHtmlCache Behavior ::run [ RunTime:0.001463s ]
INFO: [ app_begin ] --END-- [ RunTime:0.001522s ]
SQL: SHOW COLUMNS FROM `dzqc_user` [ RunTime:0.006032s ]
SQL: SELECT * FROM `dzqc_user` WHERE ( username='279517360@qq.com' ) LIMIT 1   [ RunTime:0.000684s ]
NOTIC: [2] Missing argument 1 for QAction::q_success(), called in D:\wamp\www\dzqc_ucenter\App\Lib\Action\UserAction.class.php on line 126 and defined D:\wamp\www\dzqc_ucenter\App\Lib\Core\QAction.class.php 第 44 行.
NOTIC: [8] Undefined variable: mix_data D:\wamp\www\dzqc_ucenter\App\Lib\Core\QAction.class.php 第 46 行.
NOTIC: [8] Undefined variable: mix_data D:\wamp\www\dzqc_ucenter\App\Lib\Core\QAction.class.php 第 48 行.

[ 2016-06-01T13:20:02+08:00 ] 192.168.1.89 /dzqc_ucenter//User/chkUsernameExist
INFO: [ route_check ] --START--
INFO: CheckRoute Behavior ::run [ RunTime:0.001238s ]
INFO: [ route_check ] --END-- [ RunTime:0.001300s ]
INFO: [ app_begin ] --START--
INFO: ReadHtmlCache Behavior ::run [ RunTime:0.000820s ]
INFO: [ app_begin ] --END-- [ RunTime:0.000862s ]
SQL: SHOW COLUMNS FROM `dzqc_user` [ RunTime:0.006559s ]
SQL: SELECT * FROM `dzqc_user` WHERE ( username='279517360@qq.com' ) LIMIT 1   [ RunTime:0.000759s ]
NOTIC: [2] Missing argument 1 for QAction::q_success(), called in D:\wamp\www\dzqc_ucenter\App\Lib\Action\UserAction.class.php on line 126 and defined D:\wamp\www\dzqc_ucenter\App\Lib\Core\QAction.class.php 第 44 行.
NOTIC: [8] Undefined variable: mix_data D:\wamp\www\dzqc_ucenter\App\Lib\Core\QAction.class.php 第 46 行.
NOTIC: [8] Undefined variable: mix_data D:\wamp\www\dzqc_ucenter\App\Lib\Core\QAction.class.php 第 48 行.

[ 2016-06-01T13:21:37+08:00 ] 192.168.1.89 /dzqc_ucenter//User/chkUsernameExist
INFO: [ route_check ] --START--
INFO: CheckRoute Behavior ::run [ RunTime:0.002301s ]
INFO: [ route_check ] --END-- [ RunTime:0.002388s ]
INFO: [ app_begin ] --START--
INFO: ReadHtmlCache Behavior ::run [ RunTime:0.001462s ]
INFO: [ app_begin ] --END-- [ RunTime:0.001517s ]
SQL: SHOW COLUMNS FROM `dzqc_user` [ RunTime:0.004374s ]
SQL: SELECT * FROM `dzqc_user` WHERE ( username='279517360@qq.com' ) LIMIT 1   [ RunTime:0.000425s ]
NOTIC: [2] Missing argument 1 for QAction::q_success(), called in D:\wamp\www\dzqc_ucenter\App\Lib\Action\UserAction.class.php on line 126 and defined D:\wamp\www\dzqc_ucenter\App\Lib\Core\QAction.class.php 第 44 行.
NOTIC: [8] Undefined variable: mix_data D:\wamp\www\dzqc_ucenter\App\Lib\Core\QAction.class.php 第 46 行.
NOTIC: [8] Undefined variable: mix_data D:\wamp\www\dzqc_ucenter\App\Lib\Core\QAction.class.php 第 48 行.

[ 2016-06-01T13:22:21+08:00 ] 192.168.1.89 /dzqc_ucenter//User/chkUsernameExist
INFO: [ route_check ] --START--
INFO: CheckRoute Behavior ::run [ RunTime:0.001233s ]
INFO: [ route_check ] --END-- [ RunTime:0.001300s ]
INFO: [ app_begin ] --START--
INFO: ReadHtmlCache Behavior ::run [ RunTime:0.000945s ]
INFO: [ app_begin ] --END-- [ RunTime:0.000984s ]
SQL: SHOW COLUMNS FROM `dzqc_user` [ RunTime:0.005804s ]
SQL: SELECT * FROM `dzqc_user` WHERE ( username='1324102719@qq.com' ) LIMIT 1   [ RunTime:0.000695s ]
NOTIC: [2] Missing argument 1 for QAction::q_error(), called in D:\wamp\www\dzqc_ucenter\App\Lib\Action\UserAction.class.php on line 128 and defined D:\wamp\www\dzqc_ucenter\App\Lib\Core\QAction.class.php 第 68 行.
NOTIC: [8] Undefined variable: mix_data D:\wamp\www\dzqc_ucenter\App\Lib\Core\QAction.class.php 第 70 行.
NOTIC: [8] Undefined variable: mix_data D:\wamp\www\dzqc_ucenter\App\Lib\Core\QAction.class.php 第 72 行.

[ 2016-06-01T13:22:21+08:00 ] 192.168.1.89 /dzqc_ucenter//User/regByEmail
INFO: [ route_check ] --START--
INFO: CheckRoute Behavior ::run [ RunTime:0.001405s ]
INFO: [ route_check ] --END-- [ RunTime:0.001492s ]
INFO: [ app_begin ] --START--
INFO: ReadHtmlCache Behavior ::run [ RunTime:0.001286s ]
INFO: [ app_begin ] --END-- [ RunTime:0.001348s ]
SQL: SHOW COLUMNS FROM `dzqc_user` [ RunTime:0.005102s ]
SQL: SELECT * FROM `dzqc_user` WHERE ( email='1324102719@qq.com' ) LIMIT 1   [ RunTime:0.000509s ]
SQL: INSERT INTO `dzqc_user` (`state`,`username`,`email`,`password`,`regtime`) VALUES (0,'1324102719@qq.com','1324102719@qq.com','fdca3fd8cd6fa64fa26427684b3b5f2a',1464758541) [ RunTime:0.004568s ]
SQL: SELECT * FROM `dzqc_user` WHERE (  username='1324102719@qq.com' or mobile='1324102719@qq.com' ) LIMIT 1   [ RunTime:0.000326s ]

[ 2016-06-01T13:22:21+08:00 ] 192.168.1.89 /dzqc_ucenter//User/login
INFO: [ route_check ] --START--
INFO: CheckRoute Behavior ::run [ RunTime:0.001198s ]
INFO: [ route_check ] --END-- [ RunTime:0.001267s ]
INFO: [ app_begin ] --START--
INFO: ReadHtmlCache Behavior ::run [ RunTime:0.001026s ]
INFO: [ app_begin ] --END-- [ RunTime:0.001069s ]
SQL: SHOW COLUMNS FROM `dzqc_user` [ RunTime:0.005196s ]
SQL: SELECT * FROM `dzqc_user` WHERE (  username='1324102719@qq.com' or mobile='1324102719@qq.com' ) LIMIT 1   [ RunTime:0.000336s ]

[ 2016-06-01T13:22:21+08:00 ] 192.168.1.89 /dzqc_ucenter//User/getByUsername
INFO: [ route_check ] --START--
INFO: CheckRoute Behavior ::run [ RunTime:0.001374s ]
INFO: [ route_check ] --END-- [ RunTime:0.001452s ]
INFO: [ app_begin ] --START--
INFO: ReadHtmlCache Behavior ::run [ RunTime:0.000991s ]
INFO: [ app_begin ] --END-- [ RunTime:0.001033s ]
SQL: SHOW COLUMNS FROM `dzqc_user` [ RunTime:0.005049s ]
SQL: SELECT * FROM `dzqc_user` WHERE ( username='1324102719@qq.com' ) LIMIT 1   [ RunTime:0.000390s ]

[ 2016-06-01T13:22:52+08:00 ] 192.168.1.89 /dzqc_ucenter//User/login
INFO: [ route_check ] --START--
INFO: CheckRoute Behavior ::run [ RunTime:0.001040s ]
INFO: [ route_check ] --END-- [ RunTime:0.001096s ]
INFO: [ app_begin ] --START--
INFO: ReadHtmlCache Behavior ::run [ RunTime:0.000795s ]
INFO: [ app_begin ] --END-- [ RunTime:0.000836s ]
SQL: SHOW COLUMNS FROM `dzqc_user` [ RunTime:0.004859s ]
SQL: SELECT * FROM `dzqc_user` WHERE (  username='1324102719@qq.com' or mobile='1324102719@qq.com' ) LIMIT 1   [ RunTime:0.000408s ]

[ 2016-06-01T13:22:53+08:00 ] 192.168.1.89 /dzqc_ucenter//User/login
INFO: [ route_check ] --START--
INFO: CheckRoute Behavior ::run [ RunTime:0.001171s ]
INFO: [ route_check ] --END-- [ RunTime:0.001244s ]
INFO: [ app_begin ] --START--
INFO: ReadHtmlCache Behavior ::run [ RunTime:0.000815s ]
INFO: [ app_begin ] --END-- [ RunTime:0.000850s ]
SQL: SHOW COLUMNS FROM `dzqc_user` [ RunTime:0.005547s ]
SQL: SELECT * FROM `dzqc_user` WHERE (  username='1324102719@qq.com' or mobile='1324102719@qq.com' ) LIMIT 1   [ RunTime:0.000522s ]

[ 2016-06-01T13:24:43+08:00 ] 192.168.1.89 /dzqc_ucenter//User/editPassword
INFO: [ route_check ] --START--
INFO: CheckRoute Behavior ::run [ RunTime:0.001852s ]
INFO: [ route_check ] --END-- [ RunTime:0.001923s ]
INFO: [ app_begin ] --START--
INFO: ReadHtmlCache Behavior ::run [ RunTime:0.001509s ]
INFO: [ app_begin ] --END-- [ RunTime:0.001567s ]
SQL: SHOW COLUMNS FROM `dzqc_user` [ RunTime:0.005161s ]
SQL: SELECT * FROM `dzqc_user` WHERE ( `id` =89 ) LIMIT 1   [ RunTime:0.000363s ]
SQL: UPDATE `dzqc_user` SET `password`='fdca3fd8cd6fa64fa26427684b3b5f2a' WHERE ( `id` =89 ) [ RunTime:0.004801s ]
NOTIC: [2] Missing argument 1 for QAction::q_success(), called in D:\wamp\www\dzqc_ucenter\App\Lib\Action\UserAction.class.php on line 175 and defined D:\wamp\www\dzqc_ucenter\App\Lib\Core\QAction.class.php 第 44 行.
NOTIC: [8] Undefined variable: mix_data D:\wamp\www\dzqc_ucenter\App\Lib\Core\QAction.class.php 第 46 行.
NOTIC: [8] Undefined variable: mix_data D:\wamp\www\dzqc_ucenter\App\Lib\Core\QAction.class.php 第 48 行.

[ 2016-06-01T13:24:55+08:00 ] 192.168.1.89 /dzqc_ucenter//User/login
INFO: [ route_check ] --START--
INFO: CheckRoute Behavior ::run [ RunTime:0.001185s ]
INFO: [ route_check ] --END-- [ RunTime:0.001252s ]
INFO: [ app_begin ] --START--
INFO: ReadHtmlCache Behavior ::run [ RunTime:0.001001s ]
INFO: [ app_begin ] --END-- [ RunTime:0.001047s ]
SQL: SHOW COLUMNS FROM `dzqc_user` [ RunTime:0.005342s ]
SQL: SELECT * FROM `dzqc_user` WHERE (  username='1324102719@qq.com' or mobile='1324102719@qq.com' ) LIMIT 1   [ RunTime:0.000425s ]

[ 2016-06-01T13:24:55+08:00 ] 192.168.1.89 /dzqc_ucenter//User/login
INFO: [ route_check ] --START--
INFO: CheckRoute Behavior ::run [ RunTime:0.001223s ]
INFO: [ route_check ] --END-- [ RunTime:0.001292s ]
INFO: [ app_begin ] --START--
INFO: ReadHtmlCache Behavior ::run [ RunTime:0.000953s ]
INFO: [ app_begin ] --END-- [ RunTime:0.000992s ]
SQL: SHOW COLUMNS FROM `dzqc_user` [ RunTime:0.005103s ]
SQL: SELECT * FROM `dzqc_user` WHERE (  username='1324102719@qq.com' or mobile='1324102719@qq.com' ) LIMIT 1   [ RunTime:0.000418s ]

[ 2016-06-01T13:26:56+08:00 ] 192.168.1.89 /dzqc_ucenter//User/login
INFO: [ route_check ] --START--
INFO: CheckRoute Behavior ::run [ RunTime:0.002012s ]
INFO: [ route_check ] --END-- [ RunTime:0.002081s ]
INFO: [ app_begin ] --START--
INFO: ReadHtmlCache Behavior ::run [ RunTime:0.003274s ]
INFO: [ app_begin ] --END-- [ RunTime:0.003346s ]
SQL: SHOW COLUMNS FROM `dzqc_user` [ RunTime:0.005139s ]
SQL: SELECT * FROM `dzqc_user` WHERE (  username='1324102719@qq.com' or mobile='1324102719@qq.com' ) LIMIT 1   [ RunTime:0.000457s ]

[ 2016-06-01T13:58:25+08:00 ] 192.168.2.89 /dzqc_ucenter//User/login
INFO: [ route_check ] --START--
INFO: CheckRoute Behavior ::run [ RunTime:0.001628s ]
INFO: [ route_check ] --END-- [ RunTime:0.001708s ]
INFO: [ app_begin ] --START--
INFO: ReadHtmlCache Behavior ::run [ RunTime:0.001077s ]
INFO: [ app_begin ] --END-- [ RunTime:0.001131s ]
SQL: SHOW COLUMNS FROM `dzqc_user` [ RunTime:0.008676s ]
SQL: SELECT * FROM `dzqc_user` WHERE (  username='1324102719@qq.com' or mobile='1324102719@qq.com' ) LIMIT 1   [ RunTime:0.000520s ]

[ 2016-06-01T14:01:43+08:00 ] 192.168.2.89 /dzqc_ucenter//User/login
INFO: [ route_check ] --START--
INFO: CheckRoute Behavior ::run [ RunTime:0.002072s ]
INFO: [ route_check ] --END-- [ RunTime:0.002169s ]
INFO: [ app_begin ] --START--
INFO: ReadHtmlCache Behavior ::run [ RunTime:0.001597s ]
INFO: [ app_begin ] --END-- [ RunTime:0.001676s ]
SQL: SHOW COLUMNS FROM `dzqc_user` [ RunTime:0.007398s ]
SQL: SELECT * FROM `dzqc_user` WHERE (  username='1324102719@qq.com' or mobile='1324102719@qq.com' ) LIMIT 1   [ RunTime:0.000762s ]

[ 2016-06-01T14:01:44+08:00 ] 192.168.2.89 /dzqc_ucenter//User/login
INFO: [ route_check ] --START--
INFO: CheckRoute Behavior ::run [ RunTime:0.001102s ]
INFO: [ route_check ] --END-- [ RunTime:0.001180s ]
INFO: [ app_begin ] --START--
INFO: ReadHtmlCache Behavior ::run [ RunTime:0.001140s ]
INFO: [ app_begin ] --END-- [ RunTime:0.001181s ]
SQL: SHOW COLUMNS FROM `dzqc_user` [ RunTime:0.005929s ]
SQL: SELECT * FROM `dzqc_user` WHERE (  username='1324102719@qq.com' or mobile='1324102719@qq.com' ) LIMIT 1   [ RunTime:0.000414s ]

[ 2016-06-01T14:04:28+08:00 ] 192.168.2.89 /dzqc_ucenter//User/login
INFO: [ route_check ] --START--
INFO: CheckRoute Behavior ::run [ RunTime:0.002201s ]
INFO: [ route_check ] --END-- [ RunTime:0.002277s ]
INFO: [ app_begin ] --START--
INFO: ReadHtmlCache Behavior ::run [ RunTime:0.001514s ]
INFO: [ app_begin ] --END-- [ RunTime:0.001568s ]
SQL: SHOW COLUMNS FROM `dzqc_user` [ RunTime:0.007698s ]
SQL: SELECT * FROM `dzqc_user` WHERE (  username='2987910254@qq.com' or mobile='2987910254@qq.com' ) LIMIT 1   [ RunTime:0.000498s ]

[ 2016-06-01T14:04:29+08:00 ] 192.168.2.89 /dzqc_ucenter//User/login
INFO: [ route_check ] --START--
INFO: CheckRoute Behavior ::run [ RunTime:0.001527s ]
INFO: [ route_check ] --END-- [ RunTime:0.001608s ]
INFO: [ app_begin ] --START--
INFO: ReadHtmlCache Behavior ::run [ RunTime:0.001080s ]
INFO: [ app_begin ] --END-- [ RunTime:0.001125s ]
SQL: SHOW COLUMNS FROM `dzqc_user` [ RunTime:0.005740s ]
SQL: SELECT * FROM `dzqc_user` WHERE (  username='2987910254@qq.com' or mobile='2987910254@qq.com' ) LIMIT 1   [ RunTime:0.000419s ]

[ 2016-06-01T14:04:46+08:00 ] 192.168.2.89 /dzqc_ucenter//User/login
INFO: [ route_check ] --START--
INFO: CheckRoute Behavior ::run [ RunTime:0.001305s ]
INFO: [ route_check ] --END-- [ RunTime:0.001368s ]
INFO: [ app_begin ] --START--
INFO: ReadHtmlCache Behavior ::run [ RunTime:0.000899s ]
INFO: [ app_begin ] --END-- [ RunTime:0.000948s ]
SQL: SHOW COLUMNS FROM `dzqc_user` [ RunTime:0.003774s ]
SQL: SELECT * FROM `dzqc_user` WHERE (  username='2987910254@qq.com' or mobile='2987910254@qq.com' ) LIMIT 1   [ RunTime:0.000365s ]
NOTIC: [8] Undefined variable: set D:\wamp\www\dzqc_ucenter\ThinkPHP\Lib\Core\Db.class.php 第 294 行.
NOTIC: [2] implode() [<a href='function.implode'>function.implode</a>]: Invalid arguments passed D:\wamp\www\dzqc_ucenter\ThinkPHP\Lib\Core\Db.class.php 第 294 行.
SQL: UPDATE `dzqc_user` SET  WHERE ( `id` =86 ) [ RunTime:0.000081s ]
ERR: 1064:You have an error in your SQL syntax; check the manual that corresponds to your MySQL server version for the right syntax to use near 'WHERE ( `id` =86 )' at line 1
 [ SQL语句 ] : UPDATE `dzqc_user` SET  WHERE ( `id` =86 )

[ 2016-06-01T16:16:05+08:00 ] 192.168.2.89 /dzqc_ucenter//User/login
INFO: [ route_check ] --START--
INFO: CheckRoute Behavior ::run [ RunTime:0.001382s ]
INFO: [ route_check ] --END-- [ RunTime:0.001434s ]
INFO: [ app_begin ] --START--
INFO: ReadHtmlCache Behavior ::run [ RunTime:0.001857s ]
INFO: [ app_begin ] --END-- [ RunTime:0.001937s ]
SQL: SHOW COLUMNS FROM `dzqc_user` [ RunTime:0.004135s ]
SQL: SELECT * FROM `dzqc_user` WHERE (  username='13603987212' or mobile='13603987212' ) LIMIT 1   [ RunTime:0.000358s ]

[ 2016-06-01T16:16:11+08:00 ] 192.168.2.89 /dzqc_ucenter//User/login
INFO: [ route_check ] --START--
INFO: CheckRoute Behavior ::run [ RunTime:0.001082s ]
INFO: [ route_check ] --END-- [ RunTime:0.001142s ]
INFO: [ app_begin ] --START--
INFO: ReadHtmlCache Behavior ::run [ RunTime:0.000858s ]
INFO: [ app_begin ] --END-- [ RunTime:0.000894s ]
SQL: SHOW COLUMNS FROM `dzqc_user` [ RunTime:0.004693s ]
SQL: SELECT * FROM `dzqc_user` WHERE (  username='13603987212' or mobile='13603987212' ) LIMIT 1   [ RunTime:0.000346s ]
NOTIC: [8] Undefined variable: set D:\wamp\www\dzqc_ucenter\ThinkPHP\Lib\Core\Db.class.php 第 294 行.
NOTIC: [2] implode() [<a href='function.implode'>function.implode</a>]: Invalid arguments passed D:\wamp\www\dzqc_ucenter\ThinkPHP\Lib\Core\Db.class.php 第 294 行.
SQL: UPDATE `dzqc_user` SET  WHERE ( `id` =74 ) [ RunTime:0.000103s ]
ERR: 1064:You have an error in your SQL syntax; check the manual that corresponds to your MySQL server version for the right syntax to use near 'WHERE ( `id` =74 )' at line 1
 [ SQL语句 ] : UPDATE `dzqc_user` SET  WHERE ( `id` =74 )

[ 2016-06-01T16:16:12+08:00 ] 192.168.2.89 /dzqc_ucenter//User/login
INFO: [ route_check ] --START--
INFO: CheckRoute Behavior ::run [ RunTime:0.001252s ]
INFO: [ route_check ] --END-- [ RunTime:0.001319s ]
INFO: [ app_begin ] --START--
INFO: ReadHtmlCache Behavior ::run [ RunTime:0.001000s ]
INFO: [ app_begin ] --END-- [ RunTime:0.001041s ]
SQL: SHOW COLUMNS FROM `dzqc_user` [ RunTime:0.004404s ]
SQL: SELECT * FROM `dzqc_user` WHERE (  username='13603987212' or mobile='13603987212' ) LIMIT 1   [ RunTime:0.000304s ]
NOTIC: [8] Undefined variable: set D:\wamp\www\dzqc_ucenter\ThinkPHP\Lib\Core\Db.class.php 第 294 行.
NOTIC: [2] implode() [<a href='function.implode'>function.implode</a>]: Invalid arguments passed D:\wamp\www\dzqc_ucenter\ThinkPHP\Lib\Core\Db.class.php 第 294 行.
SQL: UPDATE `dzqc_user` SET  WHERE ( `id` =74 ) [ RunTime:0.000093s ]
ERR: 1064:You have an error in your SQL syntax; check the manual that corresponds to your MySQL server version for the right syntax to use near 'WHERE ( `id` =74 )' at line 1
 [ SQL语句 ] : UPDATE `dzqc_user` SET  WHERE ( `id` =74 )

[ 2016-06-01T17:01:14+08:00 ] 192.168.2.89 /dzqc_ucenter//User/login
INFO: [ route_check ] --START--
INFO: CheckRoute Behavior ::run [ RunTime:0.001595s ]
INFO: [ route_check ] --END-- [ RunTime:0.001657s ]
INFO: [ app_begin ] --START--
INFO: ReadHtmlCache Behavior ::run [ RunTime:0.000948s ]
INFO: [ app_begin ] --END-- [ RunTime:0.000985s ]
SQL: SHOW COLUMNS FROM `dzqc_user` [ RunTime:0.004964s ]
SQL: SELECT * FROM `dzqc_user` WHERE (  username='13603987212' or mobile='13603987212' ) LIMIT 1   [ RunTime:0.000470s ]
NOTIC: [8] Undefined variable: set D:\wamp\www\dzqc_ucenter\ThinkPHP\Lib\Core\Db.class.php 第 294 行.
NOTIC: [2] implode() [<a href='function.implode'>function.implode</a>]: Invalid arguments passed D:\wamp\www\dzqc_ucenter\ThinkPHP\Lib\Core\Db.class.php 第 294 行.
SQL: UPDATE `dzqc_user` SET  WHERE ( `id` =74 ) [ RunTime:0.000101s ]
ERR: 1064:You have an error in your SQL syntax; check the manual that corresponds to your MySQL server version for the right syntax to use near 'WHERE ( `id` =74 )' at line 1
 [ SQL语句 ] : UPDATE `dzqc_user` SET  WHERE ( `id` =74 )

[ 2016-06-01T17:41:23+08:00 ] 192.168.2.89 /dzqc_ucenter//User/login
INFO: [ route_check ] --START--
INFO: CheckRoute Behavior ::run [ RunTime:0.004426s ]
INFO: [ route_check ] --END-- [ RunTime:0.004530s ]
INFO: [ app_begin ] --START--
INFO: ReadHtmlCache Behavior ::run [ RunTime:0.002522s ]
INFO: [ app_begin ] --END-- [ RunTime:0.002613s ]
SQL: SHOW COLUMNS FROM `dzqc_user` [ RunTime:0.005968s ]
SQL: SELECT * FROM `dzqc_user` WHERE (  username='1324102719@qq.com' or mobile='1324102719@qq.com' ) LIMIT 1   [ RunTime:0.000514s ]

[ 2016-06-01T17:41:35+08:00 ] 192.168.2.89 /dzqc_ucenter//User/login
INFO: [ route_check ] --START--
INFO: CheckRoute Behavior ::run [ RunTime:0.001511s ]
INFO: [ route_check ] --END-- [ RunTime:0.001614s ]
INFO: [ app_begin ] --START--
INFO: ReadHtmlCache Behavior ::run [ RunTime:0.001309s ]
INFO: [ app_begin ] --END-- [ RunTime:0.001385s ]
SQL: SHOW COLUMNS FROM `dzqc_user` [ RunTime:0.006434s ]
SQL: SELECT * FROM `dzqc_user` WHERE (  username='1324102719@qq.com' or mobile='1324102719@qq.com' ) LIMIT 1   [ RunTime:0.000594s ]

