[ 2016-05-27T10:07:46+08:00 ] 192.168.1.89 /dzqc_ucenter//User/login
INFO: [ route_check ] --START--
INFO: CheckRoute Behavior ::run [ RunTime:0.003471s ]
INFO: [ route_check ] --END-- [ RunTime:0.003561s ]
INFO: [ app_begin ] --START--
INFO: ReadHtmlCache Behavior ::run [ RunTime:0.002150s ]
INFO: [ app_begin ] --END-- [ RunTime:0.002227s ]
SQL: SHOW COLUMNS FROM `dzqc_user` [ RunTime:0.007433s ]
SQL: SELECT * FROM `dzqc_user` WHERE (  username='13603987212' or mobile='13603987212' ) LIMIT 1   [ RunTime:0.000456s ]

[ 2016-05-27T10:09:40+08:00 ] 192.168.1.89 /dzqc_ucenter//User/login
INFO: [ route_check ] --START--
INFO: CheckRoute Behavior ::run [ RunTime:0.001707s ]
INFO: [ route_check ] --END-- [ RunTime:0.001796s ]
INFO: [ app_begin ] --START--
INFO: ReadHtmlCache Behavior ::run [ RunTime:0.001265s ]
INFO: [ app_begin ] --END-- [ RunTime:0.001327s ]
SQL: SHOW COLUMNS FROM `dzqc_user` [ RunTime:0.006176s ]
SQL: SELECT * FROM `dzqc_user` WHERE (  username='13603987212' or mobile='13603987212' ) LIMIT 1   [ RunTime:0.000387s ]

[ 2016-05-27T10:15:51+08:00 ] 192.168.1.89 /dzqc_ucenter//User/chkMobileExist
INFO: [ route_check ] --START--
INFO: CheckRoute Behavior ::run [ RunTime:0.005840s ]
INFO: [ route_check ] --END-- [ RunTime:0.005941s ]
INFO: [ app_begin ] --START--
INFO: ReadHtmlCache Behavior ::run [ RunTime:0.007792s ]
INFO: [ app_begin ] --END-- [ RunTime:0.007902s ]
SQL: SHOW COLUMNS FROM `dzqc_user` [ RunTime:0.005536s ]
SQL: SELECT * FROM `dzqc_user` WHERE ( mobile='13603987212' ) LIMIT 1   [ RunTime:0.000424s ]
NOTIC: [2] Missing argument 1 for QAction::q_error(), called in D:\wamp\www\dzqc_ucenter\App\Lib\Action\UserAction.class.php on line 118 and defined D:\wamp\www\dzqc_ucenter\App\Lib\Core\QAction.class.php 第 68 行.
NOTIC: [8] Undefined variable: mix_data D:\wamp\www\dzqc_ucenter\App\Lib\Core\QAction.class.php 第 70 行.
NOTIC: [8] Undefined variable: mix_data D:\wamp\www\dzqc_ucenter\App\Lib\Core\QAction.class.php 第 72 行.

[ 2016-05-27T10:15:51+08:00 ] 192.168.1.89 /dzqc_ucenter//User/regByMobile
INFO: [ route_check ] --START--
INFO: CheckRoute Behavior ::run [ RunTime:0.003224s ]
INFO: [ route_check ] --END-- [ RunTime:0.003303s ]
INFO: [ app_begin ] --START--
INFO: ReadHtmlCache Behavior ::run [ RunTime:0.003123s ]
INFO: [ app_begin ] --END-- [ RunTime:0.003192s ]
SQL: SHOW COLUMNS FROM `dzqc_user` [ RunTime:0.005580s ]
SQL: SELECT * FROM `dzqc_user` WHERE ( mobile='13603987212' ) LIMIT 1   [ RunTime:0.000460s ]
SQL: INSERT INTO `dzqc_user` (`username`,`mobile`,`password`,`regtime`) VALUES ('JYPN13603987212','13603987212','fdca3fd8cd6fa64fa26427684b3b5f2a',1464315351) [ RunTime:0.007905s ]
SQL: SELECT * FROM `dzqc_user` WHERE (  username='13603987212' or mobile='13603987212' ) LIMIT 1   [ RunTime:0.000331s ]
NOTIC: [8] Undefined variable: set D:\wamp\www\dzqc_ucenter\ThinkPHP\Lib\Core\Db.class.php 第 294 行.
NOTIC: [2] implode() [<a href='function.implode'>function.implode</a>]: Invalid arguments passed D:\wamp\www\dzqc_ucenter\ThinkPHP\Lib\Core\Db.class.php 第 294 行.
SQL: UPDATE `dzqc_user` SET  WHERE ( `id` =74 ) [ RunTime:0.000104s ]
ERR: 1064:You have an error in your SQL syntax; check the manual that corresponds to your MySQL server version for the right syntax to use near 'WHERE ( `id` =74 )' at line 1
 [ SQL语句 ] : UPDATE `dzqc_user` SET  WHERE ( `id` =74 )

[ 2016-05-27T10:15:51+08:00 ] 192.168.1.89 /dzqc_ucenter//User/login
INFO: [ route_check ] --START--
INFO: CheckRoute Behavior ::run [ RunTime:0.003003s ]
INFO: [ route_check ] --END-- [ RunTime:0.003092s ]
INFO: [ app_begin ] --START--
INFO: ReadHtmlCache Behavior ::run [ RunTime:0.009850s ]
INFO: [ app_begin ] --END-- [ RunTime:0.009956s ]
SQL: SHOW COLUMNS FROM `dzqc_user` [ RunTime:0.005123s ]
SQL: SELECT * FROM `dzqc_user` WHERE (  username='13603987212' or mobile='13603987212' ) LIMIT 1   [ RunTime:0.000355s ]
NOTIC: [8] Undefined variable: set D:\wamp\www\dzqc_ucenter\ThinkPHP\Lib\Core\Db.class.php 第 294 行.
NOTIC: [2] implode() [<a href='function.implode'>function.implode</a>]: Invalid arguments passed D:\wamp\www\dzqc_ucenter\ThinkPHP\Lib\Core\Db.class.php 第 294 行.
SQL: UPDATE `dzqc_user` SET  WHERE ( `id` =74 ) [ RunTime:0.000094s ]
ERR: 1064:You have an error in your SQL syntax; check the manual that corresponds to your MySQL server version for the right syntax to use near 'WHERE ( `id` =74 )' at line 1
 [ SQL语句 ] : UPDATE `dzqc_user` SET  WHERE ( `id` =74 )

[ 2016-05-27T10:15:52+08:00 ] 192.168.1.89 /dzqc_ucenter//User/chkMobileExist
INFO: [ route_check ] --START--
INFO: CheckRoute Behavior ::run [ RunTime:0.004292s ]
INFO: [ route_check ] --END-- [ RunTime:0.004420s ]
INFO: [ app_begin ] --START--
INFO: ReadHtmlCache Behavior ::run [ RunTime:0.015745s ]
INFO: [ app_begin ] --END-- [ RunTime:0.015838s ]
SQL: SHOW COLUMNS FROM `dzqc_user` [ RunTime:0.008740s ]
SQL: SELECT * FROM `dzqc_user` WHERE ( mobile='13603987212' ) LIMIT 1   [ RunTime:0.000566s ]
NOTIC: [2] Missing argument 1 for QAction::q_success(), called in D:\wamp\www\dzqc_ucenter\App\Lib\Action\UserAction.class.php on line 116 and defined D:\wamp\www\dzqc_ucenter\App\Lib\Core\QAction.class.php 第 44 行.
NOTIC: [8] Undefined variable: mix_data D:\wamp\www\dzqc_ucenter\App\Lib\Core\QAction.class.php 第 46 行.
NOTIC: [8] Undefined variable: mix_data D:\wamp\www\dzqc_ucenter\App\Lib\Core\QAction.class.php 第 48 行.

[ 2016-05-27T10:16:55+08:00 ] 192.168.1.89 /dzqc_ucenter//User/login
INFO: [ route_check ] --START--
INFO: CheckRoute Behavior ::run [ RunTime:0.003763s ]
INFO: [ route_check ] --END-- [ RunTime:0.003841s ]
INFO: [ app_begin ] --START--
INFO: ReadHtmlCache Behavior ::run [ RunTime:0.003649s ]
INFO: [ app_begin ] --END-- [ RunTime:0.003756s ]
SQL: SHOW COLUMNS FROM `dzqc_user` [ RunTime:0.007975s ]
SQL: SELECT * FROM `dzqc_user` WHERE (  username='13603987212' or mobile='13603987212' ) LIMIT 1   [ RunTime:0.000372s ]
NOTIC: [8] Undefined variable: set D:\wamp\www\dzqc_ucenter\ThinkPHP\Lib\Core\Db.class.php 第 294 行.
NOTIC: [2] implode() [<a href='function.implode'>function.implode</a>]: Invalid arguments passed D:\wamp\www\dzqc_ucenter\ThinkPHP\Lib\Core\Db.class.php 第 294 行.
SQL: UPDATE `dzqc_user` SET  WHERE ( `id` =74 ) [ RunTime:0.000095s ]
ERR: 1064:You have an error in your SQL syntax; check the manual that corresponds to your MySQL server version for the right syntax to use near 'WHERE ( `id` =74 )' at line 1
 [ SQL语句 ] : UPDATE `dzqc_user` SET  WHERE ( `id` =74 )

[ 2016-05-27T10:18:55+08:00 ] 192.168.1.89 /dzqc_ucenter//User/login
INFO: [ route_check ] --START--
INFO: CheckRoute Behavior ::run [ RunTime:0.005290s ]
INFO: [ route_check ] --END-- [ RunTime:0.005419s ]
INFO: [ app_begin ] --START--
INFO: ReadHtmlCache Behavior ::run [ RunTime:0.002242s ]
INFO: [ app_begin ] --END-- [ RunTime:0.002324s ]
SQL: SHOW COLUMNS FROM `dzqc_user` [ RunTime:0.008559s ]
SQL: SELECT * FROM `dzqc_user` WHERE (  username='13603987212' or mobile='13603987212' ) LIMIT 1   [ RunTime:0.001545s ]
NOTIC: [8] Undefined variable: set D:\wamp\www\dzqc_ucenter\ThinkPHP\Lib\Core\Db.class.php 第 294 行.
NOTIC: [2] implode() [<a href='function.implode'>function.implode</a>]: Invalid arguments passed D:\wamp\www\dzqc_ucenter\ThinkPHP\Lib\Core\Db.class.php 第 294 行.
SQL: UPDATE `dzqc_user` SET  WHERE ( `id` =74 ) [ RunTime:0.000373s ]
ERR: 1064:You have an error in your SQL syntax; check the manual that corresponds to your MySQL server version for the right syntax to use near 'WHERE ( `id` =74 )' at line 1
 [ SQL语句 ] : UPDATE `dzqc_user` SET  WHERE ( `id` =74 )

[ 2016-05-27T10:26:50+08:00 ] 192.168.1.89 /dzqc_ucenter//User/login
INFO: [ route_check ] --START--
INFO: CheckRoute Behavior ::run [ RunTime:0.003640s ]
INFO: [ route_check ] --END-- [ RunTime:0.003754s ]
INFO: [ app_begin ] --START--
INFO: ReadHtmlCache Behavior ::run [ RunTime:0.005565s ]
INFO: [ app_begin ] --END-- [ RunTime:0.005673s ]
SQL: SHOW COLUMNS FROM `dzqc_user` [ RunTime:0.008600s ]
SQL: SELECT * FROM `dzqc_user` WHERE (  username='13603987212' or mobile='13603987212' ) LIMIT 1   [ RunTime:0.000528s ]
NOTIC: [8] Undefined variable: set D:\wamp\www\dzqc_ucenter\ThinkPHP\Lib\Core\Db.class.php 第 294 行.
NOTIC: [2] implode() [<a href='function.implode'>function.implode</a>]: Invalid arguments passed D:\wamp\www\dzqc_ucenter\ThinkPHP\Lib\Core\Db.class.php 第 294 行.
SQL: UPDATE `dzqc_user` SET  WHERE ( `id` =74 ) [ RunTime:0.000781s ]
ERR: 1064:You have an error in your SQL syntax; check the manual that corresponds to your MySQL server version for the right syntax to use near 'WHERE ( `id` =74 )' at line 1
 [ SQL语句 ] : UPDATE `dzqc_user` SET  WHERE ( `id` =74 )

[ 2016-05-27T10:40:43+08:00 ] 192.168.1.89 /dzqc_ucenter//User/login
INFO: [ route_check ] --START--
INFO: CheckRoute Behavior ::run [ RunTime:0.003286s ]
INFO: [ route_check ] --END-- [ RunTime:0.003401s ]
INFO: [ app_begin ] --START--
INFO: ReadHtmlCache Behavior ::run [ RunTime:0.003429s ]
INFO: [ app_begin ] --END-- [ RunTime:0.003518s ]
SQL: SHOW COLUMNS FROM `dzqc_user` [ RunTime:0.007760s ]
SQL: SELECT * FROM `dzqc_user` WHERE (  username='13603987212' or mobile='13603987212' ) LIMIT 1   [ RunTime:0.000469s ]
NOTIC: [8] Undefined variable: set D:\wamp\www\dzqc_ucenter\ThinkPHP\Lib\Core\Db.class.php 第 294 行.
NOTIC: [2] implode() [<a href='function.implode'>function.implode</a>]: Invalid arguments passed D:\wamp\www\dzqc_ucenter\ThinkPHP\Lib\Core\Db.class.php 第 294 行.
SQL: UPDATE `dzqc_user` SET  WHERE ( `id` =74 ) [ RunTime:0.000163s ]
ERR: 1064:You have an error in your SQL syntax; check the manual that corresponds to your MySQL server version for the right syntax to use near 'WHERE ( `id` =74 )' at line 1
 [ SQL语句 ] : UPDATE `dzqc_user` SET  WHERE ( `id` =74 )

[ 2016-05-27T10:44:08+08:00 ] 192.168.1.89 /dzqc_ucenter//User/login
INFO: [ route_check ] --START--
INFO: CheckRoute Behavior ::run [ RunTime:0.005306s ]
INFO: [ route_check ] --END-- [ RunTime:0.005468s ]
INFO: [ app_begin ] --START--
INFO: ReadHtmlCache Behavior ::run [ RunTime:0.002125s ]
INFO: [ app_begin ] --END-- [ RunTime:0.002264s ]
SQL: SHOW COLUMNS FROM `dzqc_user` [ RunTime:0.007566s ]
SQL: SELECT * FROM `dzqc_user` WHERE (  username='13603987212' or mobile='13603987212' ) LIMIT 1   [ RunTime:0.001517s ]
NOTIC: [8] Undefined variable: set D:\wamp\www\dzqc_ucenter\ThinkPHP\Lib\Core\Db.class.php 第 294 行.
NOTIC: [2] implode() [<a href='function.implode'>function.implode</a>]: Invalid arguments passed D:\wamp\www\dzqc_ucenter\ThinkPHP\Lib\Core\Db.class.php 第 294 行.
SQL: UPDATE `dzqc_user` SET  WHERE ( `id` =74 ) [ RunTime:0.000177s ]
ERR: 1064:You have an error in your SQL syntax; check the manual that corresponds to your MySQL server version for the right syntax to use near 'WHERE ( `id` =74 )' at line 1
 [ SQL语句 ] : UPDATE `dzqc_user` SET  WHERE ( `id` =74 )

[ 2016-05-27T10:47:20+08:00 ] 192.168.1.89 /dzqc_ucenter//User/login
INFO: [ route_check ] --START--
INFO: CheckRoute Behavior ::run [ RunTime:0.003862s ]
INFO: [ route_check ] --END-- [ RunTime:0.003996s ]
INFO: [ app_begin ] --START--
INFO: ReadHtmlCache Behavior ::run [ RunTime:0.002024s ]
INFO: [ app_begin ] --END-- [ RunTime:0.002117s ]
SQL: SHOW COLUMNS FROM `dzqc_user` [ RunTime:0.029921s ]
SQL: SELECT * FROM `dzqc_user` WHERE (  username='13603987212' or mobile='13603987212' ) LIMIT 1   [ RunTime:0.000474s ]
NOTIC: [8] Undefined variable: set D:\wamp\www\dzqc_ucenter\ThinkPHP\Lib\Core\Db.class.php 第 294 行.
NOTIC: [2] implode() [<a href='function.implode'>function.implode</a>]: Invalid arguments passed D:\wamp\www\dzqc_ucenter\ThinkPHP\Lib\Core\Db.class.php 第 294 行.
SQL: UPDATE `dzqc_user` SET  WHERE ( `id` =74 ) [ RunTime:0.000179s ]
ERR: 1064:You have an error in your SQL syntax; check the manual that corresponds to your MySQL server version for the right syntax to use near 'WHERE ( `id` =74 )' at line 1
 [ SQL语句 ] : UPDATE `dzqc_user` SET  WHERE ( `id` =74 )

[ 2016-05-27T10:48:04+08:00 ] 192.168.1.89 /dzqc_ucenter//User/login
INFO: [ route_check ] --START--
INFO: CheckRoute Behavior ::run [ RunTime:0.003336s ]
INFO: [ route_check ] --END-- [ RunTime:0.003504s ]
INFO: [ app_begin ] --START--
INFO: ReadHtmlCache Behavior ::run [ RunTime:0.001496s ]
INFO: [ app_begin ] --END-- [ RunTime:0.001600s ]
SQL: SHOW COLUMNS FROM `dzqc_user` [ RunTime:0.010791s ]
SQL: SELECT * FROM `dzqc_user` WHERE (  username='13603987212' or mobile='13603987212' ) LIMIT 1   [ RunTime:0.000451s ]
NOTIC: [8] Undefined variable: set D:\wamp\www\dzqc_ucenter\ThinkPHP\Lib\Core\Db.class.php 第 294 行.
NOTIC: [2] implode() [<a href='function.implode'>function.implode</a>]: Invalid arguments passed D:\wamp\www\dzqc_ucenter\ThinkPHP\Lib\Core\Db.class.php 第 294 行.
SQL: UPDATE `dzqc_user` SET  WHERE ( `id` =74 ) [ RunTime:0.000130s ]
ERR: 1064:You have an error in your SQL syntax; check the manual that corresponds to your MySQL server version for the right syntax to use near 'WHERE ( `id` =74 )' at line 1
 [ SQL语句 ] : UPDATE `dzqc_user` SET  WHERE ( `id` =74 )

[ 2016-05-27T10:48:16+08:00 ] 192.168.1.89 /dzqc_ucenter//User/login
INFO: [ route_check ] --START--
INFO: CheckRoute Behavior ::run [ RunTime:0.002879s ]
INFO: [ route_check ] --END-- [ RunTime:0.002966s ]
INFO: [ app_begin ] --START--
INFO: ReadHtmlCache Behavior ::run [ RunTime:0.003211s ]
INFO: [ app_begin ] --END-- [ RunTime:0.003303s ]
SQL: SHOW COLUMNS FROM `dzqc_user` [ RunTime:0.012013s ]
SQL: SELECT * FROM `dzqc_user` WHERE (  username='13603987212' or mobile='13603987212' ) LIMIT 1   [ RunTime:0.000513s ]
NOTIC: [8] Undefined variable: set D:\wamp\www\dzqc_ucenter\ThinkPHP\Lib\Core\Db.class.php 第 294 行.
NOTIC: [2] implode() [<a href='function.implode'>function.implode</a>]: Invalid arguments passed D:\wamp\www\dzqc_ucenter\ThinkPHP\Lib\Core\Db.class.php 第 294 行.
SQL: UPDATE `dzqc_user` SET  WHERE ( `id` =74 ) [ RunTime:0.000232s ]
ERR: 1064:You have an error in your SQL syntax; check the manual that corresponds to your MySQL server version for the right syntax to use near 'WHERE ( `id` =74 )' at line 1
 [ SQL语句 ] : UPDATE `dzqc_user` SET  WHERE ( `id` =74 )

[ 2016-05-27T10:48:40+08:00 ] 192.168.1.89 /dzqc_ucenter//User/login
INFO: [ route_check ] --START--
INFO: CheckRoute Behavior ::run [ RunTime:0.005070s ]
INFO: [ route_check ] --END-- [ RunTime:0.005654s ]
INFO: [ app_begin ] --START--
INFO: ReadHtmlCache Behavior ::run [ RunTime:0.001427s ]
INFO: [ app_begin ] --END-- [ RunTime:0.001656s ]
SQL: SHOW COLUMNS FROM `dzqc_user` [ RunTime:0.009720s ]
SQL: SELECT * FROM `dzqc_user` WHERE (  username='13603987212' or mobile='13603987212' ) LIMIT 1   [ RunTime:0.000360s ]
NOTIC: [8] Undefined variable: set D:\wamp\www\dzqc_ucenter\ThinkPHP\Lib\Core\Db.class.php 第 294 行.
NOTIC: [2] implode() [<a href='function.implode'>function.implode</a>]: Invalid arguments passed D:\wamp\www\dzqc_ucenter\ThinkPHP\Lib\Core\Db.class.php 第 294 行.
SQL: UPDATE `dzqc_user` SET  WHERE ( `id` =74 ) [ RunTime:0.000121s ]
ERR: 1064:You have an error in your SQL syntax; check the manual that corresponds to your MySQL server version for the right syntax to use near 'WHERE ( `id` =74 )' at line 1
 [ SQL语句 ] : UPDATE `dzqc_user` SET  WHERE ( `id` =74 )

[ 2016-05-27T10:49:02+08:00 ] 192.168.1.89 /dzqc_ucenter//User/login
INFO: [ route_check ] --START--
INFO: CheckRoute Behavior ::run [ RunTime:0.003905s ]
INFO: [ route_check ] --END-- [ RunTime:0.004144s ]
INFO: [ app_begin ] --START--
INFO: ReadHtmlCache Behavior ::run [ RunTime:0.001503s ]
INFO: [ app_begin ] --END-- [ RunTime:0.001581s ]
SQL: SHOW COLUMNS FROM `dzqc_user` [ RunTime:0.012545s ]
SQL: SELECT * FROM `dzqc_user` WHERE (  username='13603987212' or mobile='13603987212' ) LIMIT 1   [ RunTime:0.000482s ]
NOTIC: [8] Undefined variable: set D:\wamp\www\dzqc_ucenter\ThinkPHP\Lib\Core\Db.class.php 第 294 行.
NOTIC: [2] implode() [<a href='function.implode'>function.implode</a>]: Invalid arguments passed D:\wamp\www\dzqc_ucenter\ThinkPHP\Lib\Core\Db.class.php 第 294 行.
SQL: UPDATE `dzqc_user` SET  WHERE ( `id` =74 ) [ RunTime:0.000134s ]
ERR: 1064:You have an error in your SQL syntax; check the manual that corresponds to your MySQL server version for the right syntax to use near 'WHERE ( `id` =74 )' at line 1
 [ SQL语句 ] : UPDATE `dzqc_user` SET  WHERE ( `id` =74 )

[ 2016-05-27T10:49:51+08:00 ] 192.168.1.89 /dzqc_ucenter//User/login
INFO: [ route_check ] --START--
INFO: CheckRoute Behavior ::run [ RunTime:0.003376s ]
INFO: [ route_check ] --END-- [ RunTime:0.003474s ]
INFO: [ app_begin ] --START--
INFO: ReadHtmlCache Behavior ::run [ RunTime:0.003451s ]
INFO: [ app_begin ] --END-- [ RunTime:0.003567s ]
SQL: SHOW COLUMNS FROM `dzqc_user` [ RunTime:0.011613s ]
SQL: SELECT * FROM `dzqc_user` WHERE (  username='13603987212' or mobile='13603987212' ) LIMIT 1   [ RunTime:0.001022s ]
NOTIC: [8] Undefined variable: set D:\wamp\www\dzqc_ucenter\ThinkPHP\Lib\Core\Db.class.php 第 294 行.
NOTIC: [2] implode() [<a href='function.implode'>function.implode</a>]: Invalid arguments passed D:\wamp\www\dzqc_ucenter\ThinkPHP\Lib\Core\Db.class.php 第 294 行.
SQL: UPDATE `dzqc_user` SET  WHERE ( `id` =74 ) [ RunTime:0.000487s ]
ERR: 1064:You have an error in your SQL syntax; check the manual that corresponds to your MySQL server version for the right syntax to use near 'WHERE ( `id` =74 )' at line 1
 [ SQL语句 ] : UPDATE `dzqc_user` SET  WHERE ( `id` =74 )

[ 2016-05-27T10:52:39+08:00 ] 192.168.1.89 /dzqc_ucenter//User/login
INFO: [ route_check ] --START--
INFO: CheckRoute Behavior ::run [ RunTime:0.003736s ]
INFO: [ route_check ] --END-- [ RunTime:0.003851s ]
INFO: [ app_begin ] --START--
INFO: ReadHtmlCache Behavior ::run [ RunTime:0.004463s ]
INFO: [ app_begin ] --END-- [ RunTime:0.004567s ]
SQL: SHOW COLUMNS FROM `dzqc_user` [ RunTime:0.009898s ]
SQL: SELECT * FROM `dzqc_user` WHERE (  username='13603987212' or mobile='13603987212' ) LIMIT 1   [ RunTime:0.001446s ]
NOTIC: [8] Undefined variable: set D:\wamp\www\dzqc_ucenter\ThinkPHP\Lib\Core\Db.class.php 第 294 行.
NOTIC: [2] implode() [<a href='function.implode'>function.implode</a>]: Invalid arguments passed D:\wamp\www\dzqc_ucenter\ThinkPHP\Lib\Core\Db.class.php 第 294 行.
SQL: UPDATE `dzqc_user` SET  WHERE ( `id` =74 ) [ RunTime:0.000909s ]
ERR: 1064:You have an error in your SQL syntax; check the manual that corresponds to your MySQL server version for the right syntax to use near 'WHERE ( `id` =74 )' at line 1
 [ SQL语句 ] : UPDATE `dzqc_user` SET  WHERE ( `id` =74 )

[ 2016-05-27T11:01:11+08:00 ] 192.168.1.89 /dzqc_ucenter//User/login
INFO: [ route_check ] --START--
INFO: CheckRoute Behavior ::run [ RunTime:0.007387s ]
INFO: [ route_check ] --END-- [ RunTime:0.007551s ]
INFO: [ app_begin ] --START--
INFO: ReadHtmlCache Behavior ::run [ RunTime:0.003564s ]
INFO: [ app_begin ] --END-- [ RunTime:0.003675s ]
SQL: SHOW COLUMNS FROM `dzqc_user` [ RunTime:0.012921s ]
SQL: SELECT * FROM `dzqc_user` WHERE (  username='13603987212' or mobile='13603987212' ) LIMIT 1   [ RunTime:0.000855s ]
NOTIC: [8] Undefined variable: set D:\wamp\www\dzqc_ucenter\ThinkPHP\Lib\Core\Db.class.php 第 294 行.
NOTIC: [2] implode() [<a href='function.implode'>function.implode</a>]: Invalid arguments passed D:\wamp\www\dzqc_ucenter\ThinkPHP\Lib\Core\Db.class.php 第 294 行.
SQL: UPDATE `dzqc_user` SET  WHERE ( `id` =74 ) [ RunTime:0.000190s ]
ERR: 1064:You have an error in your SQL syntax; check the manual that corresponds to your MySQL server version for the right syntax to use near 'WHERE ( `id` =74 )' at line 1
 [ SQL语句 ] : UPDATE `dzqc_user` SET  WHERE ( `id` =74 )

[ 2016-05-27T11:03:39+08:00 ] 192.168.1.89 /dzqc_ucenter//User/login
INFO: [ route_check ] --START--
INFO: CheckRoute Behavior ::run [ RunTime:0.002546s ]
INFO: [ route_check ] --END-- [ RunTime:0.002836s ]
INFO: [ app_begin ] --START--
INFO: ReadHtmlCache Behavior ::run [ RunTime:0.004872s ]
INFO: [ app_begin ] --END-- [ RunTime:0.005011s ]
SQL: SHOW COLUMNS FROM `dzqc_user` [ RunTime:0.009986s ]
SQL: SELECT * FROM `dzqc_user` WHERE (  username='13603987212' or mobile='13603987212' ) LIMIT 1   [ RunTime:0.000810s ]
NOTIC: [8] Undefined variable: set D:\wamp\www\dzqc_ucenter\ThinkPHP\Lib\Core\Db.class.php 第 294 行.
NOTIC: [2] implode() [<a href='function.implode'>function.implode</a>]: Invalid arguments passed D:\wamp\www\dzqc_ucenter\ThinkPHP\Lib\Core\Db.class.php 第 294 行.
SQL: UPDATE `dzqc_user` SET  WHERE ( `id` =74 ) [ RunTime:0.002125s ]
ERR: 1064:You have an error in your SQL syntax; check the manual that corresponds to your MySQL server version for the right syntax to use near 'WHERE ( `id` =74 )' at line 1
 [ SQL语句 ] : UPDATE `dzqc_user` SET  WHERE ( `id` =74 )

[ 2016-05-27T11:04:41+08:00 ] 192.168.1.89 /dzqc_ucenter//User/login
INFO: [ route_check ] --START--
INFO: CheckRoute Behavior ::run [ RunTime:0.002687s ]
INFO: [ route_check ] --END-- [ RunTime:0.002976s ]
INFO: [ app_begin ] --START--
INFO: ReadHtmlCache Behavior ::run [ RunTime:0.002285s ]
INFO: [ app_begin ] --END-- [ RunTime:0.002370s ]
SQL: SHOW COLUMNS FROM `dzqc_user` [ RunTime:0.016060s ]
SQL: SELECT * FROM `dzqc_user` WHERE (  username='13603987212' or mobile='13603987212' ) LIMIT 1   [ RunTime:0.000527s ]
NOTIC: [8] Undefined variable: set D:\wamp\www\dzqc_ucenter\ThinkPHP\Lib\Core\Db.class.php 第 294 行.
NOTIC: [2] implode() [<a href='function.implode'>function.implode</a>]: Invalid arguments passed D:\wamp\www\dzqc_ucenter\ThinkPHP\Lib\Core\Db.class.php 第 294 行.
SQL: UPDATE `dzqc_user` SET  WHERE ( `id` =74 ) [ RunTime:0.000266s ]
ERR: 1064:You have an error in your SQL syntax; check the manual that corresponds to your MySQL server version for the right syntax to use near 'WHERE ( `id` =74 )' at line 1
 [ SQL语句 ] : UPDATE `dzqc_user` SET  WHERE ( `id` =74 )

[ 2016-05-27T11:07:27+08:00 ] 192.168.1.89 /dzqc_ucenter//User/login
INFO: [ route_check ] --START--
INFO: CheckRoute Behavior ::run [ RunTime:0.002760s ]
INFO: [ route_check ] --END-- [ RunTime:0.003466s ]
INFO: [ app_begin ] --START--
INFO: ReadHtmlCache Behavior ::run [ RunTime:0.003175s ]
INFO: [ app_begin ] --END-- [ RunTime:0.004269s ]
SQL: SHOW COLUMNS FROM `dzqc_user` [ RunTime:0.013390s ]
SQL: SELECT * FROM `dzqc_user` WHERE (  username='13603987212' or mobile='13603987212' ) LIMIT 1   [ RunTime:0.000883s ]
NOTIC: [8] Undefined variable: set D:\wamp\www\dzqc_ucenter\ThinkPHP\Lib\Core\Db.class.php 第 294 行.
NOTIC: [2] implode() [<a href='function.implode'>function.implode</a>]: Invalid arguments passed D:\wamp\www\dzqc_ucenter\ThinkPHP\Lib\Core\Db.class.php 第 294 行.
SQL: UPDATE `dzqc_user` SET  WHERE ( `id` =74 ) [ RunTime:0.000835s ]
ERR: 1064:You have an error in your SQL syntax; check the manual that corresponds to your MySQL server version for the right syntax to use near 'WHERE ( `id` =74 )' at line 1
 [ SQL语句 ] : UPDATE `dzqc_user` SET  WHERE ( `id` =74 )

[ 2016-05-27T11:10:36+08:00 ] 192.168.1.89 /dzqc_ucenter//User/login
INFO: [ route_check ] --START--
INFO: CheckRoute Behavior ::run [ RunTime:0.004070s ]
INFO: [ route_check ] --END-- [ RunTime:0.004169s ]
INFO: [ app_begin ] --START--
INFO: ReadHtmlCache Behavior ::run [ RunTime:0.002382s ]
INFO: [ app_begin ] --END-- [ RunTime:0.002488s ]
SQL: SHOW COLUMNS FROM `dzqc_user` [ RunTime:0.007850s ]
SQL: SELECT * FROM `dzqc_user` WHERE (  username='13603987212' or mobile='13603987212' ) LIMIT 1   [ RunTime:0.000569s ]
NOTIC: [8] Undefined variable: set D:\wamp\www\dzqc_ucenter\ThinkPHP\Lib\Core\Db.class.php 第 294 行.
NOTIC: [2] implode() [<a href='function.implode'>function.implode</a>]: Invalid arguments passed D:\wamp\www\dzqc_ucenter\ThinkPHP\Lib\Core\Db.class.php 第 294 行.
SQL: UPDATE `dzqc_user` SET  WHERE ( `id` =74 ) [ RunTime:0.000308s ]
ERR: 1064:You have an error in your SQL syntax; check the manual that corresponds to your MySQL server version for the right syntax to use near 'WHERE ( `id` =74 )' at line 1
 [ SQL语句 ] : UPDATE `dzqc_user` SET  WHERE ( `id` =74 )

[ 2016-05-27T11:18:53+08:00 ] 192.168.1.89 /dzqc_ucenter//User/login
INFO: [ route_check ] --START--
INFO: CheckRoute Behavior ::run [ RunTime:0.006461s ]
INFO: [ route_check ] --END-- [ RunTime:0.006564s ]
INFO: [ app_begin ] --START--
INFO: ReadHtmlCache Behavior ::run [ RunTime:0.002003s ]
INFO: [ app_begin ] --END-- [ RunTime:0.002093s ]
SQL: SHOW COLUMNS FROM `dzqc_user` [ RunTime:0.010929s ]
SQL: SELECT * FROM `dzqc_user` WHERE (  username='13603987212' or mobile='13603987212' ) LIMIT 1   [ RunTime:0.000819s ]
NOTIC: [8] Undefined variable: set D:\wamp\www\dzqc_ucenter\ThinkPHP\Lib\Core\Db.class.php 第 294 行.
NOTIC: [2] implode() [<a href='function.implode'>function.implode</a>]: Invalid arguments passed D:\wamp\www\dzqc_ucenter\ThinkPHP\Lib\Core\Db.class.php 第 294 行.
SQL: UPDATE `dzqc_user` SET  WHERE ( `id` =74 ) [ RunTime:0.000140s ]
ERR: 1064:You have an error in your SQL syntax; check the manual that corresponds to your MySQL server version for the right syntax to use near 'WHERE ( `id` =74 )' at line 1
 [ SQL语句 ] : UPDATE `dzqc_user` SET  WHERE ( `id` =74 )

[ 2016-05-27T11:32:28+08:00 ] 192.168.1.89 /dzqc_ucenter//User/login
INFO: [ route_check ] --START--
INFO: CheckRoute Behavior ::run [ RunTime:0.004099s ]
INFO: [ route_check ] --END-- [ RunTime:0.004219s ]
INFO: [ app_begin ] --START--
INFO: ReadHtmlCache Behavior ::run [ RunTime:0.001800s ]
INFO: [ app_begin ] --END-- [ RunTime:0.001879s ]
SQL: SHOW COLUMNS FROM `dzqc_user` [ RunTime:0.006688s ]
SQL: SELECT * FROM `dzqc_user` WHERE (  username='13603987212' or mobile='13603987212' ) LIMIT 1   [ RunTime:0.000451s ]
NOTIC: [8] Undefined variable: set D:\wamp\www\dzqc_ucenter\ThinkPHP\Lib\Core\Db.class.php 第 294 行.
NOTIC: [2] implode() [<a href='function.implode'>function.implode</a>]: Invalid arguments passed D:\wamp\www\dzqc_ucenter\ThinkPHP\Lib\Core\Db.class.php 第 294 行.
SQL: UPDATE `dzqc_user` SET  WHERE ( `id` =74 ) [ RunTime:0.000109s ]
ERR: 1064:You have an error in your SQL syntax; check the manual that corresponds to your MySQL server version for the right syntax to use near 'WHERE ( `id` =74 )' at line 1
 [ SQL语句 ] : UPDATE `dzqc_user` SET  WHERE ( `id` =74 )

[ 2016-05-27T11:41:33+08:00 ] 192.168.1.18 /dzqc_ucenter//User/login
INFO: [ route_check ] --START--
INFO: CheckRoute Behavior ::run [ RunTime:0.002385s ]
INFO: [ route_check ] --END-- [ RunTime:0.002475s ]
INFO: [ app_begin ] --START--
INFO: ReadHtmlCache Behavior ::run [ RunTime:0.001580s ]
INFO: [ app_begin ] --END-- [ RunTime:0.001652s ]
SQL: SHOW COLUMNS FROM `dzqc_user` [ RunTime:0.007573s ]
SQL: SELECT * FROM `dzqc_user` WHERE (  username='JYPN13603987212' or mobile='JYPN13603987212' ) LIMIT 1   [ RunTime:0.000938s ]
NOTIC: [8] Undefined variable: set D:\wamp\www\dzqc_ucenter\ThinkPHP\Lib\Core\Db.class.php 第 294 行.
NOTIC: [2] implode() [<a href='function.implode'>function.implode</a>]: Invalid arguments passed D:\wamp\www\dzqc_ucenter\ThinkPHP\Lib\Core\Db.class.php 第 294 行.
SQL: UPDATE `dzqc_user` SET  WHERE ( `id` =74 ) [ RunTime:0.000507s ]
ERR: 1064:You have an error in your SQL syntax; check the manual that corresponds to your MySQL server version for the right syntax to use near 'WHERE ( `id` =74 )' at line 1
 [ SQL语句 ] : UPDATE `dzqc_user` SET  WHERE ( `id` =74 )

[ 2016-05-27T11:44:50+08:00 ] 192.168.1.89 /dzqc_ucenter//User/login
INFO: [ route_check ] --START--
INFO: CheckRoute Behavior ::run [ RunTime:0.004900s ]
INFO: [ route_check ] --END-- [ RunTime:0.005211s ]
INFO: [ app_begin ] --START--
INFO: ReadHtmlCache Behavior ::run [ RunTime:0.002320s ]
INFO: [ app_begin ] --END-- [ RunTime:0.002406s ]
SQL: SHOW COLUMNS FROM `dzqc_user` [ RunTime:0.012445s ]
SQL: SELECT * FROM `dzqc_user` WHERE (  username='13603987212' or mobile='13603987212' ) LIMIT 1   [ RunTime:0.000761s ]
NOTIC: [8] Undefined variable: set D:\wamp\www\dzqc_ucenter\ThinkPHP\Lib\Core\Db.class.php 第 294 行.
NOTIC: [2] implode() [<a href='function.implode'>function.implode</a>]: Invalid arguments passed D:\wamp\www\dzqc_ucenter\ThinkPHP\Lib\Core\Db.class.php 第 294 行.
SQL: UPDATE `dzqc_user` SET  WHERE ( `id` =74 ) [ RunTime:0.000230s ]
ERR: 1064:You have an error in your SQL syntax; check the manual that corresponds to your MySQL server version for the right syntax to use near 'WHERE ( `id` =74 )' at line 1
 [ SQL语句 ] : UPDATE `dzqc_user` SET  WHERE ( `id` =74 )

[ 2016-05-27T11:49:32+08:00 ] 192.168.1.89 /dzqc_ucenter//User/login
INFO: [ route_check ] --START--
INFO: CheckRoute Behavior ::run [ RunTime:0.004720s ]
INFO: [ route_check ] --END-- [ RunTime:0.004881s ]
INFO: [ app_begin ] --START--
INFO: ReadHtmlCache Behavior ::run [ RunTime:0.002616s ]
INFO: [ app_begin ] --END-- [ RunTime:0.002732s ]
SQL: SHOW COLUMNS FROM `dzqc_user` [ RunTime:0.007492s ]
SQL: SELECT * FROM `dzqc_user` WHERE (  username='13603987212' or mobile='13603987212' ) LIMIT 1   [ RunTime:0.000604s ]
NOTIC: [8] Undefined variable: set D:\wamp\www\dzqc_ucenter\ThinkPHP\Lib\Core\Db.class.php 第 294 行.
NOTIC: [2] implode() [<a href='function.implode'>function.implode</a>]: Invalid arguments passed D:\wamp\www\dzqc_ucenter\ThinkPHP\Lib\Core\Db.class.php 第 294 行.
SQL: UPDATE `dzqc_user` SET  WHERE ( `id` =74 ) [ RunTime:0.000139s ]
ERR: 1064:You have an error in your SQL syntax; check the manual that corresponds to your MySQL server version for the right syntax to use near 'WHERE ( `id` =74 )' at line 1
 [ SQL语句 ] : UPDATE `dzqc_user` SET  WHERE ( `id` =74 )

[ 2016-05-27T13:25:30+08:00 ] 192.168.1.89 /dzqc_ucenter//User/login
INFO: [ route_check ] --START--
INFO: CheckRoute Behavior ::run [ RunTime:0.003366s ]
INFO: [ route_check ] --END-- [ RunTime:0.003469s ]
INFO: [ app_begin ] --START--
INFO: ReadHtmlCache Behavior ::run [ RunTime:0.003683s ]
INFO: [ app_begin ] --END-- [ RunTime:0.003817s ]
SQL: SHOW COLUMNS FROM `dzqc_user` [ RunTime:0.007980s ]
SQL: SELECT * FROM `dzqc_user` WHERE (  username='13603987212' or mobile='13603987212' ) LIMIT 1   [ RunTime:0.001838s ]
NOTIC: [8] Undefined variable: set D:\wamp\www\dzqc_ucenter\ThinkPHP\Lib\Core\Db.class.php 第 294 行.
NOTIC: [2] implode() [<a href='function.implode'>function.implode</a>]: Invalid arguments passed D:\wamp\www\dzqc_ucenter\ThinkPHP\Lib\Core\Db.class.php 第 294 行.
SQL: UPDATE `dzqc_user` SET  WHERE ( `id` =74 ) [ RunTime:0.000205s ]
ERR: 1064:You have an error in your SQL syntax; check the manual that corresponds to your MySQL server version for the right syntax to use near 'WHERE ( `id` =74 )' at line 1
 [ SQL语句 ] : UPDATE `dzqc_user` SET  WHERE ( `id` =74 )

[ 2016-05-27T13:56:47+08:00 ] 192.168.1.89 /dzqc_ucenter//User/login
INFO: [ route_check ] --START--
INFO: CheckRoute Behavior ::run [ RunTime:0.002518s ]
INFO: [ route_check ] --END-- [ RunTime:0.002610s ]
INFO: [ app_begin ] --START--
INFO: ReadHtmlCache Behavior ::run [ RunTime:0.001917s ]
INFO: [ app_begin ] --END-- [ RunTime:0.002001s ]
SQL: SHOW COLUMNS FROM `dzqc_user` [ RunTime:0.013339s ]
SQL: SELECT * FROM `dzqc_user` WHERE (  username='13603987212' or mobile='13603987212' ) LIMIT 1   [ RunTime:0.000636s ]
NOTIC: [8] Undefined variable: set D:\wamp\www\dzqc_ucenter\ThinkPHP\Lib\Core\Db.class.php 第 294 行.
NOTIC: [2] implode() [<a href='function.implode'>function.implode</a>]: Invalid arguments passed D:\wamp\www\dzqc_ucenter\ThinkPHP\Lib\Core\Db.class.php 第 294 行.
SQL: UPDATE `dzqc_user` SET  WHERE ( `id` =74 ) [ RunTime:0.000993s ]
ERR: 1064:You have an error in your SQL syntax; check the manual that corresponds to your MySQL server version for the right syntax to use near 'WHERE ( `id` =74 )' at line 1
 [ SQL语句 ] : UPDATE `dzqc_user` SET  WHERE ( `id` =74 )

[ 2016-05-27T14:00:30+08:00 ] 192.168.1.89 /dzqc_ucenter//User/login
INFO: [ route_check ] --START--
INFO: CheckRoute Behavior ::run [ RunTime:0.003926s ]
INFO: [ route_check ] --END-- [ RunTime:0.004102s ]
INFO: [ app_begin ] --START--
INFO: ReadHtmlCache Behavior ::run [ RunTime:0.006815s ]
INFO: [ app_begin ] --END-- [ RunTime:0.006942s ]
SQL: SHOW COLUMNS FROM `dzqc_user` [ RunTime:0.013890s ]
SQL: SELECT * FROM `dzqc_user` WHERE (  username='13603987212' or mobile='13603987212' ) LIMIT 1   [ RunTime:0.000509s ]
NOTIC: [8] Undefined variable: set D:\wamp\www\dzqc_ucenter\ThinkPHP\Lib\Core\Db.class.php 第 294 行.
NOTIC: [2] implode() [<a href='function.implode'>function.implode</a>]: Invalid arguments passed D:\wamp\www\dzqc_ucenter\ThinkPHP\Lib\Core\Db.class.php 第 294 行.
SQL: UPDATE `dzqc_user` SET  WHERE ( `id` =74 ) [ RunTime:0.000374s ]
ERR: 1064:You have an error in your SQL syntax; check the manual that corresponds to your MySQL server version for the right syntax to use near 'WHERE ( `id` =74 )' at line 1
 [ SQL语句 ] : UPDATE `dzqc_user` SET  WHERE ( `id` =74 )

[ 2016-05-27T14:52:22+08:00 ] 192.168.1.89 /dzqc_ucenter//User/login
INFO: [ route_check ] --START--
INFO: CheckRoute Behavior ::run [ RunTime:0.002481s ]
INFO: [ route_check ] --END-- [ RunTime:0.002582s ]
INFO: [ app_begin ] --START--
INFO: ReadHtmlCache Behavior ::run [ RunTime:0.001747s ]
INFO: [ app_begin ] --END-- [ RunTime:0.001838s ]
SQL: SHOW COLUMNS FROM `dzqc_user` [ RunTime:0.012532s ]
SQL: SELECT * FROM `dzqc_user` WHERE (  username='13603987212' or mobile='13603987212' ) LIMIT 1   [ RunTime:0.000573s ]
NOTIC: [8] Undefined variable: set D:\wamp\www\dzqc_ucenter\ThinkPHP\Lib\Core\Db.class.php 第 294 行.
NOTIC: [2] implode() [<a href='function.implode'>function.implode</a>]: Invalid arguments passed D:\wamp\www\dzqc_ucenter\ThinkPHP\Lib\Core\Db.class.php 第 294 行.
SQL: UPDATE `dzqc_user` SET  WHERE ( `id` =74 ) [ RunTime:0.000149s ]
ERR: 1064:You have an error in your SQL syntax; check the manual that corresponds to your MySQL server version for the right syntax to use near 'WHERE ( `id` =74 )' at line 1
 [ SQL语句 ] : UPDATE `dzqc_user` SET  WHERE ( `id` =74 )

[ 2016-05-27T15:31:49+08:00 ] 192.168.1.18 /dzqc_ucenter//User/login
INFO: [ route_check ] --START--
INFO: CheckRoute Behavior ::run [ RunTime:0.002891s ]
INFO: [ route_check ] --END-- [ RunTime:0.002988s ]
INFO: [ app_begin ] --START--
INFO: ReadHtmlCache Behavior ::run [ RunTime:0.001349s ]
INFO: [ app_begin ] --END-- [ RunTime:0.001442s ]
SQL: SHOW COLUMNS FROM `dzqc_user` [ RunTime:0.007907s ]
SQL: SELECT * FROM `dzqc_user` WHERE (  username='15538283972' or mobile='15538283972' ) LIMIT 1   [ RunTime:0.000584s ]
NOTIC: [8] Undefined variable: set D:\wamp\www\dzqc_ucenter\ThinkPHP\Lib\Core\Db.class.php 第 294 行.
NOTIC: [2] implode() [<a href='function.implode'>function.implode</a>]: Invalid arguments passed D:\wamp\www\dzqc_ucenter\ThinkPHP\Lib\Core\Db.class.php 第 294 行.
SQL: UPDATE `dzqc_user` SET  WHERE ( `id` =70 ) [ RunTime:0.000191s ]
ERR: 1064:You have an error in your SQL syntax; check the manual that corresponds to your MySQL server version for the right syntax to use near 'WHERE ( `id` =70 )' at line 1
 [ SQL语句 ] : UPDATE `dzqc_user` SET  WHERE ( `id` =70 )

[ 2016-05-27T15:34:17+08:00 ] 192.168.1.89 /dzqc_ucenter//User/login
INFO: [ route_check ] --START--
INFO: CheckRoute Behavior ::run [ RunTime:0.001595s ]
INFO: [ route_check ] --END-- [ RunTime:0.001661s ]
INFO: [ app_begin ] --START--
INFO: ReadHtmlCache Behavior ::run [ RunTime:0.001791s ]
INFO: [ app_begin ] --END-- [ RunTime:0.001934s ]
SQL: SHOW COLUMNS FROM `dzqc_user` [ RunTime:0.006953s ]
SQL: SELECT * FROM `dzqc_user` WHERE (  username='13603987212' or mobile='13603987212' ) LIMIT 1   [ RunTime:0.000430s ]
NOTIC: [8] Undefined variable: set D:\wamp\www\dzqc_ucenter\ThinkPHP\Lib\Core\Db.class.php 第 294 行.
NOTIC: [2] implode() [<a href='function.implode'>function.implode</a>]: Invalid arguments passed D:\wamp\www\dzqc_ucenter\ThinkPHP\Lib\Core\Db.class.php 第 294 行.
SQL: UPDATE `dzqc_user` SET  WHERE ( `id` =74 ) [ RunTime:0.000175s ]
ERR: 1064:You have an error in your SQL syntax; check the manual that corresponds to your MySQL server version for the right syntax to use near 'WHERE ( `id` =74 )' at line 1
 [ SQL语句 ] : UPDATE `dzqc_user` SET  WHERE ( `id` =74 )

[ 2016-05-27T15:41:37+08:00 ] 192.168.1.89 /dzqc_ucenter//User/login
INFO: [ route_check ] --START--
INFO: CheckRoute Behavior ::run [ RunTime:0.002273s ]
INFO: [ route_check ] --END-- [ RunTime:0.002355s ]
INFO: [ app_begin ] --START--
INFO: ReadHtmlCache Behavior ::run [ RunTime:0.001288s ]
INFO: [ app_begin ] --END-- [ RunTime:0.001350s ]
SQL: SHOW COLUMNS FROM `dzqc_user` [ RunTime:0.019406s ]
SQL: SELECT * FROM `dzqc_user` WHERE (  username='13603987212' or mobile='13603987212' ) LIMIT 1   [ RunTime:0.000370s ]
NOTIC: [8] Undefined variable: set D:\wamp\www\dzqc_ucenter\ThinkPHP\Lib\Core\Db.class.php 第 294 行.
NOTIC: [2] implode() [<a href='function.implode'>function.implode</a>]: Invalid arguments passed D:\wamp\www\dzqc_ucenter\ThinkPHP\Lib\Core\Db.class.php 第 294 行.
SQL: UPDATE `dzqc_user` SET  WHERE ( `id` =74 ) [ RunTime:0.000105s ]
ERR: 1064:You have an error in your SQL syntax; check the manual that corresponds to your MySQL server version for the right syntax to use near 'WHERE ( `id` =74 )' at line 1
 [ SQL语句 ] : UPDATE `dzqc_user` SET  WHERE ( `id` =74 )

[ 2016-05-27T15:43:29+08:00 ] 192.168.1.89 /dzqc_ucenter//User/login
INFO: [ route_check ] --START--
INFO: CheckRoute Behavior ::run [ RunTime:0.001570s ]
INFO: [ route_check ] --END-- [ RunTime:0.001670s ]
INFO: [ app_begin ] --START--
INFO: ReadHtmlCache Behavior ::run [ RunTime:0.003803s ]
INFO: [ app_begin ] --END-- [ RunTime:0.003893s ]
SQL: SHOW COLUMNS FROM `dzqc_user` [ RunTime:0.014207s ]
SQL: SELECT * FROM `dzqc_user` WHERE (  username='13603987212' or mobile='13603987212' ) LIMIT 1   [ RunTime:0.000600s ]
NOTIC: [8] Undefined variable: set D:\wamp\www\dzqc_ucenter\ThinkPHP\Lib\Core\Db.class.php 第 294 行.
NOTIC: [2] implode() [<a href='function.implode'>function.implode</a>]: Invalid arguments passed D:\wamp\www\dzqc_ucenter\ThinkPHP\Lib\Core\Db.class.php 第 294 行.
SQL: UPDATE `dzqc_user` SET  WHERE ( `id` =74 ) [ RunTime:0.000146s ]
ERR: 1064:You have an error in your SQL syntax; check the manual that corresponds to your MySQL server version for the right syntax to use near 'WHERE ( `id` =74 )' at line 1
 [ SQL语句 ] : UPDATE `dzqc_user` SET  WHERE ( `id` =74 )

[ 2016-05-27T15:56:06+08:00 ] 192.168.1.89 /dzqc_ucenter//User/login
INFO: [ route_check ] --START--
INFO: CheckRoute Behavior ::run [ RunTime:0.002982s ]
INFO: [ route_check ] --END-- [ RunTime:0.003090s ]
INFO: [ app_begin ] --START--
INFO: ReadHtmlCache Behavior ::run [ RunTime:0.001904s ]
INFO: [ app_begin ] --END-- [ RunTime:0.002018s ]
SQL: SHOW COLUMNS FROM `dzqc_user` [ RunTime:0.006499s ]
SQL: SELECT * FROM `dzqc_user` WHERE (  username='13603987212' or mobile='13603987212' ) LIMIT 1   [ RunTime:0.000725s ]
NOTIC: [8] Undefined variable: set D:\wamp\www\dzqc_ucenter\ThinkPHP\Lib\Core\Db.class.php 第 294 行.
NOTIC: [2] implode() [<a href='function.implode'>function.implode</a>]: Invalid arguments passed D:\wamp\www\dzqc_ucenter\ThinkPHP\Lib\Core\Db.class.php 第 294 行.
SQL: UPDATE `dzqc_user` SET  WHERE ( `id` =74 ) [ RunTime:0.000855s ]
ERR: 1064:You have an error in your SQL syntax; check the manual that corresponds to your MySQL server version for the right syntax to use near 'WHERE ( `id` =74 )' at line 1
 [ SQL语句 ] : UPDATE `dzqc_user` SET  WHERE ( `id` =74 )

[ 2016-05-27T15:56:22+08:00 ] 192.168.1.89 /dzqc_ucenter//User/login
INFO: [ route_check ] --START--
INFO: CheckRoute Behavior ::run [ RunTime:0.001733s ]
INFO: [ route_check ] --END-- [ RunTime:0.001840s ]
INFO: [ app_begin ] --START--
INFO: ReadHtmlCache Behavior ::run [ RunTime:0.001670s ]
INFO: [ app_begin ] --END-- [ RunTime:0.001757s ]
SQL: SHOW COLUMNS FROM `dzqc_user` [ RunTime:0.009487s ]
SQL: SELECT * FROM `dzqc_user` WHERE (  username='13523588641' or mobile='13523588641' ) LIMIT 1   [ RunTime:0.000386s ]

[ 2016-05-27T15:56:39+08:00 ] 192.168.1.89 /dzqc_ucenter//User/login
INFO: [ route_check ] --START--
INFO: CheckRoute Behavior ::run [ RunTime:0.001382s ]
INFO: [ route_check ] --END-- [ RunTime:0.001471s ]
INFO: [ app_begin ] --START--
INFO: ReadHtmlCache Behavior ::run [ RunTime:0.001211s ]
INFO: [ app_begin ] --END-- [ RunTime:0.001265s ]
SQL: SHOW COLUMNS FROM `dzqc_user` [ RunTime:0.006555s ]
SQL: SELECT * FROM `dzqc_user` WHERE (  username='13523588641' or mobile='13523588641' ) LIMIT 1   [ RunTime:0.000488s ]

[ 2016-05-27T15:56:56+08:00 ] 192.168.1.89 /dzqc_ucenter//User/login
INFO: [ route_check ] --START--
INFO: CheckRoute Behavior ::run [ RunTime:0.001420s ]
INFO: [ route_check ] --END-- [ RunTime:0.001508s ]
INFO: [ app_begin ] --START--
INFO: ReadHtmlCache Behavior ::run [ RunTime:0.001290s ]
INFO: [ app_begin ] --END-- [ RunTime:0.001356s ]
SQL: SHOW COLUMNS FROM `dzqc_user` [ RunTime:0.009796s ]
SQL: SELECT * FROM `dzqc_user` WHERE (  username='13523588641' or mobile='13523588641' ) LIMIT 1   [ RunTime:0.000381s ]

[ 2016-05-27T15:57:00+08:00 ] 192.168.1.89 /dzqc_ucenter//User/login
INFO: [ route_check ] --START--
INFO: CheckRoute Behavior ::run [ RunTime:0.002571s ]
INFO: [ route_check ] --END-- [ RunTime:0.002718s ]
INFO: [ app_begin ] --START--
INFO: ReadHtmlCache Behavior ::run [ RunTime:0.003789s ]
INFO: [ app_begin ] --END-- [ RunTime:0.003848s ]
SQL: SHOW COLUMNS FROM `dzqc_user` [ RunTime:0.006708s ]
SQL: SELECT * FROM `dzqc_user` WHERE (  username='13523588641' or mobile='13523588641' ) LIMIT 1   [ RunTime:0.000379s ]

[ 2016-05-27T15:57:52+08:00 ] 192.168.1.89 /dzqc_ucenter//User/login
INFO: [ route_check ] --START--
INFO: CheckRoute Behavior ::run [ RunTime:0.001344s ]
INFO: [ route_check ] --END-- [ RunTime:0.001423s ]
INFO: [ app_begin ] --START--
INFO: ReadHtmlCache Behavior ::run [ RunTime:0.001079s ]
INFO: [ app_begin ] --END-- [ RunTime:0.001125s ]
SQL: SHOW COLUMNS FROM `dzqc_user` [ RunTime:0.006704s ]
SQL: SELECT * FROM `dzqc_user` WHERE (  username='13523588641' or mobile='13523588641' ) LIMIT 1   [ RunTime:0.000429s ]
NOTIC: [8] Undefined variable: set D:\wamp\www\dzqc_ucenter\ThinkPHP\Lib\Core\Db.class.php 第 294 行.
NOTIC: [2] implode() [<a href='function.implode'>function.implode</a>]: Invalid arguments passed D:\wamp\www\dzqc_ucenter\ThinkPHP\Lib\Core\Db.class.php 第 294 行.
SQL: UPDATE `dzqc_user` SET  WHERE ( `id` =4 ) [ RunTime:0.000123s ]
ERR: 1064:You have an error in your SQL syntax; check the manual that corresponds to your MySQL server version for the right syntax to use near 'WHERE ( `id` =4 )' at line 1
 [ SQL语句 ] : UPDATE `dzqc_user` SET  WHERE ( `id` =4 )

[ 2016-05-27T15:58:18+08:00 ] 192.168.1.89 /dzqc_ucenter//User/login
INFO: [ route_check ] --START--
INFO: CheckRoute Behavior ::run [ RunTime:0.002998s ]
INFO: [ route_check ] --END-- [ RunTime:0.003136s ]
INFO: [ app_begin ] --START--
INFO: ReadHtmlCache Behavior ::run [ RunTime:0.001636s ]
INFO: [ app_begin ] --END-- [ RunTime:0.001712s ]
SQL: SHOW COLUMNS FROM `dzqc_user` [ RunTime:0.012268s ]
SQL: SELECT * FROM `dzqc_user` WHERE (  username='13523588641' or mobile='13523588641' ) LIMIT 1   [ RunTime:0.000331s ]
NOTIC: [8] Undefined variable: set D:\wamp\www\dzqc_ucenter\ThinkPHP\Lib\Core\Db.class.php 第 294 行.
NOTIC: [2] implode() [<a href='function.implode'>function.implode</a>]: Invalid arguments passed D:\wamp\www\dzqc_ucenter\ThinkPHP\Lib\Core\Db.class.php 第 294 行.
SQL: UPDATE `dzqc_user` SET  WHERE ( `id` =4 ) [ RunTime:0.000113s ]
ERR: 1064:You have an error in your SQL syntax; check the manual that corresponds to your MySQL server version for the right syntax to use near 'WHERE ( `id` =4 )' at line 1
 [ SQL语句 ] : UPDATE `dzqc_user` SET  WHERE ( `id` =4 )

[ 2016-05-27T15:58:29+08:00 ] 192.168.1.89 /dzqc_ucenter//User/login
INFO: [ route_check ] --START--
INFO: CheckRoute Behavior ::run [ RunTime:0.001320s ]
INFO: [ route_check ] --END-- [ RunTime:0.001423s ]
INFO: [ app_begin ] --START--
INFO: ReadHtmlCache Behavior ::run [ RunTime:0.001466s ]
INFO: [ app_begin ] --END-- [ RunTime:0.001539s ]
SQL: SHOW COLUMNS FROM `dzqc_user` [ RunTime:0.007625s ]
SQL: SELECT * FROM `dzqc_user` WHERE (  username='13523588641' or mobile='13523588641' ) LIMIT 1   [ RunTime:0.000765s ]
NOTIC: [8] Undefined variable: set D:\wamp\www\dzqc_ucenter\ThinkPHP\Lib\Core\Db.class.php 第 294 行.
NOTIC: [2] implode() [<a href='function.implode'>function.implode</a>]: Invalid arguments passed D:\wamp\www\dzqc_ucenter\ThinkPHP\Lib\Core\Db.class.php 第 294 行.
SQL: UPDATE `dzqc_user` SET  WHERE ( `id` =4 ) [ RunTime:0.000116s ]
ERR: 1064:You have an error in your SQL syntax; check the manual that corresponds to your MySQL server version for the right syntax to use near 'WHERE ( `id` =4 )' at line 1
 [ SQL语句 ] : UPDATE `dzqc_user` SET  WHERE ( `id` =4 )

[ 2016-05-27T16:01:39+08:00 ] 192.168.1.89 /dzqc_ucenter//User/login
INFO: [ route_check ] --START--
INFO: CheckRoute Behavior ::run [ RunTime:0.002330s ]
INFO: [ route_check ] --END-- [ RunTime:0.002416s ]
INFO: [ app_begin ] --START--
INFO: ReadHtmlCache Behavior ::run [ RunTime:0.001526s ]
INFO: [ app_begin ] --END-- [ RunTime:0.001593s ]
SQL: SHOW COLUMNS FROM `dzqc_user` [ RunTime:0.006892s ]
SQL: SELECT * FROM `dzqc_user` WHERE (  username='13523588641' or mobile='13523588641' ) LIMIT 1   [ RunTime:0.000779s ]
NOTIC: [8] Undefined variable: set D:\wamp\www\dzqc_ucenter\ThinkPHP\Lib\Core\Db.class.php 第 294 行.
NOTIC: [2] implode() [<a href='function.implode'>function.implode</a>]: Invalid arguments passed D:\wamp\www\dzqc_ucenter\ThinkPHP\Lib\Core\Db.class.php 第 294 行.
SQL: UPDATE `dzqc_user` SET  WHERE ( `id` =4 ) [ RunTime:0.000244s ]
ERR: 1064:You have an error in your SQL syntax; check the manual that corresponds to your MySQL server version for the right syntax to use near 'WHERE ( `id` =4 )' at line 1
 [ SQL语句 ] : UPDATE `dzqc_user` SET  WHERE ( `id` =4 )

[ 2016-05-27T16:01:55+08:00 ] 192.168.1.89 /dzqc_ucenter//User/login
INFO: [ route_check ] --START--
INFO: CheckRoute Behavior ::run [ RunTime:0.002124s ]
INFO: [ route_check ] --END-- [ RunTime:0.002293s ]
INFO: [ app_begin ] --START--
INFO: ReadHtmlCache Behavior ::run [ RunTime:0.001711s ]
INFO: [ app_begin ] --END-- [ RunTime:0.001800s ]
SQL: SHOW COLUMNS FROM `dzqc_user` [ RunTime:0.019247s ]
SQL: SELECT * FROM `dzqc_user` WHERE (  username='13523588641' or mobile='13523588641' ) LIMIT 1   [ RunTime:0.000913s ]
NOTIC: [8] Undefined variable: set D:\wamp\www\dzqc_ucenter\ThinkPHP\Lib\Core\Db.class.php 第 294 行.
NOTIC: [2] implode() [<a href='function.implode'>function.implode</a>]: Invalid arguments passed D:\wamp\www\dzqc_ucenter\ThinkPHP\Lib\Core\Db.class.php 第 294 行.
SQL: UPDATE `dzqc_user` SET  WHERE ( `id` =4 ) [ RunTime:0.000194s ]
ERR: 1064:You have an error in your SQL syntax; check the manual that corresponds to your MySQL server version for the right syntax to use near 'WHERE ( `id` =4 )' at line 1
 [ SQL语句 ] : UPDATE `dzqc_user` SET  WHERE ( `id` =4 )

[ 2016-05-27T16:09:01+08:00 ] 192.168.1.89 /dzqc_ucenter//User/login
INFO: [ route_check ] --START--
INFO: CheckRoute Behavior ::run [ RunTime:0.002167s ]
INFO: [ route_check ] --END-- [ RunTime:0.002264s ]
INFO: [ app_begin ] --START--
INFO: ReadHtmlCache Behavior ::run [ RunTime:0.001795s ]
INFO: [ app_begin ] --END-- [ RunTime:0.001964s ]
SQL: SHOW COLUMNS FROM `dzqc_user` [ RunTime:0.006797s ]
SQL: SELECT * FROM `dzqc_user` WHERE (  username='1078321454@qq.com' or mobile='1078321454@qq.com' ) LIMIT 1   [ RunTime:0.000856s ]

[ 2016-05-27T16:09:16+08:00 ] 192.168.1.89 /dzqc_ucenter//User/login
INFO: [ route_check ] --START--
INFO: CheckRoute Behavior ::run [ RunTime:0.001879s ]
INFO: [ route_check ] --END-- [ RunTime:0.001999s ]
INFO: [ app_begin ] --START--
INFO: ReadHtmlCache Behavior ::run [ RunTime:0.001471s ]
INFO: [ app_begin ] --END-- [ RunTime:0.001568s ]
SQL: SHOW COLUMNS FROM `dzqc_user` [ RunTime:0.009577s ]
SQL: SELECT * FROM `dzqc_user` WHERE (  username='1078321454@qq.com' or mobile='1078321454@qq.com' ) LIMIT 1   [ RunTime:0.000874s ]

[ 2016-05-27T16:09:53+08:00 ] 192.168.1.89 /dzqc_ucenter//User/login
INFO: [ route_check ] --START--
INFO: CheckRoute Behavior ::run [ RunTime:0.001438s ]
INFO: [ route_check ] --END-- [ RunTime:0.001562s ]
INFO: [ app_begin ] --START--
INFO: ReadHtmlCache Behavior ::run [ RunTime:0.001488s ]
INFO: [ app_begin ] --END-- [ RunTime:0.001564s ]
SQL: SHOW COLUMNS FROM `dzqc_user` [ RunTime:0.006413s ]
SQL: SELECT * FROM `dzqc_user` WHERE (  username='1078321454@qq.com' or mobile='1078321454@qq.com' ) LIMIT 1   [ RunTime:0.000913s ]
NOTIC: [8] Undefined variable: set D:\wamp\www\dzqc_ucenter\ThinkPHP\Lib\Core\Db.class.php 第 294 行.
NOTIC: [2] implode() [<a href='function.implode'>function.implode</a>]: Invalid arguments passed D:\wamp\www\dzqc_ucenter\ThinkPHP\Lib\Core\Db.class.php 第 294 行.
SQL: UPDATE `dzqc_user` SET  WHERE ( `id` =58 ) [ RunTime:0.000134s ]
ERR: 1064:You have an error in your SQL syntax; check the manual that corresponds to your MySQL server version for the right syntax to use near 'WHERE ( `id` =58 )' at line 1
 [ SQL语句 ] : UPDATE `dzqc_user` SET  WHERE ( `id` =58 )

[ 2016-05-27T16:09:55+08:00 ] 192.168.1.89 /dzqc_ucenter//User/login
INFO: [ route_check ] --START--
INFO: CheckRoute Behavior ::run [ RunTime:0.001833s ]
INFO: [ route_check ] --END-- [ RunTime:0.001923s ]
INFO: [ app_begin ] --START--
INFO: ReadHtmlCache Behavior ::run [ RunTime:0.001321s ]
INFO: [ app_begin ] --END-- [ RunTime:0.001393s ]
SQL: SHOW COLUMNS FROM `dzqc_user` [ RunTime:0.006372s ]
SQL: SELECT * FROM `dzqc_user` WHERE (  username='1078321454@qq.com' or mobile='1078321454@qq.com' ) LIMIT 1   [ RunTime:0.000403s ]
NOTIC: [8] Undefined variable: set D:\wamp\www\dzqc_ucenter\ThinkPHP\Lib\Core\Db.class.php 第 294 行.
NOTIC: [2] implode() [<a href='function.implode'>function.implode</a>]: Invalid arguments passed D:\wamp\www\dzqc_ucenter\ThinkPHP\Lib\Core\Db.class.php 第 294 行.
SQL: UPDATE `dzqc_user` SET  WHERE ( `id` =58 ) [ RunTime:0.000116s ]
ERR: 1064:You have an error in your SQL syntax; check the manual that corresponds to your MySQL server version for the right syntax to use near 'WHERE ( `id` =58 )' at line 1
 [ SQL语句 ] : UPDATE `dzqc_user` SET  WHERE ( `id` =58 )

[ 2016-05-27T16:14:12+08:00 ] 192.168.1.18 /dzqc_ucenter//User/login
INFO: [ route_check ] --START--
INFO: CheckRoute Behavior ::run [ RunTime:0.002245s ]
INFO: [ route_check ] --END-- [ RunTime:0.002329s ]
INFO: [ app_begin ] --START--
INFO: ReadHtmlCache Behavior ::run [ RunTime:0.001500s ]
INFO: [ app_begin ] --END-- [ RunTime:0.001555s ]
SQL: SHOW COLUMNS FROM `dzqc_user` [ RunTime:0.007309s ]
SQL: SELECT * FROM `dzqc_user` WHERE (  username='15538283972' or mobile='15538283972' ) LIMIT 1   [ RunTime:0.000439s ]
NOTIC: [8] Undefined variable: set D:\wamp\www\dzqc_ucenter\ThinkPHP\Lib\Core\Db.class.php 第 294 行.
NOTIC: [2] implode() [<a href='function.implode'>function.implode</a>]: Invalid arguments passed D:\wamp\www\dzqc_ucenter\ThinkPHP\Lib\Core\Db.class.php 第 294 行.
SQL: UPDATE `dzqc_user` SET  WHERE ( `id` =70 ) [ RunTime:0.000117s ]
ERR: 1064:You have an error in your SQL syntax; check the manual that corresponds to your MySQL server version for the right syntax to use near 'WHERE ( `id` =70 )' at line 1
 [ SQL语句 ] : UPDATE `dzqc_user` SET  WHERE ( `id` =70 )

[ 2016-05-27T16:17:20+08:00 ] 192.168.1.18 /dzqc_ucenter//User/login
INFO: [ route_check ] --START--
INFO: CheckRoute Behavior ::run [ RunTime:0.002915s ]
INFO: [ route_check ] --END-- [ RunTime:0.003013s ]
INFO: [ app_begin ] --START--
INFO: ReadHtmlCache Behavior ::run [ RunTime:0.001541s ]
INFO: [ app_begin ] --END-- [ RunTime:0.001635s ]
SQL: SHOW COLUMNS FROM `dzqc_user` [ RunTime:0.008587s ]
SQL: SELECT * FROM `dzqc_user` WHERE (  username='15538283972' or mobile='15538283972' ) LIMIT 1   [ RunTime:0.000463s ]
NOTIC: [8] Undefined variable: set D:\wamp\www\dzqc_ucenter\ThinkPHP\Lib\Core\Db.class.php 第 294 行.
NOTIC: [2] implode() [<a href='function.implode'>function.implode</a>]: Invalid arguments passed D:\wamp\www\dzqc_ucenter\ThinkPHP\Lib\Core\Db.class.php 第 294 行.
SQL: UPDATE `dzqc_user` SET  WHERE ( `id` =70 ) [ RunTime:0.000144s ]
ERR: 1064:You have an error in your SQL syntax; check the manual that corresponds to your MySQL server version for the right syntax to use near 'WHERE ( `id` =70 )' at line 1
 [ SQL语句 ] : UPDATE `dzqc_user` SET  WHERE ( `id` =70 )

[ 2016-05-27T16:18:14+08:00 ] 192.168.1.18 /dzqc_ucenter//User/login
INFO: [ route_check ] --START--
INFO: CheckRoute Behavior ::run [ RunTime:0.002430s ]
INFO: [ route_check ] --END-- [ RunTime:0.002533s ]
INFO: [ app_begin ] --START--
INFO: ReadHtmlCache Behavior ::run [ RunTime:0.002615s ]
INFO: [ app_begin ] --END-- [ RunTime:0.002742s ]
SQL: SHOW COLUMNS FROM `dzqc_user` [ RunTime:0.009646s ]
SQL: SELECT * FROM `dzqc_user` WHERE (  username='15538283972' or mobile='15538283972' ) LIMIT 1   [ RunTime:0.001630s ]
NOTIC: [8] Undefined variable: set D:\wamp\www\dzqc_ucenter\ThinkPHP\Lib\Core\Db.class.php 第 294 行.
NOTIC: [2] implode() [<a href='function.implode'>function.implode</a>]: Invalid arguments passed D:\wamp\www\dzqc_ucenter\ThinkPHP\Lib\Core\Db.class.php 第 294 行.
SQL: UPDATE `dzqc_user` SET  WHERE ( `id` =70 ) [ RunTime:0.000206s ]
ERR: 1064:You have an error in your SQL syntax; check the manual that corresponds to your MySQL server version for the right syntax to use near 'WHERE ( `id` =70 )' at line 1
 [ SQL语句 ] : UPDATE `dzqc_user` SET  WHERE ( `id` =70 )

[ 2016-05-27T16:27:23+08:00 ] 192.168.1.89 /dzqc_ucenter//User/login
INFO: [ route_check ] --START--
INFO: CheckRoute Behavior ::run [ RunTime:0.002142s ]
INFO: [ route_check ] --END-- [ RunTime:0.002216s ]
INFO: [ app_begin ] --START--
INFO: ReadHtmlCache Behavior ::run [ RunTime:0.002398s ]
INFO: [ app_begin ] --END-- [ RunTime:0.002496s ]
SQL: SHOW COLUMNS FROM `dzqc_user` [ RunTime:0.007688s ]
SQL: SELECT * FROM `dzqc_user` WHERE (  username='13603987212' or mobile='13603987212' ) LIMIT 1   [ RunTime:0.000426s ]
NOTIC: [8] Undefined variable: set D:\wamp\www\dzqc_ucenter\ThinkPHP\Lib\Core\Db.class.php 第 294 行.
NOTIC: [2] implode() [<a href='function.implode'>function.implode</a>]: Invalid arguments passed D:\wamp\www\dzqc_ucenter\ThinkPHP\Lib\Core\Db.class.php 第 294 行.
SQL: UPDATE `dzqc_user` SET  WHERE ( `id` =74 ) [ RunTime:0.000105s ]
ERR: 1064:You have an error in your SQL syntax; check the manual that corresponds to your MySQL server version for the right syntax to use near 'WHERE ( `id` =74 )' at line 1
 [ SQL语句 ] : UPDATE `dzqc_user` SET  WHERE ( `id` =74 )

[ 2016-05-27T16:30:26+08:00 ] 192.168.1.18 /dzqc_ucenter//User/login
INFO: [ route_check ] --START--
INFO: CheckRoute Behavior ::run [ RunTime:0.002993s ]
INFO: [ route_check ] --END-- [ RunTime:0.003277s ]
INFO: [ app_begin ] --START--
INFO: ReadHtmlCache Behavior ::run [ RunTime:0.001998s ]
INFO: [ app_begin ] --END-- [ RunTime:0.002094s ]
SQL: SHOW COLUMNS FROM `dzqc_user` [ RunTime:0.006777s ]
SQL: SELECT * FROM `dzqc_user` WHERE (  username='15538283972' or mobile='15538283972' ) LIMIT 1   [ RunTime:0.000583s ]
NOTIC: [8] Undefined variable: set D:\wamp\www\dzqc_ucenter\ThinkPHP\Lib\Core\Db.class.php 第 294 行.
NOTIC: [2] implode() [<a href='function.implode'>function.implode</a>]: Invalid arguments passed D:\wamp\www\dzqc_ucenter\ThinkPHP\Lib\Core\Db.class.php 第 294 行.
SQL: UPDATE `dzqc_user` SET  WHERE ( `id` =70 ) [ RunTime:0.000173s ]
ERR: 1064:You have an error in your SQL syntax; check the manual that corresponds to your MySQL server version for the right syntax to use near 'WHERE ( `id` =70 )' at line 1
 [ SQL语句 ] : UPDATE `dzqc_user` SET  WHERE ( `id` =70 )

[ 2016-05-27T16:31:02+08:00 ] 192.168.1.18 /dzqc_ucenter//User/login
INFO: [ route_check ] --START--
INFO: CheckRoute Behavior ::run [ RunTime:0.001208s ]
INFO: [ route_check ] --END-- [ RunTime:0.001284s ]
INFO: [ app_begin ] --START--
INFO: ReadHtmlCache Behavior ::run [ RunTime:0.001175s ]
INFO: [ app_begin ] --END-- [ RunTime:0.001236s ]
SQL: SHOW COLUMNS FROM `dzqc_user` [ RunTime:0.016505s ]
SQL: SELECT * FROM `dzqc_user` WHERE (  username='15538283972' or mobile='15538283972' ) LIMIT 1   [ RunTime:0.000479s ]
NOTIC: [8] Undefined variable: set D:\wamp\www\dzqc_ucenter\ThinkPHP\Lib\Core\Db.class.php 第 294 行.
NOTIC: [2] implode() [<a href='function.implode'>function.implode</a>]: Invalid arguments passed D:\wamp\www\dzqc_ucenter\ThinkPHP\Lib\Core\Db.class.php 第 294 行.
SQL: UPDATE `dzqc_user` SET  WHERE ( `id` =70 ) [ RunTime:0.000286s ]
ERR: 1064:You have an error in your SQL syntax; check the manual that corresponds to your MySQL server version for the right syntax to use near 'WHERE ( `id` =70 )' at line 1
 [ SQL语句 ] : UPDATE `dzqc_user` SET  WHERE ( `id` =70 )

[ 2016-05-27T16:33:17+08:00 ] 192.168.1.18 /dzqc_ucenter//User/login
INFO: [ route_check ] --START--
INFO: CheckRoute Behavior ::run [ RunTime:0.002126s ]
INFO: [ route_check ] --END-- [ RunTime:0.002196s ]
INFO: [ app_begin ] --START--
INFO: ReadHtmlCache Behavior ::run [ RunTime:0.002778s ]
INFO: [ app_begin ] --END-- [ RunTime:0.002888s ]
SQL: SHOW COLUMNS FROM `dzqc_user` [ RunTime:0.008124s ]
SQL: SELECT * FROM `dzqc_user` WHERE (  username='15538283972' or mobile='15538283972' ) LIMIT 1   [ RunTime:0.000635s ]
NOTIC: [8] Undefined variable: set D:\wamp\www\dzqc_ucenter\ThinkPHP\Lib\Core\Db.class.php 第 294 行.
NOTIC: [2] implode() [<a href='function.implode'>function.implode</a>]: Invalid arguments passed D:\wamp\www\dzqc_ucenter\ThinkPHP\Lib\Core\Db.class.php 第 294 行.
SQL: UPDATE `dzqc_user` SET  WHERE ( `id` =70 ) [ RunTime:0.000245s ]
ERR: 1064:You have an error in your SQL syntax; check the manual that corresponds to your MySQL server version for the right syntax to use near 'WHERE ( `id` =70 )' at line 1
 [ SQL语句 ] : UPDATE `dzqc_user` SET  WHERE ( `id` =70 )

[ 2016-05-27T16:36:49+08:00 ] 192.168.1.89 /dzqc_ucenter//User/login
INFO: [ route_check ] --START--
INFO: CheckRoute Behavior ::run [ RunTime:0.002310s ]
INFO: [ route_check ] --END-- [ RunTime:0.002403s ]
INFO: [ app_begin ] --START--
INFO: ReadHtmlCache Behavior ::run [ RunTime:0.001526s ]
INFO: [ app_begin ] --END-- [ RunTime:0.001590s ]
SQL: SHOW COLUMNS FROM `dzqc_user` [ RunTime:0.007844s ]
SQL: SELECT * FROM `dzqc_user` WHERE (  username='13603987212' or mobile='13603987212' ) LIMIT 1   [ RunTime:0.001127s ]
NOTIC: [8] Undefined variable: set D:\wamp\www\dzqc_ucenter\ThinkPHP\Lib\Core\Db.class.php 第 294 行.
NOTIC: [2] implode() [<a href='function.implode'>function.implode</a>]: Invalid arguments passed D:\wamp\www\dzqc_ucenter\ThinkPHP\Lib\Core\Db.class.php 第 294 行.
SQL: UPDATE `dzqc_user` SET  WHERE ( `id` =74 ) [ RunTime:0.000270s ]
ERR: 1064:You have an error in your SQL syntax; check the manual that corresponds to your MySQL server version for the right syntax to use near 'WHERE ( `id` =74 )' at line 1
 [ SQL语句 ] : UPDATE `dzqc_user` SET  WHERE ( `id` =74 )

[ 2016-05-27T16:40:33+08:00 ] 192.168.1.18 /dzqc_ucenter//User/login
INFO: [ route_check ] --START--
INFO: CheckRoute Behavior ::run [ RunTime:0.004658s ]
INFO: [ route_check ] --END-- [ RunTime:0.004985s ]
INFO: [ app_begin ] --START--
INFO: ReadHtmlCache Behavior ::run [ RunTime:0.002205s ]
INFO: [ app_begin ] --END-- [ RunTime:0.002285s ]
SQL: SHOW COLUMNS FROM `dzqc_user` [ RunTime:0.009869s ]
SQL: SELECT * FROM `dzqc_user` WHERE (  username='15538283972' or mobile='15538283972' ) LIMIT 1   [ RunTime:0.000497s ]
NOTIC: [8] Undefined variable: set D:\wamp\www\dzqc_ucenter\ThinkPHP\Lib\Core\Db.class.php 第 294 行.
NOTIC: [2] implode() [<a href='function.implode'>function.implode</a>]: Invalid arguments passed D:\wamp\www\dzqc_ucenter\ThinkPHP\Lib\Core\Db.class.php 第 294 行.
SQL: UPDATE `dzqc_user` SET  WHERE ( `id` =70 ) [ RunTime:0.000127s ]
ERR: 1064:You have an error in your SQL syntax; check the manual that corresponds to your MySQL server version for the right syntax to use near 'WHERE ( `id` =70 )' at line 1
 [ SQL语句 ] : UPDATE `dzqc_user` SET  WHERE ( `id` =70 )

[ 2016-05-27T16:44:40+08:00 ] 192.168.1.18 /dzqc_ucenter//User/login
INFO: [ route_check ] --START--
INFO: CheckRoute Behavior ::run [ RunTime:0.002249s ]
INFO: [ route_check ] --END-- [ RunTime:0.002322s ]
INFO: [ app_begin ] --START--
INFO: ReadHtmlCache Behavior ::run [ RunTime:0.001355s ]
INFO: [ app_begin ] --END-- [ RunTime:0.001467s ]
SQL: SHOW COLUMNS FROM `dzqc_user` [ RunTime:0.006100s ]
SQL: SELECT * FROM `dzqc_user` WHERE (  username='15538283972' or mobile='15538283972' ) LIMIT 1   [ RunTime:0.000436s ]
NOTIC: [8] Undefined variable: set D:\wamp\www\dzqc_ucenter\ThinkPHP\Lib\Core\Db.class.php 第 294 行.
NOTIC: [2] implode() [<a href='function.implode'>function.implode</a>]: Invalid arguments passed D:\wamp\www\dzqc_ucenter\ThinkPHP\Lib\Core\Db.class.php 第 294 行.
SQL: UPDATE `dzqc_user` SET  WHERE ( `id` =70 ) [ RunTime:0.000116s ]
ERR: 1064:You have an error in your SQL syntax; check the manual that corresponds to your MySQL server version for the right syntax to use near 'WHERE ( `id` =70 )' at line 1
 [ SQL语句 ] : UPDATE `dzqc_user` SET  WHERE ( `id` =70 )

